#-----------------------------------------------------------
# Vivado v2023.1 (64-bit)
# SW Build 3865809 on Sun May  7 15:05:29 MDT 2023
# IP Build 3864474 on Sun May  7 20:36:21 MDT 2023
# SharedData Build 3865790 on Sun May 07 13:33:03 MDT 2023
# Start of session at: Sun Mar  2 16:35:52 2025
# Process ID: 3504
# Current directory: D:/Programs/Workspace/SmartZYNQ_SP2/OV5640_HDMI_with_IdentiBox
# Command line: vivado.exe -gui_launcher_event rodinguilauncherevent15684 D:\Programs\Workspace\SmartZYNQ_SP2\OV5640_HDMI_with_IdentiBox\OV5640_HDMI_with_IdentiBox.xpr
# Log file: D:/Programs/Workspace/SmartZYNQ_SP2/OV5640_HDMI_with_IdentiBox/vivado.log
# Journal file: D:/Programs/Workspace/SmartZYNQ_SP2/OV5640_HDMI_with_IdentiBox\vivado.jou
# Running On: LAPTOP-DUUNQKAE, OS: Windows, CPU Frequency: 2918 MHz, CPU Physical cores: 14, Host memory: 16890 MB
#-----------------------------------------------------------
start_gui
open_project D:/Programs/Workspace/SmartZYNQ_SP2/OV5640_HDMI_with_IdentiBox/OV5640_HDMI_with_IdentiBox.xpr
WARNING: [Board 49-26] cannot add Board Part xilinx.com:vek280_es:part0:1.0 available at D:/Xilinx/Vivado/2023.1/data/xhub/boards/XilinxBoardStore/boards/Xilinx/vek280/es/rev_a/1.0/board.xml as part xcve2802-vsvh1760-2lp-e-s-es1 specified in board_part file is either invalid or not available
WARNING: [Board 49-26] cannot add Board Part xilinx.com:vek280_es:part0:1.1 available at D:/Xilinx/Vivado/2023.1/data/xhub/boards/XilinxBoardStore/boards/Xilinx/vek280/es/rev_a/1.1/board.xml as part xcve2802-vsvh1760-2lp-e-s-es1 specified in board_part file is either invalid or not available
WARNING: [Board 49-26] cannot add Board Part xilinx.com:vek280_es_revb:part0:1.0 available at D:/Xilinx/Vivado/2023.1/data/xhub/boards/XilinxBoardStore/boards/Xilinx/vek280/es/rev_b/1.0/board.xml as part xcve2802-vsvh1760-2mp-e-s-es1 specified in board_part file is either invalid or not available
WARNING: [Board 49-26] cannot add Board Part xilinx.com:vek280_es_revb:part0:1.1 available at D:/Xilinx/Vivado/2023.1/data/xhub/boards/XilinxBoardStore/boards/Xilinx/vek280/es/rev_b/1.1/board.xml as part xcve2802-vsvh1760-2mp-e-s-es1 specified in board_part file is either invalid or not available
WARNING: [Board 49-26] cannot add Board Part xilinx.com:vhk158_es:part0:1.0 available at D:/Xilinx/Vivado/2023.1/data/xhub/boards/XilinxBoardStore/boards/Xilinx/vhk158/es/1.0/board.xml as part xcvh1582-vsva3697-2mp-e-s-es1 specified in board_part file is either invalid or not available
WARNING: [Board 49-26] cannot add Board Part xilinx.com:vhk158_es:part0:1.1 available at D:/Xilinx/Vivado/2023.1/data/xhub/boards/XilinxBoardStore/boards/Xilinx/vhk158/es/1.1/board.xml as part xcvh1582-vsva3697-2mp-e-s-es1 specified in board_part file is either invalid or not available
WARNING: [Board 49-26] cannot add Board Part xilinx.com:vpk120_es:part0:1.2 available at D:/Xilinx/Vivado/2023.1/data/xhub/boards/XilinxBoardStore/boards/Xilinx/vpk120/es/1.2/board.xml as part xcvp1202-vsva2785-2mp-e-s-es1 specified in board_part file is either invalid or not available
WARNING: [Board 49-26] cannot add Board Part xilinx.com:vpk120_es:part0:1.3 available at D:/Xilinx/Vivado/2023.1/data/xhub/boards/XilinxBoardStore/boards/Xilinx/vpk120/es/1.3/board.xml as part xcvp1202-vsva2785-2mp-e-s-es1 specified in board_part file is either invalid or not available
WARNING: [Board 49-26] cannot add Board Part xilinx.com:vpk120_es_revb:part0:1.0 available at D:/Xilinx/Vivado/2023.1/data/xhub/boards/XilinxBoardStore/boards/Xilinx/vpk120_revb/es/1.0/board.xml as part xcvp1202-vsva2785-2mp-e-s-es1 specified in board_part file is either invalid or not available
WARNING: [Board 49-26] cannot add Board Part xilinx.com:vpk120_es_revb:part0:1.1 available at D:/Xilinx/Vivado/2023.1/data/xhub/boards/XilinxBoardStore/boards/Xilinx/vpk120_revb/es/1.1/board.xml as part xcvp1202-vsva2785-2mp-e-s-es1 specified in board_part file is either invalid or not available
WARNING: [Board 49-26] cannot add Board Part xilinx.com:vpk180_es:part0:1.0 available at D:/Xilinx/Vivado/2023.1/data/xhub/boards/XilinxBoardStore/boards/Xilinx/vpk180/es/1.0/board.xml as part xcvp1802-lsvc4072-2mp-e-s-es1 specified in board_part file is either invalid or not available
WARNING: [Board 49-26] cannot add Board Part xilinx.com:vpk180_es:part0:1.1 available at D:/Xilinx/Vivado/2023.1/data/xhub/boards/XilinxBoardStore/boards/Xilinx/vpk180/es/1.1/board.xml as part xcvp1802-lsvc4072-2mp-e-s-es1 specified in board_part file is either invalid or not available
WARNING: [Board 49-26] cannot add Board Part xilinx.com:zcu208ld:part0:2.0 available at D:/Xilinx/Vivado/2023.1/data/xhub/boards/XilinxBoardStore/boards/Xilinx/zcu208ld/production/2.0/board.xml as part xczu58dr-fsvg1517-2-i specified in board_part file is either invalid or not available
WARNING: [Board 49-26] cannot add Board Part xilinx.com:zcu216ld:part0:2.0 available at D:/Xilinx/Vivado/2023.1/data/xhub/boards/XilinxBoardStore/boards/Xilinx/zcu216ld/production/2.0/board.xml as part xczu59dr-ffvf1760-2-i specified in board_part file is either invalid or not available
WARNING: [Board 49-26] cannot add Board Part xilinx.com:zcu670:part0:2.0 available at D:/Xilinx/Vivado/2023.1/data/xhub/boards/XilinxBoardStore/boards/Xilinx/zcu670/2.0/board.xml as part xczu67dr-fsve1156-2-i specified in board_part file is either invalid or not available
WARNING: [Board 49-26] cannot add Board Part xilinx.com:zcu670ld:part0:1.0 available at D:/Xilinx/Vivado/2023.1/data/xhub/boards/XilinxBoardStore/boards/Xilinx/zcu670ld/1.0/board.xml as part xczu57dr-fsve1156-2-i specified in board_part file is either invalid or not available
Scanning sources...
Finished scanning sources
INFO: [IP_Flow 19-234] Refreshing IP repositories
INFO: [IP_Flow 19-1700] Loaded user IP repository 'd:/Programs/Workspace/SmartZYNQ_SP2/VDMA_OV5640_HDMI/rgb2dvi'.
INFO: [IP_Flow 19-1700] Loaded user IP repository 'd:/Programs/Workspace/SmartZYNQ_SP2/VDMA_OV5640_HDMI/ov5640_cap_data'.
INFO: [IP_Flow 19-2313] Loaded Vivado IP repository 'D:/Xilinx/Vivado/2023.1/data/ip'.
open_project: Time (s): cpu = 00:00:08 ; elapsed = 00:00:09 . Memory (MB): peak = 3017.113 ; gain = 452.758
update_compile_order -fileset sources_1
save_project_as OV5640_HDMI_ROM_READ_NUM0 D:/Programs/Workspace/SmartZYNQ_SP2/OV5640_HDMI_ROM_READ_NUM0 -exclude_run_results -force
WARNING: [IP_Flow 19-4995] The host OS only allows 260 characters in a normal path. The IP cache path is more than 80 characters. If you experience issues with IP caching, please consider changing the IP cache to a location with a shorter path. Alternately consider using the OS subst command to map part of the path to a drive letter. 
Current IP cache path is D:/Programs/Workspace/SmartZYNQ_SP2/OV5640_HDMI_ROM_READ_NUM0/OV5640_HDMI_ROM_READ_NUM0.cache/ip 
INFO: [IP_Flow 19-5107] Inferred bus interface 'rstn' of definition 'xilinx.com:signal:reset:1.0' (from Xilinx Repository).
INFO: [IP_Flow 19-4728] Bus Interface 'rstn': Added interface parameter 'POLARITY' with value 'ACTIVE_LOW'.
WARNING: [IP_Flow 19-1663] Duplicate IP found for 'xilinx.com:module_ref:border_adder:1.0'. The one found in IP location 'd:/Programs/Workspace/SmartZYNQ_SP2/OV5640_HDMI_with_IdentiBox/OV5640_HDMI_with_IdentiBox.gen/sources_1/bd/mref/border_adder' will take precedence over the same IP in location d:/Programs/Workspace/SmartZYNQ_SP2/OV5640_HDMI_ROM_READ_NUM0/OV5640_HDMI_ROM_READ_NUM0.gen/sources_1/bd/mref/border_adder
INFO: [Coretcl 2-133] re-setting run 'synth_1'...
INFO: [Project 1-1161] Replacing file D:/Programs/Workspace/SmartZYNQ_SP2/OV5640_HDMI_ROM_READ_NUM0/OV5640_HDMI_ROM_READ_NUM0.srcs/utils_1/imports/synth_1/ZYNQ_CORE_wrapper.dcp with file D:/Programs/Workspace/SmartZYNQ_SP2/OV5640_HDMI_ROM_READ_NUM0/OV5640_HDMI_ROM_READ_NUM0.runs/synth_1/ZYNQ_CORE_wrapper.dcp
WARNING: [Coretcl 2-98] Problems encountered while resetting run:
1. Failed to delete one or more files in run directory D:/Programs/Workspace/SmartZYNQ_SP2/OV5640_HDMI_ROM_READ_NUM0/OV5640_HDMI_ROM_READ_NUM0.runs/synth_1

INFO: [Coretcl 2-133] re-setting run 'ZYNQ_CORE_v_axi4s_vid_out_0_0_synth_1'...
WARNING: [Coretcl 2-98] Problems encountered while resetting run:
1. Failed to delete one or more files in run directory D:/Programs/Workspace/SmartZYNQ_SP2/OV5640_HDMI_ROM_READ_NUM0/OV5640_HDMI_ROM_READ_NUM0.runs/ZYNQ_CORE_v_axi4s_vid_out_0_0_synth_1

INFO: [Coretcl 2-133] re-setting run 'ZYNQ_CORE_axi_vdma_0_0_synth_1'...
WARNING: [Coretcl 2-98] Problems encountered while resetting run:
1. Failed to delete one or more files in run directory D:/Programs/Workspace/SmartZYNQ_SP2/OV5640_HDMI_ROM_READ_NUM0/OV5640_HDMI_ROM_READ_NUM0.runs/ZYNQ_CORE_axi_vdma_0_0_synth_1

INFO: [Coretcl 2-133] re-setting run 'ZYNQ_CORE_v_tc_0_0_synth_1'...
WARNING: [Coretcl 2-98] Problems encountered while resetting run:
1. Failed to delete one or more files in run directory D:/Programs/Workspace/SmartZYNQ_SP2/OV5640_HDMI_ROM_READ_NUM0/OV5640_HDMI_ROM_READ_NUM0.runs/ZYNQ_CORE_v_tc_0_0_synth_1

INFO: [Coretcl 2-133] re-setting run 'ZYNQ_CORE_rst_ps7_0_150M_1_synth_1'...
WARNING: [Coretcl 2-98] Problems encountered while resetting run:
1. Failed to delete one or more files in run directory D:/Programs/Workspace/SmartZYNQ_SP2/OV5640_HDMI_ROM_READ_NUM0/OV5640_HDMI_ROM_READ_NUM0.runs/ZYNQ_CORE_rst_ps7_0_150M_1_synth_1

INFO: [Coretcl 2-133] re-setting run 'ZYNQ_CORE_rst_ps7_0_50M_1_synth_1'...
WARNING: [Coretcl 2-98] Problems encountered while resetting run:
1. Failed to delete one or more files in run directory D:/Programs/Workspace/SmartZYNQ_SP2/OV5640_HDMI_ROM_READ_NUM0/OV5640_HDMI_ROM_READ_NUM0.runs/ZYNQ_CORE_rst_ps7_0_50M_1_synth_1

INFO: [Coretcl 2-133] re-setting run 'ZYNQ_CORE_xbar_0_synth_1'...
WARNING: [Coretcl 2-98] Problems encountered while resetting run:
1. Failed to delete one or more files in run directory D:/Programs/Workspace/SmartZYNQ_SP2/OV5640_HDMI_ROM_READ_NUM0/OV5640_HDMI_ROM_READ_NUM0.runs/ZYNQ_CORE_xbar_0_synth_1

INFO: [Coretcl 2-133] re-setting run 'ZYNQ_CORE_clk_wiz_0_0_synth_1'...
WARNING: [Coretcl 2-98] Problems encountered while resetting run:
1. Failed to delete one or more files in run directory D:/Programs/Workspace/SmartZYNQ_SP2/OV5640_HDMI_ROM_READ_NUM0/OV5640_HDMI_ROM_READ_NUM0.runs/ZYNQ_CORE_clk_wiz_0_0_synth_1

INFO: [Coretcl 2-133] re-setting run 'ZYNQ_CORE_processing_system7_0_0_synth_1'...
WARNING: [Coretcl 2-98] Problems encountered while resetting run:
1. Failed to delete one or more files in run directory D:/Programs/Workspace/SmartZYNQ_SP2/OV5640_HDMI_ROM_READ_NUM0/OV5640_HDMI_ROM_READ_NUM0.runs/ZYNQ_CORE_processing_system7_0_0_synth_1

INFO: [Coretcl 2-133] re-setting run 'ZYNQ_CORE_util_vector_logic_0_0_synth_1'...
WARNING: [Coretcl 2-98] Problems encountered while resetting run:
1. Failed to delete one or more files in run directory D:/Programs/Workspace/SmartZYNQ_SP2/OV5640_HDMI_ROM_READ_NUM0/OV5640_HDMI_ROM_READ_NUM0.runs/ZYNQ_CORE_util_vector_logic_0_0_synth_1

INFO: [Coretcl 2-133] re-setting run 'ZYNQ_CORE_rgb2dvi_0_0_synth_1'...
WARNING: [Coretcl 2-98] Problems encountered while resetting run:
1. Failed to delete one or more files in run directory D:/Programs/Workspace/SmartZYNQ_SP2/OV5640_HDMI_ROM_READ_NUM0/OV5640_HDMI_ROM_READ_NUM0.runs/ZYNQ_CORE_rgb2dvi_0_0_synth_1

INFO: [Coretcl 2-133] re-setting run 'ZYNQ_CORE_v_vid_in_axi4s_0_0_synth_1'...
WARNING: [Coretcl 2-98] Problems encountered while resetting run:
1. Failed to delete one or more files in run directory D:/Programs/Workspace/SmartZYNQ_SP2/OV5640_HDMI_ROM_READ_NUM0/OV5640_HDMI_ROM_READ_NUM0.runs/ZYNQ_CORE_v_vid_in_axi4s_0_0_synth_1

INFO: [Coretcl 2-133] re-setting run 'ZYNQ_CORE_ov5640_capture_data_0_0_synth_1'...
WARNING: [Coretcl 2-98] Problems encountered while resetting run:
1. Failed to delete one or more files in run directory D:/Programs/Workspace/SmartZYNQ_SP2/OV5640_HDMI_ROM_READ_NUM0/OV5640_HDMI_ROM_READ_NUM0.runs/ZYNQ_CORE_ov5640_capture_data_0_0_synth_1

INFO: [Coretcl 2-133] re-setting run 'ZYNQ_CORE_border_adder_0_0_synth_1'...
WARNING: [Coretcl 2-98] Problems encountered while resetting run:
1. Failed to delete one or more files in run directory D:/Programs/Workspace/SmartZYNQ_SP2/OV5640_HDMI_ROM_READ_NUM0/OV5640_HDMI_ROM_READ_NUM0.runs/ZYNQ_CORE_border_adder_0_0_synth_1

INFO: [Coretcl 2-133] re-setting run 'impl_1'...
INFO: [Coretcl 2-133] re-setting run 'ZYNQ_CORE_v_axi4s_vid_out_0_0_impl_1'...
INFO: [Coretcl 2-133] re-setting run 'ZYNQ_CORE_axi_vdma_0_0_impl_1'...
INFO: [Coretcl 2-133] re-setting run 'ZYNQ_CORE_v_tc_0_0_impl_1'...
INFO: [Coretcl 2-133] re-setting run 'ZYNQ_CORE_rst_ps7_0_150M_1_impl_1'...
INFO: [Coretcl 2-133] re-setting run 'ZYNQ_CORE_rst_ps7_0_50M_1_impl_1'...
INFO: [Coretcl 2-133] re-setting run 'ZYNQ_CORE_xbar_0_impl_1'...
INFO: [Coretcl 2-133] re-setting run 'ZYNQ_CORE_clk_wiz_0_0_impl_1'...
INFO: [Coretcl 2-133] re-setting run 'ZYNQ_CORE_processing_system7_0_0_impl_1'...
INFO: [Coretcl 2-133] re-setting run 'ZYNQ_CORE_util_vector_logic_0_0_impl_1'...
INFO: [Coretcl 2-133] re-setting run 'ZYNQ_CORE_rgb2dvi_0_0_impl_1'...
INFO: [Coretcl 2-133] re-setting run 'ZYNQ_CORE_v_vid_in_axi4s_0_0_impl_1'...
INFO: [Coretcl 2-133] re-setting run 'ZYNQ_CORE_ov5640_capture_data_0_0_impl_1'...
INFO: [Coretcl 2-133] re-setting run 'ZYNQ_CORE_border_adder_0_0_impl_1'...
open_bd_design {D:/Programs/Workspace/SmartZYNQ_SP2/OV5640_HDMI_ROM_READ_NUM0/OV5640_HDMI_ROM_READ_NUM0.srcs/sources_1/bd/ZYNQ_CORE/ZYNQ_CORE.bd}
Reading block design file <D:/Programs/Workspace/SmartZYNQ_SP2/OV5640_HDMI_ROM_READ_NUM0/OV5640_HDMI_ROM_READ_NUM0.srcs/sources_1/bd/ZYNQ_CORE/ZYNQ_CORE.bd>...
Adding component instance block -- xilinx.com:ip:processing_system7:5.5 - processing_system7_0
Adding component instance block -- xilinx.com:ip:axi_vdma:6.3 - axi_vdma_0
Adding component instance block -- xilinx.com:ip:v_axi4s_vid_out:4.0 - v_axi4s_vid_out_0
Adding component instance block -- xilinx.com:ip:v_tc:6.2 - v_tc_0
Adding component instance block -- xilinx.com:ip:clk_wiz:6.0 - clk_wiz_0
Adding component instance block -- xilinx.com:ip:axi_interconnect:2.1 - ps7_0_axi_periph
Adding component instance block -- xilinx.com:ip:axi_protocol_converter:2.1 - auto_pc
Adding component instance block -- xilinx.com:ip:proc_sys_reset:5.0 - rst_ps7_0_50M
Adding component instance block -- xilinx.com:ip:axi_interconnect:2.1 - axi_mem_intercon
Adding component instance block -- xilinx.com:ip:axi_crossbar:2.1 - xbar
Adding component instance block -- xilinx.com:ip:axi_protocol_converter:2.1 - auto_pc
Adding component instance block -- xilinx.com:ip:proc_sys_reset:5.0 - rst_ps7_0_150M
Adding component instance block -- xilinx.com:ip:util_vector_logic:2.0 - util_vector_logic_0
Adding component instance block -- digilentinc.com:ip:rgb2dvi:1.4 - rgb2dvi_0
CRITICAL WARNING: [BD 41-51] Could not find bus definition for the interface: TMDS 
CRITICAL WARNING: [BD 41-49] Could not find abstraction definition for the interface: TMDS 
CRITICAL WARNING: [BD 41-49] Could not find abstraction definition for the interface: TMDS 
Adding component instance block -- xilinx.com:ip:v_vid_in_axi4s:5.0 - v_vid_in_axi4s_0
Adding component instance block -- alientek.com:user:ov5640_capture_data:1.0 - ov5640_capture_data_0
Adding component instance block -- xilinx.com:module_ref:border_adder:1.0 - border_adder_0
Successfully read diagram <ZYNQ_CORE> from block design file <D:/Programs/Workspace/SmartZYNQ_SP2/OV5640_HDMI_ROM_READ_NUM0/OV5640_HDMI_ROM_READ_NUM0.srcs/sources_1/bd/ZYNQ_CORE/ZYNQ_CORE.bd>
CRITICAL WARNING: [HDL 9-1206] Syntax error near 'output' [D:/Programs/Workspace/SmartZYNQ_SP2/OV5640_HDMI_ROM_READ_NUM0/OV5640_HDMI_ROM_READ_NUM0.srcs/sources_1/new/border_adder.v:36]
CRITICAL WARNING: [HDL 9-1206] Syntax error near 'output' [D:/Programs/Workspace/SmartZYNQ_SP2/OV5640_HDMI_ROM_READ_NUM0/OV5640_HDMI_ROM_READ_NUM0.srcs/sources_1/new/border_adder.v:36]
CRITICAL WARNING: [HDL 9-1206] Syntax error near 'output' [D:/Programs/Workspace/SmartZYNQ_SP2/OV5640_HDMI_ROM_READ_NUM0/OV5640_HDMI_ROM_READ_NUM0.srcs/sources_1/new/border_adder.v:36]
CRITICAL WARNING: [HDL 9-1206] Syntax error near 'output' [D:/Programs/Workspace/SmartZYNQ_SP2/OV5640_HDMI_ROM_READ_NUM0/OV5640_HDMI_ROM_READ_NUM0.srcs/sources_1/new/border_adder.v:36]
CRITICAL WARNING: [HDL 9-1206] Syntax error near 'output' [D:/Programs/Workspace/SmartZYNQ_SP2/OV5640_HDMI_ROM_READ_NUM0/OV5640_HDMI_ROM_READ_NUM0.srcs/sources_1/new/border_adder.v:36]
CRITICAL WARNING: [HDL 9-1206] Syntax error near 'output' [D:/Programs/Workspace/SmartZYNQ_SP2/OV5640_HDMI_ROM_READ_NUM0/OV5640_HDMI_ROM_READ_NUM0.srcs/sources_1/new/border_adder.v:36]
update_compile_order -fileset sources_1
update_compile_order -fileset sources_1
CRITICAL WARNING: [HDL 9-1206] Syntax error near 'always' [D:/Programs/Workspace/SmartZYNQ_SP2/OV5640_HDMI_ROM_READ_NUM0/OV5640_HDMI_ROM_READ_NUM0.srcs/sources_1/new/border_adder.v:67]
CRITICAL WARNING: [HDL 9-1206] Syntax error near '<=' [D:/Programs/Workspace/SmartZYNQ_SP2/OV5640_HDMI_ROM_READ_NUM0/OV5640_HDMI_ROM_READ_NUM0.srcs/sources_1/new/border_adder.v:72]
CRITICAL WARNING: [HDL 9-1206] Syntax error near '<=' [D:/Programs/Workspace/SmartZYNQ_SP2/OV5640_HDMI_ROM_READ_NUM0/OV5640_HDMI_ROM_READ_NUM0.srcs/sources_1/new/border_adder.v:75]
CRITICAL WARNING: [HDL 9-1206] Syntax error near '<=' [D:/Programs/Workspace/SmartZYNQ_SP2/OV5640_HDMI_ROM_READ_NUM0/OV5640_HDMI_ROM_READ_NUM0.srcs/sources_1/new/border_adder.v:77]
CRITICAL WARNING: [HDL 9-3116] 'pixel_x' is not a type [D:/Programs/Workspace/SmartZYNQ_SP2/OV5640_HDMI_ROM_READ_NUM0/OV5640_HDMI_ROM_READ_NUM0.srcs/sources_1/new/border_adder.v:72]
CRITICAL WARNING: [HDL 9-3116] 'pixel_x' is not a type [D:/Programs/Workspace/SmartZYNQ_SP2/OV5640_HDMI_ROM_READ_NUM0/OV5640_HDMI_ROM_READ_NUM0.srcs/sources_1/new/border_adder.v:75]
CRITICAL WARNING: [HDL 9-3116] 'pixel_x' is not a type [D:/Programs/Workspace/SmartZYNQ_SP2/OV5640_HDMI_ROM_READ_NUM0/OV5640_HDMI_ROM_READ_NUM0.srcs/sources_1/new/border_adder.v:77]
CRITICAL WARNING: [HDL 9-1206] Syntax error near 'always' [D:/Programs/Workspace/SmartZYNQ_SP2/OV5640_HDMI_ROM_READ_NUM0/OV5640_HDMI_ROM_READ_NUM0.srcs/sources_1/new/border_adder.v:67]
CRITICAL WARNING: [HDL 9-1206] Syntax error near '<=' [D:/Programs/Workspace/SmartZYNQ_SP2/OV5640_HDMI_ROM_READ_NUM0/OV5640_HDMI_ROM_READ_NUM0.srcs/sources_1/new/border_adder.v:72]
CRITICAL WARNING: [HDL 9-1206] Syntax error near '<=' [D:/Programs/Workspace/SmartZYNQ_SP2/OV5640_HDMI_ROM_READ_NUM0/OV5640_HDMI_ROM_READ_NUM0.srcs/sources_1/new/border_adder.v:75]
CRITICAL WARNING: [HDL 9-1206] Syntax error near '<=' [D:/Programs/Workspace/SmartZYNQ_SP2/OV5640_HDMI_ROM_READ_NUM0/OV5640_HDMI_ROM_READ_NUM0.srcs/sources_1/new/border_adder.v:77]
CRITICAL WARNING: [HDL 9-3116] 'pixel_x' is not a type [D:/Programs/Workspace/SmartZYNQ_SP2/OV5640_HDMI_ROM_READ_NUM0/OV5640_HDMI_ROM_READ_NUM0.srcs/sources_1/new/border_adder.v:72]
CRITICAL WARNING: [HDL 9-3116] 'pixel_x' is not a type [D:/Programs/Workspace/SmartZYNQ_SP2/OV5640_HDMI_ROM_READ_NUM0/OV5640_HDMI_ROM_READ_NUM0.srcs/sources_1/new/border_adder.v:75]
CRITICAL WARNING: [HDL 9-3116] 'pixel_x' is not a type [D:/Programs/Workspace/SmartZYNQ_SP2/OV5640_HDMI_ROM_READ_NUM0/OV5640_HDMI_ROM_READ_NUM0.srcs/sources_1/new/border_adder.v:77]
CRITICAL WARNING: [HDL 9-1206] Syntax error near 'always' [D:/Programs/Workspace/SmartZYNQ_SP2/OV5640_HDMI_ROM_READ_NUM0/OV5640_HDMI_ROM_READ_NUM0.srcs/sources_1/new/border_adder.v:67]
CRITICAL WARNING: [HDL 9-1206] Syntax error near '<=' [D:/Programs/Workspace/SmartZYNQ_SP2/OV5640_HDMI_ROM_READ_NUM0/OV5640_HDMI_ROM_READ_NUM0.srcs/sources_1/new/border_adder.v:72]
CRITICAL WARNING: [HDL 9-1206] Syntax error near '<=' [D:/Programs/Workspace/SmartZYNQ_SP2/OV5640_HDMI_ROM_READ_NUM0/OV5640_HDMI_ROM_READ_NUM0.srcs/sources_1/new/border_adder.v:75]
CRITICAL WARNING: [HDL 9-1206] Syntax error near '<=' [D:/Programs/Workspace/SmartZYNQ_SP2/OV5640_HDMI_ROM_READ_NUM0/OV5640_HDMI_ROM_READ_NUM0.srcs/sources_1/new/border_adder.v:77]
CRITICAL WARNING: [HDL 9-3116] 'pixel_x' is not a type [D:/Programs/Workspace/SmartZYNQ_SP2/OV5640_HDMI_ROM_READ_NUM0/OV5640_HDMI_ROM_READ_NUM0.srcs/sources_1/new/border_adder.v:72]
CRITICAL WARNING: [HDL 9-3116] 'pixel_x' is not a type [D:/Programs/Workspace/SmartZYNQ_SP2/OV5640_HDMI_ROM_READ_NUM0/OV5640_HDMI_ROM_READ_NUM0.srcs/sources_1/new/border_adder.v:75]
CRITICAL WARNING: [HDL 9-3116] 'pixel_x' is not a type [D:/Programs/Workspace/SmartZYNQ_SP2/OV5640_HDMI_ROM_READ_NUM0/OV5640_HDMI_ROM_READ_NUM0.srcs/sources_1/new/border_adder.v:77]
update_module_reference ZYNQ_CORE_border_adder_0_0
INFO: [IP_Flow 19-5107] Inferred bus interface 'rstn' of definition 'xilinx.com:signal:reset:1.0' (from Xilinx Repository).
INFO: [IP_Flow 19-4728] Bus Interface 'rstn': Added interface parameter 'POLARITY' with value 'ACTIVE_LOW'.
WARNING: [IP_Flow 19-1663] Duplicate IP found for 'xilinx.com:module_ref:border_adder:1.0'. The one found in IP location 'd:/Programs/Workspace/SmartZYNQ_SP2/OV5640_HDMI_with_IdentiBox/OV5640_HDMI_with_IdentiBox.gen/sources_1/bd/mref/border_adder' will take precedence over the same IP in location d:/Programs/Workspace/SmartZYNQ_SP2/OV5640_HDMI_ROM_READ_NUM0/OV5640_HDMI_ROM_READ_NUM0.gen/sources_1/bd/mref/border_adder
INFO: [IP_Flow 19-5107] Inferred bus interface 'rstn' of definition 'xilinx.com:signal:reset:1.0' (from Xilinx Repository).
INFO: [IP_Flow 19-4728] Bus Interface 'rstn': Added interface parameter 'POLARITY' with value 'ACTIVE_LOW'.
WARNING: [IP_Flow 19-1663] Duplicate IP found for 'xilinx.com:module_ref:border_adder:1.0'. The one found in IP location 'd:/Programs/Workspace/SmartZYNQ_SP2/OV5640_HDMI_with_IdentiBox/OV5640_HDMI_with_IdentiBox.gen/sources_1/bd/mref/border_adder' will take precedence over the same IP in location d:/Programs/Workspace/SmartZYNQ_SP2/OV5640_HDMI_ROM_READ_NUM0/OV5640_HDMI_ROM_READ_NUM0.gen/sources_1/bd/mref/border_adder
Upgrading 'D:/Programs/Workspace/SmartZYNQ_SP2/OV5640_HDMI_ROM_READ_NUM0/OV5640_HDMI_ROM_READ_NUM0.srcs/sources_1/bd/ZYNQ_CORE/ZYNQ_CORE.bd'
WARNING: [Vivado 12-3647] The given sub-design is not contained in the block fileset 'ZYNQ_CORE_border_adder_0_0'. Sub-design: 'D:/Programs/Workspace/SmartZYNQ_SP2/OV5640_HDMI_ROM_READ_NUM0/OV5640_HDMI_ROM_READ_NUM0.srcs/sources_1/bd/ZYNQ_CORE/ip/ZYNQ_CORE_border_adder_0_0/ZYNQ_CORE_border_adder_0_0.xci'.
INFO: [IP_Flow 19-3420] Updated ZYNQ_CORE_border_adder_0_0 to use current project options
Wrote  : <D:\Programs\Workspace\SmartZYNQ_SP2\OV5640_HDMI_ROM_READ_NUM0\OV5640_HDMI_ROM_READ_NUM0.srcs\sources_1\bd\ZYNQ_CORE\ZYNQ_CORE.bd> 
Wrote  : <D:/Programs/Workspace/SmartZYNQ_SP2/OV5640_HDMI_ROM_READ_NUM0/OV5640_HDMI_ROM_READ_NUM0.srcs/sources_1/bd/ZYNQ_CORE/ui/bd_ea28465c.ui> 
update_module_reference ZYNQ_CORE_border_adder_0_0
INFO: [IP_Flow 19-5107] Inferred bus interface 'rstn' of definition 'xilinx.com:signal:reset:1.0' (from Xilinx Repository).
INFO: [IP_Flow 19-4728] Bus Interface 'rstn': Added interface parameter 'POLARITY' with value 'ACTIVE_LOW'.
WARNING: [IP_Flow 19-1663] Duplicate IP found for 'xilinx.com:module_ref:border_adder:1.0'. The one found in IP location 'd:/Programs/Workspace/SmartZYNQ_SP2/OV5640_HDMI_with_IdentiBox/OV5640_HDMI_with_IdentiBox.gen/sources_1/bd/mref/border_adder' will take precedence over the same IP in location d:/Programs/Workspace/SmartZYNQ_SP2/OV5640_HDMI_ROM_READ_NUM0/OV5640_HDMI_ROM_READ_NUM0.gen/sources_1/bd/mref/border_adder
INFO: [IP_Flow 19-5107] Inferred bus interface 'rstn' of definition 'xilinx.com:signal:reset:1.0' (from Xilinx Repository).
INFO: [IP_Flow 19-4728] Bus Interface 'rstn': Added interface parameter 'POLARITY' with value 'ACTIVE_LOW'.
WARNING: [IP_Flow 19-1663] Duplicate IP found for 'xilinx.com:module_ref:border_adder:1.0'. The one found in IP location 'd:/Programs/Workspace/SmartZYNQ_SP2/OV5640_HDMI_with_IdentiBox/OV5640_HDMI_with_IdentiBox.gen/sources_1/bd/mref/border_adder' will take precedence over the same IP in location d:/Programs/Workspace/SmartZYNQ_SP2/OV5640_HDMI_ROM_READ_NUM0/OV5640_HDMI_ROM_READ_NUM0.gen/sources_1/bd/mref/border_adder
Upgrading 'D:/Programs/Workspace/SmartZYNQ_SP2/OV5640_HDMI_ROM_READ_NUM0/OV5640_HDMI_ROM_READ_NUM0.srcs/sources_1/bd/ZYNQ_CORE/ZYNQ_CORE.bd'
INFO: [IP_Flow 19-3420] Updated ZYNQ_CORE_border_adder_0_0 to use current project options
Wrote  : <D:\Programs\Workspace\SmartZYNQ_SP2\OV5640_HDMI_ROM_READ_NUM0\OV5640_HDMI_ROM_READ_NUM0.srcs\sources_1\bd\ZYNQ_CORE\ZYNQ_CORE.bd> 
Wrote  : <D:/Programs/Workspace/SmartZYNQ_SP2/OV5640_HDMI_ROM_READ_NUM0/OV5640_HDMI_ROM_READ_NUM0.srcs/sources_1/bd/ZYNQ_CORE/ui/bd_ea28465c.ui> 
create_bd_cell -type module -reference border_adder border_adder_1
set_property location {7 2185 273} [get_bd_cells border_adder_1]
delete_bd_objs [get_bd_cells border_adder_1]
delete_bd_objs [get_bd_nets v_axi4s_vid_out_0_vid_hsync] [get_bd_nets v_axi4s_vid_out_0_vid_data] [get_bd_nets border_adder_0_video_vsync_d] [get_bd_nets v_axi4s_vid_out_0_vid_active_video] [get_bd_nets v_axi4s_vid_out_0_vid_vsync] [get_bd_nets border_adder_0_rgb_data_out] [get_bd_nets border_adder_0_video_active_d] [get_bd_nets border_adder_0_video_hsync_d] [get_bd_cells border_adder_0]
update_compile_order -fileset sources_1
create_bd_cell -type module -reference border_adder border_adder_0
update_module_reference {ZYNQ_CORE_border_adder_0_0 ZYNQ_CORE_border_adder_0_1 ZYNQ_CORE_border_adder_1_0}
INFO: [IP_Flow 19-5107] Inferred bus interface 'rstn' of definition 'xilinx.com:signal:reset:1.0' (from Xilinx Repository).
INFO: [IP_Flow 19-4728] Bus Interface 'rstn': Added interface parameter 'POLARITY' with value 'ACTIVE_LOW'.
WARNING: [IP_Flow 19-1663] Duplicate IP found for 'xilinx.com:module_ref:border_adder:1.0'. The one found in IP location 'd:/Programs/Workspace/SmartZYNQ_SP2/OV5640_HDMI_with_IdentiBox/OV5640_HDMI_with_IdentiBox.gen/sources_1/bd/mref/border_adder' will take precedence over the same IP in location d:/Programs/Workspace/SmartZYNQ_SP2/OV5640_HDMI_ROM_READ_NUM0/OV5640_HDMI_ROM_READ_NUM0.gen/sources_1/bd/mref/border_adder
INFO: [IP_Flow 19-5107] Inferred bus interface 'rstn' of definition 'xilinx.com:signal:reset:1.0' (from Xilinx Repository).
INFO: [IP_Flow 19-4728] Bus Interface 'rstn': Added interface parameter 'POLARITY' with value 'ACTIVE_LOW'.
WARNING: [IP_Flow 19-1663] Duplicate IP found for 'xilinx.com:module_ref:border_adder:1.0'. The one found in IP location 'd:/Programs/Workspace/SmartZYNQ_SP2/OV5640_HDMI_with_IdentiBox/OV5640_HDMI_with_IdentiBox.gen/sources_1/bd/mref/border_adder' will take precedence over the same IP in location d:/Programs/Workspace/SmartZYNQ_SP2/OV5640_HDMI_ROM_READ_NUM0/OV5640_HDMI_ROM_READ_NUM0.gen/sources_1/bd/mref/border_adder
Upgrading 'D:/Programs/Workspace/SmartZYNQ_SP2/OV5640_HDMI_ROM_READ_NUM0/OV5640_HDMI_ROM_READ_NUM0.srcs/sources_1/bd/ZYNQ_CORE/ZYNQ_CORE.bd'
INFO: [IP_Flow 19-3420] Updated ZYNQ_CORE_border_adder_0_1 to use current project options
Wrote  : <D:\Programs\Workspace\SmartZYNQ_SP2\OV5640_HDMI_ROM_READ_NUM0\OV5640_HDMI_ROM_READ_NUM0.srcs\sources_1\bd\ZYNQ_CORE\ZYNQ_CORE.bd> 
Wrote  : <D:/Programs/Workspace/SmartZYNQ_SP2/OV5640_HDMI_ROM_READ_NUM0/OV5640_HDMI_ROM_READ_NUM0.srcs/sources_1/bd/ZYNQ_CORE/ui/bd_ea28465c.ui> 
update_compile_order -fileset sources_1
delete_bd_objs [get_bd_cells border_adder_0]
update_compile_order -fileset sources_1
save_bd_design
Wrote  : <D:\Programs\Workspace\SmartZYNQ_SP2\OV5640_HDMI_ROM_READ_NUM0\OV5640_HDMI_ROM_READ_NUM0.srcs\sources_1\bd\ZYNQ_CORE\ZYNQ_CORE.bd> 
Wrote  : <D:/Programs/Workspace/SmartZYNQ_SP2/OV5640_HDMI_ROM_READ_NUM0/OV5640_HDMI_ROM_READ_NUM0.srcs/sources_1/bd/ZYNQ_CORE/ui/bd_ea28465c.ui> 
create_bd_cell -type module -reference border_adder border_adder_0
set_property location {7 2232 250} [get_bd_cells border_adder_0]
delete_bd_objs [get_bd_cells border_adder_0]
create_bd_cell -type module -reference border_adder border_adder_0
create_bd_cell -type module -reference border_adder border_adder_1
set_property location {2 316 -273} [get_bd_cells border_adder_1]
delete_bd_objs [get_bd_cells border_adder_1]
regenerate_bd_layout
delete_bd_objs [get_bd_cells border_adder_0]
save_bd_design
Wrote  : <D:\Programs\Workspace\SmartZYNQ_SP2\OV5640_HDMI_ROM_READ_NUM0\OV5640_HDMI_ROM_READ_NUM0.srcs\sources_1\bd\ZYNQ_CORE\ZYNQ_CORE.bd> 
Wrote  : <D:/Programs/Workspace/SmartZYNQ_SP2/OV5640_HDMI_ROM_READ_NUM0/OV5640_HDMI_ROM_READ_NUM0.srcs/sources_1/bd/ZYNQ_CORE/ui/bd_ea28465c.ui> 
exit
INFO: [Common 17-206] Exiting Vivado at Sun Mar  2 16:44:57 2025...
