20:21:16 DEBUG : Logs will be stored at 'D:/Programs/Workspace/SmartZYNQ_SP2/VDMA_OV5640_HDMI_with_customIP/VDMA_OV_sdk/IDE.log'.
20:21:20 INFO  : Launching XSCT server: xsct.bat -n  -interactive D:\Programs\Workspace\SmartZYNQ_SP2\VDMA_OV5640_HDMI_with_customIP\VDMA_OV_sdk\temp_xsdb_launch_script.tcl
20:21:20 INFO  : Registering command handlers for Vitis TCF services
20:21:21 INFO  : Platform repository initialization has completed.
20:21:22 INFO  : XSCT server has started successfully.
20:21:22 INFO  : Successfully done setting XSCT server connection channel  
20:21:22 INFO  : plnx-install-location is set to ''
20:21:22 INFO  : Successfully done setting workspace for the tool. 
20:21:22 INFO  : Successfully done query RDI_DATADIR 
20:22:01 INFO  : Result from executing command 'getProjects': ZYNQ_CORE_wrapper
20:22:01 INFO  : Result from executing command 'getPlatforms': xilinx_vck190_base_202310_1|D:/Xilinx/Vitis/2023.1/base_platforms/xilinx_vck190_base_202310_1/xilinx_vck190_base_202310_1.xpfm;xilinx_vck190_base_dfx_202310_1|D:/Xilinx/Vitis/2023.1/base_platforms/xilinx_vck190_base_dfx_202310_1/xilinx_vck190_base_dfx_202310_1.xpfm;xilinx_vek280_es1_base_202310_1|D:/Xilinx/Vitis/2023.1/base_platforms/xilinx_vek280_es1_base_202310_1/xilinx_vek280_es1_base_202310_1.xpfm;xilinx_vmk180_base_202310_1|D:/Xilinx/Vitis/2023.1/base_platforms/xilinx_vmk180_base_202310_1/xilinx_vmk180_base_202310_1.xpfm;xilinx_zcu102_base_202310_1|D:/Xilinx/Vitis/2023.1/base_platforms/xilinx_zcu102_base_202310_1/xilinx_zcu102_base_202310_1.xpfm;xilinx_zcu102_base_dfx_202310_1|D:/Xilinx/Vitis/2023.1/base_platforms/xilinx_zcu102_base_dfx_202310_1/xilinx_zcu102_base_dfx_202310_1.xpfm;xilinx_zcu104_base_202310_1|D:/Xilinx/Vitis/2023.1/base_platforms/xilinx_zcu104_base_202310_1/xilinx_zcu104_base_202310_1.xpfm
20:22:02 WARN  : An unexpected exception occurred in the module 'platform project logging'
20:22:03 INFO  : Platform 'ZYNQ_CORE_wrapper' is added to custom repositories.
20:22:08 INFO  : Platform 'ZYNQ_CORE_wrapper' is added to custom repositories.
20:22:35 INFO  : Example project vdma_1 has been created successfully.
20:25:50 INFO  : Result from executing command 'getProjects': ZYNQ_CORE_wrapper
20:25:50 INFO  : Result from executing command 'getPlatforms': ZYNQ_CORE_wrapper|D:/Programs/Workspace/SmartZYNQ_SP2/VDMA_OV5640_HDMI_with_customIP/VDMA_OV_sdk/ZYNQ_CORE_wrapper/export/ZYNQ_CORE_wrapper/ZYNQ_CORE_wrapper.xpfm;xilinx_vck190_base_202310_1|D:/Xilinx/Vitis/2023.1/base_platforms/xilinx_vck190_base_202310_1/xilinx_vck190_base_202310_1.xpfm;xilinx_vck190_base_dfx_202310_1|D:/Xilinx/Vitis/2023.1/base_platforms/xilinx_vck190_base_dfx_202310_1/xilinx_vck190_base_dfx_202310_1.xpfm;xilinx_vek280_es1_base_202310_1|D:/Xilinx/Vitis/2023.1/base_platforms/xilinx_vek280_es1_base_202310_1/xilinx_vek280_es1_base_202310_1.xpfm;xilinx_vmk180_base_202310_1|D:/Xilinx/Vitis/2023.1/base_platforms/xilinx_vmk180_base_202310_1/xilinx_vmk180_base_202310_1.xpfm;xilinx_zcu102_base_202310_1|D:/Xilinx/Vitis/2023.1/base_platforms/xilinx_zcu102_base_202310_1/xilinx_zcu102_base_202310_1.xpfm;xilinx_zcu102_base_dfx_202310_1|D:/Xilinx/Vitis/2023.1/base_platforms/xilinx_zcu102_base_dfx_202310_1/xilinx_zcu102_base_dfx_202310_1.xpfm;xilinx_zcu104_base_202310_1|D:/Xilinx/Vitis/2023.1/base_platforms/xilinx_zcu104_base_202310_1/xilinx_zcu104_base_202310_1.xpfm
20:25:51 INFO  : Checking for BSP changes to sync application flags for project 'VDMA_OV'...
20:25:51 INFO  : Updating application flags with new BSP settings...
20:25:51 INFO  : Successfully updated application flags for project VDMA_OV.
18:26:51 DEBUG : Logs will be stored at 'D:/Programs/Workspace/SmartZYNQ_SP2/VDMA_OV5640_HDMI_with_customIP/VDMA_OV_sdk/IDE.log'.
18:26:52 INFO  : Launching XSCT server: xsct.bat -n  -interactive D:\Programs\Workspace\SmartZYNQ_SP2\VDMA_OV5640_HDMI_with_customIP\VDMA_OV_sdk\temp_xsdb_launch_script.tcl
18:26:54 INFO  : XSCT server has started successfully.
18:26:54 INFO  : plnx-install-location is set to ''
18:26:54 INFO  : Successfully done setting XSCT server connection channel  
18:26:54 INFO  : Successfully done setting workspace for the tool. 
18:26:56 INFO  : Registering command handlers for Vitis TCF services
18:26:57 INFO  : Successfully done query RDI_DATADIR 
18:26:57 INFO  : Platform repository initialization has completed.
18:27:12 INFO  : Connected to target on host '127.0.0.1' and port '3121'.
18:27:13 INFO  : Jtag cable 'HelloFpga JTAG-SP2 03SD35A' is selected.
18:27:13 INFO  : 'jtag frequency' command is executed.
18:27:13 INFO  : Context for 'APU' is selected.
18:27:13 INFO  : System reset is completed.
18:27:16 INFO  : 'after 3000' command is executed.
18:27:16 INFO  : 'targets -set -filter {jtag_cable_name =~ "HelloFpga JTAG-SP2 03SD35A" && level==0 && jtag_device_ctx=="jsn-JTAG-SP2-03SD35A-23727093-0"}' command is executed.
18:27:19 INFO  : Device configured successfully with "D:/Programs/Workspace/SmartZYNQ_SP2/VDMA_OV5640_HDMI_with_customIP/VDMA_OV_sdk/VDMA_OV/_ide/bitstream/ZYNQ_CORE_wrapper.bit"
18:27:19 INFO  : Context for 'APU' is selected.
18:27:19 INFO  : Hardware design and registers information is loaded from 'D:/Programs/Workspace/SmartZYNQ_SP2/VDMA_OV5640_HDMI_with_customIP/VDMA_OV_sdk/ZYNQ_CORE_wrapper/export/ZYNQ_CORE_wrapper/hw/ZYNQ_CORE_wrapper.xsa'.
18:27:19 INFO  : 'configparams force-mem-access 1' command is executed.
18:27:19 INFO  : Context for 'APU' is selected.
18:27:19 INFO  : Sourcing of 'D:/Programs/Workspace/SmartZYNQ_SP2/VDMA_OV5640_HDMI_with_customIP/VDMA_OV_sdk/VDMA_OV/_ide/psinit/ps7_init.tcl' is done.
18:27:19 INFO  : 'ps7_init' command is executed.
18:27:19 INFO  : 'ps7_post_config' command is executed.
18:27:19 INFO  : Context for processor 'ps7_cortexa9_0' is selected.
18:27:20 INFO  : The application 'D:/Programs/Workspace/SmartZYNQ_SP2/VDMA_OV5640_HDMI_with_customIP/VDMA_OV_sdk/VDMA_OV/Debug/VDMA_OV.elf' is downloaded to processor 'ps7_cortexa9_0'.
18:27:20 INFO  : 'configparams force-mem-access 0' command is executed.
18:27:20 INFO  : ----------------XSDB Script----------------
connect -url tcp:127.0.0.1:3121
targets -set -nocase -filter {name =~"APU*"}
rst -system
after 3000
targets -set -filter {jtag_cable_name =~ "HelloFpga JTAG-SP2 03SD35A" && level==0 && jtag_device_ctx=="jsn-JTAG-SP2-03SD35A-23727093-0"}
fpga -file D:/Programs/Workspace/SmartZYNQ_SP2/VDMA_OV5640_HDMI_with_customIP/VDMA_OV_sdk/VDMA_OV/_ide/bitstream/ZYNQ_CORE_wrapper.bit
targets -set -nocase -filter {name =~"APU*"}
loadhw -hw D:/Programs/Workspace/SmartZYNQ_SP2/VDMA_OV5640_HDMI_with_customIP/VDMA_OV_sdk/ZYNQ_CORE_wrapper/export/ZYNQ_CORE_wrapper/hw/ZYNQ_CORE_wrapper.xsa -mem-ranges [list {0x40000000 0xbfffffff}] -regs
configparams force-mem-access 1
targets -set -nocase -filter {name =~"APU*"}
source D:/Programs/Workspace/SmartZYNQ_SP2/VDMA_OV5640_HDMI_with_customIP/VDMA_OV_sdk/VDMA_OV/_ide/psinit/ps7_init.tcl
ps7_init
ps7_post_config
targets -set -nocase -filter {name =~ "*A9*#0"}
dow D:/Programs/Workspace/SmartZYNQ_SP2/VDMA_OV5640_HDMI_with_customIP/VDMA_OV_sdk/VDMA_OV/Debug/VDMA_OV.elf
configparams force-mem-access 0
----------------End of Script----------------

18:27:20 INFO  : Context for processor 'ps7_cortexa9_0' is selected.
18:27:20 INFO  : 'con' command is executed.
18:27:20 INFO  : ----------------XSDB Script (After Launch)----------------
targets -set -nocase -filter {name =~ "*A9*#0"}
con
----------------End of Script----------------

18:27:20 INFO  : Launch script is exported to file 'D:\Programs\Workspace\SmartZYNQ_SP2\VDMA_OV5640_HDMI_with_customIP\VDMA_OV_sdk\VDMA_OV_system\_ide\scripts\systemdebugger_vdma_ov_system_standalone.tcl'
18:27:44 INFO  : Disconnected from the channel tcfchan#1.
18:29:31 DEBUG : Logs will be stored at 'D:/Programs/Workspace/SmartZYNQ_SP2/VDMA_OV5640_HDMI_with_customIP/VDMA_OV_sdk/IDE.log'.
18:29:32 INFO  : Launching XSCT server: xsct.bat -n  -interactive D:\Programs\Workspace\SmartZYNQ_SP2\VDMA_OV5640_HDMI_with_customIP\VDMA_OV_sdk\temp_xsdb_launch_script.tcl
18:29:34 INFO  : XSCT server has started successfully.
18:29:34 INFO  : Successfully done setting XSCT server connection channel  
18:29:34 INFO  : plnx-install-location is set to ''
18:29:34 INFO  : Successfully done setting workspace for the tool. 
18:29:36 INFO  : Platform repository initialization has completed.
18:29:57 INFO  : Successfully done query RDI_DATADIR 
18:29:57 INFO  : Registering command handlers for Vitis TCF services
18:30:56 INFO  : Connected to target on host '127.0.0.1' and port '3121'.
18:30:57 INFO  : Jtag cable 'HelloFpga JTAG-SP2 03SD35A' is selected.
18:30:57 INFO  : 'jtag frequency' command is executed.
18:30:57 INFO  : Context for 'APU' is selected.
18:30:58 INFO  : System reset is completed.
18:31:01 INFO  : 'after 3000' command is executed.
18:31:01 INFO  : 'targets -set -filter {jtag_cable_name =~ "HelloFpga JTAG-SP2 03SD35A" && level==0 && jtag_device_ctx=="jsn-JTAG-SP2-03SD35A-23727093-0"}' command is executed.
18:31:04 INFO  : Device configured successfully with "D:/Programs/Workspace/SmartZYNQ_SP2/VDMA_OV5640_HDMI_with_customIP/VDMA_OV_sdk/VDMA_OV/_ide/bitstream/ZYNQ_CORE_wrapper.bit"
18:31:04 INFO  : Context for 'APU' is selected.
18:31:04 INFO  : Hardware design and registers information is loaded from 'D:/Programs/Workspace/SmartZYNQ_SP2/VDMA_OV5640_HDMI_with_customIP/VDMA_OV_sdk/ZYNQ_CORE_wrapper/export/ZYNQ_CORE_wrapper/hw/ZYNQ_CORE_wrapper.xsa'.
18:31:04 INFO  : 'configparams force-mem-access 1' command is executed.
18:31:04 INFO  : Context for 'APU' is selected.
18:31:04 INFO  : Sourcing of 'D:/Programs/Workspace/SmartZYNQ_SP2/VDMA_OV5640_HDMI_with_customIP/VDMA_OV_sdk/VDMA_OV/_ide/psinit/ps7_init.tcl' is done.
18:31:04 INFO  : 'ps7_init' command is executed.
18:31:04 INFO  : 'ps7_post_config' command is executed.
18:31:04 INFO  : Context for processor 'ps7_cortexa9_0' is selected.
18:31:05 INFO  : The application 'D:/Programs/Workspace/SmartZYNQ_SP2/VDMA_OV5640_HDMI_with_customIP/VDMA_OV_sdk/VDMA_OV/Debug/VDMA_OV.elf' is downloaded to processor 'ps7_cortexa9_0'.
18:31:05 INFO  : 'configparams force-mem-access 0' command is executed.
18:31:05 INFO  : ----------------XSDB Script----------------
connect -url tcp:127.0.0.1:3121
targets -set -nocase -filter {name =~"APU*"}
rst -system
after 3000
targets -set -filter {jtag_cable_name =~ "HelloFpga JTAG-SP2 03SD35A" && level==0 && jtag_device_ctx=="jsn-JTAG-SP2-03SD35A-23727093-0"}
fpga -file D:/Programs/Workspace/SmartZYNQ_SP2/VDMA_OV5640_HDMI_with_customIP/VDMA_OV_sdk/VDMA_OV/_ide/bitstream/ZYNQ_CORE_wrapper.bit
targets -set -nocase -filter {name =~"APU*"}
loadhw -hw D:/Programs/Workspace/SmartZYNQ_SP2/VDMA_OV5640_HDMI_with_customIP/VDMA_OV_sdk/ZYNQ_CORE_wrapper/export/ZYNQ_CORE_wrapper/hw/ZYNQ_CORE_wrapper.xsa -mem-ranges [list {0x40000000 0xbfffffff}] -regs
configparams force-mem-access 1
targets -set -nocase -filter {name =~"APU*"}
source D:/Programs/Workspace/SmartZYNQ_SP2/VDMA_OV5640_HDMI_with_customIP/VDMA_OV_sdk/VDMA_OV/_ide/psinit/ps7_init.tcl
ps7_init
ps7_post_config
targets -set -nocase -filter {name =~ "*A9*#0"}
dow D:/Programs/Workspace/SmartZYNQ_SP2/VDMA_OV5640_HDMI_with_customIP/VDMA_OV_sdk/VDMA_OV/Debug/VDMA_OV.elf
configparams force-mem-access 0
----------------End of Script----------------

18:31:05 INFO  : Context for processor 'ps7_cortexa9_0' is selected.
18:31:05 INFO  : 'con' command is executed.
18:31:05 INFO  : ----------------XSDB Script (After Launch)----------------
targets -set -nocase -filter {name =~ "*A9*#0"}
con
----------------End of Script----------------

18:31:05 INFO  : Launch script is exported to file 'D:\Programs\Workspace\SmartZYNQ_SP2\VDMA_OV5640_HDMI_with_customIP\VDMA_OV_sdk\VDMA_OV_system\_ide\scripts\systemdebugger_vdma_ov_system_standalone.tcl'
18:32:54 INFO  : Disconnected from the channel tcfchan#1.
18:32:54 INFO  : Connected to target on host '127.0.0.1' and port '3121'.
18:32:54 INFO  : Jtag cable 'HelloFpga JTAG-SP2 03SD35A' is selected.
18:32:54 INFO  : 'jtag frequency' command is executed.
18:32:54 INFO  : Context for 'APU' is selected.
18:32:54 INFO  : System reset is completed.
18:32:57 INFO  : 'after 3000' command is executed.
18:32:57 INFO  : 'targets -set -filter {jtag_cable_name =~ "HelloFpga JTAG-SP2 03SD35A" && level==0 && jtag_device_ctx=="jsn-JTAG-SP2-03SD35A-23727093-0"}' command is executed.
18:33:00 INFO  : Device configured successfully with "D:/Programs/Workspace/SmartZYNQ_SP2/VDMA_OV5640_HDMI_with_customIP/VDMA_OV_sdk/VDMA_OV/_ide/bitstream/ZYNQ_CORE_wrapper.bit"
18:33:00 INFO  : Context for 'APU' is selected.
18:33:01 INFO  : Hardware design and registers information is loaded from 'D:/Programs/Workspace/SmartZYNQ_SP2/VDMA_OV5640_HDMI_with_customIP/VDMA_OV_sdk/ZYNQ_CORE_wrapper/export/ZYNQ_CORE_wrapper/hw/ZYNQ_CORE_wrapper.xsa'.
18:33:01 INFO  : 'configparams force-mem-access 1' command is executed.
18:33:01 INFO  : Context for 'APU' is selected.
18:33:01 INFO  : Sourcing of 'D:/Programs/Workspace/SmartZYNQ_SP2/VDMA_OV5640_HDMI_with_customIP/VDMA_OV_sdk/VDMA_OV/_ide/psinit/ps7_init.tcl' is done.
18:33:01 INFO  : 'ps7_init' command is executed.
18:33:01 INFO  : 'ps7_post_config' command is executed.
18:33:01 INFO  : Context for processor 'ps7_cortexa9_0' is selected.
18:33:01 INFO  : The application 'D:/Programs/Workspace/SmartZYNQ_SP2/VDMA_OV5640_HDMI_with_customIP/VDMA_OV_sdk/VDMA_OV/Debug/VDMA_OV.elf' is downloaded to processor 'ps7_cortexa9_0'.
18:33:01 INFO  : 'configparams force-mem-access 0' command is executed.
18:33:01 INFO  : ----------------XSDB Script----------------
connect -url tcp:127.0.0.1:3121
targets -set -nocase -filter {name =~"APU*"}
rst -system
after 3000
targets -set -filter {jtag_cable_name =~ "HelloFpga JTAG-SP2 03SD35A" && level==0 && jtag_device_ctx=="jsn-JTAG-SP2-03SD35A-23727093-0"}
fpga -file D:/Programs/Workspace/SmartZYNQ_SP2/VDMA_OV5640_HDMI_with_customIP/VDMA_OV_sdk/VDMA_OV/_ide/bitstream/ZYNQ_CORE_wrapper.bit
targets -set -nocase -filter {name =~"APU*"}
loadhw -hw D:/Programs/Workspace/SmartZYNQ_SP2/VDMA_OV5640_HDMI_with_customIP/VDMA_OV_sdk/ZYNQ_CORE_wrapper/export/ZYNQ_CORE_wrapper/hw/ZYNQ_CORE_wrapper.xsa -mem-ranges [list {0x40000000 0xbfffffff}] -regs
configparams force-mem-access 1
targets -set -nocase -filter {name =~"APU*"}
source D:/Programs/Workspace/SmartZYNQ_SP2/VDMA_OV5640_HDMI_with_customIP/VDMA_OV_sdk/VDMA_OV/_ide/psinit/ps7_init.tcl
ps7_init
ps7_post_config
targets -set -nocase -filter {name =~ "*A9*#0"}
dow D:/Programs/Workspace/SmartZYNQ_SP2/VDMA_OV5640_HDMI_with_customIP/VDMA_OV_sdk/VDMA_OV/Debug/VDMA_OV.elf
configparams force-mem-access 0
----------------End of Script----------------

18:33:01 INFO  : Context for processor 'ps7_cortexa9_0' is selected.
18:33:01 INFO  : 'con' command is executed.
18:33:01 INFO  : ----------------XSDB Script (After Launch)----------------
targets -set -nocase -filter {name =~ "*A9*#0"}
con
----------------End of Script----------------

18:33:01 INFO  : Launch script is exported to file 'D:\Programs\Workspace\SmartZYNQ_SP2\VDMA_OV5640_HDMI_with_customIP\VDMA_OV_sdk\VDMA_OV_system\_ide\scripts\systemdebugger_vdma_ov_system_standalone.tcl'
18:33:14 INFO  : Disconnected from the channel tcfchan#2.
