16:29:08 DEBUG : Logs will be stored at 'D:/Programs/Workspace/SmartZYNQ_SP2/VDMA_HDMI_COLORBAR/VDMA_HDMI_COLORBAR.sdk/IDE.log'.
16:29:12 INFO  : Launching XSCT server: xsct.bat -n  -interactive D:\Programs\Workspace\SmartZYNQ_SP2\VDMA_HDMI_COLORBAR\VDMA_HDMI_COLORBAR.sdk\temp_xsdb_launch_script.tcl
16:29:12 INFO  : Registering command handlers for Vitis TCF services
16:29:12 INFO  : Platform repository initialization has completed.
16:29:14 INFO  : XSCT server has started successfully.
16:29:14 INFO  : Successfully done setting XSCT server connection channel  
16:29:14 INFO  : plnx-install-location is set to ''
16:29:14 INFO  : Successfully done query RDI_DATADIR 
16:29:14 INFO  : Successfully done setting workspace for the tool. 
16:29:52 INFO  : Result from executing command 'getProjects': ZYNQ_CORE_wrapper
16:29:52 INFO  : Result from executing command 'getPlatforms': xilinx_vck190_base_202310_1|D:/Xilinx/Vitis/2023.1/base_platforms/xilinx_vck190_base_202310_1/xilinx_vck190_base_202310_1.xpfm;xilinx_vck190_base_dfx_202310_1|D:/Xilinx/Vitis/2023.1/base_platforms/xilinx_vck190_base_dfx_202310_1/xilinx_vck190_base_dfx_202310_1.xpfm;xilinx_vek280_es1_base_202310_1|D:/Xilinx/Vitis/2023.1/base_platforms/xilinx_vek280_es1_base_202310_1/xilinx_vek280_es1_base_202310_1.xpfm;xilinx_vmk180_base_202310_1|D:/Xilinx/Vitis/2023.1/base_platforms/xilinx_vmk180_base_202310_1/xilinx_vmk180_base_202310_1.xpfm;xilinx_zcu102_base_202310_1|D:/Xilinx/Vitis/2023.1/base_platforms/xilinx_zcu102_base_202310_1/xilinx_zcu102_base_202310_1.xpfm;xilinx_zcu102_base_dfx_202310_1|D:/Xilinx/Vitis/2023.1/base_platforms/xilinx_zcu102_base_dfx_202310_1/xilinx_zcu102_base_dfx_202310_1.xpfm;xilinx_zcu104_base_202310_1|D:/Xilinx/Vitis/2023.1/base_platforms/xilinx_zcu104_base_202310_1/xilinx_zcu104_base_202310_1.xpfm
16:29:53 WARN  : An unexpected exception occurred in the module 'platform project logging'
16:29:54 INFO  : Platform 'ZYNQ_CORE_wrapper' is added to custom repositories.
16:30:00 INFO  : Platform 'ZYNQ_CORE_wrapper' is added to custom repositories.
16:31:50 INFO  : Example project vdma_1 has been created successfully.
17:02:15 INFO  : Result from executing command 'getProjects': ZYNQ_CORE_wrapper
17:02:15 INFO  : Result from executing command 'getPlatforms': ZYNQ_CORE_wrapper|D:/Programs/Workspace/SmartZYNQ_SP2/VDMA_HDMI_COLORBAR/VDMA_HDMI_COLORBAR.sdk/ZYNQ_CORE_wrapper/export/ZYNQ_CORE_wrapper/ZYNQ_CORE_wrapper.xpfm;xilinx_vck190_base_202310_1|D:/Xilinx/Vitis/2023.1/base_platforms/xilinx_vck190_base_202310_1/xilinx_vck190_base_202310_1.xpfm;xilinx_vck190_base_dfx_202310_1|D:/Xilinx/Vitis/2023.1/base_platforms/xilinx_vck190_base_dfx_202310_1/xilinx_vck190_base_dfx_202310_1.xpfm;xilinx_vek280_es1_base_202310_1|D:/Xilinx/Vitis/2023.1/base_platforms/xilinx_vek280_es1_base_202310_1/xilinx_vek280_es1_base_202310_1.xpfm;xilinx_vmk180_base_202310_1|D:/Xilinx/Vitis/2023.1/base_platforms/xilinx_vmk180_base_202310_1/xilinx_vmk180_base_202310_1.xpfm;xilinx_zcu102_base_202310_1|D:/Xilinx/Vitis/2023.1/base_platforms/xilinx_zcu102_base_202310_1/xilinx_zcu102_base_202310_1.xpfm;xilinx_zcu102_base_dfx_202310_1|D:/Xilinx/Vitis/2023.1/base_platforms/xilinx_zcu102_base_dfx_202310_1/xilinx_zcu102_base_dfx_202310_1.xpfm;xilinx_zcu104_base_202310_1|D:/Xilinx/Vitis/2023.1/base_platforms/xilinx_zcu104_base_202310_1/xilinx_zcu104_base_202310_1.xpfm
17:02:16 INFO  : Checking for BSP changes to sync application flags for project 'VDMA_HDMI_TEST'...
17:03:05 INFO  : Connected to target on host '127.0.0.1' and port '3121'.
17:03:07 INFO  : Jtag cable 'HelloFpga JTAG-SP2 03SD35A' is selected.
17:03:07 INFO  : 'jtag frequency' command is executed.
17:03:07 INFO  : Context for 'APU' is selected.
17:03:07 INFO  : System reset is completed.
17:03:10 INFO  : 'after 3000' command is executed.
17:03:10 INFO  : 'targets -set -filter {jtag_cable_name =~ "HelloFpga JTAG-SP2 03SD35A" && level==0 && jtag_device_ctx=="jsn-JTAG-SP2-03SD35A-23727093-0"}' command is executed.
17:03:13 INFO  : Device configured successfully with "D:/Programs/Workspace/SmartZYNQ_SP2/VDMA_HDMI_COLORBAR/VDMA_HDMI_COLORBAR.sdk/VDMA_HDMI_TEST/_ide/bitstream/ZYNQ_CORE_wrapper.bit"
17:03:13 INFO  : Context for 'APU' is selected.
17:03:13 INFO  : Hardware design and registers information is loaded from 'D:/Programs/Workspace/SmartZYNQ_SP2/VDMA_HDMI_COLORBAR/VDMA_HDMI_COLORBAR.sdk/ZYNQ_CORE_wrapper/export/ZYNQ_CORE_wrapper/hw/ZYNQ_CORE_wrapper.xsa'.
17:03:13 INFO  : 'configparams force-mem-access 1' command is executed.
17:03:13 INFO  : Context for 'APU' is selected.
17:03:13 INFO  : Sourcing of 'D:/Programs/Workspace/SmartZYNQ_SP2/VDMA_HDMI_COLORBAR/VDMA_HDMI_COLORBAR.sdk/VDMA_HDMI_TEST/_ide/psinit/ps7_init.tcl' is done.
17:03:14 INFO  : 'ps7_init' command is executed.
17:03:14 INFO  : 'ps7_post_config' command is executed.
17:03:14 INFO  : Context for processor 'ps7_cortexa9_0' is selected.
17:03:14 ERROR : Memory write error at 0x105000. MMU section translation fault
17:03:14 INFO  : ----------------XSDB Script----------------
connect -url tcp:127.0.0.1:3121
targets -set -nocase -filter {name =~"APU*"}
rst -system
after 3000
targets -set -filter {jtag_cable_name =~ "HelloFpga JTAG-SP2 03SD35A" && level==0 && jtag_device_ctx=="jsn-JTAG-SP2-03SD35A-23727093-0"}
fpga -file D:/Programs/Workspace/SmartZYNQ_SP2/VDMA_HDMI_COLORBAR/VDMA_HDMI_COLORBAR.sdk/VDMA_HDMI_TEST/_ide/bitstream/ZYNQ_CORE_wrapper.bit
targets -set -nocase -filter {name =~"APU*"}
loadhw -hw D:/Programs/Workspace/SmartZYNQ_SP2/VDMA_HDMI_COLORBAR/VDMA_HDMI_COLORBAR.sdk/ZYNQ_CORE_wrapper/export/ZYNQ_CORE_wrapper/hw/ZYNQ_CORE_wrapper.xsa -mem-ranges [list {0x40000000 0xbfffffff}] -regs
configparams force-mem-access 1
targets -set -nocase -filter {name =~"APU*"}
source D:/Programs/Workspace/SmartZYNQ_SP2/VDMA_HDMI_COLORBAR/VDMA_HDMI_COLORBAR.sdk/VDMA_HDMI_TEST/_ide/psinit/ps7_init.tcl
ps7_init
ps7_post_config
targets -set -nocase -filter {name =~ "*A9*#0"}
dow D:/Programs/Workspace/SmartZYNQ_SP2/VDMA_HDMI_COLORBAR/VDMA_HDMI_COLORBAR.sdk/VDMA_HDMI_TEST/Debug/VDMA_HDMI_TEST.elf
----------------End of Script----------------

17:03:14 ERROR : Memory write error at 0x105000. MMU section translation fault
17:08:15 INFO  : No changes in MSS file content so sources will not be generated.
17:09:21 INFO  : Connected to target on host '127.0.0.1' and port '3121'.
17:09:21 INFO  : Jtag cable 'HelloFpga JTAG-SP2 03SD35A' is selected.
17:09:21 INFO  : 'jtag frequency' command is executed.
17:09:21 INFO  : Context for 'APU' is selected.
17:09:21 INFO  : System reset is completed.
17:09:24 INFO  : 'after 3000' command is executed.
17:09:24 INFO  : 'targets -set -filter {jtag_cable_name =~ "HelloFpga JTAG-SP2 03SD35A" && level==0 && jtag_device_ctx=="jsn-JTAG-SP2-03SD35A-23727093-0"}' command is executed.
17:09:26 INFO  : Device configured successfully with "D:/Programs/Workspace/SmartZYNQ_SP2/VDMA_HDMI_COLORBAR/VDMA_HDMI_COLORBAR.sdk/VDMA_HDMI_TEST/_ide/bitstream/ZYNQ_CORE_wrapper.bit"
17:09:27 INFO  : Context for 'APU' is selected.
17:09:27 INFO  : Hardware design and registers information is loaded from 'D:/Programs/Workspace/SmartZYNQ_SP2/VDMA_HDMI_COLORBAR/VDMA_HDMI_COLORBAR.sdk/ZYNQ_CORE_wrapper/export/ZYNQ_CORE_wrapper/hw/ZYNQ_CORE_wrapper.xsa'.
17:09:27 INFO  : 'configparams force-mem-access 1' command is executed.
17:09:27 INFO  : Context for 'APU' is selected.
17:09:27 INFO  : Sourcing of 'D:/Programs/Workspace/SmartZYNQ_SP2/VDMA_HDMI_COLORBAR/VDMA_HDMI_COLORBAR.sdk/VDMA_HDMI_TEST/_ide/psinit/ps7_init.tcl' is done.
17:09:27 INFO  : 'ps7_init' command is executed.
17:09:27 INFO  : 'ps7_post_config' command is executed.
17:09:27 INFO  : Context for processor 'ps7_cortexa9_0' is selected.
17:09:27 INFO  : The application 'D:/Programs/Workspace/SmartZYNQ_SP2/VDMA_HDMI_COLORBAR/VDMA_HDMI_COLORBAR.sdk/VDMA_HDMI_TEST/Debug/VDMA_HDMI_TEST.elf' is downloaded to processor 'ps7_cortexa9_0'.
17:09:27 INFO  : 'configparams force-mem-access 0' command is executed.
17:09:27 INFO  : ----------------XSDB Script----------------
connect -url tcp:127.0.0.1:3121
targets -set -nocase -filter {name =~"APU*"}
rst -system
after 3000
targets -set -filter {jtag_cable_name =~ "HelloFpga JTAG-SP2 03SD35A" && level==0 && jtag_device_ctx=="jsn-JTAG-SP2-03SD35A-23727093-0"}
fpga -file D:/Programs/Workspace/SmartZYNQ_SP2/VDMA_HDMI_COLORBAR/VDMA_HDMI_COLORBAR.sdk/VDMA_HDMI_TEST/_ide/bitstream/ZYNQ_CORE_wrapper.bit
targets -set -nocase -filter {name =~"APU*"}
loadhw -hw D:/Programs/Workspace/SmartZYNQ_SP2/VDMA_HDMI_COLORBAR/VDMA_HDMI_COLORBAR.sdk/ZYNQ_CORE_wrapper/export/ZYNQ_CORE_wrapper/hw/ZYNQ_CORE_wrapper.xsa -mem-ranges [list {0x40000000 0xbfffffff}] -regs
configparams force-mem-access 1
targets -set -nocase -filter {name =~"APU*"}
source D:/Programs/Workspace/SmartZYNQ_SP2/VDMA_HDMI_COLORBAR/VDMA_HDMI_COLORBAR.sdk/VDMA_HDMI_TEST/_ide/psinit/ps7_init.tcl
ps7_init
ps7_post_config
targets -set -nocase -filter {name =~ "*A9*#0"}
dow D:/Programs/Workspace/SmartZYNQ_SP2/VDMA_HDMI_COLORBAR/VDMA_HDMI_COLORBAR.sdk/VDMA_HDMI_TEST/Debug/VDMA_HDMI_TEST.elf
configparams force-mem-access 0
----------------End of Script----------------

17:09:27 INFO  : Context for processor 'ps7_cortexa9_0' is selected.
17:09:27 INFO  : 'con' command is executed.
17:09:27 INFO  : ----------------XSDB Script (After Launch)----------------
targets -set -nocase -filter {name =~ "*A9*#0"}
con
----------------End of Script----------------

17:09:27 INFO  : Launch script is exported to file 'D:\Programs\Workspace\SmartZYNQ_SP2\VDMA_HDMI_COLORBAR\VDMA_HDMI_COLORBAR.sdk\VDMA_HDMI_TEST_system\_ide\scripts\debugger_vdma_hdmi_test-default.tcl'
17:13:44 INFO  : Checking for BSP changes to sync application flags for project 'VDMA_HDMI_TEST'...
17:13:57 INFO  : Checking for BSP changes to sync application flags for project 'VDMA_HDMI_TEST'...
17:14:13 INFO  : Disconnected from the channel tcfchan#3.
17:14:14 INFO  : Connected to target on host '127.0.0.1' and port '3121'.
17:14:14 INFO  : Jtag cable 'HelloFpga JTAG-SP2 03SD35A' is selected.
17:14:14 INFO  : 'jtag frequency' command is executed.
17:14:15 INFO  : Context for 'APU' is selected.
17:14:15 INFO  : System reset is completed.
17:14:18 INFO  : 'after 3000' command is executed.
17:14:18 INFO  : 'targets -set -filter {jtag_cable_name =~ "HelloFpga JTAG-SP2 03SD35A" && level==0 && jtag_device_ctx=="jsn-JTAG-SP2-03SD35A-23727093-0"}' command is executed.
17:14:20 INFO  : Device configured successfully with "D:/Programs/Workspace/SmartZYNQ_SP2/VDMA_HDMI_COLORBAR/VDMA_HDMI_COLORBAR.sdk/VDMA_HDMI_TEST/_ide/bitstream/ZYNQ_CORE_wrapper.bit"
17:14:20 INFO  : Context for 'APU' is selected.
17:14:20 INFO  : Hardware design and registers information is loaded from 'D:/Programs/Workspace/SmartZYNQ_SP2/VDMA_HDMI_COLORBAR/VDMA_HDMI_COLORBAR.sdk/ZYNQ_CORE_wrapper/export/ZYNQ_CORE_wrapper/hw/ZYNQ_CORE_wrapper.xsa'.
17:14:20 INFO  : 'configparams force-mem-access 1' command is executed.
17:14:20 INFO  : Context for 'APU' is selected.
17:14:20 INFO  : Sourcing of 'D:/Programs/Workspace/SmartZYNQ_SP2/VDMA_HDMI_COLORBAR/VDMA_HDMI_COLORBAR.sdk/VDMA_HDMI_TEST/_ide/psinit/ps7_init.tcl' is done.
17:14:21 INFO  : 'ps7_init' command is executed.
17:14:21 INFO  : 'ps7_post_config' command is executed.
17:14:21 INFO  : Context for processor 'ps7_cortexa9_0' is selected.
17:14:21 INFO  : The application 'D:/Programs/Workspace/SmartZYNQ_SP2/VDMA_HDMI_COLORBAR/VDMA_HDMI_COLORBAR.sdk/VDMA_HDMI_TEST/Debug/VDMA_HDMI_TEST.elf' is downloaded to processor 'ps7_cortexa9_0'.
17:14:21 INFO  : 'configparams force-mem-access 0' command is executed.
17:14:21 INFO  : ----------------XSDB Script----------------
connect -url tcp:127.0.0.1:3121
targets -set -nocase -filter {name =~"APU*"}
rst -system
after 3000
targets -set -filter {jtag_cable_name =~ "HelloFpga JTAG-SP2 03SD35A" && level==0 && jtag_device_ctx=="jsn-JTAG-SP2-03SD35A-23727093-0"}
fpga -file D:/Programs/Workspace/SmartZYNQ_SP2/VDMA_HDMI_COLORBAR/VDMA_HDMI_COLORBAR.sdk/VDMA_HDMI_TEST/_ide/bitstream/ZYNQ_CORE_wrapper.bit
targets -set -nocase -filter {name =~"APU*"}
loadhw -hw D:/Programs/Workspace/SmartZYNQ_SP2/VDMA_HDMI_COLORBAR/VDMA_HDMI_COLORBAR.sdk/ZYNQ_CORE_wrapper/export/ZYNQ_CORE_wrapper/hw/ZYNQ_CORE_wrapper.xsa -mem-ranges [list {0x40000000 0xbfffffff}] -regs
configparams force-mem-access 1
targets -set -nocase -filter {name =~"APU*"}
source D:/Programs/Workspace/SmartZYNQ_SP2/VDMA_HDMI_COLORBAR/VDMA_HDMI_COLORBAR.sdk/VDMA_HDMI_TEST/_ide/psinit/ps7_init.tcl
ps7_init
ps7_post_config
targets -set -nocase -filter {name =~ "*A9*#0"}
dow D:/Programs/Workspace/SmartZYNQ_SP2/VDMA_HDMI_COLORBAR/VDMA_HDMI_COLORBAR.sdk/VDMA_HDMI_TEST/Debug/VDMA_HDMI_TEST.elf
configparams force-mem-access 0
----------------End of Script----------------

17:14:21 INFO  : Context for processor 'ps7_cortexa9_0' is selected.
17:14:21 INFO  : 'con' command is executed.
17:14:21 INFO  : ----------------XSDB Script (After Launch)----------------
targets -set -nocase -filter {name =~ "*A9*#0"}
con
----------------End of Script----------------

17:14:21 INFO  : Launch script is exported to file 'D:\Programs\Workspace\SmartZYNQ_SP2\VDMA_HDMI_COLORBAR\VDMA_HDMI_COLORBAR.sdk\VDMA_HDMI_TEST_system\_ide\scripts\systemdebugger_vdma_hdmi_test_system_standalone.tcl'
17:18:22 INFO  : Checking for BSP changes to sync application flags for project 'VDMA_HDMI_TEST'...
17:18:35 INFO  : Disconnected from the channel tcfchan#5.
17:18:35 INFO  : Connected to target on host '127.0.0.1' and port '3121'.
17:18:35 INFO  : Jtag cable 'HelloFpga JTAG-SP2 03SD35A' is selected.
17:18:35 INFO  : 'jtag frequency' command is executed.
17:18:35 INFO  : Context for 'APU' is selected.
17:18:35 INFO  : System reset is completed.
17:18:38 INFO  : 'after 3000' command is executed.
17:18:38 INFO  : 'targets -set -filter {jtag_cable_name =~ "HelloFpga JTAG-SP2 03SD35A" && level==0 && jtag_device_ctx=="jsn-JTAG-SP2-03SD35A-23727093-0"}' command is executed.
17:18:41 INFO  : Device configured successfully with "D:/Programs/Workspace/SmartZYNQ_SP2/VDMA_HDMI_COLORBAR/VDMA_HDMI_COLORBAR.sdk/VDMA_HDMI_TEST/_ide/bitstream/ZYNQ_CORE_wrapper.bit"
17:18:41 INFO  : Context for 'APU' is selected.
17:18:41 INFO  : Hardware design and registers information is loaded from 'D:/Programs/Workspace/SmartZYNQ_SP2/VDMA_HDMI_COLORBAR/VDMA_HDMI_COLORBAR.sdk/ZYNQ_CORE_wrapper/export/ZYNQ_CORE_wrapper/hw/ZYNQ_CORE_wrapper.xsa'.
17:18:41 INFO  : 'configparams force-mem-access 1' command is executed.
17:18:41 INFO  : Context for 'APU' is selected.
17:18:41 INFO  : Sourcing of 'D:/Programs/Workspace/SmartZYNQ_SP2/VDMA_HDMI_COLORBAR/VDMA_HDMI_COLORBAR.sdk/VDMA_HDMI_TEST/_ide/psinit/ps7_init.tcl' is done.
17:18:41 INFO  : 'ps7_init' command is executed.
17:18:41 INFO  : 'ps7_post_config' command is executed.
17:18:41 INFO  : Context for processor 'ps7_cortexa9_0' is selected.
17:18:41 INFO  : The application 'D:/Programs/Workspace/SmartZYNQ_SP2/VDMA_HDMI_COLORBAR/VDMA_HDMI_COLORBAR.sdk/VDMA_HDMI_TEST/Debug/VDMA_HDMI_TEST.elf' is downloaded to processor 'ps7_cortexa9_0'.
17:18:41 INFO  : 'configparams force-mem-access 0' command is executed.
17:18:41 INFO  : ----------------XSDB Script----------------
connect -url tcp:127.0.0.1:3121
targets -set -nocase -filter {name =~"APU*"}
rst -system
after 3000
targets -set -filter {jtag_cable_name =~ "HelloFpga JTAG-SP2 03SD35A" && level==0 && jtag_device_ctx=="jsn-JTAG-SP2-03SD35A-23727093-0"}
fpga -file D:/Programs/Workspace/SmartZYNQ_SP2/VDMA_HDMI_COLORBAR/VDMA_HDMI_COLORBAR.sdk/VDMA_HDMI_TEST/_ide/bitstream/ZYNQ_CORE_wrapper.bit
targets -set -nocase -filter {name =~"APU*"}
loadhw -hw D:/Programs/Workspace/SmartZYNQ_SP2/VDMA_HDMI_COLORBAR/VDMA_HDMI_COLORBAR.sdk/ZYNQ_CORE_wrapper/export/ZYNQ_CORE_wrapper/hw/ZYNQ_CORE_wrapper.xsa -mem-ranges [list {0x40000000 0xbfffffff}] -regs
configparams force-mem-access 1
targets -set -nocase -filter {name =~"APU*"}
source D:/Programs/Workspace/SmartZYNQ_SP2/VDMA_HDMI_COLORBAR/VDMA_HDMI_COLORBAR.sdk/VDMA_HDMI_TEST/_ide/psinit/ps7_init.tcl
ps7_init
ps7_post_config
targets -set -nocase -filter {name =~ "*A9*#0"}
dow D:/Programs/Workspace/SmartZYNQ_SP2/VDMA_HDMI_COLORBAR/VDMA_HDMI_COLORBAR.sdk/VDMA_HDMI_TEST/Debug/VDMA_HDMI_TEST.elf
configparams force-mem-access 0
----------------End of Script----------------

17:18:41 INFO  : Context for processor 'ps7_cortexa9_0' is selected.
17:18:41 INFO  : 'con' command is executed.
17:18:41 INFO  : ----------------XSDB Script (After Launch)----------------
targets -set -nocase -filter {name =~ "*A9*#0"}
con
----------------End of Script----------------

17:18:41 INFO  : Launch script is exported to file 'D:\Programs\Workspace\SmartZYNQ_SP2\VDMA_HDMI_COLORBAR\VDMA_HDMI_COLORBAR.sdk\VDMA_HDMI_TEST_system\_ide\scripts\systemdebugger_vdma_hdmi_test_system_standalone.tcl'
17:21:38 INFO  : Checking for BSP changes to sync application flags for project 'VDMA_HDMI_TEST'...
17:21:49 INFO  : Disconnected from the channel tcfchan#7.
17:21:49 INFO  : Connected to target on host '127.0.0.1' and port '3121'.
17:21:50 INFO  : Jtag cable 'HelloFpga JTAG-SP2 03SD35A' is selected.
17:21:50 INFO  : 'jtag frequency' command is executed.
17:21:50 INFO  : Context for 'APU' is selected.
17:21:50 INFO  : System reset is completed.
17:21:53 INFO  : 'after 3000' command is executed.
17:21:53 INFO  : 'targets -set -filter {jtag_cable_name =~ "HelloFpga JTAG-SP2 03SD35A" && level==0 && jtag_device_ctx=="jsn-JTAG-SP2-03SD35A-23727093-0"}' command is executed.
17:21:55 INFO  : Device configured successfully with "D:/Programs/Workspace/SmartZYNQ_SP2/VDMA_HDMI_COLORBAR/VDMA_HDMI_COLORBAR.sdk/VDMA_HDMI_TEST/_ide/bitstream/ZYNQ_CORE_wrapper.bit"
17:21:55 INFO  : Context for 'APU' is selected.
17:21:55 INFO  : Hardware design and registers information is loaded from 'D:/Programs/Workspace/SmartZYNQ_SP2/VDMA_HDMI_COLORBAR/VDMA_HDMI_COLORBAR.sdk/ZYNQ_CORE_wrapper/export/ZYNQ_CORE_wrapper/hw/ZYNQ_CORE_wrapper.xsa'.
17:21:55 INFO  : 'configparams force-mem-access 1' command is executed.
17:21:55 INFO  : Context for 'APU' is selected.
17:21:55 INFO  : Sourcing of 'D:/Programs/Workspace/SmartZYNQ_SP2/VDMA_HDMI_COLORBAR/VDMA_HDMI_COLORBAR.sdk/VDMA_HDMI_TEST/_ide/psinit/ps7_init.tcl' is done.
17:21:56 INFO  : 'ps7_init' command is executed.
17:21:56 INFO  : 'ps7_post_config' command is executed.
17:21:56 INFO  : Context for processor 'ps7_cortexa9_0' is selected.
17:21:56 INFO  : The application 'D:/Programs/Workspace/SmartZYNQ_SP2/VDMA_HDMI_COLORBAR/VDMA_HDMI_COLORBAR.sdk/VDMA_HDMI_TEST/Debug/VDMA_HDMI_TEST.elf' is downloaded to processor 'ps7_cortexa9_0'.
17:21:56 INFO  : 'configparams force-mem-access 0' command is executed.
17:21:56 INFO  : ----------------XSDB Script----------------
connect -url tcp:127.0.0.1:3121
targets -set -nocase -filter {name =~"APU*"}
rst -system
after 3000
targets -set -filter {jtag_cable_name =~ "HelloFpga JTAG-SP2 03SD35A" && level==0 && jtag_device_ctx=="jsn-JTAG-SP2-03SD35A-23727093-0"}
fpga -file D:/Programs/Workspace/SmartZYNQ_SP2/VDMA_HDMI_COLORBAR/VDMA_HDMI_COLORBAR.sdk/VDMA_HDMI_TEST/_ide/bitstream/ZYNQ_CORE_wrapper.bit
targets -set -nocase -filter {name =~"APU*"}
loadhw -hw D:/Programs/Workspace/SmartZYNQ_SP2/VDMA_HDMI_COLORBAR/VDMA_HDMI_COLORBAR.sdk/ZYNQ_CORE_wrapper/export/ZYNQ_CORE_wrapper/hw/ZYNQ_CORE_wrapper.xsa -mem-ranges [list {0x40000000 0xbfffffff}] -regs
configparams force-mem-access 1
targets -set -nocase -filter {name =~"APU*"}
source D:/Programs/Workspace/SmartZYNQ_SP2/VDMA_HDMI_COLORBAR/VDMA_HDMI_COLORBAR.sdk/VDMA_HDMI_TEST/_ide/psinit/ps7_init.tcl
ps7_init
ps7_post_config
targets -set -nocase -filter {name =~ "*A9*#0"}
dow D:/Programs/Workspace/SmartZYNQ_SP2/VDMA_HDMI_COLORBAR/VDMA_HDMI_COLORBAR.sdk/VDMA_HDMI_TEST/Debug/VDMA_HDMI_TEST.elf
configparams force-mem-access 0
----------------End of Script----------------

17:21:56 INFO  : Context for processor 'ps7_cortexa9_0' is selected.
17:21:56 INFO  : 'con' command is executed.
17:21:56 INFO  : ----------------XSDB Script (After Launch)----------------
targets -set -nocase -filter {name =~ "*A9*#0"}
con
----------------End of Script----------------

17:21:56 INFO  : Launch script is exported to file 'D:\Programs\Workspace\SmartZYNQ_SP2\VDMA_HDMI_COLORBAR\VDMA_HDMI_COLORBAR.sdk\VDMA_HDMI_TEST_system\_ide\scripts\systemdebugger_vdma_hdmi_test_system_standalone.tcl'
17:22:10 INFO  : Disconnected from the channel tcfchan#9.
17:22:10 INFO  : Connected to target on host '127.0.0.1' and port '3121'.
17:22:10 INFO  : Jtag cable 'HelloFpga JTAG-SP2 03SD35A' is selected.
17:22:10 INFO  : 'jtag frequency' command is executed.
17:22:10 INFO  : Context for 'APU' is selected.
17:22:10 INFO  : System reset is completed.
17:22:13 INFO  : 'after 3000' command is executed.
17:22:13 INFO  : 'targets -set -filter {jtag_cable_name =~ "HelloFpga JTAG-SP2 03SD35A" && level==0 && jtag_device_ctx=="jsn-JTAG-SP2-03SD35A-23727093-0"}' command is executed.
17:22:16 INFO  : Device configured successfully with "D:/Programs/Workspace/SmartZYNQ_SP2/VDMA_HDMI_COLORBAR/VDMA_HDMI_COLORBAR.sdk/VDMA_HDMI_TEST/_ide/bitstream/ZYNQ_CORE_wrapper.bit"
17:22:16 INFO  : Context for 'APU' is selected.
17:22:16 INFO  : Hardware design and registers information is loaded from 'D:/Programs/Workspace/SmartZYNQ_SP2/VDMA_HDMI_COLORBAR/VDMA_HDMI_COLORBAR.sdk/ZYNQ_CORE_wrapper/export/ZYNQ_CORE_wrapper/hw/ZYNQ_CORE_wrapper.xsa'.
17:22:16 INFO  : 'configparams force-mem-access 1' command is executed.
17:22:16 INFO  : Context for 'APU' is selected.
17:22:16 INFO  : Sourcing of 'D:/Programs/Workspace/SmartZYNQ_SP2/VDMA_HDMI_COLORBAR/VDMA_HDMI_COLORBAR.sdk/VDMA_HDMI_TEST/_ide/psinit/ps7_init.tcl' is done.
17:22:16 INFO  : 'ps7_init' command is executed.
17:22:16 INFO  : 'ps7_post_config' command is executed.
17:22:16 INFO  : Context for processor 'ps7_cortexa9_0' is selected.
17:22:16 INFO  : The application 'D:/Programs/Workspace/SmartZYNQ_SP2/VDMA_HDMI_COLORBAR/VDMA_HDMI_COLORBAR.sdk/VDMA_HDMI_TEST/Debug/VDMA_HDMI_TEST.elf' is downloaded to processor 'ps7_cortexa9_0'.
17:22:16 INFO  : 'configparams force-mem-access 0' command is executed.
17:22:16 INFO  : ----------------XSDB Script----------------
connect -url tcp:127.0.0.1:3121
targets -set -nocase -filter {name =~"APU*"}
rst -system
after 3000
targets -set -filter {jtag_cable_name =~ "HelloFpga JTAG-SP2 03SD35A" && level==0 && jtag_device_ctx=="jsn-JTAG-SP2-03SD35A-23727093-0"}
fpga -file D:/Programs/Workspace/SmartZYNQ_SP2/VDMA_HDMI_COLORBAR/VDMA_HDMI_COLORBAR.sdk/VDMA_HDMI_TEST/_ide/bitstream/ZYNQ_CORE_wrapper.bit
targets -set -nocase -filter {name =~"APU*"}
loadhw -hw D:/Programs/Workspace/SmartZYNQ_SP2/VDMA_HDMI_COLORBAR/VDMA_HDMI_COLORBAR.sdk/ZYNQ_CORE_wrapper/export/ZYNQ_CORE_wrapper/hw/ZYNQ_CORE_wrapper.xsa -mem-ranges [list {0x40000000 0xbfffffff}] -regs
configparams force-mem-access 1
targets -set -nocase -filter {name =~"APU*"}
source D:/Programs/Workspace/SmartZYNQ_SP2/VDMA_HDMI_COLORBAR/VDMA_HDMI_COLORBAR.sdk/VDMA_HDMI_TEST/_ide/psinit/ps7_init.tcl
ps7_init
ps7_post_config
targets -set -nocase -filter {name =~ "*A9*#0"}
dow D:/Programs/Workspace/SmartZYNQ_SP2/VDMA_HDMI_COLORBAR/VDMA_HDMI_COLORBAR.sdk/VDMA_HDMI_TEST/Debug/VDMA_HDMI_TEST.elf
configparams force-mem-access 0
----------------End of Script----------------

17:22:16 INFO  : Context for processor 'ps7_cortexa9_0' is selected.
17:22:16 INFO  : 'con' command is executed.
17:22:16 INFO  : ----------------XSDB Script (After Launch)----------------
targets -set -nocase -filter {name =~ "*A9*#0"}
con
----------------End of Script----------------

17:22:16 INFO  : Launch script is exported to file 'D:\Programs\Workspace\SmartZYNQ_SP2\VDMA_HDMI_COLORBAR\VDMA_HDMI_COLORBAR.sdk\VDMA_HDMI_TEST_system\_ide\scripts\systemdebugger_vdma_hdmi_test_system_standalone.tcl'
17:22:57 INFO  : Checking for BSP changes to sync application flags for project 'VDMA_HDMI_TEST'...
17:23:16 INFO  : Disconnected from the channel tcfchan#10.
17:23:17 INFO  : Connected to target on host '127.0.0.1' and port '3121'.
17:23:17 INFO  : Jtag cable 'HelloFpga JTAG-SP2 03SD35A' is selected.
17:23:17 INFO  : 'jtag frequency' command is executed.
17:23:19 INFO  : Context for 'APU' is selected.
17:23:19 INFO  : System reset is completed.
17:23:22 INFO  : 'after 3000' command is executed.
17:23:22 INFO  : 'targets -set -filter {jtag_cable_name =~ "HelloFpga JTAG-SP2 03SD35A" && level==0 && jtag_device_ctx=="jsn-JTAG-SP2-03SD35A-23727093-0"}' command is executed.
17:23:25 INFO  : Device configured successfully with "D:/Programs/Workspace/SmartZYNQ_SP2/VDMA_HDMI_COLORBAR/VDMA_HDMI_COLORBAR.sdk/VDMA_HDMI_TEST/_ide/bitstream/ZYNQ_CORE_wrapper.bit"
17:23:25 INFO  : Context for 'APU' is selected.
17:23:25 INFO  : Hardware design and registers information is loaded from 'D:/Programs/Workspace/SmartZYNQ_SP2/VDMA_HDMI_COLORBAR/VDMA_HDMI_COLORBAR.sdk/ZYNQ_CORE_wrapper/export/ZYNQ_CORE_wrapper/hw/ZYNQ_CORE_wrapper.xsa'.
17:23:25 INFO  : 'configparams force-mem-access 1' command is executed.
17:23:25 INFO  : Context for 'APU' is selected.
17:23:25 INFO  : Sourcing of 'D:/Programs/Workspace/SmartZYNQ_SP2/VDMA_HDMI_COLORBAR/VDMA_HDMI_COLORBAR.sdk/VDMA_HDMI_TEST/_ide/psinit/ps7_init.tcl' is done.
17:23:25 INFO  : 'ps7_init' command is executed.
17:23:25 INFO  : 'ps7_post_config' command is executed.
17:23:25 INFO  : Context for processor 'ps7_cortexa9_0' is selected.
17:23:25 INFO  : The application 'D:/Programs/Workspace/SmartZYNQ_SP2/VDMA_HDMI_COLORBAR/VDMA_HDMI_COLORBAR.sdk/VDMA_HDMI_TEST/Debug/VDMA_HDMI_TEST.elf' is downloaded to processor 'ps7_cortexa9_0'.
17:23:25 INFO  : 'configparams force-mem-access 0' command is executed.
17:23:25 INFO  : ----------------XSDB Script----------------
connect -url tcp:127.0.0.1:3121
targets -set -nocase -filter {name =~"APU*"}
rst -system
after 3000
targets -set -filter {jtag_cable_name =~ "HelloFpga JTAG-SP2 03SD35A" && level==0 && jtag_device_ctx=="jsn-JTAG-SP2-03SD35A-23727093-0"}
fpga -file D:/Programs/Workspace/SmartZYNQ_SP2/VDMA_HDMI_COLORBAR/VDMA_HDMI_COLORBAR.sdk/VDMA_HDMI_TEST/_ide/bitstream/ZYNQ_CORE_wrapper.bit
targets -set -nocase -filter {name =~"APU*"}
loadhw -hw D:/Programs/Workspace/SmartZYNQ_SP2/VDMA_HDMI_COLORBAR/VDMA_HDMI_COLORBAR.sdk/ZYNQ_CORE_wrapper/export/ZYNQ_CORE_wrapper/hw/ZYNQ_CORE_wrapper.xsa -mem-ranges [list {0x40000000 0xbfffffff}] -regs
configparams force-mem-access 1
targets -set -nocase -filter {name =~"APU*"}
source D:/Programs/Workspace/SmartZYNQ_SP2/VDMA_HDMI_COLORBAR/VDMA_HDMI_COLORBAR.sdk/VDMA_HDMI_TEST/_ide/psinit/ps7_init.tcl
ps7_init
ps7_post_config
targets -set -nocase -filter {name =~ "*A9*#0"}
dow D:/Programs/Workspace/SmartZYNQ_SP2/VDMA_HDMI_COLORBAR/VDMA_HDMI_COLORBAR.sdk/VDMA_HDMI_TEST/Debug/VDMA_HDMI_TEST.elf
configparams force-mem-access 0
----------------End of Script----------------

17:23:25 INFO  : Context for processor 'ps7_cortexa9_0' is selected.
17:23:25 INFO  : 'con' command is executed.
17:23:25 INFO  : ----------------XSDB Script (After Launch)----------------
targets -set -nocase -filter {name =~ "*A9*#0"}
con
----------------End of Script----------------

17:23:25 INFO  : Launch script is exported to file 'D:\Programs\Workspace\SmartZYNQ_SP2\VDMA_HDMI_COLORBAR\VDMA_HDMI_COLORBAR.sdk\VDMA_HDMI_TEST_system\_ide\scripts\debugger_vdma_hdmi_test-default.tcl'
17:25:24 INFO  : Checking for BSP changes to sync application flags for project 'VDMA_HDMI_TEST'...
17:25:30 INFO  : Disconnected from the channel tcfchan#12.
17:25:31 INFO  : Connected to target on host '127.0.0.1' and port '3121'.
17:25:31 INFO  : Jtag cable 'HelloFpga JTAG-SP2 03SD35A' is selected.
17:25:31 ERROR : port closed
17:25:31 INFO  : ----------------XSDB Script----------------
connect -url tcp:127.0.0.1:3121
----------------End of Script----------------

17:25:31 ERROR : port closed
17:25:49 INFO  : Connected to target on host '127.0.0.1' and port '3121'.
17:25:49 INFO  : Jtag cable 'HelloFpga JTAG-SP2 03SD35A' is selected.
17:25:49 INFO  : 'jtag frequency' command is executed.
17:25:49 INFO  : Context for 'APU' is selected.
17:25:49 INFO  : System reset is completed.
17:25:52 INFO  : 'after 3000' command is executed.
17:25:52 INFO  : 'targets -set -filter {jtag_cable_name =~ "HelloFpga JTAG-SP2 03SD35A" && level==0 && jtag_device_ctx=="jsn-JTAG-SP2-03SD35A-23727093-0"}' command is executed.
17:25:55 INFO  : Device configured successfully with "D:/Programs/Workspace/SmartZYNQ_SP2/VDMA_HDMI_COLORBAR/VDMA_HDMI_COLORBAR.sdk/VDMA_HDMI_TEST/_ide/bitstream/ZYNQ_CORE_wrapper.bit"
17:25:55 INFO  : Context for 'APU' is selected.
17:25:55 INFO  : Hardware design and registers information is loaded from 'D:/Programs/Workspace/SmartZYNQ_SP2/VDMA_HDMI_COLORBAR/VDMA_HDMI_COLORBAR.sdk/ZYNQ_CORE_wrapper/export/ZYNQ_CORE_wrapper/hw/ZYNQ_CORE_wrapper.xsa'.
17:25:55 INFO  : 'configparams force-mem-access 1' command is executed.
17:25:55 INFO  : Context for 'APU' is selected.
17:25:55 INFO  : Sourcing of 'D:/Programs/Workspace/SmartZYNQ_SP2/VDMA_HDMI_COLORBAR/VDMA_HDMI_COLORBAR.sdk/VDMA_HDMI_TEST/_ide/psinit/ps7_init.tcl' is done.
17:25:55 INFO  : 'ps7_init' command is executed.
17:25:55 INFO  : 'ps7_post_config' command is executed.
17:25:55 INFO  : Context for processor 'ps7_cortexa9_0' is selected.
17:25:55 INFO  : The application 'D:/Programs/Workspace/SmartZYNQ_SP2/VDMA_HDMI_COLORBAR/VDMA_HDMI_COLORBAR.sdk/VDMA_HDMI_TEST/Debug/VDMA_HDMI_TEST.elf' is downloaded to processor 'ps7_cortexa9_0'.
17:25:55 INFO  : 'configparams force-mem-access 0' command is executed.
17:25:55 INFO  : ----------------XSDB Script----------------
connect -url tcp:127.0.0.1:3121
targets -set -nocase -filter {name =~"APU*"}
rst -system
after 3000
targets -set -filter {jtag_cable_name =~ "HelloFpga JTAG-SP2 03SD35A" && level==0 && jtag_device_ctx=="jsn-JTAG-SP2-03SD35A-23727093-0"}
fpga -file D:/Programs/Workspace/SmartZYNQ_SP2/VDMA_HDMI_COLORBAR/VDMA_HDMI_COLORBAR.sdk/VDMA_HDMI_TEST/_ide/bitstream/ZYNQ_CORE_wrapper.bit
targets -set -nocase -filter {name =~"APU*"}
loadhw -hw D:/Programs/Workspace/SmartZYNQ_SP2/VDMA_HDMI_COLORBAR/VDMA_HDMI_COLORBAR.sdk/ZYNQ_CORE_wrapper/export/ZYNQ_CORE_wrapper/hw/ZYNQ_CORE_wrapper.xsa -mem-ranges [list {0x40000000 0xbfffffff}] -regs
configparams force-mem-access 1
targets -set -nocase -filter {name =~"APU*"}
source D:/Programs/Workspace/SmartZYNQ_SP2/VDMA_HDMI_COLORBAR/VDMA_HDMI_COLORBAR.sdk/VDMA_HDMI_TEST/_ide/psinit/ps7_init.tcl
ps7_init
ps7_post_config
targets -set -nocase -filter {name =~ "*A9*#0"}
dow D:/Programs/Workspace/SmartZYNQ_SP2/VDMA_HDMI_COLORBAR/VDMA_HDMI_COLORBAR.sdk/VDMA_HDMI_TEST/Debug/VDMA_HDMI_TEST.elf
configparams force-mem-access 0
----------------End of Script----------------

17:25:55 INFO  : Context for processor 'ps7_cortexa9_0' is selected.
17:25:55 INFO  : 'con' command is executed.
17:25:55 INFO  : ----------------XSDB Script (After Launch)----------------
targets -set -nocase -filter {name =~ "*A9*#0"}
con
----------------End of Script----------------

17:25:55 INFO  : Launch script is exported to file 'D:\Programs\Workspace\SmartZYNQ_SP2\VDMA_HDMI_COLORBAR\VDMA_HDMI_COLORBAR.sdk\VDMA_HDMI_TEST_system\_ide\scripts\debugger_vdma_hdmi_test-default.tcl'
17:26:10 INFO  : Disconnected from the channel tcfchan#13.
