21:49:42 DEBUG : Logs will be stored at 'D:/Programs/Workspace/SmartZYNQ_SP2/PS_PL_REG/PS_PL_REG.sdk/IDE.log'.
21:49:46 INFO  : Launching XSCT server: xsct.bat -n  -interactive D:\Programs\Workspace\SmartZYNQ_SP2\PS_PL_REG\PS_PL_REG.sdk\temp_xsdb_launch_script.tcl
21:49:46 INFO  : Registering command handlers for Vitis TCF services
21:49:47 INFO  : Platform repository initialization has completed.
21:49:48 INFO  : XSCT server has started successfully.
21:49:49 INFO  : Successfully done setting XSCT server connection channel  
21:49:49 INFO  : plnx-install-location is set to ''
21:49:49 INFO  : Successfully done query RDI_DATADIR 
21:49:49 INFO  : Successfully done setting workspace for the tool. 
21:50:25 INFO  : Result from executing command 'getProjects': ZYNQ_CORE_wrapper
21:50:25 INFO  : Result from executing command 'getPlatforms': xilinx_vck190_base_202310_1|D:/Xilinx/Vitis/2023.1/base_platforms/xilinx_vck190_base_202310_1/xilinx_vck190_base_202310_1.xpfm;xilinx_vck190_base_dfx_202310_1|D:/Xilinx/Vitis/2023.1/base_platforms/xilinx_vck190_base_dfx_202310_1/xilinx_vck190_base_dfx_202310_1.xpfm;xilinx_vek280_es1_base_202310_1|D:/Xilinx/Vitis/2023.1/base_platforms/xilinx_vek280_es1_base_202310_1/xilinx_vek280_es1_base_202310_1.xpfm;xilinx_vmk180_base_202310_1|D:/Xilinx/Vitis/2023.1/base_platforms/xilinx_vmk180_base_202310_1/xilinx_vmk180_base_202310_1.xpfm;xilinx_zcu102_base_202310_1|D:/Xilinx/Vitis/2023.1/base_platforms/xilinx_zcu102_base_202310_1/xilinx_zcu102_base_202310_1.xpfm;xilinx_zcu102_base_dfx_202310_1|D:/Xilinx/Vitis/2023.1/base_platforms/xilinx_zcu102_base_dfx_202310_1/xilinx_zcu102_base_dfx_202310_1.xpfm;xilinx_zcu104_base_202310_1|D:/Xilinx/Vitis/2023.1/base_platforms/xilinx_zcu104_base_202310_1/xilinx_zcu104_base_202310_1.xpfm
21:50:26 WARN  : An unexpected exception occurred in the module 'platform project logging'
21:50:27 INFO  : Platform 'ZYNQ_CORE_wrapper' is added to custom repositories.
21:50:32 INFO  : Platform 'ZYNQ_CORE_wrapper' is added to custom repositories.
21:51:29 INFO  : Checking for BSP changes to sync application flags for project 'PS_PL_REG'...
21:51:29 INFO  : Result from executing command 'getProjects': PS_PL_REG;PS_PL_REG_system;RemoteSystemsTempFiles;ZYNQ_CORE_wrapper
21:51:29 WARN  : Failed to closehw "D:/Programs/Workspace/SmartZYNQ_SP2/PS_PL_REG/PS_PL_REG.sdk/ZYNQ_CORE_wrapper/export/ZYNQ_CORE_wrapper/hw/ZYNQ_CORE_wrapper.xsa"
Reason: D:/Programs/Workspace/SmartZYNQ_SP2/PS_PL_REG/PS_PL_REG.sdk/ZYNQ_CORE_wrapper/export/ZYNQ_CORE_wrapper/hw/ZYNQ_CORE_wrapper.xsa is not available in the current workspace
use 'getprojects' command to see list of available projects in current workspace
21:51:29 INFO  : Result from executing command 'getProjects': PS_PL_REG;PS_PL_REG_system;RemoteSystemsTempFiles;ZYNQ_CORE_wrapper
21:51:29 ERROR : Failed to openhw "D:/Programs/Workspace/SmartZYNQ_SP2/PS_PL_REG/PS_PL_REG.sdk/ZYNQ_CORE_wrapper/export/ZYNQ_CORE_wrapper/hw/ZYNQ_CORE_wrapper.xsa"
Reason: D:/Programs/Workspace/SmartZYNQ_SP2/PS_PL_REG/PS_PL_REG.sdk/ZYNQ_CORE_wrapper/export/ZYNQ_CORE_wrapper/hw/ZYNQ_CORE_wrapper.xsa is not available in the current workspace
use 'getprojects' command to see list of available projects in current workspace
21:51:29 ERROR : Failed to update application flags from BSP for 'PS_PL_REG'. Reason: null
java.lang.NullPointerException: null
	at com.xilinx.sdx.sw.internal.SDxSwPlatform.<init>(SDxSwPlatform.java:305) ~[com.xilinx.sdx.sw_1.0.0.202305040745.jar:?]
	at com.xilinx.sdx.sw.internal.SDxSwPlatform.create(SDxSwPlatform.java:214) ~[com.xilinx.sdx.sw_1.0.0.202305040745.jar:?]
	at com.xilinx.sdx.sdk.core.util.SdkPlatformHelper.getSwPlatform(SdkPlatformHelper.java:64) ~[com.xilinx.sdx.sdk.core_1.0.0.202305040745.jar:?]
	at com.xilinx.sdx.sdk.core.build.SdkMakefileGenerationListener.getSwPlatform(SdkMakefileGenerationListener.java:160) ~[com.xilinx.sdx.sdk.core_1.0.0.202305040745.jar:?]
	at com.xilinx.sdx.sdk.core.build.SdkMakefileGenerationListener.syncAppFlags(SdkMakefileGenerationListener.java:78) [com.xilinx.sdx.sdk.core_1.0.0.202305040745.jar:?]
	at com.xilinx.sdx.sdk.core.build.SdkMakefileGenerationListener.preMakefileGeneration(SdkMakefileGenerationListener.java:48) [com.xilinx.sdx.sdk.core_1.0.0.202305040745.jar:?]
	at com.xilinx.sdk.managedbuilder.XilinxGnuMakefileGenerator.notifyPreMakefileGenerationListeners(XilinxGnuMakefileGenerator.java:91) [com.xilinx.sdk.managedbuilder_1.0.0.202305040745.jar:?]
	at com.xilinx.sdk.managedbuilder.XilinxGnuMakefileGenerator.regenerateMakefiles(XilinxGnuMakefileGenerator.java:75) [com.xilinx.sdk.managedbuilder_1.0.0.202305040745.jar:?]
	at org.eclipse.cdt.managedbuilder.internal.core.CommonBuilder.performMakefileGeneration(CommonBuilder.java:1006) [org.eclipse.cdt.managedbuilder.core_8.6.0.201802261533.jar:?]
	at org.eclipse.cdt.managedbuilder.internal.core.CommonBuilder.performPrebuildGeneration(CommonBuilder.java:873) [org.eclipse.cdt.managedbuilder.core_8.6.0.201802261533.jar:?]
	at org.eclipse.cdt.managedbuilder.internal.core.CommonBuilder.build(CommonBuilder.java:748) [org.eclipse.cdt.managedbuilder.core_8.6.0.201802261533.jar:?]
	at org.eclipse.cdt.managedbuilder.internal.core.CommonBuilder.build(CommonBuilder.java:513) [org.eclipse.cdt.managedbuilder.core_8.6.0.201802261533.jar:?]
	at org.eclipse.cdt.managedbuilder.internal.core.CommonBuilder.build(CommonBuilder.java:459) [org.eclipse.cdt.managedbuilder.core_8.6.0.201802261533.jar:?]
	at org.eclipse.core.internal.events.BuildManager$2.run(BuildManager.java:832) [org.eclipse.core.resources_3.13.700.v20200209-1624.jar:?]
	at org.eclipse.core.runtime.SafeRunner.run(SafeRunner.java:45) [org.eclipse.equinox.common_3.11.0.v20200206-0817.jar:?]
	at org.eclipse.core.internal.events.BuildManager.basicBuild(BuildManager.java:220) [org.eclipse.core.resources_3.13.700.v20200209-1624.jar:?]
	at org.eclipse.core.internal.events.BuildManager.basicBuild(BuildManager.java:263) [org.eclipse.core.resources_3.13.700.v20200209-1624.jar:?]
	at org.eclipse.core.internal.events.BuildManager$1.run(BuildManager.java:316) [org.eclipse.core.resources_3.13.700.v20200209-1624.jar:?]
	at org.eclipse.core.runtime.SafeRunner.run(SafeRunner.java:45) [org.eclipse.equinox.common_3.11.0.v20200206-0817.jar:?]
	at org.eclipse.core.internal.events.BuildManager.basicBuild(BuildManager.java:319) [org.eclipse.core.resources_3.13.700.v20200209-1624.jar:?]
	at org.eclipse.core.internal.events.BuildManager.basicBuildLoop(BuildManager.java:371) [org.eclipse.core.resources_3.13.700.v20200209-1624.jar:?]
	at org.eclipse.core.internal.events.BuildManager.build(BuildManager.java:392) [org.eclipse.core.resources_3.13.700.v20200209-1624.jar:?]
	at org.eclipse.core.internal.resources.Workspace.buildInternal(Workspace.java:515) [org.eclipse.core.resources_3.13.700.v20200209-1624.jar:?]
	at org.eclipse.core.internal.resources.Workspace.build(Workspace.java:412) [org.eclipse.core.resources_3.13.700.v20200209-1624.jar:?]
	at org.eclipse.ui.actions.BuildAction$1.runInWorkspace(BuildAction.java:291) [org.eclipse.ui.ide_3.17.0.v20200217-1511.jar:?]
	at org.eclipse.core.internal.resources.InternalWorkspaceJob.run(InternalWorkspaceJob.java:42) [org.eclipse.core.resources_3.13.700.v20200209-1624.jar:?]
	at org.eclipse.core.internal.jobs.Worker.run(Worker.java:63) [org.eclipse.core.jobs_3.10.700.v20200106-1020.jar:?]
21:51:30 ERROR : Failed to compute checksum of hardware specification file used by project 'PS_PL_REG'
21:51:30 INFO  : Result from executing command 'getProjects': PS_PL_REG;PS_PL_REG_system;RemoteSystemsTempFiles;ZYNQ_CORE_wrapper
21:51:30 ERROR : Failed to openhw "D:/Programs/Workspace/SmartZYNQ_SP2/PS_PL_REG/PS_PL_REG.sdk/ZYNQ_CORE_wrapper/export/ZYNQ_CORE_wrapper/hw/ZYNQ_CORE_wrapper.xsa"
Reason: D:/Programs/Workspace/SmartZYNQ_SP2/PS_PL_REG/PS_PL_REG.sdk/ZYNQ_CORE_wrapper/export/ZYNQ_CORE_wrapper/hw/ZYNQ_CORE_wrapper.xsa is not available in the current workspace
use 'getprojects' command to see list of available projects in current workspace
21:51:30 INFO  : Result from executing command 'getProjects': PS_PL_REG;PS_PL_REG_system;RemoteSystemsTempFiles;ZYNQ_CORE_wrapper
21:51:30 ERROR : Failed to openhw "D:/Programs/Workspace/SmartZYNQ_SP2/PS_PL_REG/PS_PL_REG.sdk/ZYNQ_CORE_wrapper/export/ZYNQ_CORE_wrapper/hw/ZYNQ_CORE_wrapper.xsa"
Reason: D:/Programs/Workspace/SmartZYNQ_SP2/PS_PL_REG/PS_PL_REG.sdk/ZYNQ_CORE_wrapper/export/ZYNQ_CORE_wrapper/hw/ZYNQ_CORE_wrapper.xsa is not available in the current workspace
use 'getprojects' command to see list of available projects in current workspace
21:51:30 INFO  : Result from executing command 'getProjects': PS_PL_REG;PS_PL_REG_system;RemoteSystemsTempFiles;ZYNQ_CORE_wrapper
21:51:30 ERROR : Failed to openhw "D:/Programs/Workspace/SmartZYNQ_SP2/PS_PL_REG/PS_PL_REG.sdk/ZYNQ_CORE_wrapper/export/ZYNQ_CORE_wrapper/hw/ZYNQ_CORE_wrapper.xsa"
Reason: D:/Programs/Workspace/SmartZYNQ_SP2/PS_PL_REG/PS_PL_REG.sdk/ZYNQ_CORE_wrapper/export/ZYNQ_CORE_wrapper/hw/ZYNQ_CORE_wrapper.xsa is not available in the current workspace
use 'getprojects' command to see list of available projects in current workspace
21:57:36 INFO  : Checking for BSP changes to sync application flags for project 'PS_PL_REG'...
21:57:36 INFO  : Result from executing command 'getProjects': PS_PL_REG;PS_PL_REG_system;RemoteSystemsTempFiles;ZYNQ_CORE_wrapper
21:57:36 ERROR : Failed to openhw "D:/Programs/Workspace/SmartZYNQ_SP2/PS_PL_REG/PS_PL_REG.sdk/ZYNQ_CORE_wrapper/export/ZYNQ_CORE_wrapper/hw/ZYNQ_CORE_wrapper.xsa"
Reason: D:/Programs/Workspace/SmartZYNQ_SP2/PS_PL_REG/PS_PL_REG.sdk/ZYNQ_CORE_wrapper/export/ZYNQ_CORE_wrapper/hw/ZYNQ_CORE_wrapper.xsa is not available in the current workspace
use 'getprojects' command to see list of available projects in current workspace
21:57:36 ERROR : Failed to update application flags from BSP for 'PS_PL_REG'. Reason: null
java.lang.NullPointerException: null
	at com.xilinx.sdx.sw.internal.SDxSwPlatform.<init>(SDxSwPlatform.java:305) ~[com.xilinx.sdx.sw_1.0.0.202305040745.jar:?]
	at com.xilinx.sdx.sw.internal.SDxSwPlatform.create(SDxSwPlatform.java:214) ~[com.xilinx.sdx.sw_1.0.0.202305040745.jar:?]
	at com.xilinx.sdx.sdk.core.util.SdkPlatformHelper.getSwPlatform(SdkPlatformHelper.java:64) ~[com.xilinx.sdx.sdk.core_1.0.0.202305040745.jar:?]
	at com.xilinx.sdx.sdk.core.build.SdkMakefileGenerationListener.getSwPlatform(SdkMakefileGenerationListener.java:160) ~[com.xilinx.sdx.sdk.core_1.0.0.202305040745.jar:?]
	at com.xilinx.sdx.sdk.core.build.SdkMakefileGenerationListener.syncAppFlags(SdkMakefileGenerationListener.java:78) [com.xilinx.sdx.sdk.core_1.0.0.202305040745.jar:?]
	at com.xilinx.sdx.sdk.core.build.SdkMakefileGenerationListener.preMakefileGeneration(SdkMakefileGenerationListener.java:48) [com.xilinx.sdx.sdk.core_1.0.0.202305040745.jar:?]
	at com.xilinx.sdk.managedbuilder.XilinxGnuMakefileGenerator.notifyPreMakefileGenerationListeners(XilinxGnuMakefileGenerator.java:91) [com.xilinx.sdk.managedbuilder_1.0.0.202305040745.jar:?]
	at com.xilinx.sdk.managedbuilder.XilinxGnuMakefileGenerator.generateMakefiles(XilinxGnuMakefileGenerator.java:40) [com.xilinx.sdk.managedbuilder_1.0.0.202305040745.jar:?]
	at org.eclipse.cdt.managedbuilder.internal.core.CommonBuilder.performMakefileGeneration(CommonBuilder.java:1008) [org.eclipse.cdt.managedbuilder.core_8.6.0.201802261533.jar:?]
	at org.eclipse.cdt.managedbuilder.internal.core.CommonBuilder.performPrebuildGeneration(CommonBuilder.java:873) [org.eclipse.cdt.managedbuilder.core_8.6.0.201802261533.jar:?]
	at org.eclipse.cdt.managedbuilder.internal.core.CommonBuilder.build(CommonBuilder.java:748) [org.eclipse.cdt.managedbuilder.core_8.6.0.201802261533.jar:?]
	at org.eclipse.cdt.managedbuilder.internal.core.CommonBuilder.build(CommonBuilder.java:510) [org.eclipse.cdt.managedbuilder.core_8.6.0.201802261533.jar:?]
	at org.eclipse.cdt.managedbuilder.internal.core.CommonBuilder.build(CommonBuilder.java:459) [org.eclipse.cdt.managedbuilder.core_8.6.0.201802261533.jar:?]
	at org.eclipse.core.internal.events.BuildManager$2.run(BuildManager.java:832) [org.eclipse.core.resources_3.13.700.v20200209-1624.jar:?]
	at org.eclipse.core.runtime.SafeRunner.run(SafeRunner.java:45) [org.eclipse.equinox.common_3.11.0.v20200206-0817.jar:?]
	at org.eclipse.core.internal.events.BuildManager.basicBuild(BuildManager.java:220) [org.eclipse.core.resources_3.13.700.v20200209-1624.jar:?]
	at org.eclipse.core.internal.events.BuildManager.basicBuild(BuildManager.java:263) [org.eclipse.core.resources_3.13.700.v20200209-1624.jar:?]
	at org.eclipse.core.internal.events.BuildManager$1.run(BuildManager.java:316) [org.eclipse.core.resources_3.13.700.v20200209-1624.jar:?]
	at org.eclipse.core.runtime.SafeRunner.run(SafeRunner.java:45) [org.eclipse.equinox.common_3.11.0.v20200206-0817.jar:?]
	at org.eclipse.core.internal.events.BuildManager.basicBuild(BuildManager.java:319) [org.eclipse.core.resources_3.13.700.v20200209-1624.jar:?]
	at org.eclipse.core.internal.events.BuildManager.basicBuildLoop(BuildManager.java:371) [org.eclipse.core.resources_3.13.700.v20200209-1624.jar:?]
	at org.eclipse.core.internal.events.BuildManager.build(BuildManager.java:392) [org.eclipse.core.resources_3.13.700.v20200209-1624.jar:?]
	at org.eclipse.core.internal.resources.Workspace.buildInternal(Workspace.java:515) [org.eclipse.core.resources_3.13.700.v20200209-1624.jar:?]
	at org.eclipse.core.internal.resources.Workspace.build(Workspace.java:412) [org.eclipse.core.resources_3.13.700.v20200209-1624.jar:?]
	at org.eclipse.ui.actions.BuildAction$1.runInWorkspace(BuildAction.java:291) [org.eclipse.ui.ide_3.17.0.v20200217-1511.jar:?]
	at org.eclipse.core.internal.resources.InternalWorkspaceJob.run(InternalWorkspaceJob.java:42) [org.eclipse.core.resources_3.13.700.v20200209-1624.jar:?]
	at org.eclipse.core.internal.jobs.Worker.run(Worker.java:63) [org.eclipse.core.jobs_3.10.700.v20200106-1020.jar:?]
21:57:37 ERROR : Failed to compute checksum of hardware specification file used by project 'PS_PL_REG'
21:57:38 INFO  : Result from executing command 'getProjects': PS_PL_REG;PS_PL_REG_system;RemoteSystemsTempFiles;ZYNQ_CORE_wrapper
21:57:38 ERROR : Failed to openhw "D:/Programs/Workspace/SmartZYNQ_SP2/PS_PL_REG/PS_PL_REG.sdk/ZYNQ_CORE_wrapper/export/ZYNQ_CORE_wrapper/hw/ZYNQ_CORE_wrapper.xsa"
Reason: D:/Programs/Workspace/SmartZYNQ_SP2/PS_PL_REG/PS_PL_REG.sdk/ZYNQ_CORE_wrapper/export/ZYNQ_CORE_wrapper/hw/ZYNQ_CORE_wrapper.xsa is not available in the current workspace
use 'getprojects' command to see list of available projects in current workspace
21:57:38 INFO  : Result from executing command 'getProjects': PS_PL_REG;PS_PL_REG_system;RemoteSystemsTempFiles;ZYNQ_CORE_wrapper
21:57:38 ERROR : Failed to openhw "D:/Programs/Workspace/SmartZYNQ_SP2/PS_PL_REG/PS_PL_REG.sdk/ZYNQ_CORE_wrapper/export/ZYNQ_CORE_wrapper/hw/ZYNQ_CORE_wrapper.xsa"
Reason: D:/Programs/Workspace/SmartZYNQ_SP2/PS_PL_REG/PS_PL_REG.sdk/ZYNQ_CORE_wrapper/export/ZYNQ_CORE_wrapper/hw/ZYNQ_CORE_wrapper.xsa is not available in the current workspace
use 'getprojects' command to see list of available projects in current workspace
21:57:38 INFO  : Result from executing command 'getProjects': PS_PL_REG;PS_PL_REG_system;RemoteSystemsTempFiles;ZYNQ_CORE_wrapper
21:57:38 ERROR : Failed to openhw "D:/Programs/Workspace/SmartZYNQ_SP2/PS_PL_REG/PS_PL_REG.sdk/ZYNQ_CORE_wrapper/export/ZYNQ_CORE_wrapper/hw/ZYNQ_CORE_wrapper.xsa"
Reason: D:/Programs/Workspace/SmartZYNQ_SP2/PS_PL_REG/PS_PL_REG.sdk/ZYNQ_CORE_wrapper/export/ZYNQ_CORE_wrapper/hw/ZYNQ_CORE_wrapper.xsa is not available in the current workspace
use 'getprojects' command to see list of available projects in current workspace
21:58:03 ERROR : (XSDB Server)rm: lstat¡®*.o¡¯Ê§°Ü: Invalid argument

21:58:03 ERROR : (XSDB Server)make: *** [Makefile:42: clean] Error 1

21:58:09 INFO  : No changes in MSS file content so sources will not be generated.
21:58:20 INFO  : Result from executing command 'getProjects': ZYNQ_CORE_wrapper
21:58:20 INFO  : Result from executing command 'getPlatforms': ZYNQ_CORE_wrapper|D:/Programs/Workspace/SmartZYNQ_SP2/PS_PL_REG/PS_PL_REG.sdk/ZYNQ_CORE_wrapper/export/ZYNQ_CORE_wrapper/ZYNQ_CORE_wrapper.xpfm;xilinx_vck190_base_202310_1|D:/Xilinx/Vitis/2023.1/base_platforms/xilinx_vck190_base_202310_1/xilinx_vck190_base_202310_1.xpfm;xilinx_vck190_base_dfx_202310_1|D:/Xilinx/Vitis/2023.1/base_platforms/xilinx_vck190_base_dfx_202310_1/xilinx_vck190_base_dfx_202310_1.xpfm;xilinx_vek280_es1_base_202310_1|D:/Xilinx/Vitis/2023.1/base_platforms/xilinx_vek280_es1_base_202310_1/xilinx_vek280_es1_base_202310_1.xpfm;xilinx_vmk180_base_202310_1|D:/Xilinx/Vitis/2023.1/base_platforms/xilinx_vmk180_base_202310_1/xilinx_vmk180_base_202310_1.xpfm;xilinx_zcu102_base_202310_1|D:/Xilinx/Vitis/2023.1/base_platforms/xilinx_zcu102_base_202310_1/xilinx_zcu102_base_202310_1.xpfm;xilinx_zcu102_base_dfx_202310_1|D:/Xilinx/Vitis/2023.1/base_platforms/xilinx_zcu102_base_dfx_202310_1/xilinx_zcu102_base_dfx_202310_1.xpfm;xilinx_zcu104_base_202310_1|D:/Xilinx/Vitis/2023.1/base_platforms/xilinx_zcu104_base_202310_1/xilinx_zcu104_base_202310_1.xpfm
21:59:20 INFO  : No changes in MSS file content so sources will not be generated.
21:59:24 INFO  : Checking for BSP changes to sync application flags for project 'PS_PL_REG'...
21:59:24 INFO  : Updating application flags with new BSP settings...
21:59:24 INFO  : Successfully updated application flags for project PS_PL_REG.
22:00:09 INFO  : No changes in MSS file content so sources will not be generated.
22:00:15 INFO  : No changes in MSS file content so sources will not be generated.
22:00:35 INFO  : Connected to target on host '127.0.0.1' and port '3121'.
22:00:36 INFO  : Jtag cable 'HelloFpga JTAG-SP2 03SD35A' is selected.
22:00:36 INFO  : 'jtag frequency' command is executed.
22:00:37 INFO  : Context for 'APU' is selected.
22:00:37 INFO  : System reset is completed.
22:00:40 INFO  : 'after 3000' command is executed.
22:00:40 INFO  : 'targets -set -filter {jtag_cable_name =~ "HelloFpga JTAG-SP2 03SD35A" && level==0 && jtag_device_ctx=="jsn-JTAG-SP2-03SD35A-23727093-0"}' command is executed.
22:00:43 INFO  : Device configured successfully with "D:/Programs/Workspace/SmartZYNQ_SP2/PS_PL_REG/PS_PL_REG.sdk/PS_PL_REG/_ide/bitstream/ZYNQ_CORE_wrapper.bit"
22:00:43 INFO  : Context for 'APU' is selected.
22:00:43 INFO  : Hardware design and registers information is loaded from 'D:/Programs/Workspace/SmartZYNQ_SP2/PS_PL_REG/PS_PL_REG.sdk/ZYNQ_CORE_wrapper/export/ZYNQ_CORE_wrapper/hw/ZYNQ_CORE_wrapper.xsa'.
22:00:43 INFO  : 'configparams force-mem-access 1' command is executed.
22:00:43 INFO  : Context for 'APU' is selected.
22:00:43 INFO  : Sourcing of 'D:/Programs/Workspace/SmartZYNQ_SP2/PS_PL_REG/PS_PL_REG.sdk/PS_PL_REG/_ide/psinit/ps7_init.tcl' is done.
22:00:43 INFO  : 'ps7_init' command is executed.
22:00:43 INFO  : 'ps7_post_config' command is executed.
22:00:43 INFO  : Context for processor 'ps7_cortexa9_0' is selected.
22:00:44 INFO  : The application 'D:/Programs/Workspace/SmartZYNQ_SP2/PS_PL_REG/PS_PL_REG.sdk/PS_PL_REG/Debug/PS_PL_REG.elf' is downloaded to processor 'ps7_cortexa9_0'.
22:00:44 INFO  : 'configparams force-mem-access 0' command is executed.
22:00:44 INFO  : ----------------XSDB Script----------------
connect -url tcp:127.0.0.1:3121
targets -set -nocase -filter {name =~"APU*"}
rst -system
after 3000
targets -set -filter {jtag_cable_name =~ "HelloFpga JTAG-SP2 03SD35A" && level==0 && jtag_device_ctx=="jsn-JTAG-SP2-03SD35A-23727093-0"}
fpga -file D:/Programs/Workspace/SmartZYNQ_SP2/PS_PL_REG/PS_PL_REG.sdk/PS_PL_REG/_ide/bitstream/ZYNQ_CORE_wrapper.bit
targets -set -nocase -filter {name =~"APU*"}
loadhw -hw D:/Programs/Workspace/SmartZYNQ_SP2/PS_PL_REG/PS_PL_REG.sdk/ZYNQ_CORE_wrapper/export/ZYNQ_CORE_wrapper/hw/ZYNQ_CORE_wrapper.xsa -mem-ranges [list {0x40000000 0xbfffffff}] -regs
configparams force-mem-access 1
targets -set -nocase -filter {name =~"APU*"}
source D:/Programs/Workspace/SmartZYNQ_SP2/PS_PL_REG/PS_PL_REG.sdk/PS_PL_REG/_ide/psinit/ps7_init.tcl
ps7_init
ps7_post_config
targets -set -nocase -filter {name =~ "*A9*#0"}
dow D:/Programs/Workspace/SmartZYNQ_SP2/PS_PL_REG/PS_PL_REG.sdk/PS_PL_REG/Debug/PS_PL_REG.elf
configparams force-mem-access 0
----------------End of Script----------------

22:00:44 INFO  : Context for processor 'ps7_cortexa9_0' is selected.
22:00:44 INFO  : 'con' command is executed.
22:00:44 INFO  : ----------------XSDB Script (After Launch)----------------
targets -set -nocase -filter {name =~ "*A9*#0"}
con
----------------End of Script----------------

22:00:44 INFO  : Launch script is exported to file 'D:\Programs\Workspace\SmartZYNQ_SP2\PS_PL_REG\PS_PL_REG.sdk\PS_PL_REG_system\_ide\scripts\debugger_ps_pl_reg-default.tcl'
22:05:23 INFO  : Build configuration of 'PS_PL_REG' is updated to 'Release'
22:05:23 INFO  : Checking for BSP changes to sync application flags for project 'PS_PL_REG'...
22:05:37 INFO  : Build configuration of 'PS_PL_REG' is updated to 'Debug'
22:05:37 INFO  : Checking for BSP changes to sync application flags for project 'PS_PL_REG'...
22:05:46 INFO  : Checking for BSP changes to sync application flags for project 'PS_PL_REG'...
22:05:52 INFO  : Checking for BSP changes to sync application flags for project 'PS_PL_REG'...
22:05:58 INFO  : Checking for BSP changes to sync application flags for project 'PS_PL_REG'...
22:07:52 INFO  : No changes in MSS file content so sources will not be generated.
22:08:28 INFO  : No changes in MSS file content so sources will not be generated.
22:09:02 INFO  : No changes in MSS file content so sources will not be generated.
22:09:16 INFO  : Result from executing command 'getProjects': ZYNQ_CORE_wrapper
22:09:16 INFO  : Result from executing command 'getPlatforms': ZYNQ_CORE_wrapper|D:/Programs/Workspace/SmartZYNQ_SP2/PS_PL_REG/PS_PL_REG.sdk/ZYNQ_CORE_wrapper/export/ZYNQ_CORE_wrapper/ZYNQ_CORE_wrapper.xpfm;xilinx_vck190_base_202310_1|D:/Xilinx/Vitis/2023.1/base_platforms/xilinx_vck190_base_202310_1/xilinx_vck190_base_202310_1.xpfm;xilinx_vck190_base_dfx_202310_1|D:/Xilinx/Vitis/2023.1/base_platforms/xilinx_vck190_base_dfx_202310_1/xilinx_vck190_base_dfx_202310_1.xpfm;xilinx_vek280_es1_base_202310_1|D:/Xilinx/Vitis/2023.1/base_platforms/xilinx_vek280_es1_base_202310_1/xilinx_vek280_es1_base_202310_1.xpfm;xilinx_vmk180_base_202310_1|D:/Xilinx/Vitis/2023.1/base_platforms/xilinx_vmk180_base_202310_1/xilinx_vmk180_base_202310_1.xpfm;xilinx_zcu102_base_202310_1|D:/Xilinx/Vitis/2023.1/base_platforms/xilinx_zcu102_base_202310_1/xilinx_zcu102_base_202310_1.xpfm;xilinx_zcu102_base_dfx_202310_1|D:/Xilinx/Vitis/2023.1/base_platforms/xilinx_zcu102_base_dfx_202310_1/xilinx_zcu102_base_dfx_202310_1.xpfm;xilinx_zcu104_base_202310_1|D:/Xilinx/Vitis/2023.1/base_platforms/xilinx_zcu104_base_202310_1/xilinx_zcu104_base_202310_1.xpfm
22:09:17 INFO  : Checking for BSP changes to sync application flags for project 'PS_PL_REG'...
22:09:17 INFO  : Updating application flags with new BSP settings...
22:09:17 INFO  : Successfully updated application flags for project PS_PL_REG.
22:10:23 INFO  : No changes in MSS file content so sources will not be generated.
22:12:09 INFO  : Disconnected from the channel tcfchan#6.
22:12:10 INFO  : Connected to target on host '127.0.0.1' and port '3121'.
22:12:10 INFO  : Jtag cable 'HelloFpga JTAG-SP2 03SD35A' is selected.
22:12:10 INFO  : 'jtag frequency' command is executed.
22:12:10 INFO  : Context for 'APU' is selected.
22:12:10 INFO  : System reset is completed.
22:12:13 INFO  : 'after 3000' command is executed.
22:12:13 INFO  : 'targets -set -filter {jtag_cable_name =~ "HelloFpga JTAG-SP2 03SD35A" && level==0 && jtag_device_ctx=="jsn-JTAG-SP2-03SD35A-23727093-0"}' command is executed.
22:12:15 INFO  : Device configured successfully with "D:/Programs/Workspace/SmartZYNQ_SP2/PS_PL_REG/PS_PL_REG.sdk/PS_PL_REG/_ide/bitstream/ZYNQ_CORE_wrapper.bit"
22:12:15 INFO  : Context for 'APU' is selected.
22:12:15 INFO  : Hardware design and registers information is loaded from 'D:/Programs/Workspace/SmartZYNQ_SP2/PS_PL_REG/PS_PL_REG.sdk/ZYNQ_CORE_wrapper/export/ZYNQ_CORE_wrapper/hw/ZYNQ_CORE_wrapper.xsa'.
22:12:15 INFO  : 'configparams force-mem-access 1' command is executed.
22:12:15 INFO  : Context for 'APU' is selected.
22:12:15 INFO  : Sourcing of 'D:/Programs/Workspace/SmartZYNQ_SP2/PS_PL_REG/PS_PL_REG.sdk/PS_PL_REG/_ide/psinit/ps7_init.tcl' is done.
22:12:16 INFO  : 'ps7_init' command is executed.
22:12:16 INFO  : 'ps7_post_config' command is executed.
22:12:16 INFO  : Context for processor 'ps7_cortexa9_0' is selected.
22:12:16 INFO  : The application 'D:/Programs/Workspace/SmartZYNQ_SP2/PS_PL_REG/PS_PL_REG.sdk/PS_PL_REG/Debug/PS_PL_REG.elf' is downloaded to processor 'ps7_cortexa9_0'.
22:12:16 INFO  : 'configparams force-mem-access 0' command is executed.
22:12:16 INFO  : ----------------XSDB Script----------------
connect -url tcp:127.0.0.1:3121
targets -set -nocase -filter {name =~"APU*"}
rst -system
after 3000
targets -set -filter {jtag_cable_name =~ "HelloFpga JTAG-SP2 03SD35A" && level==0 && jtag_device_ctx=="jsn-JTAG-SP2-03SD35A-23727093-0"}
fpga -file D:/Programs/Workspace/SmartZYNQ_SP2/PS_PL_REG/PS_PL_REG.sdk/PS_PL_REG/_ide/bitstream/ZYNQ_CORE_wrapper.bit
targets -set -nocase -filter {name =~"APU*"}
loadhw -hw D:/Programs/Workspace/SmartZYNQ_SP2/PS_PL_REG/PS_PL_REG.sdk/ZYNQ_CORE_wrapper/export/ZYNQ_CORE_wrapper/hw/ZYNQ_CORE_wrapper.xsa -mem-ranges [list {0x40000000 0xbfffffff}] -regs
configparams force-mem-access 1
targets -set -nocase -filter {name =~"APU*"}
source D:/Programs/Workspace/SmartZYNQ_SP2/PS_PL_REG/PS_PL_REG.sdk/PS_PL_REG/_ide/psinit/ps7_init.tcl
ps7_init
ps7_post_config
targets -set -nocase -filter {name =~ "*A9*#0"}
dow D:/Programs/Workspace/SmartZYNQ_SP2/PS_PL_REG/PS_PL_REG.sdk/PS_PL_REG/Debug/PS_PL_REG.elf
configparams force-mem-access 0
----------------End of Script----------------

22:12:16 INFO  : Context for processor 'ps7_cortexa9_0' is selected.
22:12:16 INFO  : 'con' command is executed.
22:12:16 INFO  : ----------------XSDB Script (After Launch)----------------
targets -set -nocase -filter {name =~ "*A9*#0"}
con
----------------End of Script----------------

22:12:16 INFO  : Launch script is exported to file 'D:\Programs\Workspace\SmartZYNQ_SP2\PS_PL_REG\PS_PL_REG.sdk\PS_PL_REG_system\_ide\scripts\systemdebugger_ps_pl_reg_system_standalone.tcl'
22:12:27 INFO  : Disconnected from the channel tcfchan#11.
22:12:28 INFO  : Connected to target on host '127.0.0.1' and port '3121'.
22:12:28 INFO  : Jtag cable 'HelloFpga JTAG-SP2 03SD35A' is selected.
22:12:28 ERROR : port closed
22:12:28 INFO  : ----------------XSDB Script----------------
connect -url tcp:127.0.0.1:3121
----------------End of Script----------------

22:12:28 ERROR : port closed
22:12:38 INFO  : Checking for BSP changes to sync application flags for project 'PS_PL_REG'...
22:12:56 INFO  : Connected to target on host '127.0.0.1' and port '3121'.
22:12:56 INFO  : Jtag cable 'HelloFpga JTAG-SP2 03SD35A' is selected.
22:12:56 INFO  : 'jtag frequency' command is executed.
22:12:56 INFO  : Context for 'APU' is selected.
22:12:56 INFO  : System reset is completed.
22:12:59 INFO  : 'after 3000' command is executed.
22:13:00 INFO  : 'targets -set -filter {jtag_cable_name =~ "HelloFpga JTAG-SP2 03SD35A" && level==0 && jtag_device_ctx=="jsn-JTAG-SP2-03SD35A-23727093-0"}' command is executed.
22:13:02 INFO  : Device configured successfully with "D:/Programs/Workspace/SmartZYNQ_SP2/PS_PL_REG/PS_PL_REG.sdk/PS_PL_REG/_ide/bitstream/ZYNQ_CORE_wrapper.bit"
22:13:02 INFO  : Context for 'APU' is selected.
22:13:02 INFO  : Hardware design and registers information is loaded from 'D:/Programs/Workspace/SmartZYNQ_SP2/PS_PL_REG/PS_PL_REG.sdk/ZYNQ_CORE_wrapper/export/ZYNQ_CORE_wrapper/hw/ZYNQ_CORE_wrapper.xsa'.
22:13:02 INFO  : 'configparams force-mem-access 1' command is executed.
22:13:02 INFO  : Context for 'APU' is selected.
22:13:02 INFO  : Sourcing of 'D:/Programs/Workspace/SmartZYNQ_SP2/PS_PL_REG/PS_PL_REG.sdk/PS_PL_REG/_ide/psinit/ps7_init.tcl' is done.
22:13:02 INFO  : 'ps7_init' command is executed.
22:13:02 INFO  : 'ps7_post_config' command is executed.
22:13:02 INFO  : Context for processor 'ps7_cortexa9_0' is selected.
22:13:02 INFO  : The application 'D:/Programs/Workspace/SmartZYNQ_SP2/PS_PL_REG/PS_PL_REG.sdk/PS_PL_REG/Debug/PS_PL_REG.elf' is downloaded to processor 'ps7_cortexa9_0'.
22:13:02 INFO  : 'configparams force-mem-access 0' command is executed.
22:13:02 INFO  : ----------------XSDB Script----------------
connect -url tcp:127.0.0.1:3121
targets -set -nocase -filter {name =~"APU*"}
rst -system
after 3000
targets -set -filter {jtag_cable_name =~ "HelloFpga JTAG-SP2 03SD35A" && level==0 && jtag_device_ctx=="jsn-JTAG-SP2-03SD35A-23727093-0"}
fpga -file D:/Programs/Workspace/SmartZYNQ_SP2/PS_PL_REG/PS_PL_REG.sdk/PS_PL_REG/_ide/bitstream/ZYNQ_CORE_wrapper.bit
targets -set -nocase -filter {name =~"APU*"}
loadhw -hw D:/Programs/Workspace/SmartZYNQ_SP2/PS_PL_REG/PS_PL_REG.sdk/ZYNQ_CORE_wrapper/export/ZYNQ_CORE_wrapper/hw/ZYNQ_CORE_wrapper.xsa -mem-ranges [list {0x40000000 0xbfffffff}] -regs
configparams force-mem-access 1
targets -set -nocase -filter {name =~"APU*"}
source D:/Programs/Workspace/SmartZYNQ_SP2/PS_PL_REG/PS_PL_REG.sdk/PS_PL_REG/_ide/psinit/ps7_init.tcl
ps7_init
ps7_post_config
targets -set -nocase -filter {name =~ "*A9*#0"}
dow D:/Programs/Workspace/SmartZYNQ_SP2/PS_PL_REG/PS_PL_REG.sdk/PS_PL_REG/Debug/PS_PL_REG.elf
configparams force-mem-access 0
----------------End of Script----------------

22:13:02 INFO  : Context for processor 'ps7_cortexa9_0' is selected.
22:13:02 INFO  : 'con' command is executed.
22:13:02 INFO  : ----------------XSDB Script (After Launch)----------------
targets -set -nocase -filter {name =~ "*A9*#0"}
con
----------------End of Script----------------

22:13:02 INFO  : Launch script is exported to file 'D:\Programs\Workspace\SmartZYNQ_SP2\PS_PL_REG\PS_PL_REG.sdk\PS_PL_REG_system\_ide\scripts\systemdebugger_ps_pl_reg_system_standalone.tcl'
22:13:43 INFO  : Disconnected from the channel tcfchan#12.
22:23:00 DEBUG : Logs will be stored at 'D:/Programs/Workspace/SmartZYNQ_SP2/PS_PL_REG/PS_PL_REG.sdk/IDE.log'.
22:23:00 INFO  : Launching XSCT server: xsct.bat -n  -interactive D:\Programs\Workspace\SmartZYNQ_SP2\PS_PL_REG\PS_PL_REG.sdk\temp_xsdb_launch_script.tcl
22:23:02 INFO  : XSCT server has started successfully.
22:23:02 INFO  : plnx-install-location is set to ''
22:23:02 INFO  : Successfully done setting XSCT server connection channel  
22:23:02 INFO  : Successfully done setting workspace for the tool. 
22:23:02 INFO  : Successfully done query RDI_DATADIR 
22:23:04 INFO  : Registering command handlers for Vitis TCF services
22:23:04 INFO  : Platform repository initialization has completed.
22:30:37 INFO  : Checking for BSP changes to sync application flags for project 'PS_PL_REG'...
22:30:37 INFO  : Result from executing command 'getProjects': PS_PL_REG;PS_PL_REG_system;RemoteSystemsTempFiles;ZYNQ_CORE_wrapper
22:30:37 ERROR : Failed to openhw "D:/Programs/Workspace/SmartZYNQ_SP2/PS_PL_REG/PS_PL_REG.sdk/ZYNQ_CORE_wrapper/export/ZYNQ_CORE_wrapper/hw/ZYNQ_CORE_wrapper.xsa"
Reason: D:/Programs/Workspace/SmartZYNQ_SP2/PS_PL_REG/PS_PL_REG.sdk/ZYNQ_CORE_wrapper/export/ZYNQ_CORE_wrapper/hw/ZYNQ_CORE_wrapper.xsa is not available in the current workspace
use 'getprojects' command to see list of available projects in current workspace
22:30:37 ERROR : Failed to update application flags from BSP for 'PS_PL_REG'. Reason: null
java.lang.NullPointerException: null
	at com.xilinx.sdx.sw.internal.SDxSwPlatform.<init>(SDxSwPlatform.java:305) ~[com.xilinx.sdx.sw_1.0.0.202305040745.jar:?]
	at com.xilinx.sdx.sw.internal.SDxSwPlatform.create(SDxSwPlatform.java:214) ~[com.xilinx.sdx.sw_1.0.0.202305040745.jar:?]
	at com.xilinx.sdx.sdk.core.util.SdkPlatformHelper.getSwPlatform(SdkPlatformHelper.java:64) ~[com.xilinx.sdx.sdk.core_1.0.0.202305040745.jar:?]
	at com.xilinx.sdx.sdk.core.build.SdkMakefileGenerationListener.getSwPlatform(SdkMakefileGenerationListener.java:160) ~[com.xilinx.sdx.sdk.core_1.0.0.202305040745.jar:?]
	at com.xilinx.sdx.sdk.core.build.SdkMakefileGenerationListener.syncAppFlags(SdkMakefileGenerationListener.java:78) [com.xilinx.sdx.sdk.core_1.0.0.202305040745.jar:?]
	at com.xilinx.sdx.sdk.core.build.SdkMakefileGenerationListener.preMakefileGeneration(SdkMakefileGenerationListener.java:48) [com.xilinx.sdx.sdk.core_1.0.0.202305040745.jar:?]
	at com.xilinx.sdk.managedbuilder.XilinxGnuMakefileGenerator.notifyPreMakefileGenerationListeners(XilinxGnuMakefileGenerator.java:91) [com.xilinx.sdk.managedbuilder_1.0.0.202305040745.jar:?]
	at com.xilinx.sdk.managedbuilder.XilinxGnuMakefileGenerator.generateMakefiles(XilinxGnuMakefileGenerator.java:40) [com.xilinx.sdk.managedbuilder_1.0.0.202305040745.jar:?]
	at org.eclipse.cdt.managedbuilder.internal.core.CommonBuilder.performMakefileGeneration(CommonBuilder.java:1008) [org.eclipse.cdt.managedbuilder.core_8.6.0.201802261533.jar:?]
	at org.eclipse.cdt.managedbuilder.internal.core.CommonBuilder.performPrebuildGeneration(CommonBuilder.java:873) [org.eclipse.cdt.managedbuilder.core_8.6.0.201802261533.jar:?]
	at org.eclipse.cdt.managedbuilder.internal.core.CommonBuilder.build(CommonBuilder.java:748) [org.eclipse.cdt.managedbuilder.core_8.6.0.201802261533.jar:?]
	at org.eclipse.cdt.managedbuilder.internal.core.CommonBuilder.build(CommonBuilder.java:510) [org.eclipse.cdt.managedbuilder.core_8.6.0.201802261533.jar:?]
	at org.eclipse.cdt.managedbuilder.internal.core.CommonBuilder.build(CommonBuilder.java:459) [org.eclipse.cdt.managedbuilder.core_8.6.0.201802261533.jar:?]
	at org.eclipse.core.internal.events.BuildManager$2.run(BuildManager.java:832) [org.eclipse.core.resources_3.13.700.v20200209-1624.jar:?]
	at org.eclipse.core.runtime.SafeRunner.run(SafeRunner.java:45) [org.eclipse.equinox.common_3.11.0.v20200206-0817.jar:?]
	at org.eclipse.core.internal.events.BuildManager.basicBuild(BuildManager.java:220) [org.eclipse.core.resources_3.13.700.v20200209-1624.jar:?]
	at org.eclipse.core.internal.events.BuildManager.basicBuild(BuildManager.java:263) [org.eclipse.core.resources_3.13.700.v20200209-1624.jar:?]
	at org.eclipse.core.internal.events.BuildManager$1.run(BuildManager.java:316) [org.eclipse.core.resources_3.13.700.v20200209-1624.jar:?]
	at org.eclipse.core.runtime.SafeRunner.run(SafeRunner.java:45) [org.eclipse.equinox.common_3.11.0.v20200206-0817.jar:?]
	at org.eclipse.core.internal.events.BuildManager.basicBuild(BuildManager.java:319) [org.eclipse.core.resources_3.13.700.v20200209-1624.jar:?]
	at org.eclipse.core.internal.events.BuildManager.basicBuildLoop(BuildManager.java:371) [org.eclipse.core.resources_3.13.700.v20200209-1624.jar:?]
	at org.eclipse.core.internal.events.BuildManager.build(BuildManager.java:392) [org.eclipse.core.resources_3.13.700.v20200209-1624.jar:?]
	at org.eclipse.core.internal.resources.Workspace.buildInternal(Workspace.java:515) [org.eclipse.core.resources_3.13.700.v20200209-1624.jar:?]
	at org.eclipse.core.internal.resources.Workspace.build(Workspace.java:412) [org.eclipse.core.resources_3.13.700.v20200209-1624.jar:?]
	at org.eclipse.ui.actions.BuildAction$1.runInWorkspace(BuildAction.java:291) [org.eclipse.ui.ide_3.17.0.v20200217-1511.jar:?]
	at org.eclipse.core.internal.resources.InternalWorkspaceJob.run(InternalWorkspaceJob.java:42) [org.eclipse.core.resources_3.13.700.v20200209-1624.jar:?]
	at org.eclipse.core.internal.jobs.Worker.run(Worker.java:63) [org.eclipse.core.jobs_3.10.700.v20200106-1020.jar:?]
22:30:37 ERROR : Failed to compute checksum of hardware specification file used by project 'PS_PL_REG'
22:30:37 INFO  : Result from executing command 'getProjects': PS_PL_REG;PS_PL_REG_system;RemoteSystemsTempFiles;ZYNQ_CORE_wrapper
22:30:37 ERROR : Failed to openhw "D:/Programs/Workspace/SmartZYNQ_SP2/PS_PL_REG/PS_PL_REG.sdk/ZYNQ_CORE_wrapper/export/ZYNQ_CORE_wrapper/hw/ZYNQ_CORE_wrapper.xsa"
Reason: D:/Programs/Workspace/SmartZYNQ_SP2/PS_PL_REG/PS_PL_REG.sdk/ZYNQ_CORE_wrapper/export/ZYNQ_CORE_wrapper/hw/ZYNQ_CORE_wrapper.xsa is not available in the current workspace
use 'getprojects' command to see list of available projects in current workspace
22:30:37 INFO  : Result from executing command 'getProjects': PS_PL_REG;PS_PL_REG_system;RemoteSystemsTempFiles;ZYNQ_CORE_wrapper
22:30:37 ERROR : Failed to openhw "D:/Programs/Workspace/SmartZYNQ_SP2/PS_PL_REG/PS_PL_REG.sdk/ZYNQ_CORE_wrapper/export/ZYNQ_CORE_wrapper/hw/ZYNQ_CORE_wrapper.xsa"
Reason: D:/Programs/Workspace/SmartZYNQ_SP2/PS_PL_REG/PS_PL_REG.sdk/ZYNQ_CORE_wrapper/export/ZYNQ_CORE_wrapper/hw/ZYNQ_CORE_wrapper.xsa is not available in the current workspace
use 'getprojects' command to see list of available projects in current workspace
22:30:37 INFO  : Result from executing command 'getProjects': PS_PL_REG;PS_PL_REG_system;RemoteSystemsTempFiles;ZYNQ_CORE_wrapper
22:30:37 ERROR : Failed to openhw "D:/Programs/Workspace/SmartZYNQ_SP2/PS_PL_REG/PS_PL_REG.sdk/ZYNQ_CORE_wrapper/export/ZYNQ_CORE_wrapper/hw/ZYNQ_CORE_wrapper.xsa"
Reason: D:/Programs/Workspace/SmartZYNQ_SP2/PS_PL_REG/PS_PL_REG.sdk/ZYNQ_CORE_wrapper/export/ZYNQ_CORE_wrapper/hw/ZYNQ_CORE_wrapper.xsa is not available in the current workspace
use 'getprojects' command to see list of available projects in current workspace
22:32:33 INFO  : No changes in MSS file content so sources will not be generated.
11:41:23 DEBUG : Logs will be stored at 'D:/Programs/Workspace/SmartZYNQ_SP2/PS_PL_REG/PS_PL_REG.sdk/IDE.log'.
11:41:24 INFO  : Launching XSCT server: xsct.bat -n  -interactive D:\Programs\Workspace\SmartZYNQ_SP2\PS_PL_REG\PS_PL_REG.sdk\temp_xsdb_launch_script.tcl
11:41:26 INFO  : XSCT server has started successfully.
11:41:26 INFO  : Successfully done setting XSCT server connection channel  
11:41:26 INFO  : plnx-install-location is set to ''
11:41:26 INFO  : Successfully done query RDI_DATADIR 
11:41:26 INFO  : Successfully done setting workspace for the tool. 
11:42:01 INFO  : Registering command handlers for Vitis TCF services
11:42:02 INFO  : Platform repository initialization has completed.
11:42:16 INFO  : Result from executing command 'getProjects': ZYNQ_CORE_wrapper
11:42:16 INFO  : Result from executing command 'getPlatforms': xilinx_vck190_base_202310_1|D:/Xilinx/Vitis/2023.1/base_platforms/xilinx_vck190_base_202310_1/xilinx_vck190_base_202310_1.xpfm;xilinx_vck190_base_dfx_202310_1|D:/Xilinx/Vitis/2023.1/base_platforms/xilinx_vck190_base_dfx_202310_1/xilinx_vck190_base_dfx_202310_1.xpfm;xilinx_vek280_es1_base_202310_1|D:/Xilinx/Vitis/2023.1/base_platforms/xilinx_vek280_es1_base_202310_1/xilinx_vek280_es1_base_202310_1.xpfm;xilinx_vmk180_base_202310_1|D:/Xilinx/Vitis/2023.1/base_platforms/xilinx_vmk180_base_202310_1/xilinx_vmk180_base_202310_1.xpfm;xilinx_zcu102_base_202310_1|D:/Xilinx/Vitis/2023.1/base_platforms/xilinx_zcu102_base_202310_1/xilinx_zcu102_base_202310_1.xpfm;xilinx_zcu102_base_dfx_202310_1|D:/Xilinx/Vitis/2023.1/base_platforms/xilinx_zcu102_base_dfx_202310_1/xilinx_zcu102_base_dfx_202310_1.xpfm;xilinx_zcu104_base_202310_1|D:/Xilinx/Vitis/2023.1/base_platforms/xilinx_zcu104_base_202310_1/xilinx_zcu104_base_202310_1.xpfm
11:42:30 INFO  : No changes in MSS file content so sources will not be generated.
11:42:39 INFO  : No changes in MSS file content so sources will not be generated.
