
*** Running vivado
    with args -log hdmi_top.vds -m64 -product Vivado -mode batch -messageDb vivado.pb -notrace -source hdmi_top.tcl



****** Vivado v2023.1 (64-bit)
  **** SW Build 3865809 on Sun May  7 15:05:29 MDT 2023
  **** IP Build 3864474 on Sun May  7 20:36:21 MDT 2023
  **** SharedData Build 3865790 on Sun May 07 13:33:03 MDT 2023
    ** Copyright 1986-2022 Xilinx, Inc. All Rights Reserved.
    ** Copyright 2022-2023 Advanced Micro Devices, Inc. All Rights Reserved.

source hdmi_top.tcl -notrace
create_project: Time (s): cpu = 00:00:02 ; elapsed = 00:00:07 . Memory (MB): peak = 1908.699 ; gain = 161.242
Command: read_checkpoint -auto_incremental -incremental D:/Programs/Workspace/SmartZYNQ_SP2/HDMI_DRIVER_REL2.0/HDMI_DRIVER_REL2.0.srcs/utils_1/imports/synth_1/hdmi_top.dcp
INFO: [Vivado 12-5825] Read reference checkpoint from D:/Programs/Workspace/SmartZYNQ_SP2/HDMI_DRIVER_REL2.0/HDMI_DRIVER_REL2.0.srcs/utils_1/imports/synth_1/hdmi_top.dcp for incremental synthesis
INFO: [Vivado 12-7989] Please ensure there are no constraint changes
Command: synth_design -top hdmi_top -part xc7z020clg484-1
Starting synth_design
Attempting to get a license for feature 'Synthesis' and/or device 'xc7z020'
INFO: [Common 17-349] Got license for feature 'Synthesis' and/or device 'xc7z020'
INFO: [Device 21-403] Loading part xc7z020clg484-1
INFO: [Designutils 20-5440] No compile time benefit to using incremental synthesis; A full resynthesis will be run
INFO: [Designutils 20-4379] Flow is switching to default flow due to incremental criteria not met. If you would like to alter this behaviour and have the flow terminate instead, please set the following parameter config_implementation {autoIncr.Synth.RejectBehavior Terminate}
INFO: [Synth 8-7079] Multithreading enabled for synth_design using a maximum of 2 processes.
INFO: [Synth 8-7078] Launching helper process for spawning children vivado processes
INFO: [Synth 8-7075] Helper process launched with PID 2324
INFO: [Synth 8-11241] undeclared symbol 'pix_req', assumed default net type 'wire' [D:/Programs/Workspace/SmartZYNQ_SP2/HDMI_DRIVER_REL2.0/HDMI_DRIVER_REL2.0.srcs/sources_1/new/vga_ctrl.v:156]
---------------------------------------------------------------------------------
Starting RTL Elaboration : Time (s): cpu = 00:00:01 ; elapsed = 00:00:05 . Memory (MB): peak = 2765.816 ; gain = 410.738
---------------------------------------------------------------------------------
INFO: [Synth 8-6157] synthesizing module 'hdmi_top' [D:/Programs/Workspace/SmartZYNQ_SP2/HDMI_DRIVER_REL2.0/HDMI_DRIVER_REL2.0.srcs/sources_1/new/hdmi_top.v:23]
INFO: [Synth 8-6157] synthesizing module 'clk_wiz_0' [D:/Programs/Workspace/SmartZYNQ_SP2/HDMI_DRIVER_REL2.0/HDMI_DRIVER_REL2.0.runs/synth_1/.Xil/Vivado-6108-LAPTOP-DUUNQKAE/realtime/clk_wiz_0_stub.v:6]
INFO: [Synth 8-6155] done synthesizing module 'clk_wiz_0' (0#1) [D:/Programs/Workspace/SmartZYNQ_SP2/HDMI_DRIVER_REL2.0/HDMI_DRIVER_REL2.0.runs/synth_1/.Xil/Vivado-6108-LAPTOP-DUUNQKAE/realtime/clk_wiz_0_stub.v:6]
INFO: [Synth 8-6157] synthesizing module 'vga_pic' [D:/Programs/Workspace/SmartZYNQ_SP2/HDMI_DRIVER_REL2.0/HDMI_DRIVER_REL2.0.srcs/sources_1/new/vga_pic.v:23]
INFO: [Synth 8-6155] done synthesizing module 'vga_pic' (0#1) [D:/Programs/Workspace/SmartZYNQ_SP2/HDMI_DRIVER_REL2.0/HDMI_DRIVER_REL2.0.srcs/sources_1/new/vga_pic.v:23]
INFO: [Synth 8-6157] synthesizing module 'vga_ctrl' [D:/Programs/Workspace/SmartZYNQ_SP2/HDMI_DRIVER_REL2.0/HDMI_DRIVER_REL2.0.srcs/sources_1/new/vga_ctrl.v:23]
INFO: [Synth 8-6155] done synthesizing module 'vga_ctrl' (0#1) [D:/Programs/Workspace/SmartZYNQ_SP2/HDMI_DRIVER_REL2.0/HDMI_DRIVER_REL2.0.srcs/sources_1/new/vga_ctrl.v:23]
INFO: [Synth 8-6157] synthesizing module 'hdmi_ctrl' [D:/Programs/Workspace/SmartZYNQ_SP2/HDMI_DRIVER_REL2.0/HDMI_DRIVER_REL2.0.srcs/sources_1/new/hdmi_ctrl.v:23]
INFO: [Synth 8-6157] synthesizing module 'encoder' [D:/Programs/Workspace/SmartZYNQ_SP2/HDMI_DRIVER_REL2.0/HDMI_DRIVER_REL2.0.srcs/sources_1/new/encoder.v:23]
INFO: [Synth 8-6155] done synthesizing module 'encoder' (0#1) [D:/Programs/Workspace/SmartZYNQ_SP2/HDMI_DRIVER_REL2.0/HDMI_DRIVER_REL2.0.srcs/sources_1/new/encoder.v:23]
INFO: [Synth 8-6157] synthesizing module 'par_to_ser' [D:/Programs/Workspace/SmartZYNQ_SP2/HDMI_DRIVER_REL2.0/HDMI_DRIVER_REL2.0.srcs/sources_1/new/par_to_ser.v:23]
INFO: [Synth 8-6157] synthesizing module 'ODDR' [D:/Xilinx/Vivado/2023.1/scripts/rt/data/unisim_comp.v:94765]
	Parameter DDR_CLK_EDGE bound to: SAME_EDGE - type: string 
	Parameter INIT bound to: 1'b0 
	Parameter SRTYPE bound to: SYNC - type: string 
INFO: [Synth 8-6155] done synthesizing module 'ODDR' (0#1) [D:/Xilinx/Vivado/2023.1/scripts/rt/data/unisim_comp.v:94765]
WARNING: [Synth 8-689] width (5) of port connection 'D1' does not match port width (1) of module 'ODDR' [D:/Programs/Workspace/SmartZYNQ_SP2/HDMI_DRIVER_REL2.0/HDMI_DRIVER_REL2.0.srcs/sources_1/new/par_to_ser.v:61]
WARNING: [Synth 8-689] width (5) of port connection 'D2' does not match port width (1) of module 'ODDR' [D:/Programs/Workspace/SmartZYNQ_SP2/HDMI_DRIVER_REL2.0/HDMI_DRIVER_REL2.0.srcs/sources_1/new/par_to_ser.v:62]
INFO: [Synth 8-6155] done synthesizing module 'par_to_ser' (0#1) [D:/Programs/Workspace/SmartZYNQ_SP2/HDMI_DRIVER_REL2.0/HDMI_DRIVER_REL2.0.srcs/sources_1/new/par_to_ser.v:23]
WARNING: [Synth 8-689] width (10) of port connection 'ser_data' does not match port width (1) of module 'par_to_ser' [D:/Programs/Workspace/SmartZYNQ_SP2/HDMI_DRIVER_REL2.0/HDMI_DRIVER_REL2.0.srcs/sources_1/new/hdmi_ctrl.v:117]
WARNING: [Synth 8-689] width (10) of port connection 'ser_data' does not match port width (1) of module 'par_to_ser' [D:/Programs/Workspace/SmartZYNQ_SP2/HDMI_DRIVER_REL2.0/HDMI_DRIVER_REL2.0.srcs/sources_1/new/hdmi_ctrl.v:126]
WARNING: [Synth 8-689] width (10) of port connection 'ser_data' does not match port width (1) of module 'par_to_ser' [D:/Programs/Workspace/SmartZYNQ_SP2/HDMI_DRIVER_REL2.0/HDMI_DRIVER_REL2.0.srcs/sources_1/new/hdmi_ctrl.v:134]
WARNING: [Synth 8-689] width (10) of port connection 'ser_data' does not match port width (1) of module 'par_to_ser' [D:/Programs/Workspace/SmartZYNQ_SP2/HDMI_DRIVER_REL2.0/HDMI_DRIVER_REL2.0.srcs/sources_1/new/hdmi_ctrl.v:142]
INFO: [Synth 8-6157] synthesizing module 'OBUFDS' [D:/Xilinx/Vivado/2023.1/scripts/rt/data/unisim_comp.v:91135]
	Parameter IOSTANDARD bound to: TMDS_33 - type: string 
INFO: [Synth 8-6155] done synthesizing module 'OBUFDS' (0#1) [D:/Xilinx/Vivado/2023.1/scripts/rt/data/unisim_comp.v:91135]
WARNING: [Synth 8-689] width (10) of port connection 'I' does not match port width (1) of module 'OBUFDS' [D:/Programs/Workspace/SmartZYNQ_SP2/HDMI_DRIVER_REL2.0/HDMI_DRIVER_REL2.0.srcs/sources_1/new/hdmi_ctrl.v:151]
WARNING: [Synth 8-689] width (10) of port connection 'I' does not match port width (1) of module 'OBUFDS' [D:/Programs/Workspace/SmartZYNQ_SP2/HDMI_DRIVER_REL2.0/HDMI_DRIVER_REL2.0.srcs/sources_1/new/hdmi_ctrl.v:160]
WARNING: [Synth 8-689] width (10) of port connection 'I' does not match port width (1) of module 'OBUFDS' [D:/Programs/Workspace/SmartZYNQ_SP2/HDMI_DRIVER_REL2.0/HDMI_DRIVER_REL2.0.srcs/sources_1/new/hdmi_ctrl.v:169]
WARNING: [Synth 8-689] width (10) of port connection 'I' does not match port width (1) of module 'OBUFDS' [D:/Programs/Workspace/SmartZYNQ_SP2/HDMI_DRIVER_REL2.0/HDMI_DRIVER_REL2.0.srcs/sources_1/new/hdmi_ctrl.v:178]
INFO: [Synth 8-6155] done synthesizing module 'hdmi_ctrl' (0#1) [D:/Programs/Workspace/SmartZYNQ_SP2/HDMI_DRIVER_REL2.0/HDMI_DRIVER_REL2.0.srcs/sources_1/new/hdmi_ctrl.v:23]
INFO: [Synth 8-6155] done synthesizing module 'hdmi_top' (0#1) [D:/Programs/Workspace/SmartZYNQ_SP2/HDMI_DRIVER_REL2.0/HDMI_DRIVER_REL2.0.srcs/sources_1/new/hdmi_top.v:23]
WARNING: [Synth 8-7137] Register hsync_reg in module vga_ctrl has both Set and reset with same priority. This may cause simulation mismatches. Consider rewriting code  [D:/Programs/Workspace/SmartZYNQ_SP2/HDMI_DRIVER_REL2.0/HDMI_DRIVER_REL2.0.srcs/sources_1/new/vga_ctrl.v:137]
WARNING: [Synth 8-7137] Register vsync_reg in module vga_ctrl has both Set and reset with same priority. This may cause simulation mismatches. Consider rewriting code  [D:/Programs/Workspace/SmartZYNQ_SP2/HDMI_DRIVER_REL2.0/HDMI_DRIVER_REL2.0.srcs/sources_1/new/vga_ctrl.v:138]
WARNING: [Synth 8-7129] Port pix_y[11] in module vga_pic is either unconnected or has no load
WARNING: [Synth 8-7129] Port pix_y[10] in module vga_pic is either unconnected or has no load
WARNING: [Synth 8-7129] Port pix_y[9] in module vga_pic is either unconnected or has no load
WARNING: [Synth 8-7129] Port pix_y[8] in module vga_pic is either unconnected or has no load
WARNING: [Synth 8-7129] Port pix_y[7] in module vga_pic is either unconnected or has no load
WARNING: [Synth 8-7129] Port pix_y[6] in module vga_pic is either unconnected or has no load
WARNING: [Synth 8-7129] Port pix_y[5] in module vga_pic is either unconnected or has no load
WARNING: [Synth 8-7129] Port pix_y[4] in module vga_pic is either unconnected or has no load
WARNING: [Synth 8-7129] Port pix_y[3] in module vga_pic is either unconnected or has no load
WARNING: [Synth 8-7129] Port pix_y[2] in module vga_pic is either unconnected or has no load
WARNING: [Synth 8-7129] Port pix_y[1] in module vga_pic is either unconnected or has no load
WARNING: [Synth 8-7129] Port pix_y[0] in module vga_pic is either unconnected or has no load
---------------------------------------------------------------------------------
Finished RTL Elaboration : Time (s): cpu = 00:00:01 ; elapsed = 00:00:07 . Memory (MB): peak = 2858.395 ; gain = 503.316
---------------------------------------------------------------------------------
---------------------------------------------------------------------------------
Start Handling Custom Attributes
---------------------------------------------------------------------------------
---------------------------------------------------------------------------------
Finished Handling Custom Attributes : Time (s): cpu = 00:00:01 ; elapsed = 00:00:07 . Memory (MB): peak = 2876.285 ; gain = 521.207
---------------------------------------------------------------------------------
---------------------------------------------------------------------------------
Finished RTL Optimization Phase 1 : Time (s): cpu = 00:00:01 ; elapsed = 00:00:07 . Memory (MB): peak = 2876.285 ; gain = 521.207
---------------------------------------------------------------------------------
Netlist sorting complete. Time (s): cpu = 00:00:00 ; elapsed = 00:00:00.011 . Memory (MB): peak = 2888.320 ; gain = 0.000
INFO: [Netlist 29-17] Analyzing 8 Unisim elements for replacement
INFO: [Netlist 29-28] Unisim Transformation completed in 0 CPU seconds
INFO: [Project 1-570] Preparing netlist for logic optimization

Processing XDC Constraints
Initializing timing engine
Parsing XDC File [d:/Programs/Workspace/SmartZYNQ_SP2/HDMI_DRIVER_REL2.0/HDMI_DRIVER_REL2.0.gen/sources_1/ip/clk_wiz_0/clk_wiz_0/clk_wiz_0_in_context.xdc] for cell 'u_clk_wiz_0'
Finished Parsing XDC File [d:/Programs/Workspace/SmartZYNQ_SP2/HDMI_DRIVER_REL2.0/HDMI_DRIVER_REL2.0.gen/sources_1/ip/clk_wiz_0/clk_wiz_0/clk_wiz_0_in_context.xdc] for cell 'u_clk_wiz_0'
Parsing XDC File [D:/Programs/Workspace/SmartZYNQ_SP2/HDMI_DRIVER_REL2.0/HDMI_DRIVER_REL2.0.srcs/constrs_1/new/HDMI.xdc]
Finished Parsing XDC File [D:/Programs/Workspace/SmartZYNQ_SP2/HDMI_DRIVER_REL2.0/HDMI_DRIVER_REL2.0.srcs/constrs_1/new/HDMI.xdc]
INFO: [Project 1-236] Implementation specific constraints were found while reading constraint file [D:/Programs/Workspace/SmartZYNQ_SP2/HDMI_DRIVER_REL2.0/HDMI_DRIVER_REL2.0.srcs/constrs_1/new/HDMI.xdc]. These constraints will be ignored for synthesis but will be used in implementation. Impacted constraints are listed in the file [.Xil/hdmi_top_propImpl.xdc].
Resolution: To avoid this warning, move constraints listed in [.Xil/hdmi_top_propImpl.xdc] to another XDC file and exclude this new file from synthesis with the used_in_synthesis property (File Properties dialog in GUI) and re-run elaboration/synthesis.
Completed Processing XDC Constraints

Netlist sorting complete. Time (s): cpu = 00:00:00 ; elapsed = 00:00:00 . Memory (MB): peak = 2989.039 ; gain = 0.000
INFO: [Project 1-111] Unisim Transformation Summary:
No Unisim elements were transformed.

Constraint Validation Runtime : Time (s): cpu = 00:00:00 ; elapsed = 00:00:00.002 . Memory (MB): peak = 2989.039 ; gain = 0.000
INFO: [Designutils 20-5440] No compile time benefit to using incremental synthesis; A full resynthesis will be run
INFO: [Designutils 20-4379] Flow is switching to default flow due to incremental criteria not met. If you would like to alter this behaviour and have the flow terminate instead, please set the following parameter config_implementation {autoIncr.Synth.RejectBehavior Terminate}
---------------------------------------------------------------------------------
Finished Constraint Validation : Time (s): cpu = 00:00:03 ; elapsed = 00:00:17 . Memory (MB): peak = 2989.039 ; gain = 633.961
---------------------------------------------------------------------------------
---------------------------------------------------------------------------------
Start Loading Part and Timing Information
---------------------------------------------------------------------------------
Loading part: xc7z020clg484-1
---------------------------------------------------------------------------------
Finished Loading Part and Timing Information : Time (s): cpu = 00:00:03 ; elapsed = 00:00:17 . Memory (MB): peak = 2989.039 ; gain = 633.961
---------------------------------------------------------------------------------
---------------------------------------------------------------------------------
Start Applying 'set_property' XDC Constraints
---------------------------------------------------------------------------------
Applied set_property IO_BUFFER_TYPE = NONE for sys_clk. (constraint file  d:/Programs/Workspace/SmartZYNQ_SP2/HDMI_DRIVER_REL2.0/HDMI_DRIVER_REL2.0.gen/sources_1/ip/clk_wiz_0/clk_wiz_0/clk_wiz_0_in_context.xdc, line 4).
Applied set_property CLOCK_BUFFER_TYPE = NONE for sys_clk. (constraint file  d:/Programs/Workspace/SmartZYNQ_SP2/HDMI_DRIVER_REL2.0/HDMI_DRIVER_REL2.0.gen/sources_1/ip/clk_wiz_0/clk_wiz_0/clk_wiz_0_in_context.xdc, line 5).
Applied set_property KEEP_HIERARCHY = SOFT for u_clk_wiz_0. (constraint file  auto generated constraint).
---------------------------------------------------------------------------------
Finished applying 'set_property' XDC Constraints : Time (s): cpu = 00:00:03 ; elapsed = 00:00:17 . Memory (MB): peak = 2989.039 ; gain = 633.961
---------------------------------------------------------------------------------
---------------------------------------------------------------------------------
Finished RTL Optimization Phase 2 : Time (s): cpu = 00:00:03 ; elapsed = 00:00:18 . Memory (MB): peak = 2989.039 ; gain = 633.961
---------------------------------------------------------------------------------
---------------------------------------------------------------------------------
Start RTL Component Statistics 
---------------------------------------------------------------------------------
Detailed RTL Component Info : 
+---Adders : 
	   2 Input   12 Bit       Adders := 2     
	   2 Input   11 Bit       Adders := 1     
	   2 Input   10 Bit       Adders := 1     
	   5 Input    5 Bit       Adders := 6     
	   4 Input    5 Bit       Adders := 3     
	   8 Input    4 Bit       Adders := 6     
	   2 Input    4 Bit       Adders := 3     
	   2 Input    3 Bit       Adders := 4     
+---XORs : 
	   2 Input      1 Bit         XORs := 42    
+---Registers : 
	               24 Bit    Registers := 1     
	               12 Bit    Registers := 2     
	               10 Bit    Registers := 3     
	                9 Bit    Registers := 3     
	                8 Bit    Registers := 3     
	                5 Bit    Registers := 11    
	                4 Bit    Registers := 9     
	                3 Bit    Registers := 4     
	                1 Bit    Registers := 22    
+---Muxes : 
	  10 Input   24 Bit        Muxes := 1     
	   2 Input   24 Bit        Muxes := 2     
	   2 Input   12 Bit        Muxes := 2     
	   2 Input   11 Bit        Muxes := 1     
	   2 Input   10 Bit        Muxes := 7     
	   5 Input   10 Bit        Muxes := 3     
	   2 Input    8 Bit        Muxes := 3     
	   2 Input    5 Bit        Muxes := 20    
	   2 Input    4 Bit        Muxes := 3     
	   2 Input    3 Bit        Muxes := 4     
	  11 Input    1 Bit        Muxes := 1     
	   2 Input    1 Bit        Muxes := 22    
---------------------------------------------------------------------------------
Finished RTL Component Statistics 
---------------------------------------------------------------------------------
---------------------------------------------------------------------------------
Start Part Resource Summary
---------------------------------------------------------------------------------
Part Resources:
DSPs: 220 (col length:60)
BRAMs: 280 (col length: RAMB18 60 RAMB36 30)
---------------------------------------------------------------------------------
Finished Part Resource Summary
---------------------------------------------------------------------------------
---------------------------------------------------------------------------------
Start Cross Boundary and Area Optimization
---------------------------------------------------------------------------------
WARNING: [Synth 8-7080] Parallel synthesis criteria is not met
---------------------------------------------------------------------------------
Finished Cross Boundary and Area Optimization : Time (s): cpu = 00:00:03 ; elapsed = 00:00:21 . Memory (MB): peak = 2989.039 ; gain = 633.961
---------------------------------------------------------------------------------
---------------------------------------------------------------------------------
Start Applying XDC Timing Constraints
---------------------------------------------------------------------------------
---------------------------------------------------------------------------------
Finished Applying XDC Timing Constraints : Time (s): cpu = 00:00:03 ; elapsed = 00:00:26 . Memory (MB): peak = 2989.039 ; gain = 633.961
---------------------------------------------------------------------------------
---------------------------------------------------------------------------------
Start Timing Optimization
---------------------------------------------------------------------------------
---------------------------------------------------------------------------------
Finished Timing Optimization : Time (s): cpu = 00:00:03 ; elapsed = 00:00:26 . Memory (MB): peak = 2989.039 ; gain = 633.961
---------------------------------------------------------------------------------
---------------------------------------------------------------------------------
Start Technology Mapping
---------------------------------------------------------------------------------
---------------------------------------------------------------------------------
Finished Technology Mapping : Time (s): cpu = 00:00:03 ; elapsed = 00:00:26 . Memory (MB): peak = 2989.039 ; gain = 633.961
---------------------------------------------------------------------------------
---------------------------------------------------------------------------------
Start IO Insertion
---------------------------------------------------------------------------------
---------------------------------------------------------------------------------
Start Flattening Before IO Insertion
---------------------------------------------------------------------------------
---------------------------------------------------------------------------------
Finished Flattening Before IO Insertion
---------------------------------------------------------------------------------
---------------------------------------------------------------------------------
Start Final Netlist Cleanup
---------------------------------------------------------------------------------
---------------------------------------------------------------------------------
Finished Final Netlist Cleanup
---------------------------------------------------------------------------------
---------------------------------------------------------------------------------
Finished IO Insertion : Time (s): cpu = 00:00:04 ; elapsed = 00:00:30 . Memory (MB): peak = 2989.039 ; gain = 633.961
---------------------------------------------------------------------------------
---------------------------------------------------------------------------------
Start Renaming Generated Instances
---------------------------------------------------------------------------------
---------------------------------------------------------------------------------
Finished Renaming Generated Instances : Time (s): cpu = 00:00:04 ; elapsed = 00:00:30 . Memory (MB): peak = 2989.039 ; gain = 633.961
---------------------------------------------------------------------------------
---------------------------------------------------------------------------------
Start Rebuilding User Hierarchy
---------------------------------------------------------------------------------
---------------------------------------------------------------------------------
Finished Rebuilding User Hierarchy : Time (s): cpu = 00:00:04 ; elapsed = 00:00:30 . Memory (MB): peak = 2989.039 ; gain = 633.961
---------------------------------------------------------------------------------
---------------------------------------------------------------------------------
Start Renaming Generated Ports
---------------------------------------------------------------------------------
---------------------------------------------------------------------------------
Finished Renaming Generated Ports : Time (s): cpu = 00:00:04 ; elapsed = 00:00:30 . Memory (MB): peak = 2989.039 ; gain = 633.961
---------------------------------------------------------------------------------
---------------------------------------------------------------------------------
Start Handling Custom Attributes
---------------------------------------------------------------------------------
---------------------------------------------------------------------------------
Finished Handling Custom Attributes : Time (s): cpu = 00:00:04 ; elapsed = 00:00:30 . Memory (MB): peak = 2989.039 ; gain = 633.961
---------------------------------------------------------------------------------
---------------------------------------------------------------------------------
Start Renaming Generated Nets
---------------------------------------------------------------------------------
---------------------------------------------------------------------------------
Finished Renaming Generated Nets : Time (s): cpu = 00:00:04 ; elapsed = 00:00:30 . Memory (MB): peak = 2989.039 ; gain = 633.961
---------------------------------------------------------------------------------
---------------------------------------------------------------------------------
Start Writing Synthesis Report
---------------------------------------------------------------------------------

Report BlackBoxes: 
+------+--------------+----------+
|      |BlackBox name |Instances |
+------+--------------+----------+
|1     |clk_wiz_0     |         1|
+------+--------------+----------+

Report Cell Usage: 
+------+--------+------+
|      |Cell    |Count |
+------+--------+------+
|1     |clk_wiz |     1|
|2     |CARRY4  |     3|
|3     |LUT1    |     9|
|4     |LUT2    |    34|
|5     |LUT3    |    63|
|6     |LUT4    |    16|
|7     |LUT5    |    65|
|8     |LUT6    |    86|
|9     |ODDR    |     4|
|10    |FDCE    |   123|
|11    |FDRE    |    52|
|12    |IBUF    |     1|
|13    |OBUFDS  |     4|
+------+--------+------+
---------------------------------------------------------------------------------
Finished Writing Synthesis Report : Time (s): cpu = 00:00:04 ; elapsed = 00:00:30 . Memory (MB): peak = 2989.039 ; gain = 633.961
---------------------------------------------------------------------------------
Synthesis finished with 0 errors, 0 critical warnings and 1 warnings.
Synthesis Optimization Runtime : Time (s): cpu = 00:00:03 ; elapsed = 00:00:28 . Memory (MB): peak = 2989.039 ; gain = 521.207
Synthesis Optimization Complete : Time (s): cpu = 00:00:04 ; elapsed = 00:00:30 . Memory (MB): peak = 2989.039 ; gain = 633.961
INFO: [Project 1-571] Translating synthesized netlist
Netlist sorting complete. Time (s): cpu = 00:00:00 ; elapsed = 00:00:00.003 . Memory (MB): peak = 2989.039 ; gain = 0.000
INFO: [Netlist 29-17] Analyzing 11 Unisim elements for replacement
INFO: [Netlist 29-28] Unisim Transformation completed in 0 CPU seconds
INFO: [Project 1-570] Preparing netlist for logic optimization
INFO: [Opt 31-138] Pushed 0 inverter(s) to 0 load pin(s).
Netlist sorting complete. Time (s): cpu = 00:00:00 ; elapsed = 00:00:00 . Memory (MB): peak = 2989.039 ; gain = 0.000
INFO: [Project 1-111] Unisim Transformation Summary:
No Unisim elements were transformed.

Synth Design complete | Checksum: 6e2bd15f
INFO: [Common 17-83] Releasing license: Synthesis
42 Infos, 25 Warnings, 0 Critical Warnings and 0 Errors encountered.
synth_design completed successfully
synth_design: Time (s): cpu = 00:00:05 ; elapsed = 00:00:36 . Memory (MB): peak = 2989.039 ; gain = 1040.875
INFO: [Common 17-1381] The checkpoint 'D:/Programs/Workspace/SmartZYNQ_SP2/HDMI_DRIVER_REL2.0/HDMI_DRIVER_REL2.0.runs/synth_1/hdmi_top.dcp' has been generated.
INFO: [runtcl-4] Executing : report_utilization -file hdmi_top_utilization_synth.rpt -pb hdmi_top_utilization_synth.pb
INFO: [Common 17-206] Exiting Vivado at Tue Feb 11 23:50:20 2025...
