19:10:18 DEBUG : Logs will be stored at 'D:/Programs/Workspace/SmartZYNQ_SP2/PS_CLK_TO_PL/PS_CLK_TO_PL.sdk/IDE.log'.
19:10:22 INFO  : Launching XSCT server: xsct.bat -n  -interactive D:\Programs\Workspace\SmartZYNQ_SP2\PS_CLK_TO_PL\PS_CLK_TO_PL.sdk\temp_xsdb_launch_script.tcl
19:10:24 INFO  : XSCT server has started successfully.
19:10:24 INFO  : plnx-install-location is set to ''
19:10:24 INFO  : Successfully done setting XSCT server connection channel  
19:10:24 INFO  : Successfully done setting workspace for the tool. 
19:10:30 INFO  : Registering command handlers for Vitis TCF services
19:10:30 INFO  : Successfully done query RDI_DATADIR 
19:10:31 INFO  : Platform repository initialization has completed.
19:11:22 INFO  : Result from executing command 'getProjects': ZYNQ_CORE_wrapper
19:11:22 INFO  : Result from executing command 'getPlatforms': xilinx_vck190_base_202310_1|D:/Xilinx/Vitis/2023.1/base_platforms/xilinx_vck190_base_202310_1/xilinx_vck190_base_202310_1.xpfm;xilinx_vck190_base_dfx_202310_1|D:/Xilinx/Vitis/2023.1/base_platforms/xilinx_vck190_base_dfx_202310_1/xilinx_vck190_base_dfx_202310_1.xpfm;xilinx_vek280_es1_base_202310_1|D:/Xilinx/Vitis/2023.1/base_platforms/xilinx_vek280_es1_base_202310_1/xilinx_vek280_es1_base_202310_1.xpfm;xilinx_vmk180_base_202310_1|D:/Xilinx/Vitis/2023.1/base_platforms/xilinx_vmk180_base_202310_1/xilinx_vmk180_base_202310_1.xpfm;xilinx_zcu102_base_202310_1|D:/Xilinx/Vitis/2023.1/base_platforms/xilinx_zcu102_base_202310_1/xilinx_zcu102_base_202310_1.xpfm;xilinx_zcu102_base_dfx_202310_1|D:/Xilinx/Vitis/2023.1/base_platforms/xilinx_zcu102_base_dfx_202310_1/xilinx_zcu102_base_dfx_202310_1.xpfm;xilinx_zcu104_base_202310_1|D:/Xilinx/Vitis/2023.1/base_platforms/xilinx_zcu104_base_202310_1/xilinx_zcu104_base_202310_1.xpfm
19:11:23 WARN  : An unexpected exception occurred in the module 'platform project logging'
19:11:24 INFO  : Platform 'ZYNQ_CORE_wrapper' is added to custom repositories.
19:11:28 INFO  : Platform 'ZYNQ_CORE_wrapper' is added to custom repositories.
19:12:17 INFO  : Result from executing command 'getProjects': ZYNQ_CORE_wrapper
19:12:17 INFO  : Result from executing command 'getPlatforms': ZYNQ_CORE_wrapper|D:/Programs/Workspace/SmartZYNQ_SP2/PS_CLK_TO_PL/PS_CLK_TO_PL.sdk/ZYNQ_CORE_wrapper/export/ZYNQ_CORE_wrapper/ZYNQ_CORE_wrapper.xpfm;xilinx_vck190_base_202310_1|D:/Xilinx/Vitis/2023.1/base_platforms/xilinx_vck190_base_202310_1/xilinx_vck190_base_202310_1.xpfm;xilinx_vck190_base_dfx_202310_1|D:/Xilinx/Vitis/2023.1/base_platforms/xilinx_vck190_base_dfx_202310_1/xilinx_vck190_base_dfx_202310_1.xpfm;xilinx_vek280_es1_base_202310_1|D:/Xilinx/Vitis/2023.1/base_platforms/xilinx_vek280_es1_base_202310_1/xilinx_vek280_es1_base_202310_1.xpfm;xilinx_vmk180_base_202310_1|D:/Xilinx/Vitis/2023.1/base_platforms/xilinx_vmk180_base_202310_1/xilinx_vmk180_base_202310_1.xpfm;xilinx_zcu102_base_202310_1|D:/Xilinx/Vitis/2023.1/base_platforms/xilinx_zcu102_base_202310_1/xilinx_zcu102_base_202310_1.xpfm;xilinx_zcu102_base_dfx_202310_1|D:/Xilinx/Vitis/2023.1/base_platforms/xilinx_zcu102_base_dfx_202310_1/xilinx_zcu102_base_dfx_202310_1.xpfm;xilinx_zcu104_base_202310_1|D:/Xilinx/Vitis/2023.1/base_platforms/xilinx_zcu104_base_202310_1/xilinx_zcu104_base_202310_1.xpfm
19:12:18 INFO  : Checking for BSP changes to sync application flags for project 'PS_CLK_PL'...
19:12:55 INFO  : Checking for BSP changes to sync application flags for project 'PS_CLK_PL'...
19:13:23 INFO  : Connected to target on host '127.0.0.1' and port '3121'.
19:13:25 INFO  : Jtag cable 'HelloFpga JTAG-SP2 03SD35A' is selected.
19:13:25 INFO  : 'jtag frequency' command is executed.
19:13:25 INFO  : Context for 'APU' is selected.
19:13:25 INFO  : System reset is completed.
19:13:28 INFO  : 'after 3000' command is executed.
19:13:29 INFO  : 'targets -set -filter {jtag_cable_name =~ "HelloFpga JTAG-SP2 03SD35A" && level==0 && jtag_device_ctx=="jsn-JTAG-SP2-03SD35A-23727093-0"}' command is executed.
19:13:31 INFO  : Device configured successfully with "D:/Programs/Workspace/SmartZYNQ_SP2/PS_CLK_TO_PL/PS_CLK_TO_PL.sdk/PS_CLK_PL/_ide/bitstream/ZYNQ_CORE_wrapper.bit"
19:13:31 INFO  : Context for 'APU' is selected.
19:13:31 INFO  : Hardware design and registers information is loaded from 'D:/Programs/Workspace/SmartZYNQ_SP2/PS_CLK_TO_PL/PS_CLK_TO_PL.sdk/ZYNQ_CORE_wrapper/export/ZYNQ_CORE_wrapper/hw/ZYNQ_CORE_wrapper.xsa'.
19:13:31 INFO  : 'configparams force-mem-access 1' command is executed.
19:13:31 INFO  : Context for 'APU' is selected.
19:13:31 INFO  : Sourcing of 'D:/Programs/Workspace/SmartZYNQ_SP2/PS_CLK_TO_PL/PS_CLK_TO_PL.sdk/PS_CLK_PL/_ide/psinit/ps7_init.tcl' is done.
19:13:32 INFO  : 'ps7_init' command is executed.
19:13:32 INFO  : 'ps7_post_config' command is executed.
19:13:32 INFO  : Context for processor 'ps7_cortexa9_0' is selected.
19:13:32 INFO  : The application 'D:/Programs/Workspace/SmartZYNQ_SP2/PS_CLK_TO_PL/PS_CLK_TO_PL.sdk/PS_CLK_PL/Debug/PS_CLK_PL.elf' is downloaded to processor 'ps7_cortexa9_0'.
19:13:32 INFO  : 'configparams force-mem-access 0' command is executed.
19:13:32 INFO  : ----------------XSDB Script----------------
connect -url tcp:127.0.0.1:3121
targets -set -nocase -filter {name =~"APU*"}
rst -system
after 3000
targets -set -filter {jtag_cable_name =~ "HelloFpga JTAG-SP2 03SD35A" && level==0 && jtag_device_ctx=="jsn-JTAG-SP2-03SD35A-23727093-0"}
fpga -file D:/Programs/Workspace/SmartZYNQ_SP2/PS_CLK_TO_PL/PS_CLK_TO_PL.sdk/PS_CLK_PL/_ide/bitstream/ZYNQ_CORE_wrapper.bit
targets -set -nocase -filter {name =~"APU*"}
loadhw -hw D:/Programs/Workspace/SmartZYNQ_SP2/PS_CLK_TO_PL/PS_CLK_TO_PL.sdk/ZYNQ_CORE_wrapper/export/ZYNQ_CORE_wrapper/hw/ZYNQ_CORE_wrapper.xsa -mem-ranges [list {0x40000000 0xbfffffff}] -regs
configparams force-mem-access 1
targets -set -nocase -filter {name =~"APU*"}
source D:/Programs/Workspace/SmartZYNQ_SP2/PS_CLK_TO_PL/PS_CLK_TO_PL.sdk/PS_CLK_PL/_ide/psinit/ps7_init.tcl
ps7_init
ps7_post_config
targets -set -nocase -filter {name =~ "*A9*#0"}
dow D:/Programs/Workspace/SmartZYNQ_SP2/PS_CLK_TO_PL/PS_CLK_TO_PL.sdk/PS_CLK_PL/Debug/PS_CLK_PL.elf
configparams force-mem-access 0
----------------End of Script----------------

19:13:32 INFO  : Context for processor 'ps7_cortexa9_0' is selected.
19:13:32 INFO  : 'con' command is executed.
19:13:32 INFO  : ----------------XSDB Script (After Launch)----------------
targets -set -nocase -filter {name =~ "*A9*#0"}
con
----------------End of Script----------------

19:13:32 INFO  : Launch script is exported to file 'D:\Programs\Workspace\SmartZYNQ_SP2\PS_CLK_TO_PL\PS_CLK_TO_PL.sdk\PS_CLK_PL_system\_ide\scripts\debugger_ps_clk_pl-default.tcl'
19:13:47 INFO  : Disconnected from the channel tcfchan#2.
