Copyright 1986-2022 Xilinx, Inc. All Rights Reserved. Copyright 2022-2023 Advanced Micro Devices, Inc. All Rights Reserved.
-------------------------------------------------------------------------------------------------------------------------------------------------------------------------
| Tool Version     : Vivado v.2023.1 (win64) Build 3865809 Sun May  7 15:05:29 MDT 2023
| Date             : Sun Feb 23 20:14:43 2025
| Host             : LAPTOP-DUUNQKAE running 64-bit major release  (build 9200)
| Command          : report_power -file ZYNQ_CORE_wrapper_power_routed.rpt -pb ZYNQ_CORE_wrapper_power_summary_routed.pb -rpx ZYNQ_CORE_wrapper_power_routed.rpx
| Design           : ZYNQ_CORE_wrapper
| Device           : xc7z020clg484-1
| Design State     : routed
| Grade            : commercial
| Process          : typical
| Characterization : Production
-------------------------------------------------------------------------------------------------------------------------------------------------------------------------

Power Report

Table of Contents
-----------------
1. Summary
1.1 On-Chip Components
1.2 Power Supply Summary
1.3 Confidence Level
2. Settings
2.1 Environment
2.2 Clock Constraints
3. Detailed Reports
3.1 By Hierarchy

1. Summary
----------

+--------------------------+--------------+
| Total On-Chip Power (W)  | 1.764        |
| Design Power Budget (W)  | Unspecified* |
| Power Budget Margin (W)  | NA           |
| Dynamic (W)              | 1.620        |
| Device Static (W)        | 0.144        |
| Effective TJA (C/W)      | 11.5         |
| Max Ambient (C)          | 64.7         |
| Junction Temperature (C) | 45.3         |
| Confidence Level         | Low          |
| Setting File             | ---          |
| Simulation Activity File | ---          |
| Design Nets Matched      | NA           |
+--------------------------+--------------+
* Specify Design Power Budget using, set_operating_conditions -design_power_budget <value in Watts>


1.1 On-Chip Components
----------------------

+--------------------------+-----------+----------+-----------+-----------------+
| On-Chip                  | Power (W) | Used     | Available | Utilization (%) |
+--------------------------+-----------+----------+-----------+-----------------+
| Clocks                   |     0.037 |        9 |       --- |             --- |
| Slice Logic              |     0.007 |    12602 |       --- |             --- |
|   LUT as Logic           |     0.005 |     3997 |     53200 |            7.51 |
|   CARRY4                 |    <0.001 |      225 |     13300 |            1.69 |
|   Register               |    <0.001 |     6330 |    106400 |            5.95 |
|   LUT as Shift Register  |    <0.001 |      233 |     17400 |            1.34 |
|   LUT as Distributed RAM |    <0.001 |       18 |     17400 |            0.10 |
|   F7/F8 Muxes            |    <0.001 |        7 |     53200 |            0.01 |
|   Others                 |     0.000 |      657 |       --- |             --- |
| Signals                  |     0.008 |     9166 |       --- |             --- |
| Block RAM                |     0.009 |       10 |       140 |            7.14 |
| MMCM                     |     0.132 |        1 |         4 |           25.00 |
| I/O                      |     0.153 |       24 |       200 |           12.00 |
| PS7                      |     1.275 |        1 |       --- |             --- |
| Static Power             |     0.144 |          |           |                 |
| Total                    |     1.764 |          |           |                 |
+--------------------------+-----------+----------+-----------+-----------------+


1.2 Power Supply Summary
------------------------

+-----------+-------------+-----------+-------------+------------+-------------+-------------+------------+
| Source    | Voltage (V) | Total (A) | Dynamic (A) | Static (A) | Powerup (A) | Budget (A)  | Margin (A) |
+-----------+-------------+-----------+-------------+------------+-------------+-------------+------------+
| Vccint    |       1.000 |     0.078 |       0.063 |      0.016 |       NA    | Unspecified | NA         |
| Vccaux    |       1.800 |     0.089 |       0.074 |      0.015 |       NA    | Unspecified | NA         |
| Vcco33    |       3.300 |     0.046 |       0.045 |      0.001 |       NA    | Unspecified | NA         |
| Vcco25    |       2.500 |     0.000 |       0.000 |      0.000 |       NA    | Unspecified | NA         |
| Vcco18    |       1.800 |     0.000 |       0.000 |      0.000 |       NA    | Unspecified | NA         |
| Vcco15    |       1.500 |     0.000 |       0.000 |      0.000 |       NA    | Unspecified | NA         |
| Vcco135   |       1.350 |     0.000 |       0.000 |      0.000 |       NA    | Unspecified | NA         |
| Vcco12    |       1.200 |     0.000 |       0.000 |      0.000 |       NA    | Unspecified | NA         |
| Vccaux_io |       1.800 |     0.000 |       0.000 |      0.000 |       NA    | Unspecified | NA         |
| Vccbram   |       1.000 |     0.002 |       0.001 |      0.002 |       NA    | Unspecified | NA         |
| MGTAVcc   |       1.000 |     0.000 |       0.000 |      0.000 |       NA    | Unspecified | NA         |
| MGTAVtt   |       1.200 |     0.000 |       0.000 |      0.000 |       NA    | Unspecified | NA         |
| MGTVccaux |       1.800 |     0.000 |       0.000 |      0.000 |       NA    | Unspecified | NA         |
| Vccpint   |       1.000 |     0.700 |       0.669 |      0.031 |       NA    | Unspecified | NA         |
| Vccpaux   |       1.800 |     0.036 |       0.026 |      0.010 |       NA    | Unspecified | NA         |
| Vccpll    |       1.800 |     0.017 |       0.014 |      0.003 |       NA    | Unspecified | NA         |
| Vcco_ddr  |       1.500 |     0.356 |       0.354 |      0.002 |       NA    | Unspecified | NA         |
| Vcco_mio0 |       1.800 |     0.000 |       0.000 |      0.000 |       NA    | Unspecified | NA         |
| Vcco_mio1 |       1.800 |     0.002 |       0.001 |      0.001 |       NA    | Unspecified | NA         |
| Vccadc    |       1.800 |     0.020 |       0.000 |      0.020 |       NA    | Unspecified | NA         |
+-----------+-------------+-----------+-------------+------------+-------------+-------------+------------+


1.3 Confidence Level
--------------------

+-----------------------------+------------+--------------------------------------------------------+------------------------------------------------------------------------------------------------------------+
| User Input Data             | Confidence | Details                                                | Action                                                                                                     |
+-----------------------------+------------+--------------------------------------------------------+------------------------------------------------------------------------------------------------------------+
| Design implementation state | High       | Design is routed                                       |                                                                                                            |
| Clock nodes activity        | High       | User specified more than 95% of clocks                 |                                                                                                            |
| I/O nodes activity          | Low        | More than 75% of inputs are missing user specification | Provide missing input activity with simulation results or by editing the "By Resource Type -> I/Os" view   |
| Internal nodes activity     | Medium     | User specified less than 25% of internal nodes         | Provide missing internal nodes activity with simulation results or by editing the "By Resource Type" views |
| Device models               | High       | Device models are Production                           |                                                                                                            |
|                             |            |                                                        |                                                                                                            |
| Overall confidence level    | Low        |                                                        |                                                                                                            |
+-----------------------------+------------+--------------------------------------------------------+------------------------------------------------------------------------------------------------------------+


2. Settings
-----------

2.1 Environment
---------------

+-----------------------+------------------------+
| Ambient Temp (C)      | 25.0                   |
| ThetaJA (C/W)         | 11.5                   |
| Airflow (LFM)         | 250                    |
| Heat Sink             | none                   |
| ThetaSA (C/W)         | 0.0                    |
| Board Selection       | medium (10"x10")       |
| # of Board Layers     | 8to11 (8 to 11 Layers) |
| Board Temperature (C) | 25.0                   |
+-----------------------+------------------------+


2.2 Clock Constraints
---------------------

+--------------------------------+--------------------------------------------------------------+-----------------+
| Clock                          | Domain                                                       | Constraint (ns) |
+--------------------------------+--------------------------------------------------------------+-----------------+
| cam_pclk_0                     | cam_pclk_0                                                   |            13.9 |
| clk_fpga_0                     | ZYNQ_CORE_i/processing_system7_0/inst/FCLK_CLK0              |            20.0 |
| clk_fpga_0                     | ZYNQ_CORE_i/processing_system7_0/inst/FCLK_CLK_unbuffered[0] |            20.0 |
| clk_fpga_1                     | ZYNQ_CORE_i/processing_system7_0/inst/FCLK_CLK_unbuffered[1] |             6.7 |
| clk_out1_ZYNQ_CORE_clk_wiz_0_0 | ZYNQ_CORE_i/clk_wiz_0/inst/clk_out1_ZYNQ_CORE_clk_wiz_0_0    |            13.3 |
| clk_out2_ZYNQ_CORE_clk_wiz_0_0 | ZYNQ_CORE_i/clk_wiz_0/inst/clk_out2_ZYNQ_CORE_clk_wiz_0_0    |             2.7 |
| clkfbout_ZYNQ_CORE_clk_wiz_0_0 | ZYNQ_CORE_i/clk_wiz_0/inst/clkfbout_ZYNQ_CORE_clk_wiz_0_0    |            20.0 |
+--------------------------------+--------------------------------------------------------------+-----------------+


3. Detailed Reports
-------------------

3.1 By Hierarchy
----------------

+--------------------------+-----------+
| Name                     | Power (W) |
+--------------------------+-----------+
| ZYNQ_CORE_wrapper        |     1.620 |
|   ZYNQ_CORE_i            |     1.614 |
|     DVI_Transmitter_0    |     0.154 |
|       inst               |     0.154 |
|     axi_mem_intercon     |     0.004 |
|       m00_couplers       |     0.002 |
|       xbar               |     0.002 |
|     axi_vdma_0           |     0.036 |
|       U0                 |     0.036 |
|     clk_wiz_0            |     0.132 |
|       inst               |     0.132 |
|     processing_system7_0 |     1.276 |
|       inst               |     1.276 |
|     ps7_0_axi_periph     |     0.002 |
|       s00_couplers       |     0.002 |
|     v_axi4s_vid_out_0    |     0.004 |
|       inst               |     0.004 |
|     v_vid_in_axi4s_0     |     0.004 |
|       inst               |     0.004 |
|   emio_sccb_tri_iobuf_0  |     0.003 |
|   emio_sccb_tri_iobuf_1  |     0.003 |
+--------------------------+-----------+


