
*** Running vivado
    with args -log ZYNQ_CORE_wrapper.vdi -applog -m64 -product Vivado -messageDb vivado.pb -mode batch -source ZYNQ_CORE_wrapper.tcl -notrace



****** Vivado v2023.1 (64-bit)
  **** SW Build 3865809 on Sun May  7 15:05:29 MDT 2023
  **** IP Build 3864474 on Sun May  7 20:36:21 MDT 2023
  **** SharedData Build 3865790 on Sun May 07 13:33:03 MDT 2023
    ** Copyright 1986-2022 Xilinx, Inc. All Rights Reserved.
    ** Copyright 2022-2023 Advanced Micro Devices, Inc. All Rights Reserved.

source ZYNQ_CORE_wrapper.tcl -notrace
INFO: [IP_Flow 19-234] Refreshing IP repositories
INFO: [IP_Flow 19-1700] Loaded user IP repository 'd:/Programs/Workspace/SmartZYNQ_SP2/ip_repo/PS_PL_REG_1_0'.
INFO: [IP_Flow 19-2313] Loaded Vivado IP repository 'D:/Xilinx/Vivado/2023.1/data/ip'.
Command: link_design -top ZYNQ_CORE_wrapper -part xc7z020clg484-1
Design is defaulting to srcset: sources_1
Design is defaulting to constrset: constrs_1
INFO: [Device 21-403] Loading part xc7z020clg484-1
INFO: [Project 1-454] Reading design checkpoint 'd:/Programs/Workspace/SmartZYNQ_SP2/PS_PL_REG/PS_PL_REG.gen/sources_1/bd/ZYNQ_CORE/ip/ZYNQ_CORE_PS_PL_REG_0_0/ZYNQ_CORE_PS_PL_REG_0_0.dcp' for cell 'ZYNQ_CORE_i/PS_PL_REG_0'
INFO: [Project 1-454] Reading design checkpoint 'd:/Programs/Workspace/SmartZYNQ_SP2/PS_PL_REG/PS_PL_REG.gen/sources_1/bd/ZYNQ_CORE/ip/ZYNQ_CORE_processing_system7_0_0/ZYNQ_CORE_processing_system7_0_0.dcp' for cell 'ZYNQ_CORE_i/processing_system7_0'
INFO: [Project 1-454] Reading design checkpoint 'd:/Programs/Workspace/SmartZYNQ_SP2/PS_PL_REG/PS_PL_REG.gen/sources_1/bd/ZYNQ_CORE/ip/ZYNQ_CORE_rst_ps7_0_50M_0/ZYNQ_CORE_rst_ps7_0_50M_0.dcp' for cell 'ZYNQ_CORE_i/rst_ps7_0_50M'
INFO: [Project 1-454] Reading design checkpoint 'd:/Programs/Workspace/SmartZYNQ_SP2/PS_PL_REG/PS_PL_REG.gen/sources_1/bd/ZYNQ_CORE/ip/ZYNQ_CORE_auto_pc_0/ZYNQ_CORE_auto_pc_0.dcp' for cell 'ZYNQ_CORE_i/ps7_0_axi_periph/s00_couplers/auto_pc'
Netlist sorting complete. Time (s): cpu = 00:00:00 ; elapsed = 00:00:00.032 . Memory (MB): peak = 2375.086 ; gain = 0.000
INFO: [Netlist 29-17] Analyzing 18 Unisim elements for replacement
INFO: [Netlist 29-28] Unisim Transformation completed in 0 CPU seconds
INFO: [Project 1-479] Netlist was created with Vivado 2023.1
INFO: [Project 1-570] Preparing netlist for logic optimization
Parsing XDC File [d:/Programs/Workspace/SmartZYNQ_SP2/PS_PL_REG/PS_PL_REG.gen/sources_1/bd/ZYNQ_CORE/ip/ZYNQ_CORE_processing_system7_0_0/ZYNQ_CORE_processing_system7_0_0.xdc] for cell 'ZYNQ_CORE_i/processing_system7_0/inst'
Finished Parsing XDC File [d:/Programs/Workspace/SmartZYNQ_SP2/PS_PL_REG/PS_PL_REG.gen/sources_1/bd/ZYNQ_CORE/ip/ZYNQ_CORE_processing_system7_0_0/ZYNQ_CORE_processing_system7_0_0.xdc] for cell 'ZYNQ_CORE_i/processing_system7_0/inst'
Parsing XDC File [d:/Programs/Workspace/SmartZYNQ_SP2/PS_PL_REG/PS_PL_REG.gen/sources_1/bd/ZYNQ_CORE/ip/ZYNQ_CORE_rst_ps7_0_50M_0/ZYNQ_CORE_rst_ps7_0_50M_0_board.xdc] for cell 'ZYNQ_CORE_i/rst_ps7_0_50M/U0'
Finished Parsing XDC File [d:/Programs/Workspace/SmartZYNQ_SP2/PS_PL_REG/PS_PL_REG.gen/sources_1/bd/ZYNQ_CORE/ip/ZYNQ_CORE_rst_ps7_0_50M_0/ZYNQ_CORE_rst_ps7_0_50M_0_board.xdc] for cell 'ZYNQ_CORE_i/rst_ps7_0_50M/U0'
Parsing XDC File [d:/Programs/Workspace/SmartZYNQ_SP2/PS_PL_REG/PS_PL_REG.gen/sources_1/bd/ZYNQ_CORE/ip/ZYNQ_CORE_rst_ps7_0_50M_0/ZYNQ_CORE_rst_ps7_0_50M_0.xdc] for cell 'ZYNQ_CORE_i/rst_ps7_0_50M/U0'
Finished Parsing XDC File [d:/Programs/Workspace/SmartZYNQ_SP2/PS_PL_REG/PS_PL_REG.gen/sources_1/bd/ZYNQ_CORE/ip/ZYNQ_CORE_rst_ps7_0_50M_0/ZYNQ_CORE_rst_ps7_0_50M_0.xdc] for cell 'ZYNQ_CORE_i/rst_ps7_0_50M/U0'
Parsing XDC File [D:/Programs/Workspace/SmartZYNQ_SP2/PS_PL_REG/PS_PL_REG.srcs/constrs_1/new/PIN.xdc]
Finished Parsing XDC File [D:/Programs/Workspace/SmartZYNQ_SP2/PS_PL_REG/PS_PL_REG.srcs/constrs_1/new/PIN.xdc]
INFO: [Opt 31-138] Pushed 0 inverter(s) to 0 load pin(s).
Netlist sorting complete. Time (s): cpu = 00:00:00 ; elapsed = 00:00:00 . Memory (MB): peak = 2521.098 ; gain = 0.000
INFO: [Project 1-111] Unisim Transformation Summary:
No Unisim elements were transformed.

14 Infos, 0 Warnings, 0 Critical Warnings and 0 Errors encountered.
link_design completed successfully
link_design: Time (s): cpu = 00:00:02 ; elapsed = 00:00:07 . Memory (MB): peak = 2521.098 ; gain = 571.680
Command: opt_design
Attempting to get a license for feature 'Implementation' and/or device 'xc7z020'
INFO: [Common 17-349] Got license for feature 'Implementation' and/or device 'xc7z020'
Running DRC as a precondition to command opt_design

Starting DRC Task
INFO: [DRC 23-27] Running DRC with 2 threads
INFO: [Project 1-461] DRC finished with 0 Errors
INFO: [Project 1-462] Please refer to the DRC report (report_drc) for more information.

Time (s): cpu = 00:00:01 ; elapsed = 00:00:00.512 . Memory (MB): peak = 2549.160 ; gain = 28.062

Starting Cache Timing Information Task
INFO: [Timing 38-35] Done setting XDC timing constraints.
Ending Cache Timing Information Task | Checksum: 2061bb151

Time (s): cpu = 00:00:03 ; elapsed = 00:00:04 . Memory (MB): peak = 3076.633 ; gain = 527.473

Starting Logic Optimization Task

Phase 1 Retarget
INFO: [Opt 31-138] Pushed 0 inverter(s) to 0 load pin(s).
INFO: [Opt 31-49] Retargeted 0 cell(s).
Phase 1 Retarget | Checksum: 22b658906

Time (s): cpu = 00:00:00 ; elapsed = 00:00:00.046 . Memory (MB): peak = 3429.379 ; gain = 0.000
INFO: [Opt 31-389] Phase Retarget created 4 cells and removed 29 cells

Phase 2 Constant propagation
INFO: [Opt 31-138] Pushed 0 inverter(s) to 0 load pin(s).
Phase 2 Constant propagation | Checksum: 1fb5953cf

Time (s): cpu = 00:00:00 ; elapsed = 00:00:00.052 . Memory (MB): peak = 3429.379 ; gain = 0.000
INFO: [Opt 31-389] Phase Constant propagation created 0 cells and removed 8 cells

Phase 3 Sweep
Phase 3 Sweep | Checksum: 1e6b11301

Time (s): cpu = 00:00:00 ; elapsed = 00:00:00.115 . Memory (MB): peak = 3429.379 ; gain = 0.000
INFO: [Opt 31-389] Phase Sweep created 0 cells and removed 297 cells

Phase 4 BUFG optimization
Phase 4 BUFG optimization | Checksum: 1e6b11301

Time (s): cpu = 00:00:00 ; elapsed = 00:00:00.136 . Memory (MB): peak = 3429.379 ; gain = 0.000
INFO: [Opt 31-662] Phase BUFG optimization created 0 cells of which 0 are BUFGs and removed 0 cells.

Phase 5 Shift Register Optimization
INFO: [Opt 31-1064] SRL Remap converted 0 SRLs to 0 registers and converted 0 registers of register chains to 0 SRLs
Phase 5 Shift Register Optimization | Checksum: 1128d03f8

Time (s): cpu = 00:00:00 ; elapsed = 00:00:00.174 . Memory (MB): peak = 3429.379 ; gain = 0.000
INFO: [Opt 31-389] Phase Shift Register Optimization created 0 cells and removed 0 cells

Phase 6 Post Processing Netlist
Phase 6 Post Processing Netlist | Checksum: 16abc9b76

Time (s): cpu = 00:00:00 ; elapsed = 00:00:00.180 . Memory (MB): peak = 3429.379 ; gain = 0.000
INFO: [Opt 31-389] Phase Post Processing Netlist created 0 cells and removed 0 cells
Opt_design Change Summary
=========================


-------------------------------------------------------------------------------------------------------------------------
|  Phase                        |  #Cells created  |  #Cells Removed  |  #Constrained objects preventing optimizations  |
-------------------------------------------------------------------------------------------------------------------------
|  Retarget                     |               4  |              29  |                                              0  |
|  Constant propagation         |               0  |               8  |                                              0  |
|  Sweep                        |               0  |             297  |                                              0  |
|  BUFG optimization            |               0  |               0  |                                              0  |
|  Shift Register Optimization  |               0  |               0  |                                              0  |
|  Post Processing Netlist      |               0  |               0  |                                              0  |
-------------------------------------------------------------------------------------------------------------------------



Starting Connectivity Check Task

Time (s): cpu = 00:00:00 ; elapsed = 00:00:00.001 . Memory (MB): peak = 3429.379 ; gain = 0.000
Ending Logic Optimization Task | Checksum: 16ca7e583

Time (s): cpu = 00:00:00 ; elapsed = 00:00:00.184 . Memory (MB): peak = 3429.379 ; gain = 0.000

Starting Power Optimization Task
INFO: [Pwropt 34-132] Skipping clock gating for clocks with a period < 2.00 ns.
Ending Power Optimization Task | Checksum: 16ca7e583

Time (s): cpu = 00:00:00 ; elapsed = 00:00:00.006 . Memory (MB): peak = 3429.379 ; gain = 0.000

Starting Final Cleanup Task
Ending Final Cleanup Task | Checksum: 16ca7e583

Time (s): cpu = 00:00:00 ; elapsed = 00:00:00 . Memory (MB): peak = 3429.379 ; gain = 0.000

Starting Netlist Obfuscation Task
Netlist sorting complete. Time (s): cpu = 00:00:00 ; elapsed = 00:00:00 . Memory (MB): peak = 3429.379 ; gain = 0.000
Ending Netlist Obfuscation Task | Checksum: 16ca7e583

Time (s): cpu = 00:00:00 ; elapsed = 00:00:00.001 . Memory (MB): peak = 3429.379 ; gain = 0.000
INFO: [Common 17-83] Releasing license: Implementation
31 Infos, 0 Warnings, 0 Critical Warnings and 0 Errors encountered.
opt_design completed successfully
opt_design: Time (s): cpu = 00:00:05 ; elapsed = 00:00:07 . Memory (MB): peak = 3429.379 ; gain = 908.281
INFO: [runtcl-4] Executing : report_drc -file ZYNQ_CORE_wrapper_drc_opted.rpt -pb ZYNQ_CORE_wrapper_drc_opted.pb -rpx ZYNQ_CORE_wrapper_drc_opted.rpx
Command: report_drc -file ZYNQ_CORE_wrapper_drc_opted.rpt -pb ZYNQ_CORE_wrapper_drc_opted.pb -rpx ZYNQ_CORE_wrapper_drc_opted.rpx
INFO: [IP_Flow 19-1839] IP Catalog is up to date.
INFO: [DRC 23-27] Running DRC with 2 threads
INFO: [Vivado_Tcl 2-168] The results of DRC are in file D:/Programs/Workspace/SmartZYNQ_SP2/PS_PL_REG/PS_PL_REG.runs/impl_1/ZYNQ_CORE_wrapper_drc_opted.rpt.
report_drc completed successfully
INFO: [Timing 38-480] Writing timing data to binary archive.
Writing XDEF routing.
Writing XDEF routing logical nets.
Writing XDEF routing special nets.
Write XDEF Complete: Time (s): cpu = 00:00:00 ; elapsed = 00:00:00.047 . Memory (MB): peak = 3429.379 ; gain = 0.000
INFO: [Common 17-1381] The checkpoint 'D:/Programs/Workspace/SmartZYNQ_SP2/PS_PL_REG/PS_PL_REG.runs/impl_1/ZYNQ_CORE_wrapper_opt.dcp' has been generated.
Command: place_design
Attempting to get a license for feature 'Implementation' and/or device 'xc7z020'
INFO: [Common 17-349] Got license for feature 'Implementation' and/or device 'xc7z020'
INFO: [DRC 23-27] Running DRC with 2 threads
INFO: [Vivado_Tcl 4-198] DRC finished with 0 Errors
INFO: [Vivado_Tcl 4-199] Please refer to the DRC report (report_drc) for more information.
Running DRC as a precondition to command place_design
INFO: [DRC 23-27] Running DRC with 2 threads
INFO: [Vivado_Tcl 4-198] DRC finished with 0 Errors
INFO: [Vivado_Tcl 4-199] Please refer to the DRC report (report_drc) for more information.

Starting Placer Task
INFO: [Place 30-611] Multithreading enabled for place_design using a maximum of 2 CPUs

Phase 1 Placer Initialization

Phase 1.1 Placer Initialization Netlist Sorting
Netlist sorting complete. Time (s): cpu = 00:00:00 ; elapsed = 00:00:00 . Memory (MB): peak = 3429.379 ; gain = 0.000
Phase 1.1 Placer Initialization Netlist Sorting | Checksum: e46db885

Time (s): cpu = 00:00:00 ; elapsed = 00:00:00.005 . Memory (MB): peak = 3429.379 ; gain = 0.000
Netlist sorting complete. Time (s): cpu = 00:00:00 ; elapsed = 00:00:00.001 . Memory (MB): peak = 3429.379 ; gain = 0.000

Phase 1.2 IO Placement/ Clock Placement/ Build Placer Device
INFO: [Timing 38-35] Done setting XDC timing constraints.
Phase 1.2 IO Placement/ Clock Placement/ Build Placer Device | Checksum: fa3ccedb

Time (s): cpu = 00:00:00 ; elapsed = 00:00:00.271 . Memory (MB): peak = 3429.379 ; gain = 0.000

Phase 1.3 Build Placer Netlist Model
Phase 1.3 Build Placer Netlist Model | Checksum: fc8e1e9d

Time (s): cpu = 00:00:00 ; elapsed = 00:00:00.388 . Memory (MB): peak = 3429.379 ; gain = 0.000

Phase 1.4 Constrain Clocks/Macros
Phase 1.4 Constrain Clocks/Macros | Checksum: fc8e1e9d

Time (s): cpu = 00:00:00 ; elapsed = 00:00:00.390 . Memory (MB): peak = 3429.379 ; gain = 0.000
Phase 1 Placer Initialization | Checksum: fc8e1e9d

Time (s): cpu = 00:00:00 ; elapsed = 00:00:00.393 . Memory (MB): peak = 3429.379 ; gain = 0.000

Phase 2 Global Placement

Phase 2.1 Floorplanning
Phase 2.1 Floorplanning | Checksum: 139000cdf

Time (s): cpu = 00:00:00 ; elapsed = 00:00:00.451 . Memory (MB): peak = 3429.379 ; gain = 0.000

Phase 2.2 Update Timing before SLR Path Opt
Phase 2.2 Update Timing before SLR Path Opt | Checksum: 1384bdab1

Time (s): cpu = 00:00:00 ; elapsed = 00:00:00.488 . Memory (MB): peak = 3429.379 ; gain = 0.000

Phase 2.3 Post-Processing in Floorplanning
Phase 2.3 Post-Processing in Floorplanning | Checksum: 1384bdab1

Time (s): cpu = 00:00:00 ; elapsed = 00:00:00.490 . Memory (MB): peak = 3429.379 ; gain = 0.000

Phase 2.4 Global Placement Core

Phase 2.4.1 UpdateTiming Before Physical Synthesis
Phase 2.4.1 UpdateTiming Before Physical Synthesis | Checksum: 11ec4aad9

Time (s): cpu = 00:00:00 ; elapsed = 00:00:01 . Memory (MB): peak = 3429.379 ; gain = 0.000

Phase 2.4.2 Physical Synthesis In Placer
INFO: [Physopt 32-1035] Found 0 LUTNM shape to break, 29 LUT instances to create LUTNM shape
INFO: [Physopt 32-1044] Break lutnm for timing: one critical 0, two critical 0, total 0, new lutff created 0
INFO: [Physopt 32-1138] End 1 Pass. Optimized 13 nets or LUTs. Breaked 0 LUT, combined 13 existing LUTs and moved 0 existing LUT
INFO: [Physopt 32-65] No nets found for high-fanout optimization.
INFO: [Physopt 32-232] Optimized 0 net. Created 0 new instance.
INFO: [Physopt 32-775] End 1 Pass. Optimized 0 net or cell. Created 0 new cell, deleted 0 existing cell and moved 0 existing cell
INFO: [Physopt 32-670] No setup violation found.  DSP Register Optimization was not performed.
INFO: [Physopt 32-670] No setup violation found.  Shift Register to Pipeline Optimization was not performed.
INFO: [Physopt 32-670] No setup violation found.  Shift Register Optimization was not performed.
INFO: [Physopt 32-670] No setup violation found.  BRAM Register Optimization was not performed.
INFO: [Physopt 32-670] No setup violation found.  URAM Register Optimization was not performed.
INFO: [Physopt 32-949] No candidate nets found for dynamic/static region interface net replication
INFO: [Physopt 32-775] End 1 Pass. Optimized 0 net or cell. Created 0 new cell, deleted 0 existing cell and moved 0 existing cell
Netlist sorting complete. Time (s): cpu = 00:00:00 ; elapsed = 00:00:00 . Memory (MB): peak = 3429.379 ; gain = 0.000

Summary of Physical Synthesis Optimizations
============================================


-----------------------------------------------------------------------------------------------------------------------------------------------------------
|  Optimization                                     |  Added Cells  |  Removed Cells  |  Optimized Cells/Nets  |  Dont Touch  |  Iterations  |  Elapsed   |
-----------------------------------------------------------------------------------------------------------------------------------------------------------
|  LUT Combining                                    |            0  |             13  |                    13  |           0  |           1  |  00:00:00  |
|  Retime                                           |            0  |              0  |                     0  |           0  |           1  |  00:00:00  |
|  Very High Fanout                                 |            0  |              0  |                     0  |           0  |           1  |  00:00:00  |
|  DSP Register                                     |            0  |              0  |                     0  |           0  |           0  |  00:00:00  |
|  Shift Register to Pipeline                       |            0  |              0  |                     0  |           0  |           0  |  00:00:00  |
|  Shift Register                                   |            0  |              0  |                     0  |           0  |           0  |  00:00:00  |
|  BRAM Register                                    |            0  |              0  |                     0  |           0  |           0  |  00:00:00  |
|  URAM Register                                    |            0  |              0  |                     0  |           0  |           0  |  00:00:00  |
|  Dynamic/Static Region Interface Net Replication  |            0  |              0  |                     0  |           0  |           1  |  00:00:00  |
|  Total                                            |            0  |             13  |                    13  |           0  |           4  |  00:00:00  |
-----------------------------------------------------------------------------------------------------------------------------------------------------------


Phase 2.4.2 Physical Synthesis In Placer | Checksum: 1dea962fa

Time (s): cpu = 00:00:00 ; elapsed = 00:00:01 . Memory (MB): peak = 3429.379 ; gain = 0.000
Phase 2.4 Global Placement Core | Checksum: 14a65f3fa

Time (s): cpu = 00:00:00 ; elapsed = 00:00:01 . Memory (MB): peak = 3429.379 ; gain = 0.000
Phase 2 Global Placement | Checksum: 14a65f3fa

Time (s): cpu = 00:00:00 ; elapsed = 00:00:01 . Memory (MB): peak = 3429.379 ; gain = 0.000

Phase 3 Detail Placement

Phase 3.1 Commit Multi Column Macros
Phase 3.1 Commit Multi Column Macros | Checksum: 1813882f2

Time (s): cpu = 00:00:00 ; elapsed = 00:00:01 . Memory (MB): peak = 3429.379 ; gain = 0.000

Phase 3.2 Commit Most Macros & LUTRAMs
Phase 3.2 Commit Most Macros & LUTRAMs | Checksum: 1f0494ade

Time (s): cpu = 00:00:00 ; elapsed = 00:00:02 . Memory (MB): peak = 3429.379 ; gain = 0.000

Phase 3.3 Area Swap Optimization
Phase 3.3 Area Swap Optimization | Checksum: 22702a28a

Time (s): cpu = 00:00:00 ; elapsed = 00:00:02 . Memory (MB): peak = 3429.379 ; gain = 0.000

Phase 3.4 Pipeline Register Optimization
Phase 3.4 Pipeline Register Optimization | Checksum: 1ce3126fa

Time (s): cpu = 00:00:00 ; elapsed = 00:00:02 . Memory (MB): peak = 3429.379 ; gain = 0.000

Phase 3.5 Small Shape Detail Placement
Phase 3.5 Small Shape Detail Placement | Checksum: 1300be62e

Time (s): cpu = 00:00:01 ; elapsed = 00:00:02 . Memory (MB): peak = 3429.379 ; gain = 0.000

Phase 3.6 Re-assign LUT pins
Phase 3.6 Re-assign LUT pins | Checksum: 1712670a1

Time (s): cpu = 00:00:01 ; elapsed = 00:00:02 . Memory (MB): peak = 3429.379 ; gain = 0.000

Phase 3.7 Pipeline Register Optimization
Phase 3.7 Pipeline Register Optimization | Checksum: 1c7fa0511

Time (s): cpu = 00:00:01 ; elapsed = 00:00:02 . Memory (MB): peak = 3429.379 ; gain = 0.000
Phase 3 Detail Placement | Checksum: 1c7fa0511

Time (s): cpu = 00:00:01 ; elapsed = 00:00:02 . Memory (MB): peak = 3429.379 ; gain = 0.000

Phase 4 Post Placement Optimization and Clean-Up

Phase 4.1 Post Commit Optimization
INFO: [Timing 38-35] Done setting XDC timing constraints.

Phase 4.1.1 Post Placement Optimization
Post Placement Optimization Initialization | Checksum: 1ebdf636b

Phase 4.1.1.1 BUFG Insertion

Starting Physical Synthesis Task

Phase 1 Physical Synthesis Initialization
INFO: [Physopt 32-721] Multithreading enabled for phys_opt_design using a maximum of 2 CPUs
INFO: [Physopt 32-619] Estimated Timing Summary | WNS=14.296 | TNS=0.000 |
Phase 1 Physical Synthesis Initialization | Checksum: 1e76023ec

Time (s): cpu = 00:00:00 ; elapsed = 00:00:00.027 . Memory (MB): peak = 3429.379 ; gain = 0.000
INFO: [Place 46-56] BUFG insertion identified 0 candidate nets. Inserted BUFG: 0, Replicated BUFG Driver: 0, Skipped due to Placement/Routing Conflicts: 0, Skipped due to Timing Degradation: 0, Skipped due to netlist editing failed: 0.
Ending Physical Synthesis Task | Checksum: 1e76023ec

Time (s): cpu = 00:00:00 ; elapsed = 00:00:00.033 . Memory (MB): peak = 3429.379 ; gain = 0.000
Phase 4.1.1.1 BUFG Insertion | Checksum: 1ebdf636b

Time (s): cpu = 00:00:01 ; elapsed = 00:00:02 . Memory (MB): peak = 3429.379 ; gain = 0.000

Phase 4.1.1.2 Post Placement Timing Optimization
INFO: [Place 30-746] Post Placement Timing Summary WNS=14.296. For the most accurate timing information please run report_timing.
Phase 4.1.1.2 Post Placement Timing Optimization | Checksum: 23d2d13d8

Time (s): cpu = 00:00:01 ; elapsed = 00:00:02 . Memory (MB): peak = 3429.379 ; gain = 0.000

Time (s): cpu = 00:00:01 ; elapsed = 00:00:02 . Memory (MB): peak = 3429.379 ; gain = 0.000
Phase 4.1 Post Commit Optimization | Checksum: 23d2d13d8

Time (s): cpu = 00:00:01 ; elapsed = 00:00:02 . Memory (MB): peak = 3429.379 ; gain = 0.000

Phase 4.2 Post Placement Cleanup
Phase 4.2 Post Placement Cleanup | Checksum: 23d2d13d8

Time (s): cpu = 00:00:01 ; elapsed = 00:00:02 . Memory (MB): peak = 3429.379 ; gain = 0.000

Phase 4.3 Placer Reporting

Phase 4.3.1 Print Estimated Congestion
INFO: [Place 30-612] Post-Placement Estimated Congestion 
 ____________________________________________________
|           | Global Congestion | Short Congestion  |
| Direction | Region Size       | Region Size       |
|___________|___________________|___________________|
|      North|                1x1|                1x1|
|___________|___________________|___________________|
|      South|                1x1|                1x1|
|___________|___________________|___________________|
|       East|                1x1|                1x1|
|___________|___________________|___________________|
|       West|                1x1|                1x1|
|___________|___________________|___________________|

Phase 4.3.1 Print Estimated Congestion | Checksum: 23d2d13d8

Time (s): cpu = 00:00:01 ; elapsed = 00:00:02 . Memory (MB): peak = 3429.379 ; gain = 0.000
Phase 4.3 Placer Reporting | Checksum: 23d2d13d8

Time (s): cpu = 00:00:01 ; elapsed = 00:00:02 . Memory (MB): peak = 3429.379 ; gain = 0.000

Phase 4.4 Final Placement Cleanup
Netlist sorting complete. Time (s): cpu = 00:00:00 ; elapsed = 00:00:00 . Memory (MB): peak = 3429.379 ; gain = 0.000

Time (s): cpu = 00:00:01 ; elapsed = 00:00:02 . Memory (MB): peak = 3429.379 ; gain = 0.000
Phase 4 Post Placement Optimization and Clean-Up | Checksum: 1f4a490bf

Time (s): cpu = 00:00:01 ; elapsed = 00:00:02 . Memory (MB): peak = 3429.379 ; gain = 0.000
Ending Placer Task | Checksum: 1169d73d5

Time (s): cpu = 00:00:01 ; elapsed = 00:00:02 . Memory (MB): peak = 3429.379 ; gain = 0.000
INFO: [Common 17-83] Releasing license: Implementation
66 Infos, 0 Warnings, 0 Critical Warnings and 0 Errors encountered.
place_design completed successfully
INFO: [runtcl-4] Executing : report_io -file ZYNQ_CORE_wrapper_io_placed.rpt
report_io: Time (s): cpu = 00:00:00 ; elapsed = 00:00:00.044 . Memory (MB): peak = 3429.379 ; gain = 0.000
INFO: [runtcl-4] Executing : report_utilization -file ZYNQ_CORE_wrapper_utilization_placed.rpt -pb ZYNQ_CORE_wrapper_utilization_placed.pb
INFO: [runtcl-4] Executing : report_control_sets -verbose -file ZYNQ_CORE_wrapper_control_sets_placed.rpt
report_control_sets: Time (s): cpu = 00:00:00 ; elapsed = 00:00:00.004 . Memory (MB): peak = 3429.379 ; gain = 0.000
INFO: [Timing 38-480] Writing timing data to binary archive.
Writing XDEF routing.
Writing XDEF routing logical nets.
Writing XDEF routing special nets.
Write XDEF Complete: Time (s): cpu = 00:00:00 ; elapsed = 00:00:00.101 . Memory (MB): peak = 3429.379 ; gain = 0.000
INFO: [Common 17-1381] The checkpoint 'D:/Programs/Workspace/SmartZYNQ_SP2/PS_PL_REG/PS_PL_REG.runs/impl_1/ZYNQ_CORE_wrapper_placed.dcp' has been generated.
Command: phys_opt_design
Attempting to get a license for feature 'Implementation' and/or device 'xc7z020'
INFO: [Common 17-349] Got license for feature 'Implementation' and/or device 'xc7z020'

Starting Initial Update Timing Task

Time (s): cpu = 00:00:00 ; elapsed = 00:00:00.068 . Memory (MB): peak = 3431.711 ; gain = 2.332
INFO: [Vivado_Tcl 4-383] Design worst setup slack (WNS) is greater than or equal to 0.000 ns. Skipping all physical synthesis optimizations.
INFO: [Vivado_Tcl 4-232] No setup violation found. The netlist was not modified.
INFO: [Common 17-83] Releasing license: Implementation
75 Infos, 0 Warnings, 0 Critical Warnings and 0 Errors encountered.
phys_opt_design completed successfully
INFO: [Timing 38-480] Writing timing data to binary archive.
Writing XDEF routing.
Writing XDEF routing logical nets.
Writing XDEF routing special nets.
Write XDEF Complete: Time (s): cpu = 00:00:00 ; elapsed = 00:00:00.093 . Memory (MB): peak = 3449.547 ; gain = 17.836
INFO: [Common 17-1381] The checkpoint 'D:/Programs/Workspace/SmartZYNQ_SP2/PS_PL_REG/PS_PL_REG.runs/impl_1/ZYNQ_CORE_wrapper_physopt.dcp' has been generated.
Command: route_design
Attempting to get a license for feature 'Implementation' and/or device 'xc7z020'
INFO: [Common 17-349] Got license for feature 'Implementation' and/or device 'xc7z020'
Running DRC as a precondition to command route_design
INFO: [DRC 23-27] Running DRC with 2 threads
INFO: [Vivado_Tcl 4-198] DRC finished with 0 Errors
INFO: [Vivado_Tcl 4-199] Please refer to the DRC report (report_drc) for more information.


Starting Routing Task
INFO: [Route 35-254] Multithreading enabled for route_design using a maximum of 2 CPUs

Phase 1 Build RT Design
Checksum: PlaceDB: 9abb111b ConstDB: 0 ShapeSum: 7be262ba RouteDB: 0
Post Restoration Checksum: NetGraph: 56d86c13 | NumContArr: 99cad130 | Constraints: 190a55ad | Timing: 0
Phase 1 Build RT Design | Checksum: 109ad92f0

Time (s): cpu = 00:00:08 ; elapsed = 00:00:13 . Memory (MB): peak = 3541.320 ; gain = 82.637

Phase 2 Router Initialization

Phase 2.1 Fix Topology Constraints
Phase 2.1 Fix Topology Constraints | Checksum: 109ad92f0

Time (s): cpu = 00:00:08 ; elapsed = 00:00:13 . Memory (MB): peak = 3541.320 ; gain = 82.637

Phase 2.2 Pre Route Cleanup
Phase 2.2 Pre Route Cleanup | Checksum: 109ad92f0

Time (s): cpu = 00:00:08 ; elapsed = 00:00:13 . Memory (MB): peak = 3541.320 ; gain = 82.637
 Number of Nodes with overlaps = 0

Phase 2.3 Update Timing
Phase 2.3 Update Timing | Checksum: 21edc3f62

Time (s): cpu = 00:00:09 ; elapsed = 00:00:14 . Memory (MB): peak = 3560.840 ; gain = 102.156
INFO: [Route 35-416] Intermediate Timing Summary | WNS=14.455 | TNS=0.000  | WHS=-0.190 | THS=-15.338|


Router Utilization Summary
  Global Vertical Routing Utilization    = 0 %
  Global Horizontal Routing Utilization  = 0 %
  Routable Net Status*
  *Does not include unroutable nets such as driverless and loadless.
  Run report_route_status for detailed report.
  Number of Failed Nets               = 1070
    (Failed Nets is the sum of unrouted and partially routed nets)
  Number of Unrouted Nets             = 1070
  Number of Partially Routed Nets     = 0
  Number of Node Overlaps             = 0

Phase 2 Router Initialization | Checksum: 1bf472739

Time (s): cpu = 00:00:09 ; elapsed = 00:00:14 . Memory (MB): peak = 3560.840 ; gain = 102.156

Phase 3 Initial Routing

Phase 3.1 Global Routing
Phase 3.1 Global Routing | Checksum: 1bf472739

Time (s): cpu = 00:00:09 ; elapsed = 00:00:14 . Memory (MB): peak = 3560.840 ; gain = 102.156
Phase 3 Initial Routing | Checksum: 212e612e1

Time (s): cpu = 00:00:09 ; elapsed = 00:00:14 . Memory (MB): peak = 3560.840 ; gain = 102.156

Phase 4 Rip-up And Reroute

Phase 4.1 Global Iteration 0
 Number of Nodes with overlaps = 54
 Number of Nodes with overlaps = 0
INFO: [Route 35-416] Intermediate Timing Summary | WNS=13.806 | TNS=0.000  | WHS=N/A    | THS=N/A    |

Phase 4.1 Global Iteration 0 | Checksum: 19639fd8b

Time (s): cpu = 00:00:09 ; elapsed = 00:00:14 . Memory (MB): peak = 3560.840 ; gain = 102.156

Phase 4.2 Global Iteration 1
 Number of Nodes with overlaps = 1
 Number of Nodes with overlaps = 0
INFO: [Route 35-416] Intermediate Timing Summary | WNS=13.806 | TNS=0.000  | WHS=N/A    | THS=N/A    |

Phase 4.2 Global Iteration 1 | Checksum: 2061b7fe3

Time (s): cpu = 00:00:09 ; elapsed = 00:00:14 . Memory (MB): peak = 3560.840 ; gain = 102.156
Phase 4 Rip-up And Reroute | Checksum: 2061b7fe3

Time (s): cpu = 00:00:09 ; elapsed = 00:00:14 . Memory (MB): peak = 3560.840 ; gain = 102.156

Phase 5 Delay and Skew Optimization

Phase 5.1 Delay CleanUp

Phase 5.1.1 Update Timing
Phase 5.1.1 Update Timing | Checksum: 2050aeac7

Time (s): cpu = 00:00:09 ; elapsed = 00:00:14 . Memory (MB): peak = 3560.840 ; gain = 102.156
INFO: [Route 35-416] Intermediate Timing Summary | WNS=13.956 | TNS=0.000  | WHS=N/A    | THS=N/A    |

Phase 5.1 Delay CleanUp | Checksum: 2050aeac7

Time (s): cpu = 00:00:09 ; elapsed = 00:00:14 . Memory (MB): peak = 3560.840 ; gain = 102.156

Phase 5.2 Clock Skew Optimization
Phase 5.2 Clock Skew Optimization | Checksum: 2050aeac7

Time (s): cpu = 00:00:09 ; elapsed = 00:00:14 . Memory (MB): peak = 3560.840 ; gain = 102.156
Phase 5 Delay and Skew Optimization | Checksum: 2050aeac7

Time (s): cpu = 00:00:09 ; elapsed = 00:00:14 . Memory (MB): peak = 3560.840 ; gain = 102.156

Phase 6 Post Hold Fix

Phase 6.1 Hold Fix Iter

Phase 6.1.1 Update Timing
Phase 6.1.1 Update Timing | Checksum: 1d1e494e9

Time (s): cpu = 00:00:09 ; elapsed = 00:00:14 . Memory (MB): peak = 3560.840 ; gain = 102.156
INFO: [Route 35-416] Intermediate Timing Summary | WNS=13.956 | TNS=0.000  | WHS=0.040  | THS=0.000  |

Phase 6.1 Hold Fix Iter | Checksum: 23aa9853b

Time (s): cpu = 00:00:09 ; elapsed = 00:00:14 . Memory (MB): peak = 3560.840 ; gain = 102.156
Phase 6 Post Hold Fix | Checksum: 23aa9853b

Time (s): cpu = 00:00:09 ; elapsed = 00:00:14 . Memory (MB): peak = 3560.840 ; gain = 102.156

Phase 7 Route finalize

Router Utilization Summary
  Global Vertical Routing Utilization    = 0.109351 %
  Global Horizontal Routing Utilization  = 0.147228 %
  Routable Net Status*
  *Does not include unroutable nets such as driverless and loadless.
  Run report_route_status for detailed report.
  Number of Failed Nets               = 0
    (Failed Nets is the sum of unrouted and partially routed nets)
  Number of Unrouted Nets             = 0
  Number of Partially Routed Nets     = 0
  Number of Node Overlaps             = 0

Phase 7 Route finalize | Checksum: 1f79cdff9

Time (s): cpu = 00:00:09 ; elapsed = 00:00:14 . Memory (MB): peak = 3560.840 ; gain = 102.156

Phase 8 Verifying routed nets

 Verification completed successfully
Phase 8 Verifying routed nets | Checksum: 1f79cdff9

Time (s): cpu = 00:00:09 ; elapsed = 00:00:14 . Memory (MB): peak = 3560.840 ; gain = 102.156

Phase 9 Depositing Routes
Phase 9 Depositing Routes | Checksum: 1fc9ce2b9

Time (s): cpu = 00:00:09 ; elapsed = 00:00:14 . Memory (MB): peak = 3560.840 ; gain = 102.156

Phase 10 Post Router Timing
INFO: [Route 35-57] Estimated Timing Summary | WNS=13.956 | TNS=0.000  | WHS=0.040  | THS=0.000  |

INFO: [Route 35-327] The final timing numbers are based on the router estimated timing analysis. For a complete and accurate timing signoff, please run report_timing_summary.
Phase 10 Post Router Timing | Checksum: 1fc9ce2b9

Time (s): cpu = 00:00:09 ; elapsed = 00:00:14 . Memory (MB): peak = 3560.840 ; gain = 102.156
INFO: [Route 35-16] Router Completed Successfully

Phase 11 Post-Route Event Processing
Phase 11 Post-Route Event Processing | Checksum: becbf017

Time (s): cpu = 00:00:09 ; elapsed = 00:00:14 . Memory (MB): peak = 3560.840 ; gain = 102.156

Time (s): cpu = 00:00:09 ; elapsed = 00:00:14 . Memory (MB): peak = 3560.840 ; gain = 102.156

Routing Is Done.
INFO: [Common 17-83] Releasing license: Implementation
91 Infos, 0 Warnings, 0 Critical Warnings and 0 Errors encountered.
route_design completed successfully
route_design: Time (s): cpu = 00:00:10 ; elapsed = 00:00:15 . Memory (MB): peak = 3560.840 ; gain = 111.293
INFO: [runtcl-4] Executing : report_drc -file ZYNQ_CORE_wrapper_drc_routed.rpt -pb ZYNQ_CORE_wrapper_drc_routed.pb -rpx ZYNQ_CORE_wrapper_drc_routed.rpx
Command: report_drc -file ZYNQ_CORE_wrapper_drc_routed.rpt -pb ZYNQ_CORE_wrapper_drc_routed.pb -rpx ZYNQ_CORE_wrapper_drc_routed.rpx
INFO: [IP_Flow 19-1839] IP Catalog is up to date.
INFO: [DRC 23-27] Running DRC with 2 threads
INFO: [Vivado_Tcl 2-168] The results of DRC are in file D:/Programs/Workspace/SmartZYNQ_SP2/PS_PL_REG/PS_PL_REG.runs/impl_1/ZYNQ_CORE_wrapper_drc_routed.rpt.
report_drc completed successfully
INFO: [runtcl-4] Executing : report_methodology -file ZYNQ_CORE_wrapper_methodology_drc_routed.rpt -pb ZYNQ_CORE_wrapper_methodology_drc_routed.pb -rpx ZYNQ_CORE_wrapper_methodology_drc_routed.rpx
Command: report_methodology -file ZYNQ_CORE_wrapper_methodology_drc_routed.rpt -pb ZYNQ_CORE_wrapper_methodology_drc_routed.pb -rpx ZYNQ_CORE_wrapper_methodology_drc_routed.rpx
INFO: [Timing 38-35] Done setting XDC timing constraints.
INFO: [DRC 23-133] Running Methodology with 2 threads
INFO: [Vivado_Tcl 2-1520] The results of Report Methodology are in file D:/Programs/Workspace/SmartZYNQ_SP2/PS_PL_REG/PS_PL_REG.runs/impl_1/ZYNQ_CORE_wrapper_methodology_drc_routed.rpt.
report_methodology completed successfully
INFO: [runtcl-4] Executing : report_power -file ZYNQ_CORE_wrapper_power_routed.rpt -pb ZYNQ_CORE_wrapper_power_summary_routed.pb -rpx ZYNQ_CORE_wrapper_power_routed.rpx
Command: report_power -file ZYNQ_CORE_wrapper_power_routed.rpt -pb ZYNQ_CORE_wrapper_power_summary_routed.pb -rpx ZYNQ_CORE_wrapper_power_routed.rpx
INFO: [Timing 38-35] Done setting XDC timing constraints.
Running Vector-less Activity Propagation...

Finished Running Vector-less Activity Propagation
101 Infos, 0 Warnings, 0 Critical Warnings and 0 Errors encountered.
report_power completed successfully
INFO: [runtcl-4] Executing : report_route_status -file ZYNQ_CORE_wrapper_route_status.rpt -pb ZYNQ_CORE_wrapper_route_status.pb
INFO: [runtcl-4] Executing : report_timing_summary -max_paths 10 -report_unconstrained -file ZYNQ_CORE_wrapper_timing_summary_routed.rpt -pb ZYNQ_CORE_wrapper_timing_summary_routed.pb -rpx ZYNQ_CORE_wrapper_timing_summary_routed.rpx -warn_on_violation 
INFO: [Timing 38-91] UpdateTimingParams: Speed grade: -1, Delay Type: min_max.
INFO: [Timing 38-191] Multithreading enabled for timing update using a maximum of 2 CPUs
INFO: [runtcl-4] Executing : report_incremental_reuse -file ZYNQ_CORE_wrapper_incremental_reuse_routed.rpt
INFO: [Vivado_Tcl 4-1062] Incremental flow is disabled. No incremental reuse Info to report.
INFO: [runtcl-4] Executing : report_clock_utilization -file ZYNQ_CORE_wrapper_clock_utilization_routed.rpt
INFO: [runtcl-4] Executing : report_bus_skew -warn_on_violation -file ZYNQ_CORE_wrapper_bus_skew_routed.rpt -pb ZYNQ_CORE_wrapper_bus_skew_routed.pb -rpx ZYNQ_CORE_wrapper_bus_skew_routed.rpx
INFO: [Timing 38-91] UpdateTimingParams: Speed grade: -1, Delay Type: min_max.
INFO: [Timing 38-191] Multithreading enabled for timing update using a maximum of 2 CPUs
INFO: [Timing 38-480] Writing timing data to binary archive.
Writing XDEF routing.
Writing XDEF routing logical nets.
Writing XDEF routing special nets.
Write XDEF Complete: Time (s): cpu = 00:00:00 ; elapsed = 00:00:00.103 . Memory (MB): peak = 3598.289 ; gain = 0.000
INFO: [Common 17-1381] The checkpoint 'D:/Programs/Workspace/SmartZYNQ_SP2/PS_PL_REG/PS_PL_REG.runs/impl_1/ZYNQ_CORE_wrapper_routed.dcp' has been generated.
INFO: [Common 17-206] Exiting Vivado at Mon Jan 20 21:48:15 2025...

*** Running vivado
    with args -log ZYNQ_CORE_wrapper.vdi -applog -m64 -product Vivado -messageDb vivado.pb -mode batch -source ZYNQ_CORE_wrapper.tcl -notrace



****** Vivado v2023.1 (64-bit)
  **** SW Build 3865809 on Sun May  7 15:05:29 MDT 2023
  **** IP Build 3864474 on Sun May  7 20:36:21 MDT 2023
  **** SharedData Build 3865790 on Sun May 07 13:33:03 MDT 2023
    ** Copyright 1986-2022 Xilinx, Inc. All Rights Reserved.
    ** Copyright 2022-2023 Advanced Micro Devices, Inc. All Rights Reserved.

source ZYNQ_CORE_wrapper.tcl -notrace
Command: open_checkpoint ZYNQ_CORE_wrapper_routed.dcp
INFO: [Device 21-403] Loading part xc7z020clg484-1
Netlist sorting complete. Time (s): cpu = 00:00:00 ; elapsed = 00:00:00.029 . Memory (MB): peak = 2343.973 ; gain = 0.000
INFO: [Netlist 29-17] Analyzing 6 Unisim elements for replacement
INFO: [Netlist 29-28] Unisim Transformation completed in 0 CPU seconds
INFO: [Project 1-479] Netlist was created with Vivado 2023.1
INFO: [Project 1-570] Preparing netlist for logic optimization
INFO: [Timing 38-478] Restoring timing data from binary archive.
INFO: [Timing 38-479] Binary timing data restore complete.
INFO: [Project 1-856] Restoring constraints from binary archive.
INFO: [Project 1-853] Binary constraint restore complete.
Reading XDEF placement.
Reading placer database...
Reading XDEF routing.
Read XDEF Files: Time (s): cpu = 00:00:00 ; elapsed = 00:00:00.174 . Memory (MB): peak = 3031.500 ; gain = 3.941
Restored from archive | CPU: 0.000000 secs | Memory: 0.000000 MB |
Finished XDEF File Restore: Time (s): cpu = 00:00:00 ; elapsed = 00:00:00.175 . Memory (MB): peak = 3031.500 ; gain = 3.941
Netlist sorting complete. Time (s): cpu = 00:00:00 ; elapsed = 00:00:00 . Memory (MB): peak = 3031.500 ; gain = 0.000
INFO: [Project 1-111] Unisim Transformation Summary:
No Unisim elements were transformed.

INFO: [Project 1-604] Checkpoint was created with Vivado v2023.1 (64-bit) build 3865809
open_checkpoint: Time (s): cpu = 00:00:09 ; elapsed = 00:00:13 . Memory (MB): peak = 3031.500 ; gain = 1284.102
Command: write_bitstream -force ZYNQ_CORE_wrapper.bit
Attempting to get a license for feature 'Implementation' and/or device 'xc7z020'
INFO: [Common 17-349] Got license for feature 'Implementation' and/or device 'xc7z020'
Running DRC as a precondition to command write_bitstream
INFO: [IP_Flow 19-234] Refreshing IP repositories
INFO: [IP_Flow 19-1704] No user IP repositories specified
INFO: [IP_Flow 19-2313] Loaded Vivado IP repository 'D:/Xilinx/Vivado/2023.1/data/ip'.
INFO: [DRC 23-27] Running DRC with 2 threads
INFO: [Vivado 12-3199] DRC finished with 0 Errors
INFO: [Vivado 12-3200] Please refer to the DRC report (report_drc) for more information.
INFO: [Designutils 20-2272] Running write_bitstream with 2 threads.
Loading data files...
Loading site data...
Loading route data...
Processing options...
Creating bitmap...
Creating bitstream...
Writing bitstream ./ZYNQ_CORE_wrapper.bit...
INFO: [Vivado 12-1842] Bitgen Completed Successfully.
INFO: [Project 1-1876] WebTalk data collection is mandatory when using a ULT device. To see the specific WebTalk data collected for your design, open the usage_statistics_webtalk.html or usage_statistics_webtalk.xml file in the implementation directory.
INFO: [Common 17-83] Releasing license: Implementation
22 Infos, 0 Warnings, 0 Critical Warnings and 0 Errors encountered.
write_bitstream completed successfully
write_bitstream: Time (s): cpu = 00:00:06 ; elapsed = 00:00:07 . Memory (MB): peak = 3649.836 ; gain = 618.336
INFO: [Common 17-206] Exiting Vivado at Mon Jan 20 21:49:07 2025...
