#-----------------------------------------------------------
# Vivado v2023.1 (64-bit)
# SW Build 3865809 on Sun May  7 15:05:29 MDT 2023
# IP Build 3864474 on Sun May  7 20:36:21 MDT 2023
# SharedData Build 3865790 on Sun May 07 13:33:03 MDT 2023
# Start of session at: Mon Jan 13 22:50:52 2025
# Process ID: 14192
# Current directory: D:/Programs/Workspace/SmartZYNQ_SP2/PS_EXTI/prj/xilinx
# Command line: vivado.exe -gui_launcher_event rodinguilauncherevent18824 D:\Programs\Workspace\SmartZYNQ_SP2\PS_EXTI\prj\xilinx\PS_EXTI.xpr
# Log file: D:/Programs/Workspace/SmartZYNQ_SP2/PS_EXTI/prj/xilinx/vivado.log
# Journal file: D:/Programs/Workspace/SmartZYNQ_SP2/PS_EXTI/prj/xilinx\vivado.jou
# Running On: LAPTOP-DUUNQKAE, OS: Windows, CPU Frequency: 2918 MHz, CPU Physical cores: 14, Host memory: 16890 MB
#-----------------------------------------------------------
start_gui
open_project D:/Programs/Workspace/SmartZYNQ_SP2/PS_EXTI/prj/xilinx/PS_EXTI.xpr
WARNING: [Board 49-26] cannot add Board Part xilinx.com:vek280_es:part0:1.0 available at D:/Xilinx/Vivado/2023.1/data/xhub/boards/XilinxBoardStore/boards/Xilinx/vek280/es/rev_a/1.0/board.xml as part xcve2802-vsvh1760-2lp-e-s-es1 specified in board_part file is either invalid or not available
WARNING: [Board 49-26] cannot add Board Part xilinx.com:vek280_es:part0:1.1 available at D:/Xilinx/Vivado/2023.1/data/xhub/boards/XilinxBoardStore/boards/Xilinx/vek280/es/rev_a/1.1/board.xml as part xcve2802-vsvh1760-2lp-e-s-es1 specified in board_part file is either invalid or not available
WARNING: [Board 49-26] cannot add Board Part xilinx.com:vek280_es_revb:part0:1.0 available at D:/Xilinx/Vivado/2023.1/data/xhub/boards/XilinxBoardStore/boards/Xilinx/vek280/es/rev_b/1.0/board.xml as part xcve2802-vsvh1760-2mp-e-s-es1 specified in board_part file is either invalid or not available
WARNING: [Board 49-26] cannot add Board Part xilinx.com:vek280_es_revb:part0:1.1 available at D:/Xilinx/Vivado/2023.1/data/xhub/boards/XilinxBoardStore/boards/Xilinx/vek280/es/rev_b/1.1/board.xml as part xcve2802-vsvh1760-2mp-e-s-es1 specified in board_part file is either invalid or not available
WARNING: [Board 49-26] cannot add Board Part xilinx.com:vhk158_es:part0:1.0 available at D:/Xilinx/Vivado/2023.1/data/xhub/boards/XilinxBoardStore/boards/Xilinx/vhk158/es/1.0/board.xml as part xcvh1582-vsva3697-2mp-e-s-es1 specified in board_part file is either invalid or not available
WARNING: [Board 49-26] cannot add Board Part xilinx.com:vhk158_es:part0:1.1 available at D:/Xilinx/Vivado/2023.1/data/xhub/boards/XilinxBoardStore/boards/Xilinx/vhk158/es/1.1/board.xml as part xcvh1582-vsva3697-2mp-e-s-es1 specified in board_part file is either invalid or not available
WARNING: [Board 49-26] cannot add Board Part xilinx.com:vpk120_es:part0:1.2 available at D:/Xilinx/Vivado/2023.1/data/xhub/boards/XilinxBoardStore/boards/Xilinx/vpk120/es/1.2/board.xml as part xcvp1202-vsva2785-2mp-e-s-es1 specified in board_part file is either invalid or not available
WARNING: [Board 49-26] cannot add Board Part xilinx.com:vpk120_es:part0:1.3 available at D:/Xilinx/Vivado/2023.1/data/xhub/boards/XilinxBoardStore/boards/Xilinx/vpk120/es/1.3/board.xml as part xcvp1202-vsva2785-2mp-e-s-es1 specified in board_part file is either invalid or not available
WARNING: [Board 49-26] cannot add Board Part xilinx.com:vpk120_es_revb:part0:1.0 available at D:/Xilinx/Vivado/2023.1/data/xhub/boards/XilinxBoardStore/boards/Xilinx/vpk120_revb/es/1.0/board.xml as part xcvp1202-vsva2785-2mp-e-s-es1 specified in board_part file is either invalid or not available
WARNING: [Board 49-26] cannot add Board Part xilinx.com:vpk120_es_revb:part0:1.1 available at D:/Xilinx/Vivado/2023.1/data/xhub/boards/XilinxBoardStore/boards/Xilinx/vpk120_revb/es/1.1/board.xml as part xcvp1202-vsva2785-2mp-e-s-es1 specified in board_part file is either invalid or not available
WARNING: [Board 49-26] cannot add Board Part xilinx.com:vpk180_es:part0:1.0 available at D:/Xilinx/Vivado/2023.1/data/xhub/boards/XilinxBoardStore/boards/Xilinx/vpk180/es/1.0/board.xml as part xcvp1802-lsvc4072-2mp-e-s-es1 specified in board_part file is either invalid or not available
WARNING: [Board 49-26] cannot add Board Part xilinx.com:vpk180_es:part0:1.1 available at D:/Xilinx/Vivado/2023.1/data/xhub/boards/XilinxBoardStore/boards/Xilinx/vpk180/es/1.1/board.xml as part xcvp1802-lsvc4072-2mp-e-s-es1 specified in board_part file is either invalid or not available
WARNING: [Board 49-26] cannot add Board Part xilinx.com:zcu208ld:part0:2.0 available at D:/Xilinx/Vivado/2023.1/data/xhub/boards/XilinxBoardStore/boards/Xilinx/zcu208ld/production/2.0/board.xml as part xczu58dr-fsvg1517-2-i specified in board_part file is either invalid or not available
WARNING: [Board 49-26] cannot add Board Part xilinx.com:zcu216ld:part0:2.0 available at D:/Xilinx/Vivado/2023.1/data/xhub/boards/XilinxBoardStore/boards/Xilinx/zcu216ld/production/2.0/board.xml as part xczu59dr-ffvf1760-2-i specified in board_part file is either invalid or not available
WARNING: [Board 49-26] cannot add Board Part xilinx.com:zcu670:part0:2.0 available at D:/Xilinx/Vivado/2023.1/data/xhub/boards/XilinxBoardStore/boards/Xilinx/zcu670/2.0/board.xml as part xczu67dr-fsve1156-2-i specified in board_part file is either invalid or not available
WARNING: [Board 49-26] cannot add Board Part xilinx.com:zcu670ld:part0:1.0 available at D:/Xilinx/Vivado/2023.1/data/xhub/boards/XilinxBoardStore/boards/Xilinx/zcu670ld/1.0/board.xml as part xczu57dr-fsve1156-2-i specified in board_part file is either invalid or not available
Scanning sources...
Finished scanning sources
INFO: [IP_Flow 19-234] Refreshing IP repositories
INFO: [IP_Flow 19-1704] No user IP repositories specified
INFO: [IP_Flow 19-2313] Loaded Vivado IP repository 'D:/Xilinx/Vivado/2023.1/data/ip'.
open_project: Time (s): cpu = 00:00:03 ; elapsed = 00:00:08 . Memory (MB): peak = 2971.438 ; gain = 416.273
update_compile_order -fileset sources_1
create_ip_run [get_files -of_objects [get_fileset sources_1] D:/Programs/Workspace/SmartZYNQ_SP2/PS_EXTI/prj/xilinx/PS_EXTI.srcs/sources_1/bd/ZYNQ_CORE/ZYNQ_CORE.bd]
synth_design -rtl -rtl_skip_mlo -name rtl_1
Command: synth_design -rtl -rtl_skip_mlo -name rtl_1
Starting synth_design
Using part: xc7z020clg484-1
Top: ZYNQ_CORE_wrapper
INFO: [Device 21-403] Loading part xc7z020clg484-1
---------------------------------------------------------------------------------
Starting RTL Elaboration : Time (s): cpu = 00:00:01 ; elapsed = 00:00:03 . Memory (MB): peak = 3750.559 ; gain = 386.051
---------------------------------------------------------------------------------
INFO: [Synth 8-6157] synthesizing module 'ZYNQ_CORE_wrapper' [D:/Programs/Workspace/SmartZYNQ_SP2/PS_EXTI/prj/xilinx/PS_EXTI.gen/sources_1/bd/ZYNQ_CORE/hdl/ZYNQ_CORE_wrapper.v:13]
INFO: [Synth 8-6157] synthesizing module 'IOBUF' [D:/Xilinx/Vivado/2023.1/scripts/rt/data/unisim_comp.v:76334]
INFO: [Synth 8-6155] done synthesizing module 'IOBUF' (0#1) [D:/Xilinx/Vivado/2023.1/scripts/rt/data/unisim_comp.v:76334]
INFO: [Synth 8-6157] synthesizing module 'ZYNQ_CORE' [d:/Programs/Workspace/SmartZYNQ_SP2/PS_EXTI/prj/xilinx/PS_EXTI.gen/sources_1/bd/ZYNQ_CORE/synth/ZYNQ_CORE.v:13]
INFO: [Synth 8-6157] synthesizing module 'ZYNQ_CORE_processing_system7_0_0' [D:/Programs/Workspace/SmartZYNQ_SP2/PS_EXTI/prj/xilinx/.Xil/Vivado-14192-LAPTOP-DUUNQKAE/realtime/ZYNQ_CORE_processing_system7_0_0_stub.v:6]
INFO: [Synth 8-6155] done synthesizing module 'ZYNQ_CORE_processing_system7_0_0' (0#1) [D:/Programs/Workspace/SmartZYNQ_SP2/PS_EXTI/prj/xilinx/.Xil/Vivado-14192-LAPTOP-DUUNQKAE/realtime/ZYNQ_CORE_processing_system7_0_0_stub.v:6]
WARNING: [Synth 8-7071] port 'M_AXI_GP0_ARVALID' of module 'ZYNQ_CORE_processing_system7_0_0' is unconnected for instance 'processing_system7_0' [d:/Programs/Workspace/SmartZYNQ_SP2/PS_EXTI/prj/xilinx/PS_EXTI.gen/sources_1/bd/ZYNQ_CORE/synth/ZYNQ_CORE.v:93]
WARNING: [Synth 8-7071] port 'M_AXI_GP0_AWVALID' of module 'ZYNQ_CORE_processing_system7_0_0' is unconnected for instance 'processing_system7_0' [d:/Programs/Workspace/SmartZYNQ_SP2/PS_EXTI/prj/xilinx/PS_EXTI.gen/sources_1/bd/ZYNQ_CORE/synth/ZYNQ_CORE.v:93]
WARNING: [Synth 8-7071] port 'M_AXI_GP0_BREADY' of module 'ZYNQ_CORE_processing_system7_0_0' is unconnected for instance 'processing_system7_0' [d:/Programs/Workspace/SmartZYNQ_SP2/PS_EXTI/prj/xilinx/PS_EXTI.gen/sources_1/bd/ZYNQ_CORE/synth/ZYNQ_CORE.v:93]
WARNING: [Synth 8-7071] port 'M_AXI_GP0_RREADY' of module 'ZYNQ_CORE_processing_system7_0_0' is unconnected for instance 'processing_system7_0' [d:/Programs/Workspace/SmartZYNQ_SP2/PS_EXTI/prj/xilinx/PS_EXTI.gen/sources_1/bd/ZYNQ_CORE/synth/ZYNQ_CORE.v:93]
WARNING: [Synth 8-7071] port 'M_AXI_GP0_WLAST' of module 'ZYNQ_CORE_processing_system7_0_0' is unconnected for instance 'processing_system7_0' [d:/Programs/Workspace/SmartZYNQ_SP2/PS_EXTI/prj/xilinx/PS_EXTI.gen/sources_1/bd/ZYNQ_CORE/synth/ZYNQ_CORE.v:93]
WARNING: [Synth 8-7071] port 'M_AXI_GP0_WVALID' of module 'ZYNQ_CORE_processing_system7_0_0' is unconnected for instance 'processing_system7_0' [d:/Programs/Workspace/SmartZYNQ_SP2/PS_EXTI/prj/xilinx/PS_EXTI.gen/sources_1/bd/ZYNQ_CORE/synth/ZYNQ_CORE.v:93]
WARNING: [Synth 8-7071] port 'M_AXI_GP0_ARID' of module 'ZYNQ_CORE_processing_system7_0_0' is unconnected for instance 'processing_system7_0' [d:/Programs/Workspace/SmartZYNQ_SP2/PS_EXTI/prj/xilinx/PS_EXTI.gen/sources_1/bd/ZYNQ_CORE/synth/ZYNQ_CORE.v:93]
WARNING: [Synth 8-7071] port 'M_AXI_GP0_AWID' of module 'ZYNQ_CORE_processing_system7_0_0' is unconnected for instance 'processing_system7_0' [d:/Programs/Workspace/SmartZYNQ_SP2/PS_EXTI/prj/xilinx/PS_EXTI.gen/sources_1/bd/ZYNQ_CORE/synth/ZYNQ_CORE.v:93]
WARNING: [Synth 8-7071] port 'M_AXI_GP0_WID' of module 'ZYNQ_CORE_processing_system7_0_0' is unconnected for instance 'processing_system7_0' [d:/Programs/Workspace/SmartZYNQ_SP2/PS_EXTI/prj/xilinx/PS_EXTI.gen/sources_1/bd/ZYNQ_CORE/synth/ZYNQ_CORE.v:93]
WARNING: [Synth 8-7071] port 'M_AXI_GP0_ARBURST' of module 'ZYNQ_CORE_processing_system7_0_0' is unconnected for instance 'processing_system7_0' [d:/Programs/Workspace/SmartZYNQ_SP2/PS_EXTI/prj/xilinx/PS_EXTI.gen/sources_1/bd/ZYNQ_CORE/synth/ZYNQ_CORE.v:93]
WARNING: [Synth 8-7071] port 'M_AXI_GP0_ARLOCK' of module 'ZYNQ_CORE_processing_system7_0_0' is unconnected for instance 'processing_system7_0' [d:/Programs/Workspace/SmartZYNQ_SP2/PS_EXTI/prj/xilinx/PS_EXTI.gen/sources_1/bd/ZYNQ_CORE/synth/ZYNQ_CORE.v:93]
WARNING: [Synth 8-7071] port 'M_AXI_GP0_ARSIZE' of module 'ZYNQ_CORE_processing_system7_0_0' is unconnected for instance 'processing_system7_0' [d:/Programs/Workspace/SmartZYNQ_SP2/PS_EXTI/prj/xilinx/PS_EXTI.gen/sources_1/bd/ZYNQ_CORE/synth/ZYNQ_CORE.v:93]
WARNING: [Synth 8-7071] port 'M_AXI_GP0_AWBURST' of module 'ZYNQ_CORE_processing_system7_0_0' is unconnected for instance 'processing_system7_0' [d:/Programs/Workspace/SmartZYNQ_SP2/PS_EXTI/prj/xilinx/PS_EXTI.gen/sources_1/bd/ZYNQ_CORE/synth/ZYNQ_CORE.v:93]
WARNING: [Synth 8-7071] port 'M_AXI_GP0_AWLOCK' of module 'ZYNQ_CORE_processing_system7_0_0' is unconnected for instance 'processing_system7_0' [d:/Programs/Workspace/SmartZYNQ_SP2/PS_EXTI/prj/xilinx/PS_EXTI.gen/sources_1/bd/ZYNQ_CORE/synth/ZYNQ_CORE.v:93]
WARNING: [Synth 8-7071] port 'M_AXI_GP0_AWSIZE' of module 'ZYNQ_CORE_processing_system7_0_0' is unconnected for instance 'processing_system7_0' [d:/Programs/Workspace/SmartZYNQ_SP2/PS_EXTI/prj/xilinx/PS_EXTI.gen/sources_1/bd/ZYNQ_CORE/synth/ZYNQ_CORE.v:93]
WARNING: [Synth 8-7071] port 'M_AXI_GP0_ARPROT' of module 'ZYNQ_CORE_processing_system7_0_0' is unconnected for instance 'processing_system7_0' [d:/Programs/Workspace/SmartZYNQ_SP2/PS_EXTI/prj/xilinx/PS_EXTI.gen/sources_1/bd/ZYNQ_CORE/synth/ZYNQ_CORE.v:93]
WARNING: [Synth 8-7071] port 'M_AXI_GP0_AWPROT' of module 'ZYNQ_CORE_processing_system7_0_0' is unconnected for instance 'processing_system7_0' [d:/Programs/Workspace/SmartZYNQ_SP2/PS_EXTI/prj/xilinx/PS_EXTI.gen/sources_1/bd/ZYNQ_CORE/synth/ZYNQ_CORE.v:93]
WARNING: [Synth 8-7071] port 'M_AXI_GP0_ARADDR' of module 'ZYNQ_CORE_processing_system7_0_0' is unconnected for instance 'processing_system7_0' [d:/Programs/Workspace/SmartZYNQ_SP2/PS_EXTI/prj/xilinx/PS_EXTI.gen/sources_1/bd/ZYNQ_CORE/synth/ZYNQ_CORE.v:93]
WARNING: [Synth 8-7071] port 'M_AXI_GP0_AWADDR' of module 'ZYNQ_CORE_processing_system7_0_0' is unconnected for instance 'processing_system7_0' [d:/Programs/Workspace/SmartZYNQ_SP2/PS_EXTI/prj/xilinx/PS_EXTI.gen/sources_1/bd/ZYNQ_CORE/synth/ZYNQ_CORE.v:93]
WARNING: [Synth 8-7071] port 'M_AXI_GP0_WDATA' of module 'ZYNQ_CORE_processing_system7_0_0' is unconnected for instance 'processing_system7_0' [d:/Programs/Workspace/SmartZYNQ_SP2/PS_EXTI/prj/xilinx/PS_EXTI.gen/sources_1/bd/ZYNQ_CORE/synth/ZYNQ_CORE.v:93]
WARNING: [Synth 8-7071] port 'M_AXI_GP0_ARCACHE' of module 'ZYNQ_CORE_processing_system7_0_0' is unconnected for instance 'processing_system7_0' [d:/Programs/Workspace/SmartZYNQ_SP2/PS_EXTI/prj/xilinx/PS_EXTI.gen/sources_1/bd/ZYNQ_CORE/synth/ZYNQ_CORE.v:93]
WARNING: [Synth 8-7071] port 'M_AXI_GP0_ARLEN' of module 'ZYNQ_CORE_processing_system7_0_0' is unconnected for instance 'processing_system7_0' [d:/Programs/Workspace/SmartZYNQ_SP2/PS_EXTI/prj/xilinx/PS_EXTI.gen/sources_1/bd/ZYNQ_CORE/synth/ZYNQ_CORE.v:93]
WARNING: [Synth 8-7071] port 'M_AXI_GP0_ARQOS' of module 'ZYNQ_CORE_processing_system7_0_0' is unconnected for instance 'processing_system7_0' [d:/Programs/Workspace/SmartZYNQ_SP2/PS_EXTI/prj/xilinx/PS_EXTI.gen/sources_1/bd/ZYNQ_CORE/synth/ZYNQ_CORE.v:93]
WARNING: [Synth 8-7071] port 'M_AXI_GP0_AWCACHE' of module 'ZYNQ_CORE_processing_system7_0_0' is unconnected for instance 'processing_system7_0' [d:/Programs/Workspace/SmartZYNQ_SP2/PS_EXTI/prj/xilinx/PS_EXTI.gen/sources_1/bd/ZYNQ_CORE/synth/ZYNQ_CORE.v:93]
WARNING: [Synth 8-7071] port 'M_AXI_GP0_AWLEN' of module 'ZYNQ_CORE_processing_system7_0_0' is unconnected for instance 'processing_system7_0' [d:/Programs/Workspace/SmartZYNQ_SP2/PS_EXTI/prj/xilinx/PS_EXTI.gen/sources_1/bd/ZYNQ_CORE/synth/ZYNQ_CORE.v:93]
WARNING: [Synth 8-7071] port 'M_AXI_GP0_AWQOS' of module 'ZYNQ_CORE_processing_system7_0_0' is unconnected for instance 'processing_system7_0' [d:/Programs/Workspace/SmartZYNQ_SP2/PS_EXTI/prj/xilinx/PS_EXTI.gen/sources_1/bd/ZYNQ_CORE/synth/ZYNQ_CORE.v:93]
WARNING: [Synth 8-7071] port 'M_AXI_GP0_WSTRB' of module 'ZYNQ_CORE_processing_system7_0_0' is unconnected for instance 'processing_system7_0' [d:/Programs/Workspace/SmartZYNQ_SP2/PS_EXTI/prj/xilinx/PS_EXTI.gen/sources_1/bd/ZYNQ_CORE/synth/ZYNQ_CORE.v:93]
WARNING: [Synth 8-7071] port 'FCLK_RESET0_N' of module 'ZYNQ_CORE_processing_system7_0_0' is unconnected for instance 'processing_system7_0' [d:/Programs/Workspace/SmartZYNQ_SP2/PS_EXTI/prj/xilinx/PS_EXTI.gen/sources_1/bd/ZYNQ_CORE/synth/ZYNQ_CORE.v:93]
WARNING: [Synth 8-7023] instance 'processing_system7_0' of module 'ZYNQ_CORE_processing_system7_0_0' has 65 connections declared, but only 37 given [d:/Programs/Workspace/SmartZYNQ_SP2/PS_EXTI/prj/xilinx/PS_EXTI.gen/sources_1/bd/ZYNQ_CORE/synth/ZYNQ_CORE.v:93]
INFO: [Synth 8-6155] done synthesizing module 'ZYNQ_CORE' (0#1) [d:/Programs/Workspace/SmartZYNQ_SP2/PS_EXTI/prj/xilinx/PS_EXTI.gen/sources_1/bd/ZYNQ_CORE/synth/ZYNQ_CORE.v:13]
INFO: [Synth 8-6155] done synthesizing module 'ZYNQ_CORE_wrapper' (0#1) [D:/Programs/Workspace/SmartZYNQ_SP2/PS_EXTI/prj/xilinx/PS_EXTI.gen/sources_1/bd/ZYNQ_CORE/hdl/ZYNQ_CORE_wrapper.v:13]
---------------------------------------------------------------------------------
Finished RTL Elaboration : Time (s): cpu = 00:00:02 ; elapsed = 00:00:04 . Memory (MB): peak = 3839.922 ; gain = 475.414
---------------------------------------------------------------------------------
---------------------------------------------------------------------------------
Start Handling Custom Attributes
---------------------------------------------------------------------------------
---------------------------------------------------------------------------------
Finished Handling Custom Attributes : Time (s): cpu = 00:00:02 ; elapsed = 00:00:04 . Memory (MB): peak = 3857.844 ; gain = 493.336
---------------------------------------------------------------------------------
---------------------------------------------------------------------------------
Finished RTL Optimization Phase 1 : Time (s): cpu = 00:00:02 ; elapsed = 00:00:04 . Memory (MB): peak = 3857.844 ; gain = 493.336
---------------------------------------------------------------------------------
INFO: [Project 1-454] Reading design checkpoint 'd:/Programs/Workspace/SmartZYNQ_SP2/PS_EXTI/prj/xilinx/PS_EXTI.gen/sources_1/bd/ZYNQ_CORE/ip/ZYNQ_CORE_processing_system7_0_0/ZYNQ_CORE_processing_system7_0_0.dcp' for cell 'ZYNQ_CORE_i/processing_system7_0'
Netlist sorting complete. Time (s): cpu = 00:00:00 ; elapsed = 00:00:00.010 . Memory (MB): peak = 3869.855 ; gain = 0.000
INFO: [Netlist 29-17] Analyzing 4 Unisim elements for replacement
INFO: [Netlist 29-28] Unisim Transformation completed in 0 CPU seconds
INFO: [Project 1-479] Netlist was created with Vivado 2023.1
INFO: [Project 1-570] Preparing netlist for logic optimization

Processing XDC Constraints
Initializing timing engine
Parsing XDC File [d:/Programs/Workspace/SmartZYNQ_SP2/PS_EXTI/prj/xilinx/PS_EXTI.gen/sources_1/bd/ZYNQ_CORE/ip/ZYNQ_CORE_processing_system7_0_0/ZYNQ_CORE_processing_system7_0_0.xdc] for cell 'ZYNQ_CORE_i/processing_system7_0/inst'
Finished Parsing XDC File [d:/Programs/Workspace/SmartZYNQ_SP2/PS_EXTI/prj/xilinx/PS_EXTI.gen/sources_1/bd/ZYNQ_CORE/ip/ZYNQ_CORE_processing_system7_0_0/ZYNQ_CORE_processing_system7_0_0.xdc] for cell 'ZYNQ_CORE_i/processing_system7_0/inst'
INFO: [Project 1-236] Implementation specific constraints were found while reading constraint file [d:/Programs/Workspace/SmartZYNQ_SP2/PS_EXTI/prj/xilinx/PS_EXTI.gen/sources_1/bd/ZYNQ_CORE/ip/ZYNQ_CORE_processing_system7_0_0/ZYNQ_CORE_processing_system7_0_0.xdc]. These constraints will be ignored for synthesis but will be used in implementation. Impacted constraints are listed in the file [.Xil/ZYNQ_CORE_wrapper_propImpl.xdc].
Resolution: To avoid this warning, move constraints listed in [.Xil/ZYNQ_CORE_wrapper_propImpl.xdc] to another XDC file and exclude this new file from synthesis with the used_in_synthesis property (File Properties dialog in GUI) and re-run elaboration/synthesis.
Parsing XDC File [D:/Programs/Workspace/SmartZYNQ_SP2/PS_EXTI/prj/xilinx/PS_EXTI.srcs/constrs_1/new/PS_EXTI_XDC.xdc]
Finished Parsing XDC File [D:/Programs/Workspace/SmartZYNQ_SP2/PS_EXTI/prj/xilinx/PS_EXTI.srcs/constrs_1/new/PS_EXTI_XDC.xdc]
Completed Processing XDC Constraints

Netlist sorting complete. Time (s): cpu = 00:00:00 ; elapsed = 00:00:00 . Memory (MB): peak = 3896.281 ; gain = 0.000
INFO: [Project 1-111] Unisim Transformation Summary:
  A total of 4 instances were transformed.
  IOBUF => IOBUF (IBUF, OBUFT): 4 instances

RTL Elaboration Complete:  : Time (s): cpu = 00:00:04 ; elapsed = 00:00:08 . Memory (MB): peak = 3946.320 ; gain = 581.812
16 Infos, 29 Warnings, 0 Critical Warnings and 0 Errors encountered.
synth_design completed successfully
synth_design: Time (s): cpu = 00:00:05 ; elapsed = 00:00:10 . Memory (MB): peak = 3946.320 ; gain = 956.043
exit
INFO: [Common 17-206] Exiting Vivado at Mon Jan 13 22:51:57 2025...
