
*** Running vivado
    with args -log Top.vds -m64 -product Vivado -mode batch -messageDb vivado.pb -notrace -source Top.tcl



****** Vivado v2023.1 (64-bit)
  **** SW Build 3865809 on Sun May  7 15:05:29 MDT 2023
  **** IP Build 3864474 on Sun May  7 20:36:21 MDT 2023
  **** SharedData Build 3865790 on Sun May 07 13:33:03 MDT 2023
    ** Copyright 1986-2022 Xilinx, Inc. All Rights Reserved.
    ** Copyright 2022-2023 Advanced Micro Devices, Inc. All Rights Reserved.

source Top.tcl -notrace
create_project: Time (s): cpu = 00:00:03 ; elapsed = 00:00:05 . Memory (MB): peak = 1908.922 ; gain = 161.137
INFO: [IP_Flow 19-234] Refreshing IP repositories
INFO: [IP_Flow 19-1704] No user IP repositories specified
INFO: [IP_Flow 19-2313] Loaded Vivado IP repository 'D:/Xilinx/Vivado/2023.1/data/ip'.
Command: read_checkpoint -auto_incremental -incremental D:/Programs/Workspace/SmartZYNQ_SP2/PS_BRAM/PS_BRAM.srcs/utils_1/imports/synth_1/Top.dcp
INFO: [Vivado 12-5825] Read reference checkpoint from D:/Programs/Workspace/SmartZYNQ_SP2/PS_BRAM/PS_BRAM.srcs/utils_1/imports/synth_1/Top.dcp for incremental synthesis
INFO: [Vivado 12-7989] Please ensure there are no constraint changes
Command: synth_design -top Top -part xc7z020clg484-1
Starting synth_design
Attempting to get a license for feature 'Synthesis' and/or device 'xc7z020'
INFO: [Common 17-349] Got license for feature 'Synthesis' and/or device 'xc7z020'
INFO: [Device 21-403] Loading part xc7z020clg484-1
INFO: [Designutils 20-5440] No compile time benefit to using incremental synthesis; A full resynthesis will be run
INFO: [Designutils 20-4379] Flow is switching to default flow due to incremental criteria not met. If you would like to alter this behaviour and have the flow terminate instead, please set the following parameter config_implementation {autoIncr.Synth.RejectBehavior Terminate}
INFO: [Synth 8-7079] Multithreading enabled for synth_design using a maximum of 2 processes.
INFO: [Synth 8-7078] Launching helper process for spawning children vivado processes
INFO: [Synth 8-7075] Helper process launched with PID 10616
---------------------------------------------------------------------------------
Starting RTL Elaboration : Time (s): cpu = 00:00:03 ; elapsed = 00:00:03 . Memory (MB): peak = 2819.125 ; gain = 410.867
---------------------------------------------------------------------------------
INFO: [Synth 8-6157] synthesizing module 'Top' [D:/Programs/Workspace/SmartZYNQ_SP2/PS_BRAM/PS_BRAM.srcs/sources_1/new/Top.v:23]
WARNING: [Synth 8-4446] all outputs are unconnected for this instance and logic may be removed [D:/Programs/Workspace/SmartZYNQ_SP2/PS_BRAM/PS_BRAM.srcs/sources_1/new/Top.v:44]
INFO: [Synth 8-6157] synthesizing module 'ila_0' [D:/Programs/Workspace/SmartZYNQ_SP2/PS_BRAM/PS_BRAM.runs/synth_1/.Xil/Vivado-19356-LAPTOP-DUUNQKAE/realtime/ila_0_stub.v:6]
INFO: [Synth 8-6155] done synthesizing module 'ila_0' (0#1) [D:/Programs/Workspace/SmartZYNQ_SP2/PS_BRAM/PS_BRAM.runs/synth_1/.Xil/Vivado-19356-LAPTOP-DUUNQKAE/realtime/ila_0_stub.v:6]
INFO: [Synth 8-6157] synthesizing module 'ZYNQ_CORE_wrapper' [d:/Programs/Workspace/SmartZYNQ_SP2/PS_BRAM/PS_BRAM.gen/sources_1/bd/ZYNQ_CORE/hdl/ZYNQ_CORE_wrapper.v:13]
INFO: [Synth 8-6157] synthesizing module 'ZYNQ_CORE' [d:/Programs/Workspace/SmartZYNQ_SP2/PS_BRAM/PS_BRAM.gen/sources_1/bd/ZYNQ_CORE/synth/ZYNQ_CORE.v:13]
INFO: [Synth 8-6157] synthesizing module 'ZYNQ_CORE_axi_bram_ctrl_0_4' [D:/Programs/Workspace/SmartZYNQ_SP2/PS_BRAM/PS_BRAM.runs/synth_1/.Xil/Vivado-19356-LAPTOP-DUUNQKAE/realtime/ZYNQ_CORE_axi_bram_ctrl_0_4_stub.v:6]
INFO: [Synth 8-6155] done synthesizing module 'ZYNQ_CORE_axi_bram_ctrl_0_4' (0#1) [D:/Programs/Workspace/SmartZYNQ_SP2/PS_BRAM/PS_BRAM.runs/synth_1/.Xil/Vivado-19356-LAPTOP-DUUNQKAE/realtime/ZYNQ_CORE_axi_bram_ctrl_0_4_stub.v:6]
INFO: [Synth 8-6157] synthesizing module 'ZYNQ_CORE_axi_bram_ctrl_0_5' [D:/Programs/Workspace/SmartZYNQ_SP2/PS_BRAM/PS_BRAM.runs/synth_1/.Xil/Vivado-19356-LAPTOP-DUUNQKAE/realtime/ZYNQ_CORE_axi_bram_ctrl_0_5_stub.v:6]
INFO: [Synth 8-6155] done synthesizing module 'ZYNQ_CORE_axi_bram_ctrl_0_5' (0#1) [D:/Programs/Workspace/SmartZYNQ_SP2/PS_BRAM/PS_BRAM.runs/synth_1/.Xil/Vivado-19356-LAPTOP-DUUNQKAE/realtime/ZYNQ_CORE_axi_bram_ctrl_0_5_stub.v:6]
INFO: [Synth 8-6157] synthesizing module 'ZYNQ_CORE_axi_bram_ctrl_0_6' [D:/Programs/Workspace/SmartZYNQ_SP2/PS_BRAM/PS_BRAM.runs/synth_1/.Xil/Vivado-19356-LAPTOP-DUUNQKAE/realtime/ZYNQ_CORE_axi_bram_ctrl_0_6_stub.v:6]
INFO: [Synth 8-6155] done synthesizing module 'ZYNQ_CORE_axi_bram_ctrl_0_6' (0#1) [D:/Programs/Workspace/SmartZYNQ_SP2/PS_BRAM/PS_BRAM.runs/synth_1/.Xil/Vivado-19356-LAPTOP-DUUNQKAE/realtime/ZYNQ_CORE_axi_bram_ctrl_0_6_stub.v:6]
INFO: [Synth 8-6157] synthesizing module 'ZYNQ_CORE_axi_smc_1' [D:/Programs/Workspace/SmartZYNQ_SP2/PS_BRAM/PS_BRAM.runs/synth_1/.Xil/Vivado-19356-LAPTOP-DUUNQKAE/realtime/ZYNQ_CORE_axi_smc_1_stub.v:6]
INFO: [Synth 8-6155] done synthesizing module 'ZYNQ_CORE_axi_smc_1' (0#1) [D:/Programs/Workspace/SmartZYNQ_SP2/PS_BRAM/PS_BRAM.runs/synth_1/.Xil/Vivado-19356-LAPTOP-DUUNQKAE/realtime/ZYNQ_CORE_axi_smc_1_stub.v:6]
WARNING: [Synth 8-7071] port 'M00_AXI_awqos' of module 'ZYNQ_CORE_axi_smc_1' is unconnected for instance 'axi_smc' [d:/Programs/Workspace/SmartZYNQ_SP2/PS_BRAM/PS_BRAM.gen/sources_1/bd/ZYNQ_CORE/synth/ZYNQ_CORE.v:394]
WARNING: [Synth 8-7071] port 'M00_AXI_arqos' of module 'ZYNQ_CORE_axi_smc_1' is unconnected for instance 'axi_smc' [d:/Programs/Workspace/SmartZYNQ_SP2/PS_BRAM/PS_BRAM.gen/sources_1/bd/ZYNQ_CORE/synth/ZYNQ_CORE.v:394]
WARNING: [Synth 8-7071] port 'M01_AXI_awqos' of module 'ZYNQ_CORE_axi_smc_1' is unconnected for instance 'axi_smc' [d:/Programs/Workspace/SmartZYNQ_SP2/PS_BRAM/PS_BRAM.gen/sources_1/bd/ZYNQ_CORE/synth/ZYNQ_CORE.v:394]
WARNING: [Synth 8-7071] port 'M01_AXI_arqos' of module 'ZYNQ_CORE_axi_smc_1' is unconnected for instance 'axi_smc' [d:/Programs/Workspace/SmartZYNQ_SP2/PS_BRAM/PS_BRAM.gen/sources_1/bd/ZYNQ_CORE/synth/ZYNQ_CORE.v:394]
WARNING: [Synth 8-7071] port 'M02_AXI_awqos' of module 'ZYNQ_CORE_axi_smc_1' is unconnected for instance 'axi_smc' [d:/Programs/Workspace/SmartZYNQ_SP2/PS_BRAM/PS_BRAM.gen/sources_1/bd/ZYNQ_CORE/synth/ZYNQ_CORE.v:394]
WARNING: [Synth 8-7071] port 'M02_AXI_arqos' of module 'ZYNQ_CORE_axi_smc_1' is unconnected for instance 'axi_smc' [d:/Programs/Workspace/SmartZYNQ_SP2/PS_BRAM/PS_BRAM.gen/sources_1/bd/ZYNQ_CORE/synth/ZYNQ_CORE.v:394]
WARNING: [Synth 8-7023] instance 'axi_smc' of module 'ZYNQ_CORE_axi_smc_1' has 139 connections declared, but only 133 given [d:/Programs/Workspace/SmartZYNQ_SP2/PS_BRAM/PS_BRAM.gen/sources_1/bd/ZYNQ_CORE/synth/ZYNQ_CORE.v:394]
INFO: [Synth 8-6157] synthesizing module 'ZYNQ_CORE_blk_mem_gen_0_2' [D:/Programs/Workspace/SmartZYNQ_SP2/PS_BRAM/PS_BRAM.runs/synth_1/.Xil/Vivado-19356-LAPTOP-DUUNQKAE/realtime/ZYNQ_CORE_blk_mem_gen_0_2_stub.v:6]
INFO: [Synth 8-6155] done synthesizing module 'ZYNQ_CORE_blk_mem_gen_0_2' (0#1) [D:/Programs/Workspace/SmartZYNQ_SP2/PS_BRAM/PS_BRAM.runs/synth_1/.Xil/Vivado-19356-LAPTOP-DUUNQKAE/realtime/ZYNQ_CORE_blk_mem_gen_0_2_stub.v:6]
INFO: [Synth 8-6157] synthesizing module 'ZYNQ_CORE_blk_mem_gen_0_3' [D:/Programs/Workspace/SmartZYNQ_SP2/PS_BRAM/PS_BRAM.runs/synth_1/.Xil/Vivado-19356-LAPTOP-DUUNQKAE/realtime/ZYNQ_CORE_blk_mem_gen_0_3_stub.v:6]
INFO: [Synth 8-6155] done synthesizing module 'ZYNQ_CORE_blk_mem_gen_0_3' (0#1) [D:/Programs/Workspace/SmartZYNQ_SP2/PS_BRAM/PS_BRAM.runs/synth_1/.Xil/Vivado-19356-LAPTOP-DUUNQKAE/realtime/ZYNQ_CORE_blk_mem_gen_0_3_stub.v:6]
INFO: [Synth 8-6157] synthesizing module 'ZYNQ_CORE_processing_system7_0_1' [D:/Programs/Workspace/SmartZYNQ_SP2/PS_BRAM/PS_BRAM.runs/synth_1/.Xil/Vivado-19356-LAPTOP-DUUNQKAE/realtime/ZYNQ_CORE_processing_system7_0_1_stub.v:6]
INFO: [Synth 8-6155] done synthesizing module 'ZYNQ_CORE_processing_system7_0_1' (0#1) [D:/Programs/Workspace/SmartZYNQ_SP2/PS_BRAM/PS_BRAM.runs/synth_1/.Xil/Vivado-19356-LAPTOP-DUUNQKAE/realtime/ZYNQ_CORE_processing_system7_0_1_stub.v:6]
INFO: [Synth 8-6157] synthesizing module 'ZYNQ_CORE_rst_ps7_0_50M_1' [D:/Programs/Workspace/SmartZYNQ_SP2/PS_BRAM/PS_BRAM.runs/synth_1/.Xil/Vivado-19356-LAPTOP-DUUNQKAE/realtime/ZYNQ_CORE_rst_ps7_0_50M_1_stub.v:6]
INFO: [Synth 8-6155] done synthesizing module 'ZYNQ_CORE_rst_ps7_0_50M_1' (0#1) [D:/Programs/Workspace/SmartZYNQ_SP2/PS_BRAM/PS_BRAM.runs/synth_1/.Xil/Vivado-19356-LAPTOP-DUUNQKAE/realtime/ZYNQ_CORE_rst_ps7_0_50M_1_stub.v:6]
WARNING: [Synth 8-7071] port 'mb_reset' of module 'ZYNQ_CORE_rst_ps7_0_50M_1' is unconnected for instance 'rst_ps7_0_50M' [d:/Programs/Workspace/SmartZYNQ_SP2/PS_BRAM/PS_BRAM.gen/sources_1/bd/ZYNQ_CORE/synth/ZYNQ_CORE.v:623]
WARNING: [Synth 8-7071] port 'bus_struct_reset' of module 'ZYNQ_CORE_rst_ps7_0_50M_1' is unconnected for instance 'rst_ps7_0_50M' [d:/Programs/Workspace/SmartZYNQ_SP2/PS_BRAM/PS_BRAM.gen/sources_1/bd/ZYNQ_CORE/synth/ZYNQ_CORE.v:623]
WARNING: [Synth 8-7071] port 'peripheral_reset' of module 'ZYNQ_CORE_rst_ps7_0_50M_1' is unconnected for instance 'rst_ps7_0_50M' [d:/Programs/Workspace/SmartZYNQ_SP2/PS_BRAM/PS_BRAM.gen/sources_1/bd/ZYNQ_CORE/synth/ZYNQ_CORE.v:623]
WARNING: [Synth 8-7071] port 'interconnect_aresetn' of module 'ZYNQ_CORE_rst_ps7_0_50M_1' is unconnected for instance 'rst_ps7_0_50M' [d:/Programs/Workspace/SmartZYNQ_SP2/PS_BRAM/PS_BRAM.gen/sources_1/bd/ZYNQ_CORE/synth/ZYNQ_CORE.v:623]
WARNING: [Synth 8-7023] instance 'rst_ps7_0_50M' of module 'ZYNQ_CORE_rst_ps7_0_50M_1' has 10 connections declared, but only 6 given [d:/Programs/Workspace/SmartZYNQ_SP2/PS_BRAM/PS_BRAM.gen/sources_1/bd/ZYNQ_CORE/synth/ZYNQ_CORE.v:623]
INFO: [Synth 8-6155] done synthesizing module 'ZYNQ_CORE' (0#1) [d:/Programs/Workspace/SmartZYNQ_SP2/PS_BRAM/PS_BRAM.gen/sources_1/bd/ZYNQ_CORE/synth/ZYNQ_CORE.v:13]
INFO: [Synth 8-6155] done synthesizing module 'ZYNQ_CORE_wrapper' (0#1) [d:/Programs/Workspace/SmartZYNQ_SP2/PS_BRAM/PS_BRAM.gen/sources_1/bd/ZYNQ_CORE/hdl/ZYNQ_CORE_wrapper.v:13]
WARNING: [Synth 8-7071] port 'DDR_addr' of module 'ZYNQ_CORE_wrapper' is unconnected for instance 'u_zynq' [D:/Programs/Workspace/SmartZYNQ_SP2/PS_BRAM/PS_BRAM.srcs/sources_1/new/Top.v:51]
WARNING: [Synth 8-7071] port 'DDR_ba' of module 'ZYNQ_CORE_wrapper' is unconnected for instance 'u_zynq' [D:/Programs/Workspace/SmartZYNQ_SP2/PS_BRAM/PS_BRAM.srcs/sources_1/new/Top.v:51]
WARNING: [Synth 8-7071] port 'DDR_cas_n' of module 'ZYNQ_CORE_wrapper' is unconnected for instance 'u_zynq' [D:/Programs/Workspace/SmartZYNQ_SP2/PS_BRAM/PS_BRAM.srcs/sources_1/new/Top.v:51]
WARNING: [Synth 8-7071] port 'DDR_ck_n' of module 'ZYNQ_CORE_wrapper' is unconnected for instance 'u_zynq' [D:/Programs/Workspace/SmartZYNQ_SP2/PS_BRAM/PS_BRAM.srcs/sources_1/new/Top.v:51]
WARNING: [Synth 8-7071] port 'DDR_ck_p' of module 'ZYNQ_CORE_wrapper' is unconnected for instance 'u_zynq' [D:/Programs/Workspace/SmartZYNQ_SP2/PS_BRAM/PS_BRAM.srcs/sources_1/new/Top.v:51]
WARNING: [Synth 8-7071] port 'DDR_cke' of module 'ZYNQ_CORE_wrapper' is unconnected for instance 'u_zynq' [D:/Programs/Workspace/SmartZYNQ_SP2/PS_BRAM/PS_BRAM.srcs/sources_1/new/Top.v:51]
WARNING: [Synth 8-7071] port 'DDR_cs_n' of module 'ZYNQ_CORE_wrapper' is unconnected for instance 'u_zynq' [D:/Programs/Workspace/SmartZYNQ_SP2/PS_BRAM/PS_BRAM.srcs/sources_1/new/Top.v:51]
WARNING: [Synth 8-7071] port 'DDR_dm' of module 'ZYNQ_CORE_wrapper' is unconnected for instance 'u_zynq' [D:/Programs/Workspace/SmartZYNQ_SP2/PS_BRAM/PS_BRAM.srcs/sources_1/new/Top.v:51]
WARNING: [Synth 8-7071] port 'DDR_dq' of module 'ZYNQ_CORE_wrapper' is unconnected for instance 'u_zynq' [D:/Programs/Workspace/SmartZYNQ_SP2/PS_BRAM/PS_BRAM.srcs/sources_1/new/Top.v:51]
WARNING: [Synth 8-7071] port 'DDR_dqs_n' of module 'ZYNQ_CORE_wrapper' is unconnected for instance 'u_zynq' [D:/Programs/Workspace/SmartZYNQ_SP2/PS_BRAM/PS_BRAM.srcs/sources_1/new/Top.v:51]
WARNING: [Synth 8-7071] port 'DDR_dqs_p' of module 'ZYNQ_CORE_wrapper' is unconnected for instance 'u_zynq' [D:/Programs/Workspace/SmartZYNQ_SP2/PS_BRAM/PS_BRAM.srcs/sources_1/new/Top.v:51]
WARNING: [Synth 8-7071] port 'DDR_odt' of module 'ZYNQ_CORE_wrapper' is unconnected for instance 'u_zynq' [D:/Programs/Workspace/SmartZYNQ_SP2/PS_BRAM/PS_BRAM.srcs/sources_1/new/Top.v:51]
WARNING: [Synth 8-7071] port 'DDR_ras_n' of module 'ZYNQ_CORE_wrapper' is unconnected for instance 'u_zynq' [D:/Programs/Workspace/SmartZYNQ_SP2/PS_BRAM/PS_BRAM.srcs/sources_1/new/Top.v:51]
WARNING: [Synth 8-7071] port 'DDR_reset_n' of module 'ZYNQ_CORE_wrapper' is unconnected for instance 'u_zynq' [D:/Programs/Workspace/SmartZYNQ_SP2/PS_BRAM/PS_BRAM.srcs/sources_1/new/Top.v:51]
WARNING: [Synth 8-7071] port 'DDR_we_n' of module 'ZYNQ_CORE_wrapper' is unconnected for instance 'u_zynq' [D:/Programs/Workspace/SmartZYNQ_SP2/PS_BRAM/PS_BRAM.srcs/sources_1/new/Top.v:51]
WARNING: [Synth 8-7071] port 'FIXED_IO_ddr_vrn' of module 'ZYNQ_CORE_wrapper' is unconnected for instance 'u_zynq' [D:/Programs/Workspace/SmartZYNQ_SP2/PS_BRAM/PS_BRAM.srcs/sources_1/new/Top.v:51]
WARNING: [Synth 8-7071] port 'FIXED_IO_ddr_vrp' of module 'ZYNQ_CORE_wrapper' is unconnected for instance 'u_zynq' [D:/Programs/Workspace/SmartZYNQ_SP2/PS_BRAM/PS_BRAM.srcs/sources_1/new/Top.v:51]
WARNING: [Synth 8-7071] port 'FIXED_IO_mio' of module 'ZYNQ_CORE_wrapper' is unconnected for instance 'u_zynq' [D:/Programs/Workspace/SmartZYNQ_SP2/PS_BRAM/PS_BRAM.srcs/sources_1/new/Top.v:51]
WARNING: [Synth 8-7071] port 'FIXED_IO_ps_clk' of module 'ZYNQ_CORE_wrapper' is unconnected for instance 'u_zynq' [D:/Programs/Workspace/SmartZYNQ_SP2/PS_BRAM/PS_BRAM.srcs/sources_1/new/Top.v:51]
WARNING: [Synth 8-7071] port 'FIXED_IO_ps_porb' of module 'ZYNQ_CORE_wrapper' is unconnected for instance 'u_zynq' [D:/Programs/Workspace/SmartZYNQ_SP2/PS_BRAM/PS_BRAM.srcs/sources_1/new/Top.v:51]
WARNING: [Synth 8-7071] port 'FIXED_IO_ps_srstb' of module 'ZYNQ_CORE_wrapper' is unconnected for instance 'u_zynq' [D:/Programs/Workspace/SmartZYNQ_SP2/PS_BRAM/PS_BRAM.srcs/sources_1/new/Top.v:51]
WARNING: [Synth 8-7023] instance 'u_zynq' of module 'ZYNQ_CORE_wrapper' has 30 connections declared, but only 9 given [D:/Programs/Workspace/SmartZYNQ_SP2/PS_BRAM/PS_BRAM.srcs/sources_1/new/Top.v:51]
INFO: [Synth 8-6155] done synthesizing module 'Top' (0#1) [D:/Programs/Workspace/SmartZYNQ_SP2/PS_BRAM/PS_BRAM.srcs/sources_1/new/Top.v:23]
INFO: [Synth 8-6071] Mark debug on the nets applies keep_hierarchy on instance 'u_ila_0'. This will prevent further optimization [D:/Programs/Workspace/SmartZYNQ_SP2/PS_BRAM/PS_BRAM.srcs/sources_1/new/Top.v:44]
INFO: [Synth 8-6071] Mark debug on the nets applies keep_hierarchy on instance 'u_zynq'. This will prevent further optimization [D:/Programs/Workspace/SmartZYNQ_SP2/PS_BRAM/PS_BRAM.srcs/sources_1/new/Top.v:51]
---------------------------------------------------------------------------------
Finished RTL Elaboration : Time (s): cpu = 00:00:03 ; elapsed = 00:00:04 . Memory (MB): peak = 2916.023 ; gain = 507.766
---------------------------------------------------------------------------------
---------------------------------------------------------------------------------
Start Handling Custom Attributes
---------------------------------------------------------------------------------
---------------------------------------------------------------------------------
Finished Handling Custom Attributes : Time (s): cpu = 00:00:03 ; elapsed = 00:00:04 . Memory (MB): peak = 2933.945 ; gain = 525.688
---------------------------------------------------------------------------------
---------------------------------------------------------------------------------
Finished RTL Optimization Phase 1 : Time (s): cpu = 00:00:03 ; elapsed = 00:00:04 . Memory (MB): peak = 2933.945 ; gain = 525.688
---------------------------------------------------------------------------------
Netlist sorting complete. Time (s): cpu = 00:00:00 ; elapsed = 00:00:00.012 . Memory (MB): peak = 2933.945 ; gain = 0.000
INFO: [Project 1-570] Preparing netlist for logic optimization

Processing XDC Constraints
Initializing timing engine
Parsing XDC File [d:/Programs/Workspace/SmartZYNQ_SP2/PS_BRAM/PS_BRAM.gen/sources_1/bd/ZYNQ_CORE/ip/ZYNQ_CORE_processing_system7_0_1/ZYNQ_CORE_processing_system7_0_1/ZYNQ_CORE_processing_system7_0_1_in_context.xdc] for cell 'u_zynq/ZYNQ_CORE_i/processing_system7_0'
Finished Parsing XDC File [d:/Programs/Workspace/SmartZYNQ_SP2/PS_BRAM/PS_BRAM.gen/sources_1/bd/ZYNQ_CORE/ip/ZYNQ_CORE_processing_system7_0_1/ZYNQ_CORE_processing_system7_0_1/ZYNQ_CORE_processing_system7_0_1_in_context.xdc] for cell 'u_zynq/ZYNQ_CORE_i/processing_system7_0'
Parsing XDC File [d:/Programs/Workspace/SmartZYNQ_SP2/PS_BRAM/PS_BRAM.gen/sources_1/bd/ZYNQ_CORE/ip/ZYNQ_CORE_axi_bram_ctrl_0_4/ZYNQ_CORE_axi_bram_ctrl_0_4/ZYNQ_CORE_axi_bram_ctrl_0_5_in_context.xdc] for cell 'u_zynq/ZYNQ_CORE_i/axi_bram_ctrl_0'
Finished Parsing XDC File [d:/Programs/Workspace/SmartZYNQ_SP2/PS_BRAM/PS_BRAM.gen/sources_1/bd/ZYNQ_CORE/ip/ZYNQ_CORE_axi_bram_ctrl_0_4/ZYNQ_CORE_axi_bram_ctrl_0_4/ZYNQ_CORE_axi_bram_ctrl_0_5_in_context.xdc] for cell 'u_zynq/ZYNQ_CORE_i/axi_bram_ctrl_0'
Parsing XDC File [d:/Programs/Workspace/SmartZYNQ_SP2/PS_BRAM/PS_BRAM.gen/sources_1/bd/ZYNQ_CORE/ip/ZYNQ_CORE_axi_bram_ctrl_0_5/ZYNQ_CORE_axi_bram_ctrl_0_5/ZYNQ_CORE_axi_bram_ctrl_0_5_in_context.xdc] for cell 'u_zynq/ZYNQ_CORE_i/axi_bram_ctrl_1'
Finished Parsing XDC File [d:/Programs/Workspace/SmartZYNQ_SP2/PS_BRAM/PS_BRAM.gen/sources_1/bd/ZYNQ_CORE/ip/ZYNQ_CORE_axi_bram_ctrl_0_5/ZYNQ_CORE_axi_bram_ctrl_0_5/ZYNQ_CORE_axi_bram_ctrl_0_5_in_context.xdc] for cell 'u_zynq/ZYNQ_CORE_i/axi_bram_ctrl_1'
Parsing XDC File [d:/Programs/Workspace/SmartZYNQ_SP2/PS_BRAM/PS_BRAM.gen/sources_1/bd/ZYNQ_CORE/ip/ZYNQ_CORE_axi_bram_ctrl_0_6/ZYNQ_CORE_axi_bram_ctrl_0_6/ZYNQ_CORE_axi_bram_ctrl_0_5_in_context.xdc] for cell 'u_zynq/ZYNQ_CORE_i/axi_bram_ctrl_2'
Finished Parsing XDC File [d:/Programs/Workspace/SmartZYNQ_SP2/PS_BRAM/PS_BRAM.gen/sources_1/bd/ZYNQ_CORE/ip/ZYNQ_CORE_axi_bram_ctrl_0_6/ZYNQ_CORE_axi_bram_ctrl_0_6/ZYNQ_CORE_axi_bram_ctrl_0_5_in_context.xdc] for cell 'u_zynq/ZYNQ_CORE_i/axi_bram_ctrl_2'
Parsing XDC File [d:/Programs/Workspace/SmartZYNQ_SP2/PS_BRAM/PS_BRAM.gen/sources_1/bd/ZYNQ_CORE/ip/ZYNQ_CORE_blk_mem_gen_0_2/ZYNQ_CORE_blk_mem_gen_0_2/ZYNQ_CORE_blk_mem_gen_0_2_in_context.xdc] for cell 'u_zynq/ZYNQ_CORE_i/blk_mem_gen_0'
Finished Parsing XDC File [d:/Programs/Workspace/SmartZYNQ_SP2/PS_BRAM/PS_BRAM.gen/sources_1/bd/ZYNQ_CORE/ip/ZYNQ_CORE_blk_mem_gen_0_2/ZYNQ_CORE_blk_mem_gen_0_2/ZYNQ_CORE_blk_mem_gen_0_2_in_context.xdc] for cell 'u_zynq/ZYNQ_CORE_i/blk_mem_gen_0'
Parsing XDC File [d:/Programs/Workspace/SmartZYNQ_SP2/PS_BRAM/PS_BRAM.gen/sources_1/bd/ZYNQ_CORE/ip/ZYNQ_CORE_blk_mem_gen_0_3/ZYNQ_CORE_blk_mem_gen_0_3/ZYNQ_CORE_blk_mem_gen_0_2_in_context.xdc] for cell 'u_zynq/ZYNQ_CORE_i/blk_mem_gen_1'
Finished Parsing XDC File [d:/Programs/Workspace/SmartZYNQ_SP2/PS_BRAM/PS_BRAM.gen/sources_1/bd/ZYNQ_CORE/ip/ZYNQ_CORE_blk_mem_gen_0_3/ZYNQ_CORE_blk_mem_gen_0_3/ZYNQ_CORE_blk_mem_gen_0_2_in_context.xdc] for cell 'u_zynq/ZYNQ_CORE_i/blk_mem_gen_1'
Parsing XDC File [d:/Programs/Workspace/SmartZYNQ_SP2/PS_BRAM/PS_BRAM.gen/sources_1/bd/ZYNQ_CORE/ip/ZYNQ_CORE_axi_smc_1/ZYNQ_CORE_axi_smc_1/ZYNQ_CORE_axi_smc_1_in_context.xdc] for cell 'u_zynq/ZYNQ_CORE_i/axi_smc'
Finished Parsing XDC File [d:/Programs/Workspace/SmartZYNQ_SP2/PS_BRAM/PS_BRAM.gen/sources_1/bd/ZYNQ_CORE/ip/ZYNQ_CORE_axi_smc_1/ZYNQ_CORE_axi_smc_1/ZYNQ_CORE_axi_smc_1_in_context.xdc] for cell 'u_zynq/ZYNQ_CORE_i/axi_smc'
Parsing XDC File [d:/Programs/Workspace/SmartZYNQ_SP2/PS_BRAM/PS_BRAM.gen/sources_1/bd/ZYNQ_CORE/ip/ZYNQ_CORE_rst_ps7_0_50M_1/ZYNQ_CORE_rst_ps7_0_50M_1/ZYNQ_CORE_rst_ps7_0_50M_1_in_context.xdc] for cell 'u_zynq/ZYNQ_CORE_i/rst_ps7_0_50M'
Finished Parsing XDC File [d:/Programs/Workspace/SmartZYNQ_SP2/PS_BRAM/PS_BRAM.gen/sources_1/bd/ZYNQ_CORE/ip/ZYNQ_CORE_rst_ps7_0_50M_1/ZYNQ_CORE_rst_ps7_0_50M_1/ZYNQ_CORE_rst_ps7_0_50M_1_in_context.xdc] for cell 'u_zynq/ZYNQ_CORE_i/rst_ps7_0_50M'
Parsing XDC File [d:/Programs/Workspace/SmartZYNQ_SP2/PS_BRAM/PS_BRAM.gen/sources_1/ip/ila_0/ila_0/ila_0_in_context.xdc] for cell 'u_ila_0'
Finished Parsing XDC File [d:/Programs/Workspace/SmartZYNQ_SP2/PS_BRAM/PS_BRAM.gen/sources_1/ip/ila_0/ila_0/ila_0_in_context.xdc] for cell 'u_ila_0'
Parsing XDC File [D:/Programs/Workspace/SmartZYNQ_SP2/PS_BRAM/PS_BRAM.srcs/constrs_1/new/PIN.xdc]
Finished Parsing XDC File [D:/Programs/Workspace/SmartZYNQ_SP2/PS_BRAM/PS_BRAM.srcs/constrs_1/new/PIN.xdc]
INFO: [Project 1-236] Implementation specific constraints were found while reading constraint file [D:/Programs/Workspace/SmartZYNQ_SP2/PS_BRAM/PS_BRAM.srcs/constrs_1/new/PIN.xdc]. These constraints will be ignored for synthesis but will be used in implementation. Impacted constraints are listed in the file [.Xil/Top_propImpl.xdc].
Resolution: To avoid this warning, move constraints listed in [.Xil/Top_propImpl.xdc] to another XDC file and exclude this new file from synthesis with the used_in_synthesis property (File Properties dialog in GUI) and re-run elaboration/synthesis.
Parsing XDC File [D:/Programs/Workspace/SmartZYNQ_SP2/PS_BRAM/PS_BRAM.runs/synth_1/dont_touch.xdc]
Finished Parsing XDC File [D:/Programs/Workspace/SmartZYNQ_SP2/PS_BRAM/PS_BRAM.runs/synth_1/dont_touch.xdc]
Completed Processing XDC Constraints

Netlist sorting complete. Time (s): cpu = 00:00:00 ; elapsed = 00:00:00.001 . Memory (MB): peak = 3022.418 ; gain = 0.000
INFO: [Project 1-111] Unisim Transformation Summary:
No Unisim elements were transformed.

Constraint Validation Runtime : Time (s): cpu = 00:00:00 ; elapsed = 00:00:00.004 . Memory (MB): peak = 3022.418 ; gain = 0.000
INFO: [Designutils 20-5440] No compile time benefit to using incremental synthesis; A full resynthesis will be run
INFO: [Designutils 20-4379] Flow is switching to default flow due to incremental criteria not met. If you would like to alter this behaviour and have the flow terminate instead, please set the following parameter config_implementation {autoIncr.Synth.RejectBehavior Terminate}
---------------------------------------------------------------------------------
Finished Constraint Validation : Time (s): cpu = 00:00:07 ; elapsed = 00:00:12 . Memory (MB): peak = 3022.418 ; gain = 614.160
---------------------------------------------------------------------------------
---------------------------------------------------------------------------------
Start Loading Part and Timing Information
---------------------------------------------------------------------------------
Loading part: xc7z020clg484-1
---------------------------------------------------------------------------------
Finished Loading Part and Timing Information : Time (s): cpu = 00:00:07 ; elapsed = 00:00:12 . Memory (MB): peak = 3022.418 ; gain = 614.160
---------------------------------------------------------------------------------
---------------------------------------------------------------------------------
Start Applying 'set_property' XDC Constraints
---------------------------------------------------------------------------------
Applied set_property KEEP_HIERARCHY = SOFT for u_zynq/ZYNQ_CORE_i. (constraint file  auto generated constraint).
Applied set_property KEEP_HIERARCHY = SOFT for u_zynq/ZYNQ_CORE_i/processing_system7_0. (constraint file  auto generated constraint).
Applied set_property KEEP_HIERARCHY = SOFT for u_zynq/ZYNQ_CORE_i/axi_bram_ctrl_0. (constraint file  auto generated constraint).
Applied set_property KEEP_HIERARCHY = SOFT for u_zynq/ZYNQ_CORE_i/axi_bram_ctrl_1. (constraint file  auto generated constraint).
Applied set_property KEEP_HIERARCHY = SOFT for u_zynq/ZYNQ_CORE_i/axi_bram_ctrl_2. (constraint file  auto generated constraint).
Applied set_property KEEP_HIERARCHY = SOFT for u_zynq/ZYNQ_CORE_i/blk_mem_gen_0. (constraint file  auto generated constraint).
Applied set_property KEEP_HIERARCHY = SOFT for u_zynq/ZYNQ_CORE_i/blk_mem_gen_1. (constraint file  auto generated constraint).
Applied set_property KEEP_HIERARCHY = SOFT for u_zynq/ZYNQ_CORE_i/axi_smc. (constraint file  auto generated constraint).
Applied set_property KEEP_HIERARCHY = SOFT for u_zynq/ZYNQ_CORE_i/rst_ps7_0_50M. (constraint file  auto generated constraint).
Applied set_property KEEP_HIERARCHY = SOFT for u_ila_0. (constraint file  auto generated constraint).
---------------------------------------------------------------------------------
Finished applying 'set_property' XDC Constraints : Time (s): cpu = 00:00:07 ; elapsed = 00:00:12 . Memory (MB): peak = 3022.418 ; gain = 614.160
---------------------------------------------------------------------------------
---------------------------------------------------------------------------------
Finished RTL Optimization Phase 2 : Time (s): cpu = 00:00:07 ; elapsed = 00:00:12 . Memory (MB): peak = 3022.418 ; gain = 614.160
---------------------------------------------------------------------------------
---------------------------------------------------------------------------------
Start RTL Component Statistics 
---------------------------------------------------------------------------------
Detailed RTL Component Info : 
+---Adders : 
	   2 Input   32 Bit       Adders := 1     
+---Registers : 
	               32 Bit    Registers := 2     
---------------------------------------------------------------------------------
Finished RTL Component Statistics 
---------------------------------------------------------------------------------
---------------------------------------------------------------------------------
Start Part Resource Summary
---------------------------------------------------------------------------------
Part Resources:
DSPs: 220 (col length:60)
BRAMs: 280 (col length: RAMB18 60 RAMB36 30)
---------------------------------------------------------------------------------
Finished Part Resource Summary
---------------------------------------------------------------------------------
---------------------------------------------------------------------------------
Start Cross Boundary and Area Optimization
---------------------------------------------------------------------------------
WARNING: [Synth 8-7080] Parallel synthesis criteria is not met
---------------------------------------------------------------------------------
Finished Cross Boundary and Area Optimization : Time (s): cpu = 00:00:07 ; elapsed = 00:00:13 . Memory (MB): peak = 3022.418 ; gain = 614.160
---------------------------------------------------------------------------------
---------------------------------------------------------------------------------
Start Applying XDC Timing Constraints
---------------------------------------------------------------------------------
---------------------------------------------------------------------------------
Finished Applying XDC Timing Constraints : Time (s): cpu = 00:00:09 ; elapsed = 00:00:16 . Memory (MB): peak = 3022.418 ; gain = 614.160
---------------------------------------------------------------------------------
---------------------------------------------------------------------------------
Start Timing Optimization
---------------------------------------------------------------------------------
---------------------------------------------------------------------------------
Finished Timing Optimization : Time (s): cpu = 00:00:09 ; elapsed = 00:00:16 . Memory (MB): peak = 3022.418 ; gain = 614.160
---------------------------------------------------------------------------------
---------------------------------------------------------------------------------
Start Technology Mapping
---------------------------------------------------------------------------------
---------------------------------------------------------------------------------
Finished Technology Mapping : Time (s): cpu = 00:00:09 ; elapsed = 00:00:16 . Memory (MB): peak = 3022.418 ; gain = 614.160
---------------------------------------------------------------------------------
---------------------------------------------------------------------------------
Start IO Insertion
---------------------------------------------------------------------------------
---------------------------------------------------------------------------------
Start Flattening Before IO Insertion
---------------------------------------------------------------------------------
---------------------------------------------------------------------------------
Finished Flattening Before IO Insertion
---------------------------------------------------------------------------------
---------------------------------------------------------------------------------
Start Final Netlist Cleanup
---------------------------------------------------------------------------------
---------------------------------------------------------------------------------
Finished Final Netlist Cleanup
---------------------------------------------------------------------------------
---------------------------------------------------------------------------------
Finished IO Insertion : Time (s): cpu = 00:00:10 ; elapsed = 00:00:19 . Memory (MB): peak = 3022.418 ; gain = 614.160
---------------------------------------------------------------------------------
---------------------------------------------------------------------------------
Start Renaming Generated Instances
---------------------------------------------------------------------------------
---------------------------------------------------------------------------------
Finished Renaming Generated Instances : Time (s): cpu = 00:00:10 ; elapsed = 00:00:19 . Memory (MB): peak = 3022.418 ; gain = 614.160
---------------------------------------------------------------------------------
---------------------------------------------------------------------------------
Start Rebuilding User Hierarchy
---------------------------------------------------------------------------------
---------------------------------------------------------------------------------
Finished Rebuilding User Hierarchy : Time (s): cpu = 00:00:10 ; elapsed = 00:00:19 . Memory (MB): peak = 3022.418 ; gain = 614.160
---------------------------------------------------------------------------------
---------------------------------------------------------------------------------
Start Renaming Generated Ports
---------------------------------------------------------------------------------
---------------------------------------------------------------------------------
Finished Renaming Generated Ports : Time (s): cpu = 00:00:10 ; elapsed = 00:00:19 . Memory (MB): peak = 3022.418 ; gain = 614.160
---------------------------------------------------------------------------------
---------------------------------------------------------------------------------
Start Handling Custom Attributes
---------------------------------------------------------------------------------
---------------------------------------------------------------------------------
Finished Handling Custom Attributes : Time (s): cpu = 00:00:10 ; elapsed = 00:00:19 . Memory (MB): peak = 3022.418 ; gain = 614.160
---------------------------------------------------------------------------------
---------------------------------------------------------------------------------
Start Renaming Generated Nets
---------------------------------------------------------------------------------
---------------------------------------------------------------------------------
Finished Renaming Generated Nets : Time (s): cpu = 00:00:10 ; elapsed = 00:00:19 . Memory (MB): peak = 3022.418 ; gain = 614.160
---------------------------------------------------------------------------------
---------------------------------------------------------------------------------
Start Writing Synthesis Report
---------------------------------------------------------------------------------

Report BlackBoxes: 
+------+---------------------------------+----------+
|      |BlackBox name                    |Instances |
+------+---------------------------------+----------+
|1     |ZYNQ_CORE_axi_bram_ctrl_0_4      |         1|
|2     |ZYNQ_CORE_axi_bram_ctrl_0_5      |         1|
|3     |ZYNQ_CORE_axi_bram_ctrl_0_6      |         1|
|4     |ZYNQ_CORE_axi_smc_1              |         1|
|5     |ZYNQ_CORE_blk_mem_gen_0_2        |         1|
|6     |ZYNQ_CORE_blk_mem_gen_0_3        |         1|
|7     |ZYNQ_CORE_processing_system7_0_1 |         1|
|8     |ZYNQ_CORE_rst_ps7_0_50M_1        |         1|
|9     |ila_0                            |         1|
+------+---------------------------------+----------+

Report Cell Usage: 
+------+-------------------------------+------+
|      |Cell                           |Count |
+------+-------------------------------+------+
|1     |ZYNQ_CORE_axi_bram_ctrl_0      |     3|
|4     |ZYNQ_CORE_axi_smc              |     1|
|5     |ZYNQ_CORE_blk_mem_gen_0        |     2|
|7     |ZYNQ_CORE_processing_system7_0 |     1|
|8     |ZYNQ_CORE_rst_ps7_0_50M        |     1|
|9     |ila                            |     1|
|10    |BUFG                           |     1|
|11    |CARRY4                         |     8|
|12    |LUT1                           |     1|
|13    |LUT2                           |     1|
|14    |LUT6                           |     6|
|15    |FDRE                           |    64|
|16    |IBUF                           |     2|
|17    |OBUF                           |     1|
+------+-------------------------------+------+
---------------------------------------------------------------------------------
Finished Writing Synthesis Report : Time (s): cpu = 00:00:10 ; elapsed = 00:00:19 . Memory (MB): peak = 3022.418 ; gain = 614.160
---------------------------------------------------------------------------------
Synthesis finished with 0 errors, 0 critical warnings and 1 warnings.
Synthesis Optimization Runtime : Time (s): cpu = 00:00:06 ; elapsed = 00:00:17 . Memory (MB): peak = 3022.418 ; gain = 525.688
Synthesis Optimization Complete : Time (s): cpu = 00:00:10 ; elapsed = 00:00:19 . Memory (MB): peak = 3022.418 ; gain = 614.160
INFO: [Project 1-571] Translating synthesized netlist
Netlist sorting complete. Time (s): cpu = 00:00:00 ; elapsed = 00:00:00.010 . Memory (MB): peak = 3022.418 ; gain = 0.000
INFO: [Netlist 29-17] Analyzing 8 Unisim elements for replacement
INFO: [Netlist 29-28] Unisim Transformation completed in 0 CPU seconds
INFO: [Project 1-570] Preparing netlist for logic optimization
INFO: [Opt 31-138] Pushed 0 inverter(s) to 0 load pin(s).
Netlist sorting complete. Time (s): cpu = 00:00:00 ; elapsed = 00:00:00 . Memory (MB): peak = 3022.418 ; gain = 0.000
INFO: [Project 1-111] Unisim Transformation Summary:
No Unisim elements were transformed.

Synth Design complete | Checksum: 22bde669
INFO: [Common 17-83] Releasing license: Synthesis
50 Infos, 36 Warnings, 0 Critical Warnings and 0 Errors encountered.
synth_design completed successfully
synth_design: Time (s): cpu = 00:00:13 ; elapsed = 00:00:22 . Memory (MB): peak = 3022.418 ; gain = 1015.656
INFO: [Common 17-1381] The checkpoint 'D:/Programs/Workspace/SmartZYNQ_SP2/PS_BRAM/PS_BRAM.runs/synth_1/Top.dcp' has been generated.
INFO: [runtcl-4] Executing : report_utilization -file Top_utilization_synth.rpt -pb Top_utilization_synth.pb
INFO: [Common 17-206] Exiting Vivado at Fri Jan 31 20:13:04 2025...
