#-----------------------------------------------------------
# Vivado v2023.1 (64-bit)
# SW Build 3865809 on Sun May  7 15:05:29 MDT 2023
# IP Build 3864474 on Sun May  7 20:36:21 MDT 2023
# SharedData Build 3865790 on Sun May 07 13:33:03 MDT 2023
# Start of session at: Sun Mar  2 22:03:27 2025
# Process ID: 22752
# Current directory: D:/Programs/Workspace/SmartZYNQ_SP2/OV5640_HDMI_ROM_READ_0to9
# Command line: vivado.exe -gui_launcher_event rodinguilauncherevent21284 D:\Programs\Workspace\SmartZYNQ_SP2\OV5640_HDMI_ROM_READ_0to9\OV5640_HDMI_ROM_READ_0to9.xpr
# Log file: D:/Programs/Workspace/SmartZYNQ_SP2/OV5640_HDMI_ROM_READ_0to9/vivado.log
# Journal file: D:/Programs/Workspace/SmartZYNQ_SP2/OV5640_HDMI_ROM_READ_0to9\vivado.jou
# Running On: LAPTOP-DUUNQKAE, OS: Windows, CPU Frequency: 2918 MHz, CPU Physical cores: 14, Host memory: 16890 MB
#-----------------------------------------------------------
start_gui
open_project D:/Programs/Workspace/SmartZYNQ_SP2/OV5640_HDMI_ROM_READ_0to9/OV5640_HDMI_ROM_READ_0to9.xpr
WARNING: [Board 49-26] cannot add Board Part xilinx.com:vek280_es:part0:1.0 available at D:/Xilinx/Vivado/2023.1/data/xhub/boards/XilinxBoardStore/boards/Xilinx/vek280/es/rev_a/1.0/board.xml as part xcve2802-vsvh1760-2lp-e-s-es1 specified in board_part file is either invalid or not available
WARNING: [Board 49-26] cannot add Board Part xilinx.com:vek280_es:part0:1.1 available at D:/Xilinx/Vivado/2023.1/data/xhub/boards/XilinxBoardStore/boards/Xilinx/vek280/es/rev_a/1.1/board.xml as part xcve2802-vsvh1760-2lp-e-s-es1 specified in board_part file is either invalid or not available
WARNING: [Board 49-26] cannot add Board Part xilinx.com:vek280_es_revb:part0:1.0 available at D:/Xilinx/Vivado/2023.1/data/xhub/boards/XilinxBoardStore/boards/Xilinx/vek280/es/rev_b/1.0/board.xml as part xcve2802-vsvh1760-2mp-e-s-es1 specified in board_part file is either invalid or not available
WARNING: [Board 49-26] cannot add Board Part xilinx.com:vek280_es_revb:part0:1.1 available at D:/Xilinx/Vivado/2023.1/data/xhub/boards/XilinxBoardStore/boards/Xilinx/vek280/es/rev_b/1.1/board.xml as part xcve2802-vsvh1760-2mp-e-s-es1 specified in board_part file is either invalid or not available
WARNING: [Board 49-26] cannot add Board Part xilinx.com:vhk158_es:part0:1.0 available at D:/Xilinx/Vivado/2023.1/data/xhub/boards/XilinxBoardStore/boards/Xilinx/vhk158/es/1.0/board.xml as part xcvh1582-vsva3697-2mp-e-s-es1 specified in board_part file is either invalid or not available
WARNING: [Board 49-26] cannot add Board Part xilinx.com:vhk158_es:part0:1.1 available at D:/Xilinx/Vivado/2023.1/data/xhub/boards/XilinxBoardStore/boards/Xilinx/vhk158/es/1.1/board.xml as part xcvh1582-vsva3697-2mp-e-s-es1 specified in board_part file is either invalid or not available
WARNING: [Board 49-26] cannot add Board Part xilinx.com:vpk120_es:part0:1.2 available at D:/Xilinx/Vivado/2023.1/data/xhub/boards/XilinxBoardStore/boards/Xilinx/vpk120/es/1.2/board.xml as part xcvp1202-vsva2785-2mp-e-s-es1 specified in board_part file is either invalid or not available
WARNING: [Board 49-26] cannot add Board Part xilinx.com:vpk120_es:part0:1.3 available at D:/Xilinx/Vivado/2023.1/data/xhub/boards/XilinxBoardStore/boards/Xilinx/vpk120/es/1.3/board.xml as part xcvp1202-vsva2785-2mp-e-s-es1 specified in board_part file is either invalid or not available
WARNING: [Board 49-26] cannot add Board Part xilinx.com:vpk120_es_revb:part0:1.0 available at D:/Xilinx/Vivado/2023.1/data/xhub/boards/XilinxBoardStore/boards/Xilinx/vpk120_revb/es/1.0/board.xml as part xcvp1202-vsva2785-2mp-e-s-es1 specified in board_part file is either invalid or not available
WARNING: [Board 49-26] cannot add Board Part xilinx.com:vpk120_es_revb:part0:1.1 available at D:/Xilinx/Vivado/2023.1/data/xhub/boards/XilinxBoardStore/boards/Xilinx/vpk120_revb/es/1.1/board.xml as part xcvp1202-vsva2785-2mp-e-s-es1 specified in board_part file is either invalid or not available
WARNING: [Board 49-26] cannot add Board Part xilinx.com:vpk180_es:part0:1.0 available at D:/Xilinx/Vivado/2023.1/data/xhub/boards/XilinxBoardStore/boards/Xilinx/vpk180/es/1.0/board.xml as part xcvp1802-lsvc4072-2mp-e-s-es1 specified in board_part file is either invalid or not available
WARNING: [Board 49-26] cannot add Board Part xilinx.com:vpk180_es:part0:1.1 available at D:/Xilinx/Vivado/2023.1/data/xhub/boards/XilinxBoardStore/boards/Xilinx/vpk180/es/1.1/board.xml as part xcvp1802-lsvc4072-2mp-e-s-es1 specified in board_part file is either invalid or not available
WARNING: [Board 49-26] cannot add Board Part xilinx.com:zcu208ld:part0:2.0 available at D:/Xilinx/Vivado/2023.1/data/xhub/boards/XilinxBoardStore/boards/Xilinx/zcu208ld/production/2.0/board.xml as part xczu58dr-fsvg1517-2-i specified in board_part file is either invalid or not available
WARNING: [Board 49-26] cannot add Board Part xilinx.com:zcu216ld:part0:2.0 available at D:/Xilinx/Vivado/2023.1/data/xhub/boards/XilinxBoardStore/boards/Xilinx/zcu216ld/production/2.0/board.xml as part xczu59dr-ffvf1760-2-i specified in board_part file is either invalid or not available
WARNING: [Board 49-26] cannot add Board Part xilinx.com:zcu670:part0:2.0 available at D:/Xilinx/Vivado/2023.1/data/xhub/boards/XilinxBoardStore/boards/Xilinx/zcu670/2.0/board.xml as part xczu67dr-fsve1156-2-i specified in board_part file is either invalid or not available
WARNING: [Board 49-26] cannot add Board Part xilinx.com:zcu670ld:part0:1.0 available at D:/Xilinx/Vivado/2023.1/data/xhub/boards/XilinxBoardStore/boards/Xilinx/zcu670ld/1.0/board.xml as part xczu57dr-fsve1156-2-i specified in board_part file is either invalid or not available
Scanning sources...
Finished scanning sources
INFO: [IP_Flow 19-234] Refreshing IP repositories
INFO: [IP_Flow 19-1700] Loaded user IP repository 'd:/Programs/Workspace/SmartZYNQ_SP2/VDMA_OV5640_HDMI/rgb2dvi'.
INFO: [IP_Flow 19-1700] Loaded user IP repository 'd:/Programs/Workspace/SmartZYNQ_SP2/VDMA_OV5640_HDMI/ov5640_cap_data'.
INFO: [IP_Flow 19-2313] Loaded Vivado IP repository 'D:/Xilinx/Vivado/2023.1/data/ip'.
open_project: Time (s): cpu = 00:00:06 ; elapsed = 00:00:09 . Memory (MB): peak = 2968.156 ; gain = 404.070
open_bd_design {D:/Programs/Workspace/SmartZYNQ_SP2/OV5640_HDMI_ROM_READ_0to9/OV5640_HDMI_ROM_READ_0to9.srcs/sources_1/bd/ZYNQ_CORE/ZYNQ_CORE.bd}
Reading block design file <D:/Programs/Workspace/SmartZYNQ_SP2/OV5640_HDMI_ROM_READ_0to9/OV5640_HDMI_ROM_READ_0to9.srcs/sources_1/bd/ZYNQ_CORE/ZYNQ_CORE.bd>...
Adding component instance block -- xilinx.com:ip:processing_system7:5.5 - processing_system7_0
Adding component instance block -- xilinx.com:ip:axi_vdma:6.3 - axi_vdma_0
Adding component instance block -- xilinx.com:ip:v_axi4s_vid_out:4.0 - v_axi4s_vid_out_0
Adding component instance block -- xilinx.com:ip:v_tc:6.2 - v_tc_0
Adding component instance block -- xilinx.com:ip:clk_wiz:6.0 - clk_wiz_0
Adding component instance block -- xilinx.com:ip:axi_interconnect:2.1 - ps7_0_axi_periph
Adding component instance block -- xilinx.com:ip:axi_protocol_converter:2.1 - auto_pc
Adding component instance block -- xilinx.com:ip:proc_sys_reset:5.0 - rst_ps7_0_50M
Adding component instance block -- xilinx.com:ip:axi_interconnect:2.1 - axi_mem_intercon
Adding component instance block -- xilinx.com:ip:axi_crossbar:2.1 - xbar
Adding component instance block -- xilinx.com:ip:axi_protocol_converter:2.1 - auto_pc
Adding component instance block -- xilinx.com:ip:proc_sys_reset:5.0 - rst_ps7_0_150M
Adding component instance block -- xilinx.com:ip:util_vector_logic:2.0 - util_vector_logic_0
Adding component instance block -- digilentinc.com:ip:rgb2dvi:1.4 - rgb2dvi_0
CRITICAL WARNING: [BD 41-51] Could not find bus definition for the interface: TMDS 
CRITICAL WARNING: [BD 41-49] Could not find abstraction definition for the interface: TMDS 
CRITICAL WARNING: [BD 41-49] Could not find abstraction definition for the interface: TMDS 
Adding component instance block -- xilinx.com:ip:v_vid_in_axi4s:5.0 - v_vid_in_axi4s_0
Adding component instance block -- alientek.com:user:ov5640_capture_data:1.0 - ov5640_capture_data_0
Adding component instance block -- xilinx.com:ip:blk_mem_gen:8.4 - blk_mem_gen_0
Adding component instance block -- xilinx.com:module_ref:border_adder:1.0 - border_adder_0
Adding component instance block -- xilinx.com:module_ref:show_num:1.0 - show_num_0
Successfully read diagram <ZYNQ_CORE> from block design file <D:/Programs/Workspace/SmartZYNQ_SP2/OV5640_HDMI_ROM_READ_0to9/OV5640_HDMI_ROM_READ_0to9.srcs/sources_1/bd/ZYNQ_CORE/ZYNQ_CORE.bd>
update_compile_order -fileset sources_1
create_bd_cell -type module -reference show_num show_num_1
delete_bd_objs [get_bd_cells show_num_1]
regenerate_bd_layout
delete_bd_objs [get_bd_nets border_adder_0_pixel_x_out] [get_bd_nets border_adder_0_video_active_d] [get_bd_nets border_adder_0_video_vsync_d] [get_bd_nets border_adder_0_rgb_data_out] [get_bd_nets show_num_0_rgb_data_out] [get_bd_nets show_num_0_video_hsync_d] [get_bd_nets show_num_0_rd_addr] [get_bd_nets border_adder_0_pixel_y_out] [get_bd_nets border_adder_0_video_hsync_d] [get_bd_nets blk_mem_gen_0_douta] [get_bd_nets show_num_0_video_active_d] [get_bd_nets show_num_0_video_vsync_d] [get_bd_cells show_num_0]
update_compile_order -fileset sources_1
create_bd_cell -type module -reference show_num show_num_0
connect_bd_net [get_bd_pins show_num_0/pclk] [get_bd_pins clk_wiz_0/clk_out1]
connect_bd_net [get_bd_pins show_num_0/rstn] [get_bd_pins clk_wiz_0/locked]
connect_bd_net [get_bd_pins show_num_0/pixel_x_in] [get_bd_pins border_adder_0/pixel_x_out]
connect_bd_net [get_bd_pins show_num_0/pixel_y_in] [get_bd_pins border_adder_0/pixel_y_out]
connect_bd_net [get_bd_pins show_num_0/video_active] [get_bd_pins border_adder_0/video_active_d]
connect_bd_net [get_bd_pins show_num_0/video_hsync] [get_bd_pins border_adder_0/video_hsync_d]
connect_bd_net [get_bd_pins show_num_0/video_vsync] [get_bd_pins border_adder_0/video_vsync_d]
connect_bd_net [get_bd_pins show_num_0/rgb_data_in] [get_bd_pins border_adder_0/rgb_data_out]
connect_bd_net [get_bd_pins show_num_0/rd_data] [get_bd_pins blk_mem_gen_0/douta]
WARNING: [BD 41-1306] The connection to interface pin </blk_mem_gen_0/douta> is being overridden by the user with net <blk_mem_gen_0_douta>. This pin will not be connected as a part of interface connection <BRAM_PORTA>.
connect_bd_net [get_bd_pins blk_mem_gen_0/addra] [get_bd_pins show_num_0/rd_addr]
WARNING: [BD 41-1306] The connection to interface pin </blk_mem_gen_0/addra> is being overridden by the user with net <show_num_0_rd_addr>. This pin will not be connected as a part of interface connection <BRAM_PORTA>.
connect_bd_net [get_bd_pins show_num_0/rgb_data_out] [get_bd_pins rgb2dvi_0/vid_pData]
WARNING: [BD 41-1306] The connection to interface pin </rgb2dvi_0/vid_pData> is being overridden by the user with net <show_num_0_rgb_data_out>. This pin will not be connected as a part of interface connection <RGB>.
connect_bd_net [get_bd_pins show_num_0/video_active_d] [get_bd_pins rgb2dvi_0/vid_pVDE]
WARNING: [BD 41-1306] The connection to interface pin </rgb2dvi_0/vid_pVDE> is being overridden by the user with net <show_num_0_video_active_d>. This pin will not be connected as a part of interface connection <RGB>.
connect_bd_net [get_bd_pins show_num_0/video_hsync_d] [get_bd_pins rgb2dvi_0/vid_pHSync]
WARNING: [BD 41-1306] The connection to interface pin </rgb2dvi_0/vid_pHSync> is being overridden by the user with net <show_num_0_video_hsync_d>. This pin will not be connected as a part of interface connection <RGB>.
connect_bd_net [get_bd_pins show_num_0/video_vsync_d] [get_bd_pins rgb2dvi_0/vid_pVSync]
WARNING: [BD 41-1306] The connection to interface pin </rgb2dvi_0/vid_pVSync> is being overridden by the user with net <show_num_0_video_vsync_d>. This pin will not be connected as a part of interface connection <RGB>.
WARNING: [IP_Flow 19-4067] Ignoring invalid widget type specified checkbox.Providing a default widget
WARNING: [IP_Flow 19-4067] Ignoring invalid widget type specified checkbox.Providing a default widget
startgroup
create_bd_cell -type ip -vlnv xilinx.com:ip:vio:3.0 vio_0
endgroup
set_property location {5 1493 520} [get_bd_cells vio_0]
set_property CONFIG.C_EN_PROBE_IN_ACTIVITY {0} [get_bd_cells vio_0]
set_property CONFIG.C_NUM_PROBE_IN {0} [get_bd_cells vio_0]
connect_bd_net [get_bd_pins vio_0/clk] [get_bd_pins clk_wiz_0/clk_out1]
connect_bd_net [get_bd_pins vio_0/probe_out0] [get_bd_pins show_num_0/rom_addr_sel]
update_module_reference {ZYNQ_CORE_show_num_0_0 ZYNQ_CORE_show_num_0_1 ZYNQ_CORE_show_num_1_0}
INFO: [IP_Flow 19-5107] Inferred bus interface 'rstn' of definition 'xilinx.com:signal:reset:1.0' (from Xilinx Repository).
INFO: [IP_Flow 19-4728] Bus Interface 'rstn': Added interface parameter 'POLARITY' with value 'ACTIVE_LOW'.
INFO: [IP_Flow 19-5107] Inferred bus interface 'rstn' of definition 'xilinx.com:signal:reset:1.0' (from Xilinx Repository).
INFO: [IP_Flow 19-4728] Bus Interface 'rstn': Added interface parameter 'POLARITY' with value 'ACTIVE_LOW'.
Upgrading 'D:/Programs/Workspace/SmartZYNQ_SP2/OV5640_HDMI_ROM_READ_0to9/OV5640_HDMI_ROM_READ_0to9.srcs/sources_1/bd/ZYNQ_CORE/ZYNQ_CORE.bd'
INFO: [IP_Flow 19-3420] Updated ZYNQ_CORE_show_num_0_1 to use current project options
WARNING: [IP_Flow 19-4706] Upgraded port 'rom_addr_sel' width 4 differs from original width 1
WARNING: [IP_Flow 19-3298] Detected external port differences while upgrading 'ZYNQ_CORE_show_num_0_1'. These changes may impact your design.
CRITICAL WARNING: [Coretcl 2-1280] The upgrade of 'ZYNQ_CORE_show_num_0_1' has identified issues that may require user intervention. Please verify that the instance is correctly configured, and review any upgrade messages.
Wrote  : <D:\Programs\Workspace\SmartZYNQ_SP2\OV5640_HDMI_ROM_READ_0to9\OV5640_HDMI_ROM_READ_0to9.srcs\sources_1\bd\ZYNQ_CORE\ZYNQ_CORE.bd> 
Wrote  : <D:/Programs/Workspace/SmartZYNQ_SP2/OV5640_HDMI_ROM_READ_0to9/OV5640_HDMI_ROM_READ_0to9.srcs/sources_1/bd/ZYNQ_CORE/ui/bd_ea28465c.ui> 
update_compile_order -fileset sources_1
startgroup
set_property CONFIG.C_PROBE_OUT0_WIDTH {4} [get_bd_cells vio_0]
endgroup
save_bd_design
Wrote  : <D:\Programs\Workspace\SmartZYNQ_SP2\OV5640_HDMI_ROM_READ_0to9\OV5640_HDMI_ROM_READ_0to9.srcs\sources_1\bd\ZYNQ_CORE\ZYNQ_CORE.bd> 
regenerate_bd_layout
regenerate_bd_layout
regenerate_bd_layout
validate_bd_design
INFO: [xilinx.com:ip:clk_wiz:6.0-1] /clk_wiz_0 clk_wiz propagate
CRITICAL WARNING: [BD 41-49] Could not find abstraction definition for the interface: TMDS 
regenerate_bd_layout
regenerate_bd_layout
regenerate_bd_layout
regenerate_bd_layout
regenerate_bd_layout
save_bd_design
Wrote  : <D:\Programs\Workspace\SmartZYNQ_SP2\OV5640_HDMI_ROM_READ_0to9\OV5640_HDMI_ROM_READ_0to9.srcs\sources_1\bd\ZYNQ_CORE\ZYNQ_CORE.bd> 
Wrote  : <D:/Programs/Workspace/SmartZYNQ_SP2/OV5640_HDMI_ROM_READ_0to9/OV5640_HDMI_ROM_READ_0to9.srcs/sources_1/bd/ZYNQ_CORE/ui/bd_ea28465c.ui> 
regenerate_bd_layout
regenerate_bd_layout
regenerate_bd_layout
regenerate_bd_layout
validate_bd_design -force
INFO: [xilinx.com:ip:clk_wiz:6.0-1] /clk_wiz_0 clk_wiz propagate
CRITICAL WARNING: [BD 41-49] Could not find abstraction definition for the interface: TMDS 
make_wrapper -files [get_files D:/Programs/Workspace/SmartZYNQ_SP2/OV5640_HDMI_ROM_READ_0to9/OV5640_HDMI_ROM_READ_0to9.srcs/sources_1/bd/ZYNQ_CORE/ZYNQ_CORE.bd] -top
INFO: [BD 41-1662] The design 'ZYNQ_CORE.bd' is already validated. Therefore parameter propagation will not be re-run.
CRITICAL WARNING: [BD 41-49] Could not find abstraction definition for the interface: TMDS 
CRITICAL WARNING: [BD 41-49] Could not find abstraction definition for the interface: TMDS 
CRITICAL WARNING: [BD 41-49] Could not find abstraction definition for the interface: TMDS 
CRITICAL WARNING: [BD 41-49] Could not find abstraction definition for the interface: TMDS 
CRITICAL WARNING: [BD 41-49] Could not find abstraction definition for the interface: TMDS 
CRITICAL WARNING: [BD 41-49] Could not find abstraction definition for the interface: TMDS 
CRITICAL WARNING: [BD 41-49] Could not find abstraction definition for the interface: TMDS 
CRITICAL WARNING: [BD 41-49] Could not find abstraction definition for the interface: TMDS 
Wrote  : <D:\Programs\Workspace\SmartZYNQ_SP2\OV5640_HDMI_ROM_READ_0to9\OV5640_HDMI_ROM_READ_0to9.srcs\sources_1\bd\ZYNQ_CORE\ZYNQ_CORE.bd> 
Wrote  : <D:/Programs/Workspace/SmartZYNQ_SP2/OV5640_HDMI_ROM_READ_0to9/OV5640_HDMI_ROM_READ_0to9.srcs/sources_1/bd/ZYNQ_CORE/ui/bd_ea28465c.ui> 
WARNING: [BD 41-2384] Width mismatch when connecting pin: '/axi_mem_intercon/m00_couplers/auto_pc/m_axi_rid'(1) to pin: '/axi_mem_intercon/m00_couplers/M_AXI_rid'(6) - Only lower order bits will be connected.
WARNING: [BD 41-2384] Width mismatch when connecting pin: '/axi_mem_intercon/m00_couplers/auto_pc/m_axi_bid'(1) to pin: '/axi_mem_intercon/m00_couplers/M_AXI_bid'(6) - Only lower order bits will be connected.
WARNING: [BD 41-2384] Width mismatch when connecting pin: '/processing_system7_0/S_AXI_HP0_AWID'(6) to pin: '/axi_mem_intercon/M00_AXI_awid'(1) - Only lower order bits will be connected.
WARNING: [BD 41-2384] Width mismatch when connecting pin: '/processing_system7_0/S_AXI_HP0_ARID'(6) to pin: '/axi_mem_intercon/M00_AXI_arid'(1) - Only lower order bits will be connected.
WARNING: [BD 41-2384] Width mismatch when connecting pin: '/processing_system7_0/S_AXI_HP0_WID'(6) to pin: '/axi_mem_intercon/M00_AXI_wid'(1) - Only lower order bits will be connected.
Verilog Output written to : d:/Programs/Workspace/SmartZYNQ_SP2/OV5640_HDMI_ROM_READ_0to9/OV5640_HDMI_ROM_READ_0to9.gen/sources_1/bd/ZYNQ_CORE/synth/ZYNQ_CORE.v
WARNING: [BD 41-2384] Width mismatch when connecting pin: '/axi_mem_intercon/m00_couplers/auto_pc/m_axi_rid'(1) to pin: '/axi_mem_intercon/m00_couplers/M_AXI_rid'(6) - Only lower order bits will be connected.
WARNING: [BD 41-2384] Width mismatch when connecting pin: '/axi_mem_intercon/m00_couplers/auto_pc/m_axi_bid'(1) to pin: '/axi_mem_intercon/m00_couplers/M_AXI_bid'(6) - Only lower order bits will be connected.
WARNING: [BD 41-2384] Width mismatch when connecting pin: '/processing_system7_0/S_AXI_HP0_AWID'(6) to pin: '/axi_mem_intercon/M00_AXI_awid'(1) - Only lower order bits will be connected.
WARNING: [BD 41-2384] Width mismatch when connecting pin: '/processing_system7_0/S_AXI_HP0_ARID'(6) to pin: '/axi_mem_intercon/M00_AXI_arid'(1) - Only lower order bits will be connected.
WARNING: [BD 41-2384] Width mismatch when connecting pin: '/processing_system7_0/S_AXI_HP0_WID'(6) to pin: '/axi_mem_intercon/M00_AXI_wid'(1) - Only lower order bits will be connected.
Verilog Output written to : d:/Programs/Workspace/SmartZYNQ_SP2/OV5640_HDMI_ROM_READ_0to9/OV5640_HDMI_ROM_READ_0to9.gen/sources_1/bd/ZYNQ_CORE/sim/ZYNQ_CORE.v
Verilog Output written to : d:/Programs/Workspace/SmartZYNQ_SP2/OV5640_HDMI_ROM_READ_0to9/OV5640_HDMI_ROM_READ_0to9.gen/sources_1/bd/ZYNQ_CORE/hdl/ZYNQ_CORE_wrapper.v
launch_runs synth_1 -jobs 5
INFO: [BD 41-1662] The design 'ZYNQ_CORE.bd' is already validated. Therefore parameter propagation will not be re-run.
CRITICAL WARNING: [BD 41-49] Could not find abstraction definition for the interface: TMDS 
CRITICAL WARNING: [BD 41-49] Could not find abstraction definition for the interface: TMDS 
CRITICAL WARNING: [BD 41-49] Could not find abstraction definition for the interface: TMDS 
CRITICAL WARNING: [BD 41-49] Could not find abstraction definition for the interface: TMDS 
CRITICAL WARNING: [BD 41-49] Could not find abstraction definition for the interface: TMDS 
CRITICAL WARNING: [BD 41-49] Could not find abstraction definition for the interface: TMDS 
CRITICAL WARNING: [BD 41-49] Could not find abstraction definition for the interface: TMDS 
CRITICAL WARNING: [BD 41-49] Could not find abstraction definition for the interface: TMDS 
WARNING: [BD 41-2384] Width mismatch when connecting pin: '/axi_mem_intercon/m00_couplers/auto_pc/m_axi_rid'(1) to pin: '/axi_mem_intercon/m00_couplers/M_AXI_rid'(6) - Only lower order bits will be connected.
WARNING: [BD 41-2384] Width mismatch when connecting pin: '/axi_mem_intercon/m00_couplers/auto_pc/m_axi_bid'(1) to pin: '/axi_mem_intercon/m00_couplers/M_AXI_bid'(6) - Only lower order bits will be connected.
WARNING: [BD 41-2384] Width mismatch when connecting pin: '/processing_system7_0/S_AXI_HP0_AWID'(6) to pin: '/axi_mem_intercon/M00_AXI_awid'(1) - Only lower order bits will be connected.
WARNING: [BD 41-2384] Width mismatch when connecting pin: '/processing_system7_0/S_AXI_HP0_ARID'(6) to pin: '/axi_mem_intercon/M00_AXI_arid'(1) - Only lower order bits will be connected.
WARNING: [BD 41-2384] Width mismatch when connecting pin: '/processing_system7_0/S_AXI_HP0_WID'(6) to pin: '/axi_mem_intercon/M00_AXI_wid'(1) - Only lower order bits will be connected.
Verilog Output written to : d:/Programs/Workspace/SmartZYNQ_SP2/OV5640_HDMI_ROM_READ_0to9/OV5640_HDMI_ROM_READ_0to9.gen/sources_1/bd/ZYNQ_CORE/synth/ZYNQ_CORE.v
WARNING: [BD 41-2384] Width mismatch when connecting pin: '/axi_mem_intercon/m00_couplers/auto_pc/m_axi_rid'(1) to pin: '/axi_mem_intercon/m00_couplers/M_AXI_rid'(6) - Only lower order bits will be connected.
WARNING: [BD 41-2384] Width mismatch when connecting pin: '/axi_mem_intercon/m00_couplers/auto_pc/m_axi_bid'(1) to pin: '/axi_mem_intercon/m00_couplers/M_AXI_bid'(6) - Only lower order bits will be connected.
WARNING: [BD 41-2384] Width mismatch when connecting pin: '/processing_system7_0/S_AXI_HP0_AWID'(6) to pin: '/axi_mem_intercon/M00_AXI_awid'(1) - Only lower order bits will be connected.
WARNING: [BD 41-2384] Width mismatch when connecting pin: '/processing_system7_0/S_AXI_HP0_ARID'(6) to pin: '/axi_mem_intercon/M00_AXI_arid'(1) - Only lower order bits will be connected.
WARNING: [BD 41-2384] Width mismatch when connecting pin: '/processing_system7_0/S_AXI_HP0_WID'(6) to pin: '/axi_mem_intercon/M00_AXI_wid'(1) - Only lower order bits will be connected.
Verilog Output written to : d:/Programs/Workspace/SmartZYNQ_SP2/OV5640_HDMI_ROM_READ_0to9/OV5640_HDMI_ROM_READ_0to9.gen/sources_1/bd/ZYNQ_CORE/sim/ZYNQ_CORE.v
Verilog Output written to : d:/Programs/Workspace/SmartZYNQ_SP2/OV5640_HDMI_ROM_READ_0to9/OV5640_HDMI_ROM_READ_0to9.gen/sources_1/bd/ZYNQ_CORE/hdl/ZYNQ_CORE_wrapper.v
INFO: [BD 41-1029] Generation completed for the IP Integrator block blk_mem_gen_0 .
INFO: [BD 41-1029] Generation completed for the IP Integrator block show_num_0 .
INFO: [BD 41-1029] Generation completed for the IP Integrator block vio_0 .
WARNING: [IP_Flow 19-4994] Overwriting existing constraint file 'd:/Programs/Workspace/SmartZYNQ_SP2/OV5640_HDMI_ROM_READ_0to9/OV5640_HDMI_ROM_READ_0to9.gen/sources_1/bd/ZYNQ_CORE/ip/ZYNQ_CORE_auto_pc_0/ZYNQ_CORE_auto_pc_0_ooc.xdc'
INFO: [BD 41-1029] Generation completed for the IP Integrator block ps7_0_axi_periph/s00_couplers/auto_pc .
WARNING: [IP_Flow 19-4994] Overwriting existing constraint file 'd:/Programs/Workspace/SmartZYNQ_SP2/OV5640_HDMI_ROM_READ_0to9/OV5640_HDMI_ROM_READ_0to9.gen/sources_1/bd/ZYNQ_CORE/ip/ZYNQ_CORE_auto_pc_1/ZYNQ_CORE_auto_pc_1_ooc.xdc'
INFO: [BD 41-1029] Generation completed for the IP Integrator block axi_mem_intercon/m00_couplers/auto_pc .
Exporting to file d:/Programs/Workspace/SmartZYNQ_SP2/OV5640_HDMI_ROM_READ_0to9/OV5640_HDMI_ROM_READ_0to9.gen/sources_1/bd/ZYNQ_CORE/hw_handoff/ZYNQ_CORE.hwh
Generated Hardware Definition File d:/Programs/Workspace/SmartZYNQ_SP2/OV5640_HDMI_ROM_READ_0to9/OV5640_HDMI_ROM_READ_0to9.gen/sources_1/bd/ZYNQ_CORE/synth/ZYNQ_CORE.hwdef
INFO: [IP_Flow 19-6930] IPCACHE: runCacheChecks() number of threads = 8
INFO: [IP_Flow 19-6921] IPCACHE: Adding cache check func to thread queue for IP ZYNQ_CORE_auto_pc_0
INFO: [IP_Flow 19-6921] IPCACHE: Adding cache check func to thread queue for IP ZYNQ_CORE_auto_pc_1
INFO: [IP_Flow 19-6921] IPCACHE: Adding cache check func to thread queue for IP ZYNQ_CORE_blk_mem_gen_0_0
INFO: [IP_Flow 19-6921] IPCACHE: Adding cache check func to thread queue for IP ZYNQ_CORE_show_num_0_1
INFO: [IP_Flow 19-6921] IPCACHE: Adding cache check func to thread queue for IP ZYNQ_CORE_vio_0_0
INFO: [IP_Flow 19-8020] IPCACHE: runCacheChecks() calling threadPool finishWork()
INFO: [IP_Flow 19-6924] IPCACHE: Running cache check for IP inst: ZYNQ_CORE_auto_pc_0
INFO: [IP_Flow 19-6924] IPCACHE: Running cache check for IP inst: ZYNQ_CORE_auto_pc_1
INFO: [IP_Flow 19-6924] IPCACHE: Running cache check for IP inst: ZYNQ_CORE_blk_mem_gen_0_0
INFO: [IP_Flow 19-6924] IPCACHE: Running cache check for IP inst: ZYNQ_CORE_show_num_0_1
INFO: [IP_Flow 19-6924] IPCACHE: Running cache check for IP inst: ZYNQ_CORE_vio_0_0
[Sun Mar  2 22:13:07 2025] Launched ZYNQ_CORE_v_axi4s_vid_out_0_0_synth_1, ZYNQ_CORE_axi_vdma_0_0_synth_1, ZYNQ_CORE_v_tc_0_0_synth_1, ZYNQ_CORE_rst_ps7_0_150M_1_synth_1, ZYNQ_CORE_rst_ps7_0_50M_1_synth_1, ZYNQ_CORE_xbar_0_synth_1, ZYNQ_CORE_clk_wiz_0_0_synth_1, ZYNQ_CORE_processing_system7_0_0_synth_1, ZYNQ_CORE_util_vector_logic_0_0_synth_1, ZYNQ_CORE_rgb2dvi_0_0_synth_1, ZYNQ_CORE_v_vid_in_axi4s_0_0_synth_1, ZYNQ_CORE_ov5640_capture_data_0_0_synth_1, ZYNQ_CORE_blk_mem_gen_0_0_synth_1, ZYNQ_CORE_border_adder_0_0_synth_1, ZYNQ_CORE_show_num_0_1_synth_1, ZYNQ_CORE_auto_pc_1_synth_1, ZYNQ_CORE_auto_pc_0_synth_1, ZYNQ_CORE_vio_0_0_synth_1...
Run output will be captured here:
ZYNQ_CORE_v_axi4s_vid_out_0_0_synth_1: D:/Programs/Workspace/SmartZYNQ_SP2/OV5640_HDMI_ROM_READ_0to9/OV5640_HDMI_ROM_READ_0to9.runs/ZYNQ_CORE_v_axi4s_vid_out_0_0_synth_1/runme.log
ZYNQ_CORE_axi_vdma_0_0_synth_1: D:/Programs/Workspace/SmartZYNQ_SP2/OV5640_HDMI_ROM_READ_0to9/OV5640_HDMI_ROM_READ_0to9.runs/ZYNQ_CORE_axi_vdma_0_0_synth_1/runme.log
ZYNQ_CORE_v_tc_0_0_synth_1: D:/Programs/Workspace/SmartZYNQ_SP2/OV5640_HDMI_ROM_READ_0to9/OV5640_HDMI_ROM_READ_0to9.runs/ZYNQ_CORE_v_tc_0_0_synth_1/runme.log
ZYNQ_CORE_rst_ps7_0_150M_1_synth_1: D:/Programs/Workspace/SmartZYNQ_SP2/OV5640_HDMI_ROM_READ_0to9/OV5640_HDMI_ROM_READ_0to9.runs/ZYNQ_CORE_rst_ps7_0_150M_1_synth_1/runme.log
ZYNQ_CORE_rst_ps7_0_50M_1_synth_1: D:/Programs/Workspace/SmartZYNQ_SP2/OV5640_HDMI_ROM_READ_0to9/OV5640_HDMI_ROM_READ_0to9.runs/ZYNQ_CORE_rst_ps7_0_50M_1_synth_1/runme.log
ZYNQ_CORE_xbar_0_synth_1: D:/Programs/Workspace/SmartZYNQ_SP2/OV5640_HDMI_ROM_READ_0to9/OV5640_HDMI_ROM_READ_0to9.runs/ZYNQ_CORE_xbar_0_synth_1/runme.log
ZYNQ_CORE_clk_wiz_0_0_synth_1: D:/Programs/Workspace/SmartZYNQ_SP2/OV5640_HDMI_ROM_READ_0to9/OV5640_HDMI_ROM_READ_0to9.runs/ZYNQ_CORE_clk_wiz_0_0_synth_1/runme.log
ZYNQ_CORE_processing_system7_0_0_synth_1: D:/Programs/Workspace/SmartZYNQ_SP2/OV5640_HDMI_ROM_READ_0to9/OV5640_HDMI_ROM_READ_0to9.runs/ZYNQ_CORE_processing_system7_0_0_synth_1/runme.log
ZYNQ_CORE_util_vector_logic_0_0_synth_1: D:/Programs/Workspace/SmartZYNQ_SP2/OV5640_HDMI_ROM_READ_0to9/OV5640_HDMI_ROM_READ_0to9.runs/ZYNQ_CORE_util_vector_logic_0_0_synth_1/runme.log
ZYNQ_CORE_rgb2dvi_0_0_synth_1: D:/Programs/Workspace/SmartZYNQ_SP2/OV5640_HDMI_ROM_READ_0to9/OV5640_HDMI_ROM_READ_0to9.runs/ZYNQ_CORE_rgb2dvi_0_0_synth_1/runme.log
ZYNQ_CORE_v_vid_in_axi4s_0_0_synth_1: D:/Programs/Workspace/SmartZYNQ_SP2/OV5640_HDMI_ROM_READ_0to9/OV5640_HDMI_ROM_READ_0to9.runs/ZYNQ_CORE_v_vid_in_axi4s_0_0_synth_1/runme.log
ZYNQ_CORE_ov5640_capture_data_0_0_synth_1: D:/Programs/Workspace/SmartZYNQ_SP2/OV5640_HDMI_ROM_READ_0to9/OV5640_HDMI_ROM_READ_0to9.runs/ZYNQ_CORE_ov5640_capture_data_0_0_synth_1/runme.log
ZYNQ_CORE_blk_mem_gen_0_0_synth_1: D:/Programs/Workspace/SmartZYNQ_SP2/OV5640_HDMI_ROM_READ_0to9/OV5640_HDMI_ROM_READ_0to9.runs/ZYNQ_CORE_blk_mem_gen_0_0_synth_1/runme.log
ZYNQ_CORE_border_adder_0_0_synth_1: D:/Programs/Workspace/SmartZYNQ_SP2/OV5640_HDMI_ROM_READ_0to9/OV5640_HDMI_ROM_READ_0to9.runs/ZYNQ_CORE_border_adder_0_0_synth_1/runme.log
ZYNQ_CORE_show_num_0_1_synth_1: D:/Programs/Workspace/SmartZYNQ_SP2/OV5640_HDMI_ROM_READ_0to9/OV5640_HDMI_ROM_READ_0to9.runs/ZYNQ_CORE_show_num_0_1_synth_1/runme.log
ZYNQ_CORE_auto_pc_1_synth_1: D:/Programs/Workspace/SmartZYNQ_SP2/OV5640_HDMI_ROM_READ_0to9/OV5640_HDMI_ROM_READ_0to9.runs/ZYNQ_CORE_auto_pc_1_synth_1/runme.log
ZYNQ_CORE_auto_pc_0_synth_1: D:/Programs/Workspace/SmartZYNQ_SP2/OV5640_HDMI_ROM_READ_0to9/OV5640_HDMI_ROM_READ_0to9.runs/ZYNQ_CORE_auto_pc_0_synth_1/runme.log
ZYNQ_CORE_vio_0_0_synth_1: D:/Programs/Workspace/SmartZYNQ_SP2/OV5640_HDMI_ROM_READ_0to9/OV5640_HDMI_ROM_READ_0to9.runs/ZYNQ_CORE_vio_0_0_synth_1/runme.log
[Sun Mar  2 22:13:08 2025] Launched synth_1...
Run output will be captured here: D:/Programs/Workspace/SmartZYNQ_SP2/OV5640_HDMI_ROM_READ_0to9/OV5640_HDMI_ROM_READ_0to9.runs/synth_1/runme.log
launch_runs: Time (s): cpu = 00:00:10 ; elapsed = 00:00:19 . Memory (MB): peak = 3553.785 ; gain = 124.637
update_module_reference ZYNQ_CORE_show_num_0_1
INFO: [IP_Flow 19-5107] Inferred bus interface 'rstn' of definition 'xilinx.com:signal:reset:1.0' (from Xilinx Repository).
INFO: [IP_Flow 19-4728] Bus Interface 'rstn': Added interface parameter 'POLARITY' with value 'ACTIVE_LOW'.
INFO: [IP_Flow 19-5107] Inferred bus interface 'rstn' of definition 'xilinx.com:signal:reset:1.0' (from Xilinx Repository).
INFO: [IP_Flow 19-4728] Bus Interface 'rstn': Added interface parameter 'POLARITY' with value 'ACTIVE_LOW'.
Upgrading 'D:/Programs/Workspace/SmartZYNQ_SP2/OV5640_HDMI_ROM_READ_0to9/OV5640_HDMI_ROM_READ_0to9.srcs/sources_1/bd/ZYNQ_CORE/ZYNQ_CORE.bd'
INFO: [IP_Flow 19-3420] Updated ZYNQ_CORE_show_num_0_1 to use current project options
Wrote  : <D:\Programs\Workspace\SmartZYNQ_SP2\OV5640_HDMI_ROM_READ_0to9\OV5640_HDMI_ROM_READ_0to9.srcs\sources_1\bd\ZYNQ_CORE\ZYNQ_CORE.bd> 
reset_run synth_1
make_wrapper -files [get_files D:/Programs/Workspace/SmartZYNQ_SP2/OV5640_HDMI_ROM_READ_0to9/OV5640_HDMI_ROM_READ_0to9.srcs/sources_1/bd/ZYNQ_CORE/ZYNQ_CORE.bd] -top
INFO: [xilinx.com:ip:clk_wiz:6.0-1] /clk_wiz_0 clk_wiz propagate
CRITICAL WARNING: [BD 41-49] Could not find abstraction definition for the interface: TMDS 
CRITICAL WARNING: [BD 41-49] Could not find abstraction definition for the interface: TMDS 
CRITICAL WARNING: [BD 41-49] Could not find abstraction definition for the interface: TMDS 
CRITICAL WARNING: [BD 41-49] Could not find abstraction definition for the interface: TMDS 
CRITICAL WARNING: [BD 41-49] Could not find abstraction definition for the interface: TMDS 
CRITICAL WARNING: [BD 41-49] Could not find abstraction definition for the interface: TMDS 
CRITICAL WARNING: [BD 41-49] Could not find abstraction definition for the interface: TMDS 
CRITICAL WARNING: [BD 41-49] Could not find abstraction definition for the interface: TMDS 
Wrote  : <D:\Programs\Workspace\SmartZYNQ_SP2\OV5640_HDMI_ROM_READ_0to9\OV5640_HDMI_ROM_READ_0to9.srcs\sources_1\bd\ZYNQ_CORE\ZYNQ_CORE.bd> 
Wrote  : <D:/Programs/Workspace/SmartZYNQ_SP2/OV5640_HDMI_ROM_READ_0to9/OV5640_HDMI_ROM_READ_0to9.srcs/sources_1/bd/ZYNQ_CORE/ui/bd_ea28465c.ui> 
WARNING: [BD 41-2384] Width mismatch when connecting pin: '/axi_mem_intercon/m00_couplers/auto_pc/m_axi_rid'(1) to pin: '/axi_mem_intercon/m00_couplers/M_AXI_rid'(6) - Only lower order bits will be connected.
WARNING: [BD 41-2384] Width mismatch when connecting pin: '/axi_mem_intercon/m00_couplers/auto_pc/m_axi_bid'(1) to pin: '/axi_mem_intercon/m00_couplers/M_AXI_bid'(6) - Only lower order bits will be connected.
WARNING: [BD 41-2384] Width mismatch when connecting pin: '/processing_system7_0/S_AXI_HP0_AWID'(6) to pin: '/axi_mem_intercon/M00_AXI_awid'(1) - Only lower order bits will be connected.
WARNING: [BD 41-2384] Width mismatch when connecting pin: '/processing_system7_0/S_AXI_HP0_ARID'(6) to pin: '/axi_mem_intercon/M00_AXI_arid'(1) - Only lower order bits will be connected.
WARNING: [BD 41-2384] Width mismatch when connecting pin: '/processing_system7_0/S_AXI_HP0_WID'(6) to pin: '/axi_mem_intercon/M00_AXI_wid'(1) - Only lower order bits will be connected.
Verilog Output written to : d:/Programs/Workspace/SmartZYNQ_SP2/OV5640_HDMI_ROM_READ_0to9/OV5640_HDMI_ROM_READ_0to9.gen/sources_1/bd/ZYNQ_CORE/synth/ZYNQ_CORE.v
WARNING: [BD 41-2384] Width mismatch when connecting pin: '/axi_mem_intercon/m00_couplers/auto_pc/m_axi_rid'(1) to pin: '/axi_mem_intercon/m00_couplers/M_AXI_rid'(6) - Only lower order bits will be connected.
WARNING: [BD 41-2384] Width mismatch when connecting pin: '/axi_mem_intercon/m00_couplers/auto_pc/m_axi_bid'(1) to pin: '/axi_mem_intercon/m00_couplers/M_AXI_bid'(6) - Only lower order bits will be connected.
WARNING: [BD 41-2384] Width mismatch when connecting pin: '/processing_system7_0/S_AXI_HP0_AWID'(6) to pin: '/axi_mem_intercon/M00_AXI_awid'(1) - Only lower order bits will be connected.
WARNING: [BD 41-2384] Width mismatch when connecting pin: '/processing_system7_0/S_AXI_HP0_ARID'(6) to pin: '/axi_mem_intercon/M00_AXI_arid'(1) - Only lower order bits will be connected.
WARNING: [BD 41-2384] Width mismatch when connecting pin: '/processing_system7_0/S_AXI_HP0_WID'(6) to pin: '/axi_mem_intercon/M00_AXI_wid'(1) - Only lower order bits will be connected.
Verilog Output written to : d:/Programs/Workspace/SmartZYNQ_SP2/OV5640_HDMI_ROM_READ_0to9/OV5640_HDMI_ROM_READ_0to9.gen/sources_1/bd/ZYNQ_CORE/sim/ZYNQ_CORE.v
Verilog Output written to : d:/Programs/Workspace/SmartZYNQ_SP2/OV5640_HDMI_ROM_READ_0to9/OV5640_HDMI_ROM_READ_0to9.gen/sources_1/bd/ZYNQ_CORE/hdl/ZYNQ_CORE_wrapper.v
make_wrapper: Time (s): cpu = 00:00:04 ; elapsed = 00:00:10 . Memory (MB): peak = 3553.785 ; gain = 0.000
launch_runs synth_1 -jobs 6
INFO: [BD 41-1662] The design 'ZYNQ_CORE.bd' is already validated. Therefore parameter propagation will not be re-run.
CRITICAL WARNING: [BD 41-49] Could not find abstraction definition for the interface: TMDS 
CRITICAL WARNING: [BD 41-49] Could not find abstraction definition for the interface: TMDS 
CRITICAL WARNING: [BD 41-49] Could not find abstraction definition for the interface: TMDS 
CRITICAL WARNING: [BD 41-49] Could not find abstraction definition for the interface: TMDS 
CRITICAL WARNING: [BD 41-49] Could not find abstraction definition for the interface: TMDS 
CRITICAL WARNING: [BD 41-49] Could not find abstraction definition for the interface: TMDS 
CRITICAL WARNING: [BD 41-49] Could not find abstraction definition for the interface: TMDS 
CRITICAL WARNING: [BD 41-49] Could not find abstraction definition for the interface: TMDS 
Wrote  : <D:/Programs/Workspace/SmartZYNQ_SP2/OV5640_HDMI_ROM_READ_0to9/OV5640_HDMI_ROM_READ_0to9.srcs/sources_1/bd/ZYNQ_CORE/ui/bd_ea28465c.ui> 
WARNING: [BD 41-2384] Width mismatch when connecting pin: '/axi_mem_intercon/m00_couplers/auto_pc/m_axi_rid'(1) to pin: '/axi_mem_intercon/m00_couplers/M_AXI_rid'(6) - Only lower order bits will be connected.
WARNING: [BD 41-2384] Width mismatch when connecting pin: '/axi_mem_intercon/m00_couplers/auto_pc/m_axi_bid'(1) to pin: '/axi_mem_intercon/m00_couplers/M_AXI_bid'(6) - Only lower order bits will be connected.
WARNING: [BD 41-2384] Width mismatch when connecting pin: '/processing_system7_0/S_AXI_HP0_AWID'(6) to pin: '/axi_mem_intercon/M00_AXI_awid'(1) - Only lower order bits will be connected.
WARNING: [BD 41-2384] Width mismatch when connecting pin: '/processing_system7_0/S_AXI_HP0_ARID'(6) to pin: '/axi_mem_intercon/M00_AXI_arid'(1) - Only lower order bits will be connected.
WARNING: [BD 41-2384] Width mismatch when connecting pin: '/processing_system7_0/S_AXI_HP0_WID'(6) to pin: '/axi_mem_intercon/M00_AXI_wid'(1) - Only lower order bits will be connected.
Verilog Output written to : d:/Programs/Workspace/SmartZYNQ_SP2/OV5640_HDMI_ROM_READ_0to9/OV5640_HDMI_ROM_READ_0to9.gen/sources_1/bd/ZYNQ_CORE/synth/ZYNQ_CORE.v
WARNING: [BD 41-2384] Width mismatch when connecting pin: '/axi_mem_intercon/m00_couplers/auto_pc/m_axi_rid'(1) to pin: '/axi_mem_intercon/m00_couplers/M_AXI_rid'(6) - Only lower order bits will be connected.
WARNING: [BD 41-2384] Width mismatch when connecting pin: '/axi_mem_intercon/m00_couplers/auto_pc/m_axi_bid'(1) to pin: '/axi_mem_intercon/m00_couplers/M_AXI_bid'(6) - Only lower order bits will be connected.
WARNING: [BD 41-2384] Width mismatch when connecting pin: '/processing_system7_0/S_AXI_HP0_AWID'(6) to pin: '/axi_mem_intercon/M00_AXI_awid'(1) - Only lower order bits will be connected.
WARNING: [BD 41-2384] Width mismatch when connecting pin: '/processing_system7_0/S_AXI_HP0_ARID'(6) to pin: '/axi_mem_intercon/M00_AXI_arid'(1) - Only lower order bits will be connected.
WARNING: [BD 41-2384] Width mismatch when connecting pin: '/processing_system7_0/S_AXI_HP0_WID'(6) to pin: '/axi_mem_intercon/M00_AXI_wid'(1) - Only lower order bits will be connected.
Verilog Output written to : d:/Programs/Workspace/SmartZYNQ_SP2/OV5640_HDMI_ROM_READ_0to9/OV5640_HDMI_ROM_READ_0to9.gen/sources_1/bd/ZYNQ_CORE/sim/ZYNQ_CORE.v
Verilog Output written to : d:/Programs/Workspace/SmartZYNQ_SP2/OV5640_HDMI_ROM_READ_0to9/OV5640_HDMI_ROM_READ_0to9.gen/sources_1/bd/ZYNQ_CORE/hdl/ZYNQ_CORE_wrapper.v
INFO: [BD 41-1029] Generation completed for the IP Integrator block show_num_0 .
WARNING: [IP_Flow 19-4994] Overwriting existing constraint file 'd:/Programs/Workspace/SmartZYNQ_SP2/OV5640_HDMI_ROM_READ_0to9/OV5640_HDMI_ROM_READ_0to9.gen/sources_1/bd/ZYNQ_CORE/ip/ZYNQ_CORE_auto_pc_0/ZYNQ_CORE_auto_pc_0_ooc.xdc'
INFO: [BD 41-1029] Generation completed for the IP Integrator block ps7_0_axi_periph/s00_couplers/auto_pc .
WARNING: [IP_Flow 19-4994] Overwriting existing constraint file 'd:/Programs/Workspace/SmartZYNQ_SP2/OV5640_HDMI_ROM_READ_0to9/OV5640_HDMI_ROM_READ_0to9.gen/sources_1/bd/ZYNQ_CORE/ip/ZYNQ_CORE_auto_pc_1/ZYNQ_CORE_auto_pc_1_ooc.xdc'
INFO: [BD 41-1029] Generation completed for the IP Integrator block axi_mem_intercon/m00_couplers/auto_pc .
Exporting to file d:/Programs/Workspace/SmartZYNQ_SP2/OV5640_HDMI_ROM_READ_0to9/OV5640_HDMI_ROM_READ_0to9.gen/sources_1/bd/ZYNQ_CORE/hw_handoff/ZYNQ_CORE.hwh
Generated Hardware Definition File d:/Programs/Workspace/SmartZYNQ_SP2/OV5640_HDMI_ROM_READ_0to9/OV5640_HDMI_ROM_READ_0to9.gen/sources_1/bd/ZYNQ_CORE/synth/ZYNQ_CORE.hwdef
INFO: [IP_Flow 19-6930] IPCACHE: runCacheChecks() number of threads = 8
INFO: [IP_Flow 19-6921] IPCACHE: Adding cache check func to thread queue for IP ZYNQ_CORE_auto_pc_0
INFO: [IP_Flow 19-6921] IPCACHE: Adding cache check func to thread queue for IP ZYNQ_CORE_auto_pc_1
INFO: [IP_Flow 19-6921] IPCACHE: Adding cache check func to thread queue for IP ZYNQ_CORE_show_num_0_1
INFO: [IP_Flow 19-8020] IPCACHE: runCacheChecks() calling threadPool finishWork()
INFO: [IP_Flow 19-6924] IPCACHE: Running cache check for IP inst: ZYNQ_CORE_auto_pc_0
INFO: [IP_Flow 19-6922] IPCACHE: Exporting cached entry 20e581f62da0e442 to dir: d:/Programs/Workspace/SmartZYNQ_SP2/OV5640_HDMI_ROM_READ_0to9/OV5640_HDMI_ROM_READ_0to9.gen/sources_1/bd/ZYNQ_CORE/ip/ZYNQ_CORE_auto_pc_0
INFO: [IP_Flow 19-6928] IPCACHE: copied cached file d:/Programs/Workspace/SmartZYNQ_SP2/OV5640_HDMI_ROM_READ_0to9/OV5640_HDMI_ROM_READ_0to9.cache/ip/2023.1/2/0/20e581f62da0e442/ZYNQ_CORE_auto_pc_0.dcp to d:/Programs/Workspace/SmartZYNQ_SP2/OV5640_HDMI_ROM_READ_0to9/OV5640_HDMI_ROM_READ_0to9.gen/sources_1/bd/ZYNQ_CORE/ip/ZYNQ_CORE_auto_pc_0/ZYNQ_CORE_auto_pc_0.dcp.
INFO: [IP_Flow 19-6926] IPCACHE: added file to list for BOM: d:/Programs/Workspace/SmartZYNQ_SP2/OV5640_HDMI_ROM_READ_0to9/OV5640_HDMI_ROM_READ_0to9.gen/sources_1/bd/ZYNQ_CORE/ip/ZYNQ_CORE_auto_pc_0/ZYNQ_CORE_auto_pc_0.dcp
INFO: [IP_Flow 19-6928] IPCACHE: copied cached file d:/Programs/Workspace/SmartZYNQ_SP2/OV5640_HDMI_ROM_READ_0to9/OV5640_HDMI_ROM_READ_0to9.cache/ip/2023.1/2/0/20e581f62da0e442/ZYNQ_CORE_auto_pc_0_sim_netlist.v to d:/Programs/Workspace/SmartZYNQ_SP2/OV5640_HDMI_ROM_READ_0to9/OV5640_HDMI_ROM_READ_0to9.gen/sources_1/bd/ZYNQ_CORE/ip/ZYNQ_CORE_auto_pc_0/ZYNQ_CORE_auto_pc_0_sim_netlist.v.
INFO: [IP_Flow 19-6926] IPCACHE: added file to list for BOM: d:/Programs/Workspace/SmartZYNQ_SP2/OV5640_HDMI_ROM_READ_0to9/OV5640_HDMI_ROM_READ_0to9.gen/sources_1/bd/ZYNQ_CORE/ip/ZYNQ_CORE_auto_pc_0/ZYNQ_CORE_auto_pc_0_sim_netlist.v
INFO: [IP_Flow 19-6928] IPCACHE: copied cached file d:/Programs/Workspace/SmartZYNQ_SP2/OV5640_HDMI_ROM_READ_0to9/OV5640_HDMI_ROM_READ_0to9.cache/ip/2023.1/2/0/20e581f62da0e442/ZYNQ_CORE_auto_pc_0_sim_netlist.vhdl to d:/Programs/Workspace/SmartZYNQ_SP2/OV5640_HDMI_ROM_READ_0to9/OV5640_HDMI_ROM_READ_0to9.gen/sources_1/bd/ZYNQ_CORE/ip/ZYNQ_CORE_auto_pc_0/ZYNQ_CORE_auto_pc_0_sim_netlist.vhdl.
INFO: [IP_Flow 19-6926] IPCACHE: added file to list for BOM: d:/Programs/Workspace/SmartZYNQ_SP2/OV5640_HDMI_ROM_READ_0to9/OV5640_HDMI_ROM_READ_0to9.gen/sources_1/bd/ZYNQ_CORE/ip/ZYNQ_CORE_auto_pc_0/ZYNQ_CORE_auto_pc_0_sim_netlist.vhdl
INFO: [IP_Flow 19-6928] IPCACHE: copied cached file d:/Programs/Workspace/SmartZYNQ_SP2/OV5640_HDMI_ROM_READ_0to9/OV5640_HDMI_ROM_READ_0to9.cache/ip/2023.1/2/0/20e581f62da0e442/ZYNQ_CORE_auto_pc_0_stub.v to d:/Programs/Workspace/SmartZYNQ_SP2/OV5640_HDMI_ROM_READ_0to9/OV5640_HDMI_ROM_READ_0to9.gen/sources_1/bd/ZYNQ_CORE/ip/ZYNQ_CORE_auto_pc_0/ZYNQ_CORE_auto_pc_0_stub.v.
INFO: [IP_Flow 19-6926] IPCACHE: added file to list for BOM: d:/Programs/Workspace/SmartZYNQ_SP2/OV5640_HDMI_ROM_READ_0to9/OV5640_HDMI_ROM_READ_0to9.gen/sources_1/bd/ZYNQ_CORE/ip/ZYNQ_CORE_auto_pc_0/ZYNQ_CORE_auto_pc_0_stub.v
INFO: [IP_Flow 19-6928] IPCACHE: copied cached file d:/Programs/Workspace/SmartZYNQ_SP2/OV5640_HDMI_ROM_READ_0to9/OV5640_HDMI_ROM_READ_0to9.cache/ip/2023.1/2/0/20e581f62da0e442/ZYNQ_CORE_auto_pc_0_stub.vhdl to d:/Programs/Workspace/SmartZYNQ_SP2/OV5640_HDMI_ROM_READ_0to9/OV5640_HDMI_ROM_READ_0to9.gen/sources_1/bd/ZYNQ_CORE/ip/ZYNQ_CORE_auto_pc_0/ZYNQ_CORE_auto_pc_0_stub.vhdl.
INFO: [IP_Flow 19-6926] IPCACHE: added file to list for BOM: d:/Programs/Workspace/SmartZYNQ_SP2/OV5640_HDMI_ROM_READ_0to9/OV5640_HDMI_ROM_READ_0to9.gen/sources_1/bd/ZYNQ_CORE/ip/ZYNQ_CORE_auto_pc_0/ZYNQ_CORE_auto_pc_0_stub.vhdl
INFO: [IP_Flow 19-4993] Using cached IP synthesis design for IP ZYNQ_CORE_auto_pc_0, cache-ID = 20e581f62da0e442; cache size = 18.330 MB.
INFO: [IP_Flow 19-6924] IPCACHE: Running cache check for IP inst: ZYNQ_CORE_auto_pc_1
INFO: [IP_Flow 19-6922] IPCACHE: Exporting cached entry e6136d9902424a98 to dir: d:/Programs/Workspace/SmartZYNQ_SP2/OV5640_HDMI_ROM_READ_0to9/OV5640_HDMI_ROM_READ_0to9.gen/sources_1/bd/ZYNQ_CORE/ip/ZYNQ_CORE_auto_pc_1
INFO: [IP_Flow 19-6928] IPCACHE: copied cached file d:/Programs/Workspace/SmartZYNQ_SP2/OV5640_HDMI_ROM_READ_0to9/OV5640_HDMI_ROM_READ_0to9.cache/ip/2023.1/e/6/e6136d9902424a98/ZYNQ_CORE_auto_pc_1.dcp to d:/Programs/Workspace/SmartZYNQ_SP2/OV5640_HDMI_ROM_READ_0to9/OV5640_HDMI_ROM_READ_0to9.gen/sources_1/bd/ZYNQ_CORE/ip/ZYNQ_CORE_auto_pc_1/ZYNQ_CORE_auto_pc_1.dcp.
INFO: [IP_Flow 19-6926] IPCACHE: added file to list for BOM: d:/Programs/Workspace/SmartZYNQ_SP2/OV5640_HDMI_ROM_READ_0to9/OV5640_HDMI_ROM_READ_0to9.gen/sources_1/bd/ZYNQ_CORE/ip/ZYNQ_CORE_auto_pc_1/ZYNQ_CORE_auto_pc_1.dcp
INFO: [IP_Flow 19-6928] IPCACHE: copied cached file d:/Programs/Workspace/SmartZYNQ_SP2/OV5640_HDMI_ROM_READ_0to9/OV5640_HDMI_ROM_READ_0to9.cache/ip/2023.1/e/6/e6136d9902424a98/ZYNQ_CORE_auto_pc_1_sim_netlist.v to d:/Programs/Workspace/SmartZYNQ_SP2/OV5640_HDMI_ROM_READ_0to9/OV5640_HDMI_ROM_READ_0to9.gen/sources_1/bd/ZYNQ_CORE/ip/ZYNQ_CORE_auto_pc_1/ZYNQ_CORE_auto_pc_1_sim_netlist.v.
INFO: [IP_Flow 19-6926] IPCACHE: added file to list for BOM: d:/Programs/Workspace/SmartZYNQ_SP2/OV5640_HDMI_ROM_READ_0to9/OV5640_HDMI_ROM_READ_0to9.gen/sources_1/bd/ZYNQ_CORE/ip/ZYNQ_CORE_auto_pc_1/ZYNQ_CORE_auto_pc_1_sim_netlist.v
INFO: [IP_Flow 19-6928] IPCACHE: copied cached file d:/Programs/Workspace/SmartZYNQ_SP2/OV5640_HDMI_ROM_READ_0to9/OV5640_HDMI_ROM_READ_0to9.cache/ip/2023.1/e/6/e6136d9902424a98/ZYNQ_CORE_auto_pc_1_sim_netlist.vhdl to d:/Programs/Workspace/SmartZYNQ_SP2/OV5640_HDMI_ROM_READ_0to9/OV5640_HDMI_ROM_READ_0to9.gen/sources_1/bd/ZYNQ_CORE/ip/ZYNQ_CORE_auto_pc_1/ZYNQ_CORE_auto_pc_1_sim_netlist.vhdl.
INFO: [IP_Flow 19-6926] IPCACHE: added file to list for BOM: d:/Programs/Workspace/SmartZYNQ_SP2/OV5640_HDMI_ROM_READ_0to9/OV5640_HDMI_ROM_READ_0to9.gen/sources_1/bd/ZYNQ_CORE/ip/ZYNQ_CORE_auto_pc_1/ZYNQ_CORE_auto_pc_1_sim_netlist.vhdl
INFO: [IP_Flow 19-6928] IPCACHE: copied cached file d:/Programs/Workspace/SmartZYNQ_SP2/OV5640_HDMI_ROM_READ_0to9/OV5640_HDMI_ROM_READ_0to9.cache/ip/2023.1/e/6/e6136d9902424a98/ZYNQ_CORE_auto_pc_1_stub.v to d:/Programs/Workspace/SmartZYNQ_SP2/OV5640_HDMI_ROM_READ_0to9/OV5640_HDMI_ROM_READ_0to9.gen/sources_1/bd/ZYNQ_CORE/ip/ZYNQ_CORE_auto_pc_1/ZYNQ_CORE_auto_pc_1_stub.v.
INFO: [IP_Flow 19-6926] IPCACHE: added file to list for BOM: d:/Programs/Workspace/SmartZYNQ_SP2/OV5640_HDMI_ROM_READ_0to9/OV5640_HDMI_ROM_READ_0to9.gen/sources_1/bd/ZYNQ_CORE/ip/ZYNQ_CORE_auto_pc_1/ZYNQ_CORE_auto_pc_1_stub.v
INFO: [IP_Flow 19-6928] IPCACHE: copied cached file d:/Programs/Workspace/SmartZYNQ_SP2/OV5640_HDMI_ROM_READ_0to9/OV5640_HDMI_ROM_READ_0to9.cache/ip/2023.1/e/6/e6136d9902424a98/ZYNQ_CORE_auto_pc_1_stub.vhdl to d:/Programs/Workspace/SmartZYNQ_SP2/OV5640_HDMI_ROM_READ_0to9/OV5640_HDMI_ROM_READ_0to9.gen/sources_1/bd/ZYNQ_CORE/ip/ZYNQ_CORE_auto_pc_1/ZYNQ_CORE_auto_pc_1_stub.vhdl.
INFO: [IP_Flow 19-6926] IPCACHE: added file to list for BOM: d:/Programs/Workspace/SmartZYNQ_SP2/OV5640_HDMI_ROM_READ_0to9/OV5640_HDMI_ROM_READ_0to9.gen/sources_1/bd/ZYNQ_CORE/ip/ZYNQ_CORE_auto_pc_1/ZYNQ_CORE_auto_pc_1_stub.vhdl
INFO: [IP_Flow 19-4993] Using cached IP synthesis design for IP ZYNQ_CORE_auto_pc_1, cache-ID = e6136d9902424a98; cache size = 18.330 MB.
INFO: [IP_Flow 19-6924] IPCACHE: Running cache check for IP inst: ZYNQ_CORE_show_num_0_1
[Sun Mar  2 22:17:48 2025] Launched ZYNQ_CORE_show_num_0_1_synth_1...
Run output will be captured here: D:/Programs/Workspace/SmartZYNQ_SP2/OV5640_HDMI_ROM_READ_0to9/OV5640_HDMI_ROM_READ_0to9.runs/ZYNQ_CORE_show_num_0_1_synth_1/runme.log
[Sun Mar  2 22:17:48 2025] Launched synth_1...
Run output will be captured here: D:/Programs/Workspace/SmartZYNQ_SP2/OV5640_HDMI_ROM_READ_0to9/OV5640_HDMI_ROM_READ_0to9.runs/synth_1/runme.log
regenerate_bd_layout
launch_runs impl_1 -jobs 20
[Sun Mar  2 22:19:37 2025] Launched impl_1...
Run output will be captured here: D:/Programs/Workspace/SmartZYNQ_SP2/OV5640_HDMI_ROM_READ_0to9/OV5640_HDMI_ROM_READ_0to9.runs/impl_1/runme.log
launch_runs impl_1 -to_step write_bitstream -jobs 20
[Sun Mar  2 22:22:45 2025] Launched impl_1...
Run output will be captured here: D:/Programs/Workspace/SmartZYNQ_SP2/OV5640_HDMI_ROM_READ_0to9/OV5640_HDMI_ROM_READ_0to9.runs/impl_1/runme.log
write_hw_platform -fixed -include_bit -force -file D:/Programs/Workspace/SmartZYNQ_SP2/OV5640_HDMI_ROM_READ_0to9/ZYNQ_CORE_wrapper.xsa
INFO: [Project 1-1918] Creating Hardware Platform: D:/Programs/Workspace/SmartZYNQ_SP2/OV5640_HDMI_ROM_READ_0to9/ZYNQ_CORE_wrapper.xsa ...
INFO: [Project 1-1943] The Hardware Platform can be used for Hardware
INFO: [Project 1-1941] Successfully created Hardware Platform: D:/Programs/Workspace/SmartZYNQ_SP2/OV5640_HDMI_ROM_READ_0to9/ZYNQ_CORE_wrapper.xsa
INFO: [Hsi 55-2053] elapsed time for repository (D:/Xilinx/Vivado/2023.1/data/embeddedsw) loading 0 seconds
INFO: [Vivado 12-8231] Launching Vitis
INFO: [Vivado 12-417] Running vitis
INFO: [Vivado 12-8232] Vitis launch initiated. Please check console for any further messages.
open_hw_manager
connect_hw_server -allow_non_jtag
INFO: [Labtools 27-2285] Connecting to hw_server url TCP:localhost:3121
INFO: [Labtools 27-3415] Connecting to cs_server url TCP:localhost:0
INFO: [Labtools 27-3417] Launching cs_server...
INFO: [Labtools 27-2221] Launch Output:


******** Xilinx cs_server v2023.1.0
  ****** Build date   : Apr 10 2023-23:59:24
    **** Build number : 2023.1.1681142364
      ** Copyright 2017-2022 Xilinx, Inc. All Rights Reserved.
      ** Copyright 2022-2025 Advanced Micro Devices, Inc. All Rights Reserved.



open_hw_target
INFO: [Labtoolstcl 44-466] Opening hw_target localhost:3121/xilinx_tcf/Xilinx/03SD35A
set_property PROGRAM.FILE {D:/Programs/Workspace/SmartZYNQ_SP2/OV5640_HDMI_ROM_READ_0to9/OV5640_HDMI_ROM_READ_0to9.runs/impl_1/ZYNQ_CORE_wrapper.bit} [get_hw_devices xc7z020_1]
set_property PROBES.FILE {D:/Programs/Workspace/SmartZYNQ_SP2/OV5640_HDMI_ROM_READ_0to9/OV5640_HDMI_ROM_READ_0to9.runs/impl_1/ZYNQ_CORE_wrapper.ltx} [get_hw_devices xc7z020_1]
set_property FULL_PROBES.FILE {D:/Programs/Workspace/SmartZYNQ_SP2/OV5640_HDMI_ROM_READ_0to9/OV5640_HDMI_ROM_READ_0to9.runs/impl_1/ZYNQ_CORE_wrapper.ltx} [get_hw_devices xc7z020_1]
current_hw_device [get_hw_devices xc7z020_1]
refresh_hw_device [lindex [get_hw_devices xc7z020_1] 0]
INFO: [Labtools 27-2302] Device xc7z020 (JTAG device index = 1) is programmed with a design that has 1 VIO core(s).
INFO: [Labtools 27-1889] Uploading output probe values for VIO core [hw_vio_1]
set_property OUTPUT_VALUE 1 [get_hw_probes ZYNQ_CORE_i/vio_0_probe_out0 -of_objects [get_hw_vios -of_objects [get_hw_devices xc7z020_1] -filter {CELL_NAME=~"ZYNQ_CORE_i/vio_0"}]]
commit_hw_vio [get_hw_probes {ZYNQ_CORE_i/vio_0_probe_out0} -of_objects [get_hw_vios -of_objects [get_hw_devices xc7z020_1] -filter {CELL_NAME=~"ZYNQ_CORE_i/vio_0"}]]
set_property OUTPUT_VALUE 5 [get_hw_probes ZYNQ_CORE_i/vio_0_probe_out0 -of_objects [get_hw_vios -of_objects [get_hw_devices xc7z020_1] -filter {CELL_NAME=~"ZYNQ_CORE_i/vio_0"}]]
commit_hw_vio [get_hw_probes {ZYNQ_CORE_i/vio_0_probe_out0} -of_objects [get_hw_vios -of_objects [get_hw_devices xc7z020_1] -filter {CELL_NAME=~"ZYNQ_CORE_i/vio_0"}]]
set_property OUTPUT_VALUE 7 [get_hw_probes ZYNQ_CORE_i/vio_0_probe_out0 -of_objects [get_hw_vios -of_objects [get_hw_devices xc7z020_1] -filter {CELL_NAME=~"ZYNQ_CORE_i/vio_0"}]]
commit_hw_vio [get_hw_probes {ZYNQ_CORE_i/vio_0_probe_out0} -of_objects [get_hw_vios -of_objects [get_hw_devices xc7z020_1] -filter {CELL_NAME=~"ZYNQ_CORE_i/vio_0"}]]
set_property OUTPUT_VALUE 9 [get_hw_probes ZYNQ_CORE_i/vio_0_probe_out0 -of_objects [get_hw_vios -of_objects [get_hw_devices xc7z020_1] -filter {CELL_NAME=~"ZYNQ_CORE_i/vio_0"}]]
commit_hw_vio [get_hw_probes {ZYNQ_CORE_i/vio_0_probe_out0} -of_objects [get_hw_vios -of_objects [get_hw_devices xc7z020_1] -filter {CELL_NAME=~"ZYNQ_CORE_i/vio_0"}]]
set_property OUTPUT_VALUE 5 [get_hw_probes ZYNQ_CORE_i/vio_0_probe_out0 -of_objects [get_hw_vios -of_objects [get_hw_devices xc7z020_1] -filter {CELL_NAME=~"ZYNQ_CORE_i/vio_0"}]]
commit_hw_vio [get_hw_probes {ZYNQ_CORE_i/vio_0_probe_out0} -of_objects [get_hw_vios -of_objects [get_hw_devices xc7z020_1] -filter {CELL_NAME=~"ZYNQ_CORE_i/vio_0"}]]
set_property OUTPUT_VALUE 4 [get_hw_probes ZYNQ_CORE_i/vio_0_probe_out0 -of_objects [get_hw_vios -of_objects [get_hw_devices xc7z020_1] -filter {CELL_NAME=~"ZYNQ_CORE_i/vio_0"}]]
commit_hw_vio [get_hw_probes {ZYNQ_CORE_i/vio_0_probe_out0} -of_objects [get_hw_vios -of_objects [get_hw_devices xc7z020_1] -filter {CELL_NAME=~"ZYNQ_CORE_i/vio_0"}]]
set_property OUTPUT_VALUE 3 [get_hw_probes ZYNQ_CORE_i/vio_0_probe_out0 -of_objects [get_hw_vios -of_objects [get_hw_devices xc7z020_1] -filter {CELL_NAME=~"ZYNQ_CORE_i/vio_0"}]]
commit_hw_vio [get_hw_probes {ZYNQ_CORE_i/vio_0_probe_out0} -of_objects [get_hw_vios -of_objects [get_hw_devices xc7z020_1] -filter {CELL_NAME=~"ZYNQ_CORE_i/vio_0"}]]
set_property OUTPUT_VALUE 4 [get_hw_probes ZYNQ_CORE_i/vio_0_probe_out0 -of_objects [get_hw_vios -of_objects [get_hw_devices xc7z020_1] -filter {CELL_NAME=~"ZYNQ_CORE_i/vio_0"}]]
commit_hw_vio [get_hw_probes {ZYNQ_CORE_i/vio_0_probe_out0} -of_objects [get_hw_vios -of_objects [get_hw_devices xc7z020_1] -filter {CELL_NAME=~"ZYNQ_CORE_i/vio_0"}]]
set_property OUTPUT_VALUE 7 [get_hw_probes ZYNQ_CORE_i/vio_0_probe_out0 -of_objects [get_hw_vios -of_objects [get_hw_devices xc7z020_1] -filter {CELL_NAME=~"ZYNQ_CORE_i/vio_0"}]]
commit_hw_vio [get_hw_probes {ZYNQ_CORE_i/vio_0_probe_out0} -of_objects [get_hw_vios -of_objects [get_hw_devices xc7z020_1] -filter {CELL_NAME=~"ZYNQ_CORE_i/vio_0"}]]
set_property OUTPUT_VALUE 8 [get_hw_probes ZYNQ_CORE_i/vio_0_probe_out0 -of_objects [get_hw_vios -of_objects [get_hw_devices xc7z020_1] -filter {CELL_NAME=~"ZYNQ_CORE_i/vio_0"}]]
commit_hw_vio [get_hw_probes {ZYNQ_CORE_i/vio_0_probe_out0} -of_objects [get_hw_vios -of_objects [get_hw_devices xc7z020_1] -filter {CELL_NAME=~"ZYNQ_CORE_i/vio_0"}]]
set_property OUTPUT_VALUE 3 [get_hw_probes ZYNQ_CORE_i/vio_0_probe_out0 -of_objects [get_hw_vios -of_objects [get_hw_devices xc7z020_1] -filter {CELL_NAME=~"ZYNQ_CORE_i/vio_0"}]]
commit_hw_vio [get_hw_probes {ZYNQ_CORE_i/vio_0_probe_out0} -of_objects [get_hw_vios -of_objects [get_hw_devices xc7z020_1] -filter {CELL_NAME=~"ZYNQ_CORE_i/vio_0"}]]
set_property OUTPUT_VALUE 2 [get_hw_probes ZYNQ_CORE_i/vio_0_probe_out0 -of_objects [get_hw_vios -of_objects [get_hw_devices xc7z020_1] -filter {CELL_NAME=~"ZYNQ_CORE_i/vio_0"}]]
commit_hw_vio [get_hw_probes {ZYNQ_CORE_i/vio_0_probe_out0} -of_objects [get_hw_vios -of_objects [get_hw_devices xc7z020_1] -filter {CELL_NAME=~"ZYNQ_CORE_i/vio_0"}]]
set_property OUTPUT_VALUE 0 [get_hw_probes ZYNQ_CORE_i/vio_0_probe_out0 -of_objects [get_hw_vios -of_objects [get_hw_devices xc7z020_1] -filter {CELL_NAME=~"ZYNQ_CORE_i/vio_0"}]]
commit_hw_vio [get_hw_probes {ZYNQ_CORE_i/vio_0_probe_out0} -of_objects [get_hw_vios -of_objects [get_hw_devices xc7z020_1] -filter {CELL_NAME=~"ZYNQ_CORE_i/vio_0"}]]
set_property OUTPUT_VALUE 4 [get_hw_probes ZYNQ_CORE_i/vio_0_probe_out0 -of_objects [get_hw_vios -of_objects [get_hw_devices xc7z020_1] -filter {CELL_NAME=~"ZYNQ_CORE_i/vio_0"}]]
commit_hw_vio [get_hw_probes {ZYNQ_CORE_i/vio_0_probe_out0} -of_objects [get_hw_vios -of_objects [get_hw_devices xc7z020_1] -filter {CELL_NAME=~"ZYNQ_CORE_i/vio_0"}]]
close_hw_manager
exit
INFO: [Common 17-206] Exiting Vivado at Sun Mar  2 22:29:42 2025...
