16:23:14 DEBUG : Logs will be stored at 'D:/Programs/Workspace/SmartZYNQ_SP2/PS_EXTI/IDE.log'.
16:23:21 INFO  : Launching XSCT server: xsct.bat -n  -interactive D:\Programs\Workspace\SmartZYNQ_SP2\PS_EXTI\temp_xsdb_launch_script.tcl
16:23:21 INFO  : Registering command handlers for Vitis TCF services
16:23:22 INFO  : Platform repository initialization has completed.
16:23:23 INFO  : XSCT server has started successfully.
16:23:23 INFO  : plnx-install-location is set to ''
16:23:23 INFO  : Successfully done setting XSCT server connection channel  
16:23:23 INFO  : Successfully done query RDI_DATADIR 
16:23:23 INFO  : Successfully done setting workspace for the tool. 
16:24:43 INFO  : Result from executing command 'getProjects': ZYNQ_CORE_wrapper
16:24:43 INFO  : Result from executing command 'getPlatforms': xilinx_vck190_base_202310_1|D:/Xilinx/Vitis/2023.1/base_platforms/xilinx_vck190_base_202310_1/xilinx_vck190_base_202310_1.xpfm;xilinx_vck190_base_dfx_202310_1|D:/Xilinx/Vitis/2023.1/base_platforms/xilinx_vck190_base_dfx_202310_1/xilinx_vck190_base_dfx_202310_1.xpfm;xilinx_vek280_es1_base_202310_1|D:/Xilinx/Vitis/2023.1/base_platforms/xilinx_vek280_es1_base_202310_1/xilinx_vek280_es1_base_202310_1.xpfm;xilinx_vmk180_base_202310_1|D:/Xilinx/Vitis/2023.1/base_platforms/xilinx_vmk180_base_202310_1/xilinx_vmk180_base_202310_1.xpfm;xilinx_zcu102_base_202310_1|D:/Xilinx/Vitis/2023.1/base_platforms/xilinx_zcu102_base_202310_1/xilinx_zcu102_base_202310_1.xpfm;xilinx_zcu102_base_dfx_202310_1|D:/Xilinx/Vitis/2023.1/base_platforms/xilinx_zcu102_base_dfx_202310_1/xilinx_zcu102_base_dfx_202310_1.xpfm;xilinx_zcu104_base_202310_1|D:/Xilinx/Vitis/2023.1/base_platforms/xilinx_zcu104_base_202310_1/xilinx_zcu104_base_202310_1.xpfm
16:24:44 WARN  : An unexpected exception occurred in the module 'platform project logging'
16:24:45 INFO  : Platform 'ZYNQ_CORE_wrapper' is added to custom repositories.
16:24:50 INFO  : Platform 'ZYNQ_CORE_wrapper' is added to custom repositories.
16:35:24 INFO  : Result from executing command 'getProjects': ZYNQ_CORE_wrapper
16:35:24 INFO  : Result from executing command 'getPlatforms': ZYNQ_CORE_wrapper|D:/Programs/Workspace/SmartZYNQ_SP2/PS_EXTI/ZYNQ_CORE_wrapper/export/ZYNQ_CORE_wrapper/ZYNQ_CORE_wrapper.xpfm;xilinx_vck190_base_202310_1|D:/Xilinx/Vitis/2023.1/base_platforms/xilinx_vck190_base_202310_1/xilinx_vck190_base_202310_1.xpfm;xilinx_vck190_base_dfx_202310_1|D:/Xilinx/Vitis/2023.1/base_platforms/xilinx_vck190_base_dfx_202310_1/xilinx_vck190_base_dfx_202310_1.xpfm;xilinx_vek280_es1_base_202310_1|D:/Xilinx/Vitis/2023.1/base_platforms/xilinx_vek280_es1_base_202310_1/xilinx_vek280_es1_base_202310_1.xpfm;xilinx_vmk180_base_202310_1|D:/Xilinx/Vitis/2023.1/base_platforms/xilinx_vmk180_base_202310_1/xilinx_vmk180_base_202310_1.xpfm;xilinx_zcu102_base_202310_1|D:/Xilinx/Vitis/2023.1/base_platforms/xilinx_zcu102_base_202310_1/xilinx_zcu102_base_202310_1.xpfm;xilinx_zcu102_base_dfx_202310_1|D:/Xilinx/Vitis/2023.1/base_platforms/xilinx_zcu102_base_dfx_202310_1/xilinx_zcu102_base_dfx_202310_1.xpfm;xilinx_zcu104_base_202310_1|D:/Xilinx/Vitis/2023.1/base_platforms/xilinx_zcu104_base_202310_1/xilinx_zcu104_base_202310_1.xpfm
16:35:25 INFO  : Checking for BSP changes to sync application flags for project 'PS_EXTI_TEST'...
16:36:20 INFO  : Connected to target on host '127.0.0.1' and port '3121'.
16:36:21 INFO  : Jtag cable 'HelloFpga JTAG-SP2 03SD35A' is selected.
16:36:21 INFO  : 'jtag frequency' command is executed.
16:36:21 INFO  : Context for 'APU' is selected.
16:36:21 INFO  : System reset is completed.
16:36:24 INFO  : 'after 3000' command is executed.
16:36:25 INFO  : 'targets -set -filter {jtag_cable_name =~ "HelloFpga JTAG-SP2 03SD35A" && level==0 && jtag_device_ctx=="jsn-JTAG-SP2-03SD35A-23727093-0"}' command is executed.
16:36:28 INFO  : Device configured successfully with "D:/Programs/Workspace/SmartZYNQ_SP2/PS_EXTI/PS_EXTI_TEST/_ide/bitstream/ZYNQ_CORE_wrapper.bit"
16:36:28 INFO  : Context for 'APU' is selected.
16:36:28 INFO  : Hardware design and registers information is loaded from 'D:/Programs/Workspace/SmartZYNQ_SP2/PS_EXTI/ZYNQ_CORE_wrapper/export/ZYNQ_CORE_wrapper/hw/ZYNQ_CORE_wrapper.xsa'.
16:36:28 INFO  : 'configparams force-mem-access 1' command is executed.
16:36:28 INFO  : Context for 'APU' is selected.
16:36:28 INFO  : Sourcing of 'D:/Programs/Workspace/SmartZYNQ_SP2/PS_EXTI/PS_EXTI_TEST/_ide/psinit/ps7_init.tcl' is done.
16:36:29 INFO  : 'ps7_init' command is executed.
16:36:29 INFO  : 'ps7_post_config' command is executed.
16:36:29 INFO  : Context for processor 'ps7_cortexa9_0' is selected.
16:36:29 INFO  : The application 'D:/Programs/Workspace/SmartZYNQ_SP2/PS_EXTI/PS_EXTI_TEST/Debug/PS_EXTI_TEST.elf' is downloaded to processor 'ps7_cortexa9_0'.
16:36:29 INFO  : 'configparams force-mem-access 0' command is executed.
16:36:29 INFO  : ----------------XSDB Script----------------
connect -url tcp:127.0.0.1:3121
targets -set -nocase -filter {name =~"APU*"}
rst -system
after 3000
targets -set -filter {jtag_cable_name =~ "HelloFpga JTAG-SP2 03SD35A" && level==0 && jtag_device_ctx=="jsn-JTAG-SP2-03SD35A-23727093-0"}
fpga -file D:/Programs/Workspace/SmartZYNQ_SP2/PS_EXTI/PS_EXTI_TEST/_ide/bitstream/ZYNQ_CORE_wrapper.bit
targets -set -nocase -filter {name =~"APU*"}
loadhw -hw D:/Programs/Workspace/SmartZYNQ_SP2/PS_EXTI/ZYNQ_CORE_wrapper/export/ZYNQ_CORE_wrapper/hw/ZYNQ_CORE_wrapper.xsa -mem-ranges [list {0x40000000 0xbfffffff}] -regs
configparams force-mem-access 1
targets -set -nocase -filter {name =~"APU*"}
source D:/Programs/Workspace/SmartZYNQ_SP2/PS_EXTI/PS_EXTI_TEST/_ide/psinit/ps7_init.tcl
ps7_init
ps7_post_config
targets -set -nocase -filter {name =~ "*A9*#0"}
dow D:/Programs/Workspace/SmartZYNQ_SP2/PS_EXTI/PS_EXTI_TEST/Debug/PS_EXTI_TEST.elf
configparams force-mem-access 0
----------------End of Script----------------

16:36:29 INFO  : Context for processor 'ps7_cortexa9_0' is selected.
16:36:29 INFO  : 'con' command is executed.
16:36:29 INFO  : ----------------XSDB Script (After Launch)----------------
targets -set -nocase -filter {name =~ "*A9*#0"}
con
----------------End of Script----------------

16:36:29 INFO  : Launch script is exported to file 'D:\Programs\Workspace\SmartZYNQ_SP2\PS_EXTI\PS_EXTI_TEST_system\_ide\scripts\systemdebugger_ps_exti_test_system_standalone.tcl'
16:39:00 INFO  : Disconnected from the channel tcfchan#2.
