18:22:43 DEBUG : Logs will be stored at 'D:/Programs/Workspace/SmartZYNQ_SP2/OV5640_HDMI_ROM_READ_NUM0/OV5640_HDMI_ROM_READ_NUM_sdk/IDE.log'.
18:22:48 INFO  : Launching XSCT server: xsct.bat -n  -interactive D:\Programs\Workspace\SmartZYNQ_SP2\OV5640_HDMI_ROM_READ_NUM0\OV5640_HDMI_ROM_READ_NUM_sdk\temp_xsdb_launch_script.tcl
18:22:49 INFO  : Registering command handlers for Vitis TCF services
18:22:49 INFO  : Platform repository initialization has completed.
18:22:50 INFO  : XSCT server has started successfully.
18:22:50 INFO  : plnx-install-location is set to ''
18:22:50 INFO  : Successfully done setting XSCT server connection channel  
18:22:50 INFO  : Successfully done query RDI_DATADIR 
18:22:50 INFO  : Successfully done setting workspace for the tool. 
18:27:00 INFO  : Result from executing command 'getProjects': ZYNQ_CORE_wrapper
18:27:00 INFO  : Result from executing command 'getPlatforms': xilinx_vck190_base_202310_1|D:/Xilinx/Vitis/2023.1/base_platforms/xilinx_vck190_base_202310_1/xilinx_vck190_base_202310_1.xpfm;xilinx_vck190_base_dfx_202310_1|D:/Xilinx/Vitis/2023.1/base_platforms/xilinx_vck190_base_dfx_202310_1/xilinx_vck190_base_dfx_202310_1.xpfm;xilinx_vek280_es1_base_202310_1|D:/Xilinx/Vitis/2023.1/base_platforms/xilinx_vek280_es1_base_202310_1/xilinx_vek280_es1_base_202310_1.xpfm;xilinx_vmk180_base_202310_1|D:/Xilinx/Vitis/2023.1/base_platforms/xilinx_vmk180_base_202310_1/xilinx_vmk180_base_202310_1.xpfm;xilinx_zcu102_base_202310_1|D:/Xilinx/Vitis/2023.1/base_platforms/xilinx_zcu102_base_202310_1/xilinx_zcu102_base_202310_1.xpfm;xilinx_zcu102_base_dfx_202310_1|D:/Xilinx/Vitis/2023.1/base_platforms/xilinx_zcu102_base_dfx_202310_1/xilinx_zcu102_base_dfx_202310_1.xpfm;xilinx_zcu104_base_202310_1|D:/Xilinx/Vitis/2023.1/base_platforms/xilinx_zcu104_base_202310_1/xilinx_zcu104_base_202310_1.xpfm
18:27:01 WARN  : An unexpected exception occurred in the module 'platform project logging'
18:27:02 INFO  : Platform 'ZYNQ_CORE_wrapper' is added to custom repositories.
18:27:08 INFO  : Platform 'ZYNQ_CORE_wrapper' is added to custom repositories.
18:28:06 INFO  : Result from executing command 'getProjects': ZYNQ_CORE_wrapper
18:28:06 INFO  : Result from executing command 'getPlatforms': ZYNQ_CORE_wrapper|D:/Programs/Workspace/SmartZYNQ_SP2/OV5640_HDMI_ROM_READ_NUM0/OV5640_HDMI_ROM_READ_NUM_sdk/ZYNQ_CORE_wrapper/export/ZYNQ_CORE_wrapper/ZYNQ_CORE_wrapper.xpfm;xilinx_vck190_base_202310_1|D:/Xilinx/Vitis/2023.1/base_platforms/xilinx_vck190_base_202310_1/xilinx_vck190_base_202310_1.xpfm;xilinx_vck190_base_dfx_202310_1|D:/Xilinx/Vitis/2023.1/base_platforms/xilinx_vck190_base_dfx_202310_1/xilinx_vck190_base_dfx_202310_1.xpfm;xilinx_vek280_es1_base_202310_1|D:/Xilinx/Vitis/2023.1/base_platforms/xilinx_vek280_es1_base_202310_1/xilinx_vek280_es1_base_202310_1.xpfm;xilinx_vmk180_base_202310_1|D:/Xilinx/Vitis/2023.1/base_platforms/xilinx_vmk180_base_202310_1/xilinx_vmk180_base_202310_1.xpfm;xilinx_zcu102_base_202310_1|D:/Xilinx/Vitis/2023.1/base_platforms/xilinx_zcu102_base_202310_1/xilinx_zcu102_base_202310_1.xpfm;xilinx_zcu102_base_dfx_202310_1|D:/Xilinx/Vitis/2023.1/base_platforms/xilinx_zcu102_base_dfx_202310_1/xilinx_zcu102_base_dfx_202310_1.xpfm;xilinx_zcu104_base_202310_1|D:/Xilinx/Vitis/2023.1/base_platforms/xilinx_zcu104_base_202310_1/xilinx_zcu104_base_202310_1.xpfm
18:28:07 INFO  : Checking for BSP changes to sync application flags for project 'OV5640_HDMI_ADD_NUM'...
18:28:28 INFO  : Connected to target on host '127.0.0.1' and port '3121'.
18:28:29 INFO  : Jtag cable 'HelloFpga JTAG-SP2 03SD35A' is selected.
18:28:29 INFO  : 'jtag frequency' command is executed.
18:28:29 INFO  : Context for 'APU' is selected.
18:28:30 INFO  : System reset is completed.
18:28:33 INFO  : 'after 3000' command is executed.
18:28:33 INFO  : 'targets -set -filter {jtag_cable_name =~ "HelloFpga JTAG-SP2 03SD35A" && level==0 && jtag_device_ctx=="jsn-JTAG-SP2-03SD35A-23727093-0"}' command is executed.
18:28:36 INFO  : Device configured successfully with "D:/Programs/Workspace/SmartZYNQ_SP2/OV5640_HDMI_ROM_READ_NUM0/OV5640_HDMI_ROM_READ_NUM_sdk/OV5640_HDMI_ADD_NUM/_ide/bitstream/ZYNQ_CORE_wrapper.bit"
18:28:36 INFO  : Context for 'APU' is selected.
18:28:36 INFO  : Hardware design and registers information is loaded from 'D:/Programs/Workspace/SmartZYNQ_SP2/OV5640_HDMI_ROM_READ_NUM0/OV5640_HDMI_ROM_READ_NUM_sdk/ZYNQ_CORE_wrapper/export/ZYNQ_CORE_wrapper/hw/ZYNQ_CORE_wrapper.xsa'.
18:28:36 INFO  : 'configparams force-mem-access 1' command is executed.
18:28:36 INFO  : Context for 'APU' is selected.
18:28:36 INFO  : Sourcing of 'D:/Programs/Workspace/SmartZYNQ_SP2/OV5640_HDMI_ROM_READ_NUM0/OV5640_HDMI_ROM_READ_NUM_sdk/OV5640_HDMI_ADD_NUM/_ide/psinit/ps7_init.tcl' is done.
18:28:36 INFO  : 'ps7_init' command is executed.
18:28:36 INFO  : 'ps7_post_config' command is executed.
18:28:36 INFO  : Context for processor 'ps7_cortexa9_0' is selected.
18:28:37 INFO  : The application 'D:/Programs/Workspace/SmartZYNQ_SP2/OV5640_HDMI_ROM_READ_NUM0/OV5640_HDMI_ROM_READ_NUM_sdk/OV5640_HDMI_ADD_NUM/Debug/OV5640_HDMI_ADD_NUM.elf' is downloaded to processor 'ps7_cortexa9_0'.
18:28:37 INFO  : 'configparams force-mem-access 0' command is executed.
18:28:37 INFO  : ----------------XSDB Script----------------
connect -url tcp:127.0.0.1:3121
targets -set -nocase -filter {name =~"APU*"}
rst -system
after 3000
targets -set -filter {jtag_cable_name =~ "HelloFpga JTAG-SP2 03SD35A" && level==0 && jtag_device_ctx=="jsn-JTAG-SP2-03SD35A-23727093-0"}
fpga -file D:/Programs/Workspace/SmartZYNQ_SP2/OV5640_HDMI_ROM_READ_NUM0/OV5640_HDMI_ROM_READ_NUM_sdk/OV5640_HDMI_ADD_NUM/_ide/bitstream/ZYNQ_CORE_wrapper.bit
targets -set -nocase -filter {name =~"APU*"}
loadhw -hw D:/Programs/Workspace/SmartZYNQ_SP2/OV5640_HDMI_ROM_READ_NUM0/OV5640_HDMI_ROM_READ_NUM_sdk/ZYNQ_CORE_wrapper/export/ZYNQ_CORE_wrapper/hw/ZYNQ_CORE_wrapper.xsa -mem-ranges [list {0x40000000 0xbfffffff}] -regs
configparams force-mem-access 1
targets -set -nocase -filter {name =~"APU*"}
source D:/Programs/Workspace/SmartZYNQ_SP2/OV5640_HDMI_ROM_READ_NUM0/OV5640_HDMI_ROM_READ_NUM_sdk/OV5640_HDMI_ADD_NUM/_ide/psinit/ps7_init.tcl
ps7_init
ps7_post_config
targets -set -nocase -filter {name =~ "*A9*#0"}
dow D:/Programs/Workspace/SmartZYNQ_SP2/OV5640_HDMI_ROM_READ_NUM0/OV5640_HDMI_ROM_READ_NUM_sdk/OV5640_HDMI_ADD_NUM/Debug/OV5640_HDMI_ADD_NUM.elf
configparams force-mem-access 0
----------------End of Script----------------

18:28:37 INFO  : Context for processor 'ps7_cortexa9_0' is selected.
18:28:37 INFO  : 'con' command is executed.
18:28:37 INFO  : ----------------XSDB Script (After Launch)----------------
targets -set -nocase -filter {name =~ "*A9*#0"}
con
----------------End of Script----------------

18:28:37 INFO  : Launch script is exported to file 'D:\Programs\Workspace\SmartZYNQ_SP2\OV5640_HDMI_ROM_READ_NUM0\OV5640_HDMI_ROM_READ_NUM_sdk\OV5640_HDMI_ADD_NUM_system\_ide\scripts\systemdebugger_ov5640_hdmi_add_num_system_standalone.tcl'
18:29:30 INFO  : Disconnected from the channel tcfchan#3.
18:29:30 INFO  : Connected to target on host '127.0.0.1' and port '3121'.
18:29:30 INFO  : Jtag cable 'HelloFpga JTAG-SP2 03SD35A' is selected.
18:29:30 INFO  : 'jtag frequency' command is executed.
18:29:30 INFO  : Context for 'APU' is selected.
18:29:30 INFO  : System reset is completed.
18:29:33 INFO  : 'after 3000' command is executed.
18:29:33 INFO  : 'targets -set -filter {jtag_cable_name =~ "HelloFpga JTAG-SP2 03SD35A" && level==0 && jtag_device_ctx=="jsn-JTAG-SP2-03SD35A-23727093-0"}' command is executed.
18:29:36 INFO  : Device configured successfully with "D:/Programs/Workspace/SmartZYNQ_SP2/OV5640_HDMI_ROM_READ_NUM0/OV5640_HDMI_ROM_READ_NUM_sdk/OV5640_HDMI_ADD_NUM/_ide/bitstream/ZYNQ_CORE_wrapper.bit"
18:29:36 INFO  : Context for 'APU' is selected.
18:29:36 INFO  : Hardware design and registers information is loaded from 'D:/Programs/Workspace/SmartZYNQ_SP2/OV5640_HDMI_ROM_READ_NUM0/OV5640_HDMI_ROM_READ_NUM_sdk/ZYNQ_CORE_wrapper/export/ZYNQ_CORE_wrapper/hw/ZYNQ_CORE_wrapper.xsa'.
18:29:36 INFO  : 'configparams force-mem-access 1' command is executed.
18:29:36 INFO  : Context for 'APU' is selected.
18:29:36 INFO  : Sourcing of 'D:/Programs/Workspace/SmartZYNQ_SP2/OV5640_HDMI_ROM_READ_NUM0/OV5640_HDMI_ROM_READ_NUM_sdk/OV5640_HDMI_ADD_NUM/_ide/psinit/ps7_init.tcl' is done.
18:29:36 INFO  : 'ps7_init' command is executed.
18:29:36 INFO  : 'ps7_post_config' command is executed.
18:29:36 INFO  : Context for processor 'ps7_cortexa9_0' is selected.
18:29:36 INFO  : The application 'D:/Programs/Workspace/SmartZYNQ_SP2/OV5640_HDMI_ROM_READ_NUM0/OV5640_HDMI_ROM_READ_NUM_sdk/OV5640_HDMI_ADD_NUM/Debug/OV5640_HDMI_ADD_NUM.elf' is downloaded to processor 'ps7_cortexa9_0'.
18:29:36 INFO  : 'configparams force-mem-access 0' command is executed.
18:29:36 INFO  : ----------------XSDB Script----------------
connect -url tcp:127.0.0.1:3121
targets -set -nocase -filter {name =~"APU*"}
rst -system
after 3000
targets -set -filter {jtag_cable_name =~ "HelloFpga JTAG-SP2 03SD35A" && level==0 && jtag_device_ctx=="jsn-JTAG-SP2-03SD35A-23727093-0"}
fpga -file D:/Programs/Workspace/SmartZYNQ_SP2/OV5640_HDMI_ROM_READ_NUM0/OV5640_HDMI_ROM_READ_NUM_sdk/OV5640_HDMI_ADD_NUM/_ide/bitstream/ZYNQ_CORE_wrapper.bit
targets -set -nocase -filter {name =~"APU*"}
loadhw -hw D:/Programs/Workspace/SmartZYNQ_SP2/OV5640_HDMI_ROM_READ_NUM0/OV5640_HDMI_ROM_READ_NUM_sdk/ZYNQ_CORE_wrapper/export/ZYNQ_CORE_wrapper/hw/ZYNQ_CORE_wrapper.xsa -mem-ranges [list {0x40000000 0xbfffffff}] -regs
configparams force-mem-access 1
targets -set -nocase -filter {name =~"APU*"}
source D:/Programs/Workspace/SmartZYNQ_SP2/OV5640_HDMI_ROM_READ_NUM0/OV5640_HDMI_ROM_READ_NUM_sdk/OV5640_HDMI_ADD_NUM/_ide/psinit/ps7_init.tcl
ps7_init
ps7_post_config
targets -set -nocase -filter {name =~ "*A9*#0"}
dow D:/Programs/Workspace/SmartZYNQ_SP2/OV5640_HDMI_ROM_READ_NUM0/OV5640_HDMI_ROM_READ_NUM_sdk/OV5640_HDMI_ADD_NUM/Debug/OV5640_HDMI_ADD_NUM.elf
configparams force-mem-access 0
----------------End of Script----------------

18:29:36 INFO  : Context for processor 'ps7_cortexa9_0' is selected.
18:29:36 INFO  : 'con' command is executed.
18:29:36 INFO  : ----------------XSDB Script (After Launch)----------------
targets -set -nocase -filter {name =~ "*A9*#0"}
con
----------------End of Script----------------

18:29:36 INFO  : Launch script is exported to file 'D:\Programs\Workspace\SmartZYNQ_SP2\OV5640_HDMI_ROM_READ_NUM0\OV5640_HDMI_ROM_READ_NUM_sdk\OV5640_HDMI_ADD_NUM_system\_ide\scripts\systemdebugger_ov5640_hdmi_add_num_system_standalone.tcl'
18:44:52 INFO  : Hardware specification for platform project 'ZYNQ_CORE_wrapper' is updated.
18:45:01 INFO  : Result from executing command 'getProjects': ZYNQ_CORE_wrapper
18:45:01 INFO  : Result from executing command 'getPlatforms': ZYNQ_CORE_wrapper|D:/Programs/Workspace/SmartZYNQ_SP2/OV5640_HDMI_ROM_READ_NUM0/OV5640_HDMI_ROM_READ_NUM_sdk/ZYNQ_CORE_wrapper/export/ZYNQ_CORE_wrapper/ZYNQ_CORE_wrapper.xpfm;xilinx_vck190_base_202310_1|D:/Xilinx/Vitis/2023.1/base_platforms/xilinx_vck190_base_202310_1/xilinx_vck190_base_202310_1.xpfm;xilinx_vck190_base_dfx_202310_1|D:/Xilinx/Vitis/2023.1/base_platforms/xilinx_vck190_base_dfx_202310_1/xilinx_vck190_base_dfx_202310_1.xpfm;xilinx_vek280_es1_base_202310_1|D:/Xilinx/Vitis/2023.1/base_platforms/xilinx_vek280_es1_base_202310_1/xilinx_vek280_es1_base_202310_1.xpfm;xilinx_vmk180_base_202310_1|D:/Xilinx/Vitis/2023.1/base_platforms/xilinx_vmk180_base_202310_1/xilinx_vmk180_base_202310_1.xpfm;xilinx_zcu102_base_202310_1|D:/Xilinx/Vitis/2023.1/base_platforms/xilinx_zcu102_base_202310_1/xilinx_zcu102_base_202310_1.xpfm;xilinx_zcu102_base_dfx_202310_1|D:/Xilinx/Vitis/2023.1/base_platforms/xilinx_zcu102_base_dfx_202310_1/xilinx_zcu102_base_dfx_202310_1.xpfm;xilinx_zcu104_base_202310_1|D:/Xilinx/Vitis/2023.1/base_platforms/xilinx_zcu104_base_202310_1/xilinx_zcu104_base_202310_1.xpfm
18:48:15 ERROR : XSCT server calls should not be made from TCF thread.
java.lang.RuntimeException: XSCT server calls should not be made from TCF thread.
	at com.xilinx.sdk.xsdb.XSDBCommandManager.issueAndWait(XSDBCommandManager.java:392) [com.xilinx.sdk.xsdb_1.0.0.202305040745.jar:?]
	at com.xilinx.sdk.xsdb.XsdbCommandUtils.executeAndRespond(XsdbCommandUtils.java:325) [com.xilinx.sdk.xsdb_1.0.0.202305040745.jar:?]
	at com.xilinx.sdk.hw.internal.HwPlatform.dispose(HwPlatform.java:1325) [com.xilinx.sdk.hw_1.0.0.202305040745.jar:?]
	at com.xilinx.sdk.hw.internal.HwSpecFactory.removeHwSpec(HwSpecFactory.java:92) [com.xilinx.sdk.hw_1.0.0.202305040745.jar:?]
	at com.xilinx.sdk.hw.internal.HwSpecFactory.validateGetFromCache(HwSpecFactory.java:78) [com.xilinx.sdk.hw_1.0.0.202305040745.jar:?]
	at com.xilinx.sdk.hw.internal.HwSpecFactory.createHwSpec(HwSpecFactory.java:48) [com.xilinx.sdk.hw_1.0.0.202305040745.jar:?]
	at com.xilinx.sdx.sdsoc.debug.ui.SdsLaunchConfigUtil.createHwPlatform(SdsLaunchConfigUtil.java:57) [com.xilinx.sdx.sdsoc.debug.ui_1.0.0.202305040745.jar:?]
	at com.xilinx.sdx.sdsoc.debug.ui.SdsLaunchConfigModel.iniHwPlatform(SdsLaunchConfigModel.java:187) [com.xilinx.sdx.sdsoc.debug.ui_1.0.0.202305040745.jar:?]
	at com.xilinx.sdk.tcf.internal.debug.ui.common.BaseLaunchConfigModel.getHwPlatform(BaseLaunchConfigModel.java:577) [com.xilinx.sdk.tcf.debug_1.0.0.202305040745.jar:?]
	at com.xilinx.sdk.tcf.internal.debug.ui.common.BaseLaunchConfigModel.readCrossTriggerModel(BaseLaunchConfigModel.java:173) [com.xilinx.sdk.tcf.debug_1.0.0.202305040745.jar:?]
	at com.xilinx.sdk.tcf.internal.debug.ui.common.BaseLaunchConfigModel.readAndSetAttributes(BaseLaunchConfigModel.java:156) [com.xilinx.sdk.tcf.debug_1.0.0.202305040745.jar:?]
	at com.xilinx.sdx.sdsoc.debug.ui.SdsLaunchConfigModel.newInstance(SdsLaunchConfigModel.java:109) [com.xilinx.sdx.sdsoc.debug.ui_1.0.0.202305040745.jar:?]
	at com.xilinx.sdx.sdsoc.debug.launch.SdsTcfLaunchDelegate.createConfigModel(SdsTcfLaunchDelegate.java:85) [com.xilinx.sdx.sdsoc.debug_1.0.0.202305040745.jar:?]
	at com.xilinx.sdx.sdsoc.debug.launch.SdsTcfLaunchDelegate.generateReports(SdsTcfLaunchDelegate.java:641) [com.xilinx.sdx.sdsoc.debug_1.0.0.202305040745.jar:?]
	at com.xilinx.sdx.sdsoc.debug.launch.SdsTcfLaunchDelegate.onDisconnected(SdsTcfLaunchDelegate.java:615) [com.xilinx.sdx.sdsoc.debug_1.0.0.202305040745.jar:?]
	at org.eclipse.tcf.internal.debug.ui.model.TCFModelManager$1.onDisconnected(TCFModelManager.java:79) [org.eclipse.tcf.debug.ui_1.7.0.202305040745.jar:?]
	at org.eclipse.tcf.internal.debug.model.TCFLaunch.onDisconnected(TCFLaunch.java:532) [org.eclipse.tcf.debug_1.7.0.202305040745.jar:?]
	at org.eclipse.tcf.internal.debug.model.TCFLaunch$43.onChannelClosed(TCFLaunch.java:1643) [org.eclipse.tcf.debug_1.7.0.202305040745.jar:?]
	at org.eclipse.tcf.core.AbstractChannel$9.run(AbstractChannel.java:858) [org.eclipse.tcf.core_1.7.0.202305040745.jar:?]
	at org.eclipse.tcf.EventQueue.run(EventQueue.java:98) [org.eclipse.tcf_1.7.0.202305040745.jar:?]
	at java.lang.Thread.run(Thread.java:829) [?:?]
18:48:15 INFO  : Disconnected from the channel tcfchan#4.
18:48:16 INFO  : The hardware specification used by project 'OV5640_HDMI_ADD_NUM' is out of sync with the platform. Resource files extracted from the hardware specification will be updated.
18:48:16 INFO  : The file 'D:\Programs\Workspace\SmartZYNQ_SP2\OV5640_HDMI_ROM_READ_NUM0\OV5640_HDMI_ROM_READ_NUM_sdk\OV5640_HDMI_ADD_NUM\_ide\bitstream\ZYNQ_CORE_wrapper.bit' stored in project is removed.
18:48:16 INFO  : The updated bitstream files are copied from platform to folder 'D:\Programs\Workspace\SmartZYNQ_SP2\OV5640_HDMI_ROM_READ_NUM0\OV5640_HDMI_ROM_READ_NUM_sdk\OV5640_HDMI_ADD_NUM\_ide\bitstream' in project 'OV5640_HDMI_ADD_NUM'.
18:48:16 INFO  : The file 'D:\Programs\Workspace\SmartZYNQ_SP2\OV5640_HDMI_ROM_READ_NUM0\OV5640_HDMI_ROM_READ_NUM_sdk\OV5640_HDMI_ADD_NUM\_ide\psinit\ps7_init.tcl' stored in project is removed.
18:48:19 INFO  : The updated ps init files are copied from platform to folder 'D:\Programs\Workspace\SmartZYNQ_SP2\OV5640_HDMI_ROM_READ_NUM0\OV5640_HDMI_ROM_READ_NUM_sdk\OV5640_HDMI_ADD_NUM\_ide\psinit' in project 'OV5640_HDMI_ADD_NUM'.
18:48:19 INFO  : Connected to target on host '127.0.0.1' and port '3121'.
18:48:20 INFO  : Jtag cable 'HelloFpga JTAG-SP2 03SD35A' is selected.
18:48:20 INFO  : 'jtag frequency' command is executed.
18:48:20 INFO  : Context for 'APU' is selected.
18:48:20 INFO  : System reset is completed.
18:48:23 INFO  : 'after 3000' command is executed.
18:48:23 INFO  : 'targets -set -filter {jtag_cable_name =~ "HelloFpga JTAG-SP2 03SD35A" && level==0 && jtag_device_ctx=="jsn-JTAG-SP2-03SD35A-23727093-0"}' command is executed.
18:48:26 INFO  : Device configured successfully with "D:/Programs/Workspace/SmartZYNQ_SP2/OV5640_HDMI_ROM_READ_NUM0/OV5640_HDMI_ROM_READ_NUM_sdk/OV5640_HDMI_ADD_NUM/_ide/bitstream/ZYNQ_CORE_wrapper.bit"
18:48:26 INFO  : Context for 'APU' is selected.
18:48:26 INFO  : Hardware design and registers information is loaded from 'D:/Programs/Workspace/SmartZYNQ_SP2/OV5640_HDMI_ROM_READ_NUM0/OV5640_HDMI_ROM_READ_NUM_sdk/ZYNQ_CORE_wrapper/export/ZYNQ_CORE_wrapper/hw/ZYNQ_CORE_wrapper.xsa'.
18:48:26 INFO  : 'configparams force-mem-access 1' command is executed.
18:48:26 INFO  : Context for 'APU' is selected.
18:48:26 INFO  : Sourcing of 'D:/Programs/Workspace/SmartZYNQ_SP2/OV5640_HDMI_ROM_READ_NUM0/OV5640_HDMI_ROM_READ_NUM_sdk/OV5640_HDMI_ADD_NUM/_ide/psinit/ps7_init.tcl' is done.
18:48:26 INFO  : 'ps7_init' command is executed.
18:48:26 INFO  : 'ps7_post_config' command is executed.
18:48:26 INFO  : Context for processor 'ps7_cortexa9_0' is selected.
18:48:26 INFO  : The application 'D:/Programs/Workspace/SmartZYNQ_SP2/OV5640_HDMI_ROM_READ_NUM0/OV5640_HDMI_ROM_READ_NUM_sdk/OV5640_HDMI_ADD_NUM/Debug/OV5640_HDMI_ADD_NUM.elf' is downloaded to processor 'ps7_cortexa9_0'.
18:48:26 INFO  : 'configparams force-mem-access 0' command is executed.
18:48:26 INFO  : ----------------XSDB Script----------------
connect -url tcp:127.0.0.1:3121
targets -set -nocase -filter {name =~"APU*"}
rst -system
after 3000
targets -set -filter {jtag_cable_name =~ "HelloFpga JTAG-SP2 03SD35A" && level==0 && jtag_device_ctx=="jsn-JTAG-SP2-03SD35A-23727093-0"}
fpga -file D:/Programs/Workspace/SmartZYNQ_SP2/OV5640_HDMI_ROM_READ_NUM0/OV5640_HDMI_ROM_READ_NUM_sdk/OV5640_HDMI_ADD_NUM/_ide/bitstream/ZYNQ_CORE_wrapper.bit
targets -set -nocase -filter {name =~"APU*"}
loadhw -hw D:/Programs/Workspace/SmartZYNQ_SP2/OV5640_HDMI_ROM_READ_NUM0/OV5640_HDMI_ROM_READ_NUM_sdk/ZYNQ_CORE_wrapper/export/ZYNQ_CORE_wrapper/hw/ZYNQ_CORE_wrapper.xsa -mem-ranges [list {0x40000000 0xbfffffff}] -regs
configparams force-mem-access 1
targets -set -nocase -filter {name =~"APU*"}
source D:/Programs/Workspace/SmartZYNQ_SP2/OV5640_HDMI_ROM_READ_NUM0/OV5640_HDMI_ROM_READ_NUM_sdk/OV5640_HDMI_ADD_NUM/_ide/psinit/ps7_init.tcl
ps7_init
ps7_post_config
targets -set -nocase -filter {name =~ "*A9*#0"}
dow D:/Programs/Workspace/SmartZYNQ_SP2/OV5640_HDMI_ROM_READ_NUM0/OV5640_HDMI_ROM_READ_NUM_sdk/OV5640_HDMI_ADD_NUM/Debug/OV5640_HDMI_ADD_NUM.elf
configparams force-mem-access 0
----------------End of Script----------------

18:48:26 INFO  : Context for processor 'ps7_cortexa9_0' is selected.
18:48:26 INFO  : 'con' command is executed.
18:48:26 INFO  : ----------------XSDB Script (After Launch)----------------
targets -set -nocase -filter {name =~ "*A9*#0"}
con
----------------End of Script----------------

18:48:26 INFO  : Launch script is exported to file 'D:\Programs\Workspace\SmartZYNQ_SP2\OV5640_HDMI_ROM_READ_NUM0\OV5640_HDMI_ROM_READ_NUM_sdk\OV5640_HDMI_ADD_NUM_system\_ide\scripts\systemdebugger_ov5640_hdmi_add_num_system_standalone.tcl'
18:49:38 INFO  : Disconnected from the channel tcfchan#6.
18:49:38 INFO  : Connected to target on host '127.0.0.1' and port '3121'.
18:49:38 INFO  : Jtag cable 'HelloFpga JTAG-SP2 03SD35A' is selected.
18:49:38 INFO  : 'jtag frequency' command is executed.
18:49:38 INFO  : Context for 'APU' is selected.
18:49:38 INFO  : System reset is completed.
18:49:41 INFO  : 'after 3000' command is executed.
18:49:41 INFO  : 'targets -set -filter {jtag_cable_name =~ "HelloFpga JTAG-SP2 03SD35A" && level==0 && jtag_device_ctx=="jsn-JTAG-SP2-03SD35A-23727093-0"}' command is executed.
18:49:44 INFO  : Device configured successfully with "D:/Programs/Workspace/SmartZYNQ_SP2/OV5640_HDMI_ROM_READ_NUM0/OV5640_HDMI_ROM_READ_NUM_sdk/OV5640_HDMI_ADD_NUM/_ide/bitstream/ZYNQ_CORE_wrapper.bit"
18:49:44 INFO  : Context for 'APU' is selected.
18:49:44 INFO  : Hardware design and registers information is loaded from 'D:/Programs/Workspace/SmartZYNQ_SP2/OV5640_HDMI_ROM_READ_NUM0/OV5640_HDMI_ROM_READ_NUM_sdk/ZYNQ_CORE_wrapper/export/ZYNQ_CORE_wrapper/hw/ZYNQ_CORE_wrapper.xsa'.
18:49:44 INFO  : 'configparams force-mem-access 1' command is executed.
18:49:44 INFO  : Context for 'APU' is selected.
18:49:44 INFO  : Sourcing of 'D:/Programs/Workspace/SmartZYNQ_SP2/OV5640_HDMI_ROM_READ_NUM0/OV5640_HDMI_ROM_READ_NUM_sdk/OV5640_HDMI_ADD_NUM/_ide/psinit/ps7_init.tcl' is done.
18:49:44 INFO  : 'ps7_init' command is executed.
18:49:44 INFO  : 'ps7_post_config' command is executed.
18:49:44 INFO  : Context for processor 'ps7_cortexa9_0' is selected.
18:49:44 INFO  : The application 'D:/Programs/Workspace/SmartZYNQ_SP2/OV5640_HDMI_ROM_READ_NUM0/OV5640_HDMI_ROM_READ_NUM_sdk/OV5640_HDMI_ADD_NUM/Debug/OV5640_HDMI_ADD_NUM.elf' is downloaded to processor 'ps7_cortexa9_0'.
18:49:44 INFO  : 'configparams force-mem-access 0' command is executed.
18:49:44 INFO  : ----------------XSDB Script----------------
connect -url tcp:127.0.0.1:3121
targets -set -nocase -filter {name =~"APU*"}
rst -system
after 3000
targets -set -filter {jtag_cable_name =~ "HelloFpga JTAG-SP2 03SD35A" && level==0 && jtag_device_ctx=="jsn-JTAG-SP2-03SD35A-23727093-0"}
fpga -file D:/Programs/Workspace/SmartZYNQ_SP2/OV5640_HDMI_ROM_READ_NUM0/OV5640_HDMI_ROM_READ_NUM_sdk/OV5640_HDMI_ADD_NUM/_ide/bitstream/ZYNQ_CORE_wrapper.bit
targets -set -nocase -filter {name =~"APU*"}
loadhw -hw D:/Programs/Workspace/SmartZYNQ_SP2/OV5640_HDMI_ROM_READ_NUM0/OV5640_HDMI_ROM_READ_NUM_sdk/ZYNQ_CORE_wrapper/export/ZYNQ_CORE_wrapper/hw/ZYNQ_CORE_wrapper.xsa -mem-ranges [list {0x40000000 0xbfffffff}] -regs
configparams force-mem-access 1
targets -set -nocase -filter {name =~"APU*"}
source D:/Programs/Workspace/SmartZYNQ_SP2/OV5640_HDMI_ROM_READ_NUM0/OV5640_HDMI_ROM_READ_NUM_sdk/OV5640_HDMI_ADD_NUM/_ide/psinit/ps7_init.tcl
ps7_init
ps7_post_config
targets -set -nocase -filter {name =~ "*A9*#0"}
dow D:/Programs/Workspace/SmartZYNQ_SP2/OV5640_HDMI_ROM_READ_NUM0/OV5640_HDMI_ROM_READ_NUM_sdk/OV5640_HDMI_ADD_NUM/Debug/OV5640_HDMI_ADD_NUM.elf
configparams force-mem-access 0
----------------End of Script----------------

18:49:44 INFO  : Context for processor 'ps7_cortexa9_0' is selected.
18:49:44 INFO  : 'con' command is executed.
18:49:44 INFO  : ----------------XSDB Script (After Launch)----------------
targets -set -nocase -filter {name =~ "*A9*#0"}
con
----------------End of Script----------------

18:49:44 INFO  : Launch script is exported to file 'D:\Programs\Workspace\SmartZYNQ_SP2\OV5640_HDMI_ROM_READ_NUM0\OV5640_HDMI_ROM_READ_NUM_sdk\OV5640_HDMI_ADD_NUM_system\_ide\scripts\systemdebugger_ov5640_hdmi_add_num_system_standalone.tcl'
18:50:07 INFO  : Disconnected from the channel tcfchan#7.
18:50:07 INFO  : Connected to target on host '127.0.0.1' and port '3121'.
18:50:07 INFO  : Jtag cable 'HelloFpga JTAG-SP2 03SD35A' is selected.
18:50:07 INFO  : 'jtag frequency' command is executed.
18:50:08 INFO  : Context for 'APU' is selected.
18:50:08 INFO  : System reset is completed.
18:50:11 INFO  : 'after 3000' command is executed.
18:50:11 INFO  : 'targets -set -filter {jtag_cable_name =~ "HelloFpga JTAG-SP2 03SD35A" && level==0 && jtag_device_ctx=="jsn-JTAG-SP2-03SD35A-23727093-0"}' command is executed.
18:50:13 INFO  : Device configured successfully with "D:/Programs/Workspace/SmartZYNQ_SP2/OV5640_HDMI_ROM_READ_NUM0/OV5640_HDMI_ROM_READ_NUM_sdk/OV5640_HDMI_ADD_NUM/_ide/bitstream/ZYNQ_CORE_wrapper.bit"
18:50:13 INFO  : Context for 'APU' is selected.
18:50:13 INFO  : Hardware design and registers information is loaded from 'D:/Programs/Workspace/SmartZYNQ_SP2/OV5640_HDMI_ROM_READ_NUM0/OV5640_HDMI_ROM_READ_NUM_sdk/ZYNQ_CORE_wrapper/export/ZYNQ_CORE_wrapper/hw/ZYNQ_CORE_wrapper.xsa'.
18:50:13 INFO  : 'configparams force-mem-access 1' command is executed.
18:50:13 INFO  : Context for 'APU' is selected.
18:50:13 INFO  : Sourcing of 'D:/Programs/Workspace/SmartZYNQ_SP2/OV5640_HDMI_ROM_READ_NUM0/OV5640_HDMI_ROM_READ_NUM_sdk/OV5640_HDMI_ADD_NUM/_ide/psinit/ps7_init.tcl' is done.
18:50:13 INFO  : 'ps7_init' command is executed.
18:50:13 INFO  : 'ps7_post_config' command is executed.
18:50:13 INFO  : Context for processor 'ps7_cortexa9_0' is selected.
18:50:14 INFO  : The application 'D:/Programs/Workspace/SmartZYNQ_SP2/OV5640_HDMI_ROM_READ_NUM0/OV5640_HDMI_ROM_READ_NUM_sdk/OV5640_HDMI_ADD_NUM/Debug/OV5640_HDMI_ADD_NUM.elf' is downloaded to processor 'ps7_cortexa9_0'.
18:50:14 INFO  : 'configparams force-mem-access 0' command is executed.
18:50:14 INFO  : ----------------XSDB Script----------------
connect -url tcp:127.0.0.1:3121
targets -set -nocase -filter {name =~"APU*"}
rst -system
after 3000
targets -set -filter {jtag_cable_name =~ "HelloFpga JTAG-SP2 03SD35A" && level==0 && jtag_device_ctx=="jsn-JTAG-SP2-03SD35A-23727093-0"}
fpga -file D:/Programs/Workspace/SmartZYNQ_SP2/OV5640_HDMI_ROM_READ_NUM0/OV5640_HDMI_ROM_READ_NUM_sdk/OV5640_HDMI_ADD_NUM/_ide/bitstream/ZYNQ_CORE_wrapper.bit
targets -set -nocase -filter {name =~"APU*"}
loadhw -hw D:/Programs/Workspace/SmartZYNQ_SP2/OV5640_HDMI_ROM_READ_NUM0/OV5640_HDMI_ROM_READ_NUM_sdk/ZYNQ_CORE_wrapper/export/ZYNQ_CORE_wrapper/hw/ZYNQ_CORE_wrapper.xsa -mem-ranges [list {0x40000000 0xbfffffff}] -regs
configparams force-mem-access 1
targets -set -nocase -filter {name =~"APU*"}
source D:/Programs/Workspace/SmartZYNQ_SP2/OV5640_HDMI_ROM_READ_NUM0/OV5640_HDMI_ROM_READ_NUM_sdk/OV5640_HDMI_ADD_NUM/_ide/psinit/ps7_init.tcl
ps7_init
ps7_post_config
targets -set -nocase -filter {name =~ "*A9*#0"}
dow D:/Programs/Workspace/SmartZYNQ_SP2/OV5640_HDMI_ROM_READ_NUM0/OV5640_HDMI_ROM_READ_NUM_sdk/OV5640_HDMI_ADD_NUM/Debug/OV5640_HDMI_ADD_NUM.elf
configparams force-mem-access 0
----------------End of Script----------------

18:50:14 INFO  : Context for processor 'ps7_cortexa9_0' is selected.
18:50:14 INFO  : 'con' command is executed.
18:50:14 INFO  : ----------------XSDB Script (After Launch)----------------
targets -set -nocase -filter {name =~ "*A9*#0"}
con
----------------End of Script----------------

18:50:14 INFO  : Launch script is exported to file 'D:\Programs\Workspace\SmartZYNQ_SP2\OV5640_HDMI_ROM_READ_NUM0\OV5640_HDMI_ROM_READ_NUM_sdk\OV5640_HDMI_ADD_NUM_system\_ide\scripts\systemdebugger_ov5640_hdmi_add_num_system_standalone.tcl'
19:03:31 INFO  : Hardware specification for platform project 'ZYNQ_CORE_wrapper' is updated.
19:03:44 INFO  : Result from executing command 'getProjects': ZYNQ_CORE_wrapper
19:03:44 INFO  : Result from executing command 'getPlatforms': xilinx_vck190_base_202310_1|D:/Xilinx/Vitis/2023.1/base_platforms/xilinx_vck190_base_202310_1/xilinx_vck190_base_202310_1.xpfm;xilinx_vck190_base_dfx_202310_1|D:/Xilinx/Vitis/2023.1/base_platforms/xilinx_vck190_base_dfx_202310_1/xilinx_vck190_base_dfx_202310_1.xpfm;xilinx_vek280_es1_base_202310_1|D:/Xilinx/Vitis/2023.1/base_platforms/xilinx_vek280_es1_base_202310_1/xilinx_vek280_es1_base_202310_1.xpfm;xilinx_vmk180_base_202310_1|D:/Xilinx/Vitis/2023.1/base_platforms/xilinx_vmk180_base_202310_1/xilinx_vmk180_base_202310_1.xpfm;xilinx_zcu102_base_202310_1|D:/Xilinx/Vitis/2023.1/base_platforms/xilinx_zcu102_base_202310_1/xilinx_zcu102_base_202310_1.xpfm;xilinx_zcu102_base_dfx_202310_1|D:/Xilinx/Vitis/2023.1/base_platforms/xilinx_zcu102_base_dfx_202310_1/xilinx_zcu102_base_dfx_202310_1.xpfm;xilinx_zcu104_base_202310_1|D:/Xilinx/Vitis/2023.1/base_platforms/xilinx_zcu104_base_202310_1/xilinx_zcu104_base_202310_1.xpfm
19:04:21 ERROR : XSCT server calls should not be made from TCF thread.
java.lang.RuntimeException: XSCT server calls should not be made from TCF thread.
	at com.xilinx.sdk.xsdb.XSDBCommandManager.issueAndWait(XSDBCommandManager.java:392) [com.xilinx.sdk.xsdb_1.0.0.202305040745.jar:?]
	at com.xilinx.sdk.xsdb.XsdbCommandUtils.executeAndRespond(XsdbCommandUtils.java:325) [com.xilinx.sdk.xsdb_1.0.0.202305040745.jar:?]
	at com.xilinx.sdk.hw.internal.HwPlatform.dispose(HwPlatform.java:1325) [com.xilinx.sdk.hw_1.0.0.202305040745.jar:?]
	at com.xilinx.sdk.hw.internal.HwSpecFactory.removeHwSpec(HwSpecFactory.java:92) [com.xilinx.sdk.hw_1.0.0.202305040745.jar:?]
	at com.xilinx.sdk.hw.internal.HwSpecFactory.validateGetFromCache(HwSpecFactory.java:78) [com.xilinx.sdk.hw_1.0.0.202305040745.jar:?]
	at com.xilinx.sdk.hw.internal.HwSpecFactory.createHwSpec(HwSpecFactory.java:48) [com.xilinx.sdk.hw_1.0.0.202305040745.jar:?]
	at com.xilinx.sdx.sdsoc.debug.ui.SdsLaunchConfigUtil.createHwPlatform(SdsLaunchConfigUtil.java:57) [com.xilinx.sdx.sdsoc.debug.ui_1.0.0.202305040745.jar:?]
	at com.xilinx.sdx.sdsoc.debug.ui.SdsLaunchConfigModel.iniHwPlatform(SdsLaunchConfigModel.java:187) [com.xilinx.sdx.sdsoc.debug.ui_1.0.0.202305040745.jar:?]
	at com.xilinx.sdk.tcf.internal.debug.ui.common.BaseLaunchConfigModel.getHwPlatform(BaseLaunchConfigModel.java:577) [com.xilinx.sdk.tcf.debug_1.0.0.202305040745.jar:?]
	at com.xilinx.sdk.tcf.internal.debug.ui.common.BaseLaunchConfigModel.readCrossTriggerModel(BaseLaunchConfigModel.java:173) [com.xilinx.sdk.tcf.debug_1.0.0.202305040745.jar:?]
	at com.xilinx.sdk.tcf.internal.debug.ui.common.BaseLaunchConfigModel.readAndSetAttributes(BaseLaunchConfigModel.java:156) [com.xilinx.sdk.tcf.debug_1.0.0.202305040745.jar:?]
	at com.xilinx.sdx.sdsoc.debug.ui.SdsLaunchConfigModel.newInstance(SdsLaunchConfigModel.java:109) [com.xilinx.sdx.sdsoc.debug.ui_1.0.0.202305040745.jar:?]
	at com.xilinx.sdx.sdsoc.debug.launch.SdsTcfLaunchDelegate.createConfigModel(SdsTcfLaunchDelegate.java:85) [com.xilinx.sdx.sdsoc.debug_1.0.0.202305040745.jar:?]
	at com.xilinx.sdx.sdsoc.debug.launch.SdsTcfLaunchDelegate.generateReports(SdsTcfLaunchDelegate.java:641) [com.xilinx.sdx.sdsoc.debug_1.0.0.202305040745.jar:?]
	at com.xilinx.sdx.sdsoc.debug.launch.SdsTcfLaunchDelegate.onDisconnected(SdsTcfLaunchDelegate.java:615) [com.xilinx.sdx.sdsoc.debug_1.0.0.202305040745.jar:?]
	at org.eclipse.tcf.internal.debug.ui.model.TCFModelManager$1.onDisconnected(TCFModelManager.java:79) [org.eclipse.tcf.debug.ui_1.7.0.202305040745.jar:?]
	at org.eclipse.tcf.internal.debug.model.TCFLaunch.onDisconnected(TCFLaunch.java:532) [org.eclipse.tcf.debug_1.7.0.202305040745.jar:?]
	at org.eclipse.tcf.internal.debug.model.TCFLaunch$43.onChannelClosed(TCFLaunch.java:1643) [org.eclipse.tcf.debug_1.7.0.202305040745.jar:?]
	at org.eclipse.tcf.core.AbstractChannel$9.run(AbstractChannel.java:858) [org.eclipse.tcf.core_1.7.0.202305040745.jar:?]
	at org.eclipse.tcf.EventQueue.run(EventQueue.java:98) [org.eclipse.tcf_1.7.0.202305040745.jar:?]
	at java.lang.Thread.run(Thread.java:829) [?:?]
19:04:21 INFO  : Disconnected from the channel tcfchan#8.
19:04:22 INFO  : The hardware specification used by project 'OV5640_HDMI_ADD_NUM' is out of sync with the platform. Resource files extracted from the hardware specification will be updated.
19:04:22 INFO  : The file 'D:\Programs\Workspace\SmartZYNQ_SP2\OV5640_HDMI_ROM_READ_NUM0\OV5640_HDMI_ROM_READ_NUM_sdk\OV5640_HDMI_ADD_NUM\_ide\bitstream\ZYNQ_CORE_wrapper.bit' stored in project is removed.
19:04:22 INFO  : The updated bitstream files are copied from platform to folder 'D:\Programs\Workspace\SmartZYNQ_SP2\OV5640_HDMI_ROM_READ_NUM0\OV5640_HDMI_ROM_READ_NUM_sdk\OV5640_HDMI_ADD_NUM\_ide\bitstream' in project 'OV5640_HDMI_ADD_NUM'.
19:04:22 INFO  : The file 'D:\Programs\Workspace\SmartZYNQ_SP2\OV5640_HDMI_ROM_READ_NUM0\OV5640_HDMI_ROM_READ_NUM_sdk\OV5640_HDMI_ADD_NUM\_ide\psinit\ps7_init.tcl' stored in project is removed.
19:04:26 INFO  : The updated ps init files are copied from platform to folder 'D:\Programs\Workspace\SmartZYNQ_SP2\OV5640_HDMI_ROM_READ_NUM0\OV5640_HDMI_ROM_READ_NUM_sdk\OV5640_HDMI_ADD_NUM\_ide\psinit' in project 'OV5640_HDMI_ADD_NUM'.
19:04:26 INFO  : Connected to target on host '127.0.0.1' and port '3121'.
19:04:27 INFO  : Jtag cable 'HelloFpga JTAG-SP2 03SD35A' is selected.
19:04:27 INFO  : 'jtag frequency' command is executed.
19:04:27 INFO  : Context for 'APU' is selected.
19:04:27 INFO  : System reset is completed.
19:04:30 INFO  : 'after 3000' command is executed.
19:04:30 INFO  : 'targets -set -filter {jtag_cable_name =~ "HelloFpga JTAG-SP2 03SD35A" && level==0 && jtag_device_ctx=="jsn-JTAG-SP2-03SD35A-23727093-0"}' command is executed.
19:04:32 INFO  : Device configured successfully with "D:/Programs/Workspace/SmartZYNQ_SP2/OV5640_HDMI_ROM_READ_NUM0/OV5640_HDMI_ROM_READ_NUM_sdk/OV5640_HDMI_ADD_NUM/_ide/bitstream/ZYNQ_CORE_wrapper.bit"
19:04:32 INFO  : Context for 'APU' is selected.
19:04:32 INFO  : Hardware design and registers information is loaded from 'D:/Programs/Workspace/SmartZYNQ_SP2/OV5640_HDMI_ROM_READ_NUM0/OV5640_HDMI_ROM_READ_NUM_sdk/ZYNQ_CORE_wrapper/export/ZYNQ_CORE_wrapper/hw/ZYNQ_CORE_wrapper.xsa'.
19:04:32 INFO  : 'configparams force-mem-access 1' command is executed.
19:04:32 INFO  : Context for 'APU' is selected.
19:04:32 INFO  : Sourcing of 'D:/Programs/Workspace/SmartZYNQ_SP2/OV5640_HDMI_ROM_READ_NUM0/OV5640_HDMI_ROM_READ_NUM_sdk/OV5640_HDMI_ADD_NUM/_ide/psinit/ps7_init.tcl' is done.
19:04:32 INFO  : 'ps7_init' command is executed.
19:04:32 INFO  : 'ps7_post_config' command is executed.
19:04:32 INFO  : Context for processor 'ps7_cortexa9_0' is selected.
19:04:33 INFO  : The application 'D:/Programs/Workspace/SmartZYNQ_SP2/OV5640_HDMI_ROM_READ_NUM0/OV5640_HDMI_ROM_READ_NUM_sdk/OV5640_HDMI_ADD_NUM/Debug/OV5640_HDMI_ADD_NUM.elf' is downloaded to processor 'ps7_cortexa9_0'.
19:04:33 INFO  : 'configparams force-mem-access 0' command is executed.
19:04:33 INFO  : ----------------XSDB Script----------------
connect -url tcp:127.0.0.1:3121
targets -set -nocase -filter {name =~"APU*"}
rst -system
after 3000
targets -set -filter {jtag_cable_name =~ "HelloFpga JTAG-SP2 03SD35A" && level==0 && jtag_device_ctx=="jsn-JTAG-SP2-03SD35A-23727093-0"}
fpga -file D:/Programs/Workspace/SmartZYNQ_SP2/OV5640_HDMI_ROM_READ_NUM0/OV5640_HDMI_ROM_READ_NUM_sdk/OV5640_HDMI_ADD_NUM/_ide/bitstream/ZYNQ_CORE_wrapper.bit
targets -set -nocase -filter {name =~"APU*"}
loadhw -hw D:/Programs/Workspace/SmartZYNQ_SP2/OV5640_HDMI_ROM_READ_NUM0/OV5640_HDMI_ROM_READ_NUM_sdk/ZYNQ_CORE_wrapper/export/ZYNQ_CORE_wrapper/hw/ZYNQ_CORE_wrapper.xsa -mem-ranges [list {0x40000000 0xbfffffff}] -regs
configparams force-mem-access 1
targets -set -nocase -filter {name =~"APU*"}
source D:/Programs/Workspace/SmartZYNQ_SP2/OV5640_HDMI_ROM_READ_NUM0/OV5640_HDMI_ROM_READ_NUM_sdk/OV5640_HDMI_ADD_NUM/_ide/psinit/ps7_init.tcl
ps7_init
ps7_post_config
targets -set -nocase -filter {name =~ "*A9*#0"}
dow D:/Programs/Workspace/SmartZYNQ_SP2/OV5640_HDMI_ROM_READ_NUM0/OV5640_HDMI_ROM_READ_NUM_sdk/OV5640_HDMI_ADD_NUM/Debug/OV5640_HDMI_ADD_NUM.elf
configparams force-mem-access 0
----------------End of Script----------------

19:04:33 INFO  : Context for processor 'ps7_cortexa9_0' is selected.
19:04:33 INFO  : 'con' command is executed.
19:04:33 INFO  : ----------------XSDB Script (After Launch)----------------
targets -set -nocase -filter {name =~ "*A9*#0"}
con
----------------End of Script----------------

19:04:33 INFO  : Launch script is exported to file 'D:\Programs\Workspace\SmartZYNQ_SP2\OV5640_HDMI_ROM_READ_NUM0\OV5640_HDMI_ROM_READ_NUM_sdk\OV5640_HDMI_ADD_NUM_system\_ide\scripts\systemdebugger_ov5640_hdmi_add_num_system_standalone.tcl'
22:02:42 INFO  : Disconnected from the channel tcfchan#10.
