13:18:18 DEBUG : Logs will be stored at 'D:/Programs/Workspace/SmartZYNQ_SP2/PS_EMIO_KEY/IDE.log'.
13:18:28 INFO  : Launching XSCT server: xsct.bat -n  -interactive D:\Programs\Workspace\SmartZYNQ_SP2\PS_EMIO_KEY\temp_xsdb_launch_script.tcl
13:18:30 INFO  : XSCT server has started successfully.
13:18:30 INFO  : plnx-install-location is set to ''
13:18:30 INFO  : Successfully done setting XSCT server connection channel  
13:18:30 INFO  : Successfully done setting workspace for the tool. 
13:18:35 INFO  : Registering command handlers for Vitis TCF services
13:18:35 INFO  : Successfully done query RDI_DATADIR 
13:18:36 INFO  : Platform repository initialization has completed.
13:19:57 INFO  : Result from executing command 'getProjects': EMIO_KEY_wrapper
13:19:57 INFO  : Result from executing command 'getPlatforms': xilinx_vck190_base_202310_1|D:/Xilinx/Vitis/2023.1/base_platforms/xilinx_vck190_base_202310_1/xilinx_vck190_base_202310_1.xpfm;xilinx_vck190_base_dfx_202310_1|D:/Xilinx/Vitis/2023.1/base_platforms/xilinx_vck190_base_dfx_202310_1/xilinx_vck190_base_dfx_202310_1.xpfm;xilinx_vek280_es1_base_202310_1|D:/Xilinx/Vitis/2023.1/base_platforms/xilinx_vek280_es1_base_202310_1/xilinx_vek280_es1_base_202310_1.xpfm;xilinx_vmk180_base_202310_1|D:/Xilinx/Vitis/2023.1/base_platforms/xilinx_vmk180_base_202310_1/xilinx_vmk180_base_202310_1.xpfm;xilinx_zcu102_base_202310_1|D:/Xilinx/Vitis/2023.1/base_platforms/xilinx_zcu102_base_202310_1/xilinx_zcu102_base_202310_1.xpfm;xilinx_zcu102_base_dfx_202310_1|D:/Xilinx/Vitis/2023.1/base_platforms/xilinx_zcu102_base_dfx_202310_1/xilinx_zcu102_base_dfx_202310_1.xpfm;xilinx_zcu104_base_202310_1|D:/Xilinx/Vitis/2023.1/base_platforms/xilinx_zcu104_base_202310_1/xilinx_zcu104_base_202310_1.xpfm
13:19:58 WARN  : An unexpected exception occurred in the module 'platform project logging'
13:19:59 INFO  : Platform 'EMIO_KEY_wrapper' is added to custom repositories.
13:20:04 INFO  : Platform 'EMIO_KEY_wrapper' is added to custom repositories.
13:36:54 INFO  : Result from executing command 'getProjects': EMIO_KEY_wrapper
13:36:54 INFO  : Result from executing command 'getPlatforms': EMIO_KEY_wrapper|D:/Programs/Workspace/SmartZYNQ_SP2/PS_EMIO_KEY/EMIO_KEY_wrapper/export/EMIO_KEY_wrapper/EMIO_KEY_wrapper.xpfm;xilinx_vck190_base_202310_1|D:/Xilinx/Vitis/2023.1/base_platforms/xilinx_vck190_base_202310_1/xilinx_vck190_base_202310_1.xpfm;xilinx_vck190_base_dfx_202310_1|D:/Xilinx/Vitis/2023.1/base_platforms/xilinx_vck190_base_dfx_202310_1/xilinx_vck190_base_dfx_202310_1.xpfm;xilinx_vek280_es1_base_202310_1|D:/Xilinx/Vitis/2023.1/base_platforms/xilinx_vek280_es1_base_202310_1/xilinx_vek280_es1_base_202310_1.xpfm;xilinx_vmk180_base_202310_1|D:/Xilinx/Vitis/2023.1/base_platforms/xilinx_vmk180_base_202310_1/xilinx_vmk180_base_202310_1.xpfm;xilinx_zcu102_base_202310_1|D:/Xilinx/Vitis/2023.1/base_platforms/xilinx_zcu102_base_202310_1/xilinx_zcu102_base_202310_1.xpfm;xilinx_zcu102_base_dfx_202310_1|D:/Xilinx/Vitis/2023.1/base_platforms/xilinx_zcu102_base_dfx_202310_1/xilinx_zcu102_base_dfx_202310_1.xpfm;xilinx_zcu104_base_202310_1|D:/Xilinx/Vitis/2023.1/base_platforms/xilinx_zcu104_base_202310_1/xilinx_zcu104_base_202310_1.xpfm
13:36:55 INFO  : Checking for BSP changes to sync application flags for project 'KEY_TEST'...
13:37:14 INFO  : Connected to target on host '127.0.0.1' and port '3121'.
13:37:15 INFO  : Jtag cable 'HelloFpga JTAG-SP2 03SD35A' is selected.
13:37:15 INFO  : 'jtag frequency' command is executed.
13:37:15 INFO  : Context for 'APU' is selected.
13:37:16 INFO  : System reset is completed.
13:37:19 INFO  : 'after 3000' command is executed.
13:37:19 INFO  : 'targets -set -filter {jtag_cable_name =~ "HelloFpga JTAG-SP2 03SD35A" && level==0 && jtag_device_ctx=="jsn-JTAG-SP2-03SD35A-23727093-0"}' command is executed.
13:37:22 INFO  : Device configured successfully with "D:/Programs/Workspace/SmartZYNQ_SP2/PS_EMIO_KEY/KEY_TEST/_ide/bitstream/EMIO_KEY_wrapper.bit"
13:37:22 INFO  : Context for 'APU' is selected.
13:37:22 INFO  : Hardware design and registers information is loaded from 'D:/Programs/Workspace/SmartZYNQ_SP2/PS_EMIO_KEY/EMIO_KEY_wrapper/export/EMIO_KEY_wrapper/hw/EMIO_KEY_wrapper.xsa'.
13:37:22 INFO  : 'configparams force-mem-access 1' command is executed.
13:37:22 INFO  : Context for 'APU' is selected.
13:37:22 INFO  : Sourcing of 'D:/Programs/Workspace/SmartZYNQ_SP2/PS_EMIO_KEY/KEY_TEST/_ide/psinit/ps7_init.tcl' is done.
13:37:22 INFO  : 'ps7_init' command is executed.
13:37:22 INFO  : 'ps7_post_config' command is executed.
13:37:22 INFO  : Context for processor 'ps7_cortexa9_0' is selected.
13:37:22 INFO  : The application 'D:/Programs/Workspace/SmartZYNQ_SP2/PS_EMIO_KEY/KEY_TEST/Debug/KEY_TEST.elf' is downloaded to processor 'ps7_cortexa9_0'.
13:37:23 INFO  : 'configparams force-mem-access 0' command is executed.
13:37:23 INFO  : ----------------XSDB Script----------------
connect -url tcp:127.0.0.1:3121
targets -set -nocase -filter {name =~"APU*"}
rst -system
after 3000
targets -set -filter {jtag_cable_name =~ "HelloFpga JTAG-SP2 03SD35A" && level==0 && jtag_device_ctx=="jsn-JTAG-SP2-03SD35A-23727093-0"}
fpga -file D:/Programs/Workspace/SmartZYNQ_SP2/PS_EMIO_KEY/KEY_TEST/_ide/bitstream/EMIO_KEY_wrapper.bit
targets -set -nocase -filter {name =~"APU*"}
loadhw -hw D:/Programs/Workspace/SmartZYNQ_SP2/PS_EMIO_KEY/EMIO_KEY_wrapper/export/EMIO_KEY_wrapper/hw/EMIO_KEY_wrapper.xsa -mem-ranges [list {0x40000000 0xbfffffff}] -regs
configparams force-mem-access 1
targets -set -nocase -filter {name =~"APU*"}
source D:/Programs/Workspace/SmartZYNQ_SP2/PS_EMIO_KEY/KEY_TEST/_ide/psinit/ps7_init.tcl
ps7_init
ps7_post_config
targets -set -nocase -filter {name =~ "*A9*#0"}
dow D:/Programs/Workspace/SmartZYNQ_SP2/PS_EMIO_KEY/KEY_TEST/Debug/KEY_TEST.elf
configparams force-mem-access 0
----------------End of Script----------------

13:37:23 INFO  : Context for processor 'ps7_cortexa9_0' is selected.
13:37:23 INFO  : 'con' command is executed.
13:37:23 INFO  : ----------------XSDB Script (After Launch)----------------
targets -set -nocase -filter {name =~ "*A9*#0"}
con
----------------End of Script----------------

13:37:23 INFO  : Launch script is exported to file 'D:\Programs\Workspace\SmartZYNQ_SP2\PS_EMIO_KEY\KEY_TEST_system\_ide\scripts\debugger_key_test-default.tcl'
13:40:22 INFO  : Disconnected from the channel tcfchan#2.
