
*** Running vivado
    with args -log HDMI_wrapper.vds -m64 -product Vivado -mode batch -messageDb vivado.pb -notrace -source HDMI_wrapper.tcl



****** Vivado v2023.1 (64-bit)
  **** SW Build 3865809 on Sun May  7 15:05:29 MDT 2023
  **** IP Build 3864474 on Sun May  7 20:36:21 MDT 2023
  **** SharedData Build 3865790 on Sun May 07 13:33:03 MDT 2023
    ** Copyright 1986-2022 Xilinx, Inc. All Rights Reserved.
    ** Copyright 2022-2023 Advanced Micro Devices, Inc. All Rights Reserved.

source HDMI_wrapper.tcl -notrace
create_project: Time (s): cpu = 00:00:04 ; elapsed = 00:00:05 . Memory (MB): peak = 1909.289 ; gain = 161.883
INFO: [IP_Flow 19-234] Refreshing IP repositories
INFO: [IP_Flow 19-1700] Loaded user IP repository 'd:/Programs/Workspace/SmartZYNQ_SP2/DVI_TX'.
INFO: [IP_Flow 19-2313] Loaded Vivado IP repository 'D:/Xilinx/Vivado/2023.1/data/ip'.
WARNING: [IP_Flow 19-4995] The host OS only allows 260 characters in a normal path. The IP cache path is more than 80 characters. If you experience issues with IP caching, please consider changing the IP cache to a location with a shorter path. Alternately consider using the OS subst command to map part of the path to a drive letter. 
Current IP cache path is d:/Programs/Workspace/SmartZYNQ_SP2/HDMI_DRIVER_REL2.0_with_customIP/HDMI_DRIVER_REL2.0.cache/ip 
Command: read_checkpoint -auto_incremental -incremental D:/Programs/Workspace/SmartZYNQ_SP2/HDMI_DRIVER_REL2.0_with_customIP/HDMI_DRIVER_REL2.0.srcs/utils_1/imports/synth_1/hdmi_top.dcp
INFO: [Vivado 12-5825] Read reference checkpoint from D:/Programs/Workspace/SmartZYNQ_SP2/HDMI_DRIVER_REL2.0_with_customIP/HDMI_DRIVER_REL2.0.srcs/utils_1/imports/synth_1/hdmi_top.dcp for incremental synthesis
INFO: [Vivado 12-7989] Please ensure there are no constraint changes
Command: synth_design -top HDMI_wrapper -part xc7z020clg484-1
Starting synth_design
Attempting to get a license for feature 'Synthesis' and/or device 'xc7z020'
INFO: [Common 17-349] Got license for feature 'Synthesis' and/or device 'xc7z020'
INFO: [Device 21-403] Loading part xc7z020clg484-1
INFO: [Synth 8-7079] Multithreading enabled for synth_design using a maximum of 2 processes.
INFO: [Synth 8-7078] Launching helper process for spawning children vivado processes
INFO: [Synth 8-7075] Helper process launched with PID 6128
---------------------------------------------------------------------------------
Starting RTL Elaboration : Time (s): cpu = 00:00:02 ; elapsed = 00:00:03 . Memory (MB): peak = 2766.109 ; gain = 408.113
---------------------------------------------------------------------------------
INFO: [Synth 8-6157] synthesizing module 'HDMI_wrapper' [d:/Programs/Workspace/SmartZYNQ_SP2/HDMI_DRIVER_REL2.0_with_customIP/HDMI_DRIVER_REL2.0.gen/sources_1/bd/HDMI/hdl/HDMI_wrapper.v:13]
INFO: [Synth 8-6157] synthesizing module 'HDMI' [d:/Programs/Workspace/SmartZYNQ_SP2/HDMI_DRIVER_REL2.0_with_customIP/HDMI_DRIVER_REL2.0.gen/sources_1/bd/HDMI/synth/HDMI.v:13]
INFO: [Synth 8-6157] synthesizing module 'HDMI_DVI_Transmitter_0_0' [D:/Programs/Workspace/SmartZYNQ_SP2/HDMI_DRIVER_REL2.0_with_customIP/HDMI_DRIVER_REL2.0.runs/synth_1/.Xil/Vivado-17308-LAPTOP-DUUNQKAE/realtime/HDMI_DVI_Transmitter_0_0_stub.v:6]
INFO: [Synth 8-6155] done synthesizing module 'HDMI_DVI_Transmitter_0_0' (0#1) [D:/Programs/Workspace/SmartZYNQ_SP2/HDMI_DRIVER_REL2.0_with_customIP/HDMI_DRIVER_REL2.0.runs/synth_1/.Xil/Vivado-17308-LAPTOP-DUUNQKAE/realtime/HDMI_DVI_Transmitter_0_0_stub.v:6]
INFO: [Synth 8-6157] synthesizing module 'HDMI_clk_wiz_0_0' [D:/Programs/Workspace/SmartZYNQ_SP2/HDMI_DRIVER_REL2.0_with_customIP/HDMI_DRIVER_REL2.0.runs/synth_1/.Xil/Vivado-17308-LAPTOP-DUUNQKAE/realtime/HDMI_clk_wiz_0_0_stub.v:6]
INFO: [Synth 8-6155] done synthesizing module 'HDMI_clk_wiz_0_0' (0#1) [D:/Programs/Workspace/SmartZYNQ_SP2/HDMI_DRIVER_REL2.0_with_customIP/HDMI_DRIVER_REL2.0.runs/synth_1/.Xil/Vivado-17308-LAPTOP-DUUNQKAE/realtime/HDMI_clk_wiz_0_0_stub.v:6]
INFO: [Synth 8-6157] synthesizing module 'HDMI_util_vector_logic_0_0' [D:/Programs/Workspace/SmartZYNQ_SP2/HDMI_DRIVER_REL2.0_with_customIP/HDMI_DRIVER_REL2.0.runs/synth_1/.Xil/Vivado-17308-LAPTOP-DUUNQKAE/realtime/HDMI_util_vector_logic_0_0_stub.v:6]
INFO: [Synth 8-6155] done synthesizing module 'HDMI_util_vector_logic_0_0' (0#1) [D:/Programs/Workspace/SmartZYNQ_SP2/HDMI_DRIVER_REL2.0_with_customIP/HDMI_DRIVER_REL2.0.runs/synth_1/.Xil/Vivado-17308-LAPTOP-DUUNQKAE/realtime/HDMI_util_vector_logic_0_0_stub.v:6]
INFO: [Synth 8-6157] synthesizing module 'HDMI_util_vector_logic_0_1' [D:/Programs/Workspace/SmartZYNQ_SP2/HDMI_DRIVER_REL2.0_with_customIP/HDMI_DRIVER_REL2.0.runs/synth_1/.Xil/Vivado-17308-LAPTOP-DUUNQKAE/realtime/HDMI_util_vector_logic_0_1_stub.v:6]
INFO: [Synth 8-6155] done synthesizing module 'HDMI_util_vector_logic_0_1' (0#1) [D:/Programs/Workspace/SmartZYNQ_SP2/HDMI_DRIVER_REL2.0_with_customIP/HDMI_DRIVER_REL2.0.runs/synth_1/.Xil/Vivado-17308-LAPTOP-DUUNQKAE/realtime/HDMI_util_vector_logic_0_1_stub.v:6]
INFO: [Synth 8-6157] synthesizing module 'HDMI_vga_ctrl_0_0' [D:/Programs/Workspace/SmartZYNQ_SP2/HDMI_DRIVER_REL2.0_with_customIP/HDMI_DRIVER_REL2.0.runs/synth_1/.Xil/Vivado-17308-LAPTOP-DUUNQKAE/realtime/HDMI_vga_ctrl_0_0_stub.v:6]
INFO: [Synth 8-6155] done synthesizing module 'HDMI_vga_ctrl_0_0' (0#1) [D:/Programs/Workspace/SmartZYNQ_SP2/HDMI_DRIVER_REL2.0_with_customIP/HDMI_DRIVER_REL2.0.runs/synth_1/.Xil/Vivado-17308-LAPTOP-DUUNQKAE/realtime/HDMI_vga_ctrl_0_0_stub.v:6]
INFO: [Synth 8-6157] synthesizing module 'HDMI_vga_pic_0_0' [D:/Programs/Workspace/SmartZYNQ_SP2/HDMI_DRIVER_REL2.0_with_customIP/HDMI_DRIVER_REL2.0.runs/synth_1/.Xil/Vivado-17308-LAPTOP-DUUNQKAE/realtime/HDMI_vga_pic_0_0_stub.v:6]
INFO: [Synth 8-6155] done synthesizing module 'HDMI_vga_pic_0_0' (0#1) [D:/Programs/Workspace/SmartZYNQ_SP2/HDMI_DRIVER_REL2.0_with_customIP/HDMI_DRIVER_REL2.0.runs/synth_1/.Xil/Vivado-17308-LAPTOP-DUUNQKAE/realtime/HDMI_vga_pic_0_0_stub.v:6]
INFO: [Synth 8-6155] done synthesizing module 'HDMI' (0#1) [d:/Programs/Workspace/SmartZYNQ_SP2/HDMI_DRIVER_REL2.0_with_customIP/HDMI_DRIVER_REL2.0.gen/sources_1/bd/HDMI/synth/HDMI.v:13]
INFO: [Synth 8-6155] done synthesizing module 'HDMI_wrapper' (0#1) [d:/Programs/Workspace/SmartZYNQ_SP2/HDMI_DRIVER_REL2.0_with_customIP/HDMI_DRIVER_REL2.0.gen/sources_1/bd/HDMI/hdl/HDMI_wrapper.v:13]
---------------------------------------------------------------------------------
Finished RTL Elaboration : Time (s): cpu = 00:00:03 ; elapsed = 00:00:04 . Memory (MB): peak = 2856.547 ; gain = 498.551
---------------------------------------------------------------------------------
---------------------------------------------------------------------------------
Start Handling Custom Attributes
---------------------------------------------------------------------------------
---------------------------------------------------------------------------------
Finished Handling Custom Attributes : Time (s): cpu = 00:00:03 ; elapsed = 00:00:04 . Memory (MB): peak = 2874.461 ; gain = 516.465
---------------------------------------------------------------------------------
---------------------------------------------------------------------------------
Finished RTL Optimization Phase 1 : Time (s): cpu = 00:00:03 ; elapsed = 00:00:04 . Memory (MB): peak = 2874.461 ; gain = 516.465
---------------------------------------------------------------------------------
Netlist sorting complete. Time (s): cpu = 00:00:00 ; elapsed = 00:00:00 . Memory (MB): peak = 2874.461 ; gain = 0.000
INFO: [Project 1-570] Preparing netlist for logic optimization

Processing XDC Constraints
Initializing timing engine
Parsing XDC File [d:/Programs/Workspace/SmartZYNQ_SP2/HDMI_DRIVER_REL2.0_with_customIP/HDMI_DRIVER_REL2.0.gen/sources_1/bd/HDMI/ip/HDMI_DVI_Transmitter_0_0/HDMI_DVI_Transmitter_0_0/HDMI_DVI_Transmitter_0_0_in_context.xdc] for cell 'HDMI_i/DVI_Transmitter_0'
Finished Parsing XDC File [d:/Programs/Workspace/SmartZYNQ_SP2/HDMI_DRIVER_REL2.0_with_customIP/HDMI_DRIVER_REL2.0.gen/sources_1/bd/HDMI/ip/HDMI_DVI_Transmitter_0_0/HDMI_DVI_Transmitter_0_0/HDMI_DVI_Transmitter_0_0_in_context.xdc] for cell 'HDMI_i/DVI_Transmitter_0'
Parsing XDC File [d:/Programs/Workspace/SmartZYNQ_SP2/HDMI_DRIVER_REL2.0_with_customIP/HDMI_DRIVER_REL2.0.gen/sources_1/bd/HDMI/ip/HDMI_clk_wiz_0_0/HDMI_clk_wiz_0_0/HDMI_clk_wiz_0_0_in_context.xdc] for cell 'HDMI_i/clk_wiz_0'
Finished Parsing XDC File [d:/Programs/Workspace/SmartZYNQ_SP2/HDMI_DRIVER_REL2.0_with_customIP/HDMI_DRIVER_REL2.0.gen/sources_1/bd/HDMI/ip/HDMI_clk_wiz_0_0/HDMI_clk_wiz_0_0/HDMI_clk_wiz_0_0_in_context.xdc] for cell 'HDMI_i/clk_wiz_0'
Parsing XDC File [d:/Programs/Workspace/SmartZYNQ_SP2/HDMI_DRIVER_REL2.0_with_customIP/HDMI_DRIVER_REL2.0.gen/sources_1/bd/HDMI/ip/HDMI_vga_ctrl_0_0/HDMI_vga_ctrl_0_0/HDMI_vga_ctrl_0_0_in_context.xdc] for cell 'HDMI_i/vga_ctrl_0'
Finished Parsing XDC File [d:/Programs/Workspace/SmartZYNQ_SP2/HDMI_DRIVER_REL2.0_with_customIP/HDMI_DRIVER_REL2.0.gen/sources_1/bd/HDMI/ip/HDMI_vga_ctrl_0_0/HDMI_vga_ctrl_0_0/HDMI_vga_ctrl_0_0_in_context.xdc] for cell 'HDMI_i/vga_ctrl_0'
Parsing XDC File [d:/Programs/Workspace/SmartZYNQ_SP2/HDMI_DRIVER_REL2.0_with_customIP/HDMI_DRIVER_REL2.0.gen/sources_1/bd/HDMI/ip/HDMI_vga_pic_0_0/HDMI_vga_pic_0_0/HDMI_vga_pic_0_0_in_context.xdc] for cell 'HDMI_i/vga_pic_0'
Finished Parsing XDC File [d:/Programs/Workspace/SmartZYNQ_SP2/HDMI_DRIVER_REL2.0_with_customIP/HDMI_DRIVER_REL2.0.gen/sources_1/bd/HDMI/ip/HDMI_vga_pic_0_0/HDMI_vga_pic_0_0/HDMI_vga_pic_0_0_in_context.xdc] for cell 'HDMI_i/vga_pic_0'
Parsing XDC File [d:/Programs/Workspace/SmartZYNQ_SP2/HDMI_DRIVER_REL2.0_with_customIP/HDMI_DRIVER_REL2.0.gen/sources_1/bd/HDMI/ip/HDMI_util_vector_logic_0_0/HDMI_util_vector_logic_0_0/HDMI_util_vector_logic_0_0_in_context.xdc] for cell 'HDMI_i/util_vector_logic_0'
Finished Parsing XDC File [d:/Programs/Workspace/SmartZYNQ_SP2/HDMI_DRIVER_REL2.0_with_customIP/HDMI_DRIVER_REL2.0.gen/sources_1/bd/HDMI/ip/HDMI_util_vector_logic_0_0/HDMI_util_vector_logic_0_0/HDMI_util_vector_logic_0_0_in_context.xdc] for cell 'HDMI_i/util_vector_logic_0'
Parsing XDC File [d:/Programs/Workspace/SmartZYNQ_SP2/HDMI_DRIVER_REL2.0_with_customIP/HDMI_DRIVER_REL2.0.gen/sources_1/bd/HDMI/ip/HDMI_util_vector_logic_0_1/HDMI_util_vector_logic_0_1/HDMI_util_vector_logic_0_1_in_context.xdc] for cell 'HDMI_i/util_vector_logic_1'
Finished Parsing XDC File [d:/Programs/Workspace/SmartZYNQ_SP2/HDMI_DRIVER_REL2.0_with_customIP/HDMI_DRIVER_REL2.0.gen/sources_1/bd/HDMI/ip/HDMI_util_vector_logic_0_1/HDMI_util_vector_logic_0_1/HDMI_util_vector_logic_0_1_in_context.xdc] for cell 'HDMI_i/util_vector_logic_1'
Parsing XDC File [D:/Programs/Workspace/SmartZYNQ_SP2/HDMI_DRIVER_REL2.0_with_customIP/HDMI_DRIVER_REL2.0.srcs/constrs_1/new/HDMI.xdc]
WARNING: [Vivado 12-584] No ports matched 'sys_clk'. [D:/Programs/Workspace/SmartZYNQ_SP2/HDMI_DRIVER_REL2.0_with_customIP/HDMI_DRIVER_REL2.0.srcs/constrs_1/new/HDMI.xdc:1]
WARNING: [Vivado 12-584] No ports matched 'sys_rst_n'. [D:/Programs/Workspace/SmartZYNQ_SP2/HDMI_DRIVER_REL2.0_with_customIP/HDMI_DRIVER_REL2.0.srcs/constrs_1/new/HDMI.xdc:2]
WARNING: [Vivado 12-584] No ports matched 'sys_clk'. [D:/Programs/Workspace/SmartZYNQ_SP2/HDMI_DRIVER_REL2.0_with_customIP/HDMI_DRIVER_REL2.0.srcs/constrs_1/new/HDMI.xdc:3]
WARNING: [Vivado 12-584] No ports matched 'sys_rst_n'. [D:/Programs/Workspace/SmartZYNQ_SP2/HDMI_DRIVER_REL2.0_with_customIP/HDMI_DRIVER_REL2.0.srcs/constrs_1/new/HDMI.xdc:4]
WARNING: [Vivado 12-584] No ports matched 'tmds_clk_p'. [D:/Programs/Workspace/SmartZYNQ_SP2/HDMI_DRIVER_REL2.0_with_customIP/HDMI_DRIVER_REL2.0.srcs/constrs_1/new/HDMI.xdc:5]
WARNING: [Vivado 12-584] No ports matched 'tmds_data_p[2]'. [D:/Programs/Workspace/SmartZYNQ_SP2/HDMI_DRIVER_REL2.0_with_customIP/HDMI_DRIVER_REL2.0.srcs/constrs_1/new/HDMI.xdc:6]
WARNING: [Vivado 12-584] No ports matched 'tmds_data_p[1]'. [D:/Programs/Workspace/SmartZYNQ_SP2/HDMI_DRIVER_REL2.0_with_customIP/HDMI_DRIVER_REL2.0.srcs/constrs_1/new/HDMI.xdc:7]
WARNING: [Vivado 12-584] No ports matched 'tmds_data_p[0]'. [D:/Programs/Workspace/SmartZYNQ_SP2/HDMI_DRIVER_REL2.0_with_customIP/HDMI_DRIVER_REL2.0.srcs/constrs_1/new/HDMI.xdc:8]
Finished Parsing XDC File [D:/Programs/Workspace/SmartZYNQ_SP2/HDMI_DRIVER_REL2.0_with_customIP/HDMI_DRIVER_REL2.0.srcs/constrs_1/new/HDMI.xdc]
WARNING: [Project 1-498] One or more constraints failed evaluation while reading constraint file [D:/Programs/Workspace/SmartZYNQ_SP2/HDMI_DRIVER_REL2.0_with_customIP/HDMI_DRIVER_REL2.0.srcs/constrs_1/new/HDMI.xdc] and the design contains unresolved black boxes. These constraints will be read post-synthesis (as long as their source constraint file is marked as used_in_implementation) and should be applied correctly then. You should review the constraints listed in the file [.Xil/HDMI_wrapper_propImpl.xdc] and check the run log file to verify that these constraints were correctly applied.
INFO: [Project 1-236] Implementation specific constraints were found while reading constraint file [D:/Programs/Workspace/SmartZYNQ_SP2/HDMI_DRIVER_REL2.0_with_customIP/HDMI_DRIVER_REL2.0.srcs/constrs_1/new/HDMI.xdc]. These constraints will be ignored for synthesis but will be used in implementation. Impacted constraints are listed in the file [.Xil/HDMI_wrapper_propImpl.xdc].
Resolution: To avoid this warning, move constraints listed in [.Xil/HDMI_wrapper_propImpl.xdc] to another XDC file and exclude this new file from synthesis with the used_in_synthesis property (File Properties dialog in GUI) and re-run elaboration/synthesis.
Parsing XDC File [D:/Programs/Workspace/SmartZYNQ_SP2/HDMI_DRIVER_REL2.0_with_customIP/HDMI_DRIVER_REL2.0.runs/synth_1/dont_touch.xdc]
Finished Parsing XDC File [D:/Programs/Workspace/SmartZYNQ_SP2/HDMI_DRIVER_REL2.0_with_customIP/HDMI_DRIVER_REL2.0.runs/synth_1/dont_touch.xdc]
Completed Processing XDC Constraints

Netlist sorting complete. Time (s): cpu = 00:00:00 ; elapsed = 00:00:00 . Memory (MB): peak = 2902.320 ; gain = 0.000
INFO: [Project 1-111] Unisim Transformation Summary:
No Unisim elements were transformed.

Constraint Validation Runtime : Time (s): cpu = 00:00:00 ; elapsed = 00:00:00.002 . Memory (MB): peak = 2902.320 ; gain = 0.000
---------------------------------------------------------------------------------
Finished Constraint Validation : Time (s): cpu = 00:00:07 ; elapsed = 00:00:09 . Memory (MB): peak = 2902.320 ; gain = 544.324
---------------------------------------------------------------------------------
---------------------------------------------------------------------------------
Start Loading Part and Timing Information
---------------------------------------------------------------------------------
Loading part: xc7z020clg484-1
---------------------------------------------------------------------------------
Finished Loading Part and Timing Information : Time (s): cpu = 00:00:07 ; elapsed = 00:00:09 . Memory (MB): peak = 2902.320 ; gain = 544.324
---------------------------------------------------------------------------------
---------------------------------------------------------------------------------
Start Applying 'set_property' XDC Constraints
---------------------------------------------------------------------------------
Applied set_property IO_BUFFER_TYPE = NONE for tmds_clk_n_0. (constraint file  d:/Programs/Workspace/SmartZYNQ_SP2/HDMI_DRIVER_REL2.0_with_customIP/HDMI_DRIVER_REL2.0.gen/sources_1/bd/HDMI/ip/HDMI_DVI_Transmitter_0_0/HDMI_DVI_Transmitter_0_0/HDMI_DVI_Transmitter_0_0_in_context.xdc, line 1).
Applied set_property CLOCK_BUFFER_TYPE = NONE for tmds_clk_n_0. (constraint file  d:/Programs/Workspace/SmartZYNQ_SP2/HDMI_DRIVER_REL2.0_with_customIP/HDMI_DRIVER_REL2.0.gen/sources_1/bd/HDMI/ip/HDMI_DVI_Transmitter_0_0/HDMI_DVI_Transmitter_0_0/HDMI_DVI_Transmitter_0_0_in_context.xdc, line 2).
Applied set_property IO_BUFFER_TYPE = NONE for tmds_clk_p_0. (constraint file  d:/Programs/Workspace/SmartZYNQ_SP2/HDMI_DRIVER_REL2.0_with_customIP/HDMI_DRIVER_REL2.0.gen/sources_1/bd/HDMI/ip/HDMI_DVI_Transmitter_0_0/HDMI_DVI_Transmitter_0_0/HDMI_DVI_Transmitter_0_0_in_context.xdc, line 3).
Applied set_property CLOCK_BUFFER_TYPE = NONE for tmds_clk_p_0. (constraint file  d:/Programs/Workspace/SmartZYNQ_SP2/HDMI_DRIVER_REL2.0_with_customIP/HDMI_DRIVER_REL2.0.gen/sources_1/bd/HDMI/ip/HDMI_DVI_Transmitter_0_0/HDMI_DVI_Transmitter_0_0/HDMI_DVI_Transmitter_0_0_in_context.xdc, line 4).
Applied set_property IO_BUFFER_TYPE = NONE for tmds_data_n_0[0]. (constraint file  d:/Programs/Workspace/SmartZYNQ_SP2/HDMI_DRIVER_REL2.0_with_customIP/HDMI_DRIVER_REL2.0.gen/sources_1/bd/HDMI/ip/HDMI_DVI_Transmitter_0_0/HDMI_DVI_Transmitter_0_0/HDMI_DVI_Transmitter_0_0_in_context.xdc, line 5).
Applied set_property CLOCK_BUFFER_TYPE = NONE for tmds_data_n_0[0]. (constraint file  d:/Programs/Workspace/SmartZYNQ_SP2/HDMI_DRIVER_REL2.0_with_customIP/HDMI_DRIVER_REL2.0.gen/sources_1/bd/HDMI/ip/HDMI_DVI_Transmitter_0_0/HDMI_DVI_Transmitter_0_0/HDMI_DVI_Transmitter_0_0_in_context.xdc, line 6).
Applied set_property IO_BUFFER_TYPE = NONE for tmds_data_n_0[1]. (constraint file  d:/Programs/Workspace/SmartZYNQ_SP2/HDMI_DRIVER_REL2.0_with_customIP/HDMI_DRIVER_REL2.0.gen/sources_1/bd/HDMI/ip/HDMI_DVI_Transmitter_0_0/HDMI_DVI_Transmitter_0_0/HDMI_DVI_Transmitter_0_0_in_context.xdc, line 7).
Applied set_property CLOCK_BUFFER_TYPE = NONE for tmds_data_n_0[1]. (constraint file  d:/Programs/Workspace/SmartZYNQ_SP2/HDMI_DRIVER_REL2.0_with_customIP/HDMI_DRIVER_REL2.0.gen/sources_1/bd/HDMI/ip/HDMI_DVI_Transmitter_0_0/HDMI_DVI_Transmitter_0_0/HDMI_DVI_Transmitter_0_0_in_context.xdc, line 8).
Applied set_property IO_BUFFER_TYPE = NONE for tmds_data_n_0[2]. (constraint file  d:/Programs/Workspace/SmartZYNQ_SP2/HDMI_DRIVER_REL2.0_with_customIP/HDMI_DRIVER_REL2.0.gen/sources_1/bd/HDMI/ip/HDMI_DVI_Transmitter_0_0/HDMI_DVI_Transmitter_0_0/HDMI_DVI_Transmitter_0_0_in_context.xdc, line 9).
Applied set_property CLOCK_BUFFER_TYPE = NONE for tmds_data_n_0[2]. (constraint file  d:/Programs/Workspace/SmartZYNQ_SP2/HDMI_DRIVER_REL2.0_with_customIP/HDMI_DRIVER_REL2.0.gen/sources_1/bd/HDMI/ip/HDMI_DVI_Transmitter_0_0/HDMI_DVI_Transmitter_0_0/HDMI_DVI_Transmitter_0_0_in_context.xdc, line 10).
Applied set_property IO_BUFFER_TYPE = NONE for tmds_data_p_0[0]. (constraint file  d:/Programs/Workspace/SmartZYNQ_SP2/HDMI_DRIVER_REL2.0_with_customIP/HDMI_DRIVER_REL2.0.gen/sources_1/bd/HDMI/ip/HDMI_DVI_Transmitter_0_0/HDMI_DVI_Transmitter_0_0/HDMI_DVI_Transmitter_0_0_in_context.xdc, line 11).
Applied set_property CLOCK_BUFFER_TYPE = NONE for tmds_data_p_0[0]. (constraint file  d:/Programs/Workspace/SmartZYNQ_SP2/HDMI_DRIVER_REL2.0_with_customIP/HDMI_DRIVER_REL2.0.gen/sources_1/bd/HDMI/ip/HDMI_DVI_Transmitter_0_0/HDMI_DVI_Transmitter_0_0/HDMI_DVI_Transmitter_0_0_in_context.xdc, line 12).
Applied set_property IO_BUFFER_TYPE = NONE for tmds_data_p_0[1]. (constraint file  d:/Programs/Workspace/SmartZYNQ_SP2/HDMI_DRIVER_REL2.0_with_customIP/HDMI_DRIVER_REL2.0.gen/sources_1/bd/HDMI/ip/HDMI_DVI_Transmitter_0_0/HDMI_DVI_Transmitter_0_0/HDMI_DVI_Transmitter_0_0_in_context.xdc, line 13).
Applied set_property CLOCK_BUFFER_TYPE = NONE for tmds_data_p_0[1]. (constraint file  d:/Programs/Workspace/SmartZYNQ_SP2/HDMI_DRIVER_REL2.0_with_customIP/HDMI_DRIVER_REL2.0.gen/sources_1/bd/HDMI/ip/HDMI_DVI_Transmitter_0_0/HDMI_DVI_Transmitter_0_0/HDMI_DVI_Transmitter_0_0_in_context.xdc, line 14).
Applied set_property IO_BUFFER_TYPE = NONE for tmds_data_p_0[2]. (constraint file  d:/Programs/Workspace/SmartZYNQ_SP2/HDMI_DRIVER_REL2.0_with_customIP/HDMI_DRIVER_REL2.0.gen/sources_1/bd/HDMI/ip/HDMI_DVI_Transmitter_0_0/HDMI_DVI_Transmitter_0_0/HDMI_DVI_Transmitter_0_0_in_context.xdc, line 15).
Applied set_property CLOCK_BUFFER_TYPE = NONE for tmds_data_p_0[2]. (constraint file  d:/Programs/Workspace/SmartZYNQ_SP2/HDMI_DRIVER_REL2.0_with_customIP/HDMI_DRIVER_REL2.0.gen/sources_1/bd/HDMI/ip/HDMI_DVI_Transmitter_0_0/HDMI_DVI_Transmitter_0_0/HDMI_DVI_Transmitter_0_0_in_context.xdc, line 16).
Applied set_property IO_BUFFER_TYPE = NONE for clk_in1_0. (constraint file  d:/Programs/Workspace/SmartZYNQ_SP2/HDMI_DRIVER_REL2.0_with_customIP/HDMI_DRIVER_REL2.0.gen/sources_1/bd/HDMI/ip/HDMI_clk_wiz_0_0/HDMI_clk_wiz_0_0/HDMI_clk_wiz_0_0_in_context.xdc, line 4).
Applied set_property CLOCK_BUFFER_TYPE = NONE for clk_in1_0. (constraint file  d:/Programs/Workspace/SmartZYNQ_SP2/HDMI_DRIVER_REL2.0_with_customIP/HDMI_DRIVER_REL2.0.gen/sources_1/bd/HDMI/ip/HDMI_clk_wiz_0_0/HDMI_clk_wiz_0_0/HDMI_clk_wiz_0_0_in_context.xdc, line 5).
Applied set_property KEEP_HIERARCHY = SOFT for HDMI_i. (constraint file  auto generated constraint).
Applied set_property KEEP_HIERARCHY = SOFT for HDMI_i/DVI_Transmitter_0. (constraint file  auto generated constraint).
Applied set_property KEEP_HIERARCHY = SOFT for HDMI_i/clk_wiz_0. (constraint file  auto generated constraint).
Applied set_property KEEP_HIERARCHY = SOFT for HDMI_i/vga_ctrl_0. (constraint file  auto generated constraint).
Applied set_property KEEP_HIERARCHY = SOFT for HDMI_i/vga_pic_0. (constraint file  auto generated constraint).
Applied set_property KEEP_HIERARCHY = SOFT for HDMI_i/util_vector_logic_0. (constraint file  auto generated constraint).
Applied set_property KEEP_HIERARCHY = SOFT for HDMI_i/util_vector_logic_1. (constraint file  auto generated constraint).
---------------------------------------------------------------------------------
Finished applying 'set_property' XDC Constraints : Time (s): cpu = 00:00:07 ; elapsed = 00:00:09 . Memory (MB): peak = 2902.320 ; gain = 544.324
---------------------------------------------------------------------------------
---------------------------------------------------------------------------------
Start Preparing Guide Design
---------------------------------------------------------------------------------
CRITICAL WARNING: [Synth 8-6895] The reference checkpoint D:/Programs/Workspace/SmartZYNQ_SP2/HDMI_DRIVER_REL2.0_with_customIP/HDMI_DRIVER_REL2.0.srcs/utils_1/imports/synth_1/hdmi_top.dcp is not suitable for use with incremental synthesis for this design. Please regenerate the checkpoint for this design with -incremental_synth switch in the same Vivado session that synth_design has been run. Synthesis will continue with the default flow
---------------------------------------------------------------------------------
Finished Doing Graph Differ : Time (s): cpu = 00:00:07 ; elapsed = 00:00:09 . Memory (MB): peak = 2902.320 ; gain = 544.324
---------------------------------------------------------------------------------
---------------------------------------------------------------------------------
Finished Preparing Guide Design : Time (s): cpu = 00:00:07 ; elapsed = 00:00:09 . Memory (MB): peak = 2902.320 ; gain = 544.324
---------------------------------------------------------------------------------
---------------------------------------------------------------------------------
Finished RTL Optimization Phase 2 : Time (s): cpu = 00:00:07 ; elapsed = 00:00:09 . Memory (MB): peak = 2902.320 ; gain = 544.324
---------------------------------------------------------------------------------


Incremental Synthesis Report Summary:

1. Incremental synthesis run: no

   Reason for not running incremental synthesis : 


INFO: [Synth 8-7130] Flow is switching to default flow due to incremental criteria not met. If you would like to alter this behaviour and have the flow terminate instead, please set the following parameter config_implementation {autoIncr.Synth.RejectBehavior Terminate}
---------------------------------------------------------------------------------
Start RTL Component Statistics 
---------------------------------------------------------------------------------
Detailed RTL Component Info : 
---------------------------------------------------------------------------------
Finished RTL Component Statistics 
---------------------------------------------------------------------------------
---------------------------------------------------------------------------------
Start Part Resource Summary
---------------------------------------------------------------------------------
Part Resources:
DSPs: 220 (col length:60)
BRAMs: 280 (col length: RAMB18 60 RAMB36 30)
---------------------------------------------------------------------------------
Finished Part Resource Summary
---------------------------------------------------------------------------------
---------------------------------------------------------------------------------
Start Cross Boundary and Area Optimization
---------------------------------------------------------------------------------
WARNING: [Synth 8-7080] Parallel synthesis criteria is not met
---------------------------------------------------------------------------------
Finished Cross Boundary and Area Optimization : Time (s): cpu = 00:00:08 ; elapsed = 00:00:10 . Memory (MB): peak = 2902.320 ; gain = 544.324
---------------------------------------------------------------------------------
---------------------------------------------------------------------------------
Start Applying XDC Timing Constraints
---------------------------------------------------------------------------------
---------------------------------------------------------------------------------
Finished Applying XDC Timing Constraints : Time (s): cpu = 00:00:11 ; elapsed = 00:00:14 . Memory (MB): peak = 2902.320 ; gain = 544.324
---------------------------------------------------------------------------------
---------------------------------------------------------------------------------
Start Timing Optimization
---------------------------------------------------------------------------------
---------------------------------------------------------------------------------
Finished Timing Optimization : Time (s): cpu = 00:00:11 ; elapsed = 00:00:14 . Memory (MB): peak = 2902.320 ; gain = 544.324
---------------------------------------------------------------------------------
---------------------------------------------------------------------------------
Start Technology Mapping
---------------------------------------------------------------------------------
---------------------------------------------------------------------------------
Finished Technology Mapping : Time (s): cpu = 00:00:11 ; elapsed = 00:00:14 . Memory (MB): peak = 2902.320 ; gain = 544.324
---------------------------------------------------------------------------------
---------------------------------------------------------------------------------
Start IO Insertion
---------------------------------------------------------------------------------
---------------------------------------------------------------------------------
Start Flattening Before IO Insertion
---------------------------------------------------------------------------------
---------------------------------------------------------------------------------
Finished Flattening Before IO Insertion
---------------------------------------------------------------------------------
---------------------------------------------------------------------------------
Start Final Netlist Cleanup
---------------------------------------------------------------------------------
---------------------------------------------------------------------------------
Finished Final Netlist Cleanup
---------------------------------------------------------------------------------
---------------------------------------------------------------------------------
Finished IO Insertion : Time (s): cpu = 00:00:13 ; elapsed = 00:00:16 . Memory (MB): peak = 2902.320 ; gain = 544.324
---------------------------------------------------------------------------------
---------------------------------------------------------------------------------
Start Renaming Generated Instances
---------------------------------------------------------------------------------
---------------------------------------------------------------------------------
Finished Renaming Generated Instances : Time (s): cpu = 00:00:13 ; elapsed = 00:00:16 . Memory (MB): peak = 2902.320 ; gain = 544.324
---------------------------------------------------------------------------------
---------------------------------------------------------------------------------
Start Rebuilding User Hierarchy
---------------------------------------------------------------------------------
---------------------------------------------------------------------------------
Finished Rebuilding User Hierarchy : Time (s): cpu = 00:00:13 ; elapsed = 00:00:16 . Memory (MB): peak = 2902.320 ; gain = 544.324
---------------------------------------------------------------------------------
---------------------------------------------------------------------------------
Start Renaming Generated Ports
---------------------------------------------------------------------------------
---------------------------------------------------------------------------------
Finished Renaming Generated Ports : Time (s): cpu = 00:00:13 ; elapsed = 00:00:16 . Memory (MB): peak = 2902.320 ; gain = 544.324
---------------------------------------------------------------------------------
---------------------------------------------------------------------------------
Start Handling Custom Attributes
---------------------------------------------------------------------------------
---------------------------------------------------------------------------------
Finished Handling Custom Attributes : Time (s): cpu = 00:00:13 ; elapsed = 00:00:16 . Memory (MB): peak = 2902.320 ; gain = 544.324
---------------------------------------------------------------------------------
---------------------------------------------------------------------------------
Start Renaming Generated Nets
---------------------------------------------------------------------------------
---------------------------------------------------------------------------------
Finished Renaming Generated Nets : Time (s): cpu = 00:00:13 ; elapsed = 00:00:16 . Memory (MB): peak = 2902.320 ; gain = 544.324
---------------------------------------------------------------------------------
---------------------------------------------------------------------------------
Start Writing Synthesis Report
---------------------------------------------------------------------------------

Report BlackBoxes: 
+------+---------------------------+----------+
|      |BlackBox name              |Instances |
+------+---------------------------+----------+
|1     |HDMI_DVI_Transmitter_0_0   |         1|
|2     |HDMI_clk_wiz_0_0           |         1|
|3     |HDMI_util_vector_logic_0_0 |         1|
|4     |HDMI_util_vector_logic_0_1 |         1|
|5     |HDMI_vga_ctrl_0_0          |         1|
|6     |HDMI_vga_pic_0_0           |         1|
+------+---------------------------+----------+

Report Cell Usage: 
+------+-------------------------+------+
|      |Cell                     |Count |
+------+-------------------------+------+
|1     |HDMI_DVI_Transmitter_0   |     1|
|2     |HDMI_clk_wiz_0           |     1|
|3     |HDMI_util_vector_logic_0 |     2|
|5     |HDMI_vga_ctrl_0          |     1|
|6     |HDMI_vga_pic_0           |     1|
|7     |IBUF                     |     1|
+------+-------------------------+------+
---------------------------------------------------------------------------------
Finished Writing Synthesis Report : Time (s): cpu = 00:00:13 ; elapsed = 00:00:16 . Memory (MB): peak = 2902.320 ; gain = 544.324
---------------------------------------------------------------------------------
Synthesis finished with 0 errors, 1 critical warnings and 1 warnings.
Synthesis Optimization Runtime : Time (s): cpu = 00:00:09 ; elapsed = 00:00:15 . Memory (MB): peak = 2902.320 ; gain = 516.465
Synthesis Optimization Complete : Time (s): cpu = 00:00:13 ; elapsed = 00:00:16 . Memory (MB): peak = 2902.320 ; gain = 544.324
INFO: [Project 1-571] Translating synthesized netlist
Netlist sorting complete. Time (s): cpu = 00:00:00 ; elapsed = 00:00:00.001 . Memory (MB): peak = 2902.320 ; gain = 0.000
INFO: [Project 1-570] Preparing netlist for logic optimization
INFO: [Opt 31-138] Pushed 0 inverter(s) to 0 load pin(s).
Netlist sorting complete. Time (s): cpu = 00:00:00 ; elapsed = 00:00:00 . Memory (MB): peak = 2902.320 ; gain = 0.000
INFO: [Project 1-111] Unisim Transformation Summary:
No Unisim elements were transformed.

Synth Design complete | Checksum: ba485679
INFO: [Common 17-83] Releasing license: Synthesis
35 Infos, 11 Warnings, 1 Critical Warnings and 0 Errors encountered.
synth_design completed successfully
synth_design: Time (s): cpu = 00:00:16 ; elapsed = 00:00:20 . Memory (MB): peak = 2902.320 ; gain = 954.793
INFO: [runtcl-6] Synthesis results are not added to the cache due to CRITICAL_WARNING
INFO: [Common 17-1381] The checkpoint 'D:/Programs/Workspace/SmartZYNQ_SP2/HDMI_DRIVER_REL2.0_with_customIP/HDMI_DRIVER_REL2.0.runs/synth_1/HDMI_wrapper.dcp' has been generated.
INFO: [runtcl-4] Executing : report_utilization -file HDMI_wrapper_utilization_synth.rpt -pb HDMI_wrapper_utilization_synth.pb
INFO: [Common 17-206] Exiting Vivado at Mon Feb 17 22:05:39 2025...
