
*** Running vivado
    with args -log ZYNQ_CORE_border_adder_0_0.vds -m64 -product Vivado -mode batch -messageDb vivado.pb -notrace -source ZYNQ_CORE_border_adder_0_0.tcl



****** Vivado v2023.1 (64-bit)
  **** SW Build 3865809 on Sun May  7 15:05:29 MDT 2023
  **** IP Build 3864474 on Sun May  7 20:36:21 MDT 2023
  **** SharedData Build 3865790 on Sun May 07 13:33:03 MDT 2023
    ** Copyright 1986-2022 Xilinx, Inc. All Rights Reserved.
    ** Copyright 2022-2023 Advanced Micro Devices, Inc. All Rights Reserved.

source ZYNQ_CORE_border_adder_0_0.tcl -notrace
create_project: Time (s): cpu = 00:00:04 ; elapsed = 00:00:05 . Memory (MB): peak = 1908.551 ; gain = 161.348
INFO: [IP_Flow 19-234] Refreshing IP repositories
INFO: [IP_Flow 19-1700] Loaded user IP repository 'd:/Programs/Workspace/SmartZYNQ_SP2/OV5640_num_AXILite/ip_repo/cycle_num_1_0'.
INFO: [IP_Flow 19-1700] Loaded user IP repository 'd:/Programs/Workspace/SmartZYNQ_SP2/VDMA_OV5640_HDMI/rgb2dvi'.
INFO: [IP_Flow 19-1700] Loaded user IP repository 'd:/Programs/Workspace/SmartZYNQ_SP2/VDMA_OV5640_HDMI/ov5640_cap_data'.
INFO: [IP_Flow 19-2313] Loaded Vivado IP repository 'D:/Xilinx/Vivado/2023.1/data/ip'.
INFO: [IP_Flow 19-6924] IPCACHE: Running cache check for IP inst: ZYNQ_CORE_border_adder_0_0
Command: synth_design -top ZYNQ_CORE_border_adder_0_0 -part xc7z020clg484-1 -incremental_mode off -mode out_of_context
Starting synth_design
Attempting to get a license for feature 'Synthesis' and/or device 'xc7z020'
INFO: [Common 17-349] Got license for feature 'Synthesis' and/or device 'xc7z020'
INFO: [Device 21-403] Loading part xc7z020clg484-1
INFO: [Synth 8-7079] Multithreading enabled for synth_design using a maximum of 2 processes.
INFO: [Synth 8-7078] Launching helper process for spawning children vivado processes
INFO: [Synth 8-7075] Helper process launched with PID 1868
WARNING: [Synth 8-10929] literal value 'hff_00_00 truncated to fit in 23 bits [D:/Programs/Workspace/SmartZYNQ_SP2/ZYNQ_CNN_NUM/ZYNQ_CNN_NUM.srcs/sources_1/new/border_adder.v:47]
WARNING: [Synth 8-10929] literal value 'hff_ff_ff truncated to fit in 23 bits [D:/Programs/Workspace/SmartZYNQ_SP2/ZYNQ_CNN_NUM/ZYNQ_CNN_NUM.srcs/sources_1/new/border_adder.v:50]
---------------------------------------------------------------------------------
Starting RTL Elaboration : Time (s): cpu = 00:00:03 ; elapsed = 00:00:06 . Memory (MB): peak = 2762.852 ; gain = 410.203
---------------------------------------------------------------------------------
INFO: [Synth 8-6157] synthesizing module 'ZYNQ_CORE_border_adder_0_0' [d:/Programs/Workspace/SmartZYNQ_SP2/ZYNQ_CNN_NUM/ZYNQ_CNN_NUM.gen/sources_1/bd/ZYNQ_CORE/ip/ZYNQ_CORE_border_adder_0_0/synth/ZYNQ_CORE_border_adder_0_0.v:53]
INFO: [Synth 8-6157] synthesizing module 'border_adder' [D:/Programs/Workspace/SmartZYNQ_SP2/ZYNQ_CNN_NUM/ZYNQ_CNN_NUM.srcs/sources_1/new/border_adder.v:23]
INFO: [Synth 8-6155] done synthesizing module 'border_adder' (0#1) [D:/Programs/Workspace/SmartZYNQ_SP2/ZYNQ_CNN_NUM/ZYNQ_CNN_NUM.srcs/sources_1/new/border_adder.v:23]
INFO: [Synth 8-6155] done synthesizing module 'ZYNQ_CORE_border_adder_0_0' (0#1) [d:/Programs/Workspace/SmartZYNQ_SP2/ZYNQ_CNN_NUM/ZYNQ_CNN_NUM.gen/sources_1/bd/ZYNQ_CORE/ip/ZYNQ_CORE_border_adder_0_0/synth/ZYNQ_CORE_border_adder_0_0.v:53]
---------------------------------------------------------------------------------
Finished RTL Elaboration : Time (s): cpu = 00:00:04 ; elapsed = 00:00:08 . Memory (MB): peak = 2858.168 ; gain = 505.520
---------------------------------------------------------------------------------
---------------------------------------------------------------------------------
Start Handling Custom Attributes
---------------------------------------------------------------------------------
---------------------------------------------------------------------------------
Finished Handling Custom Attributes : Time (s): cpu = 00:00:04 ; elapsed = 00:00:09 . Memory (MB): peak = 2876.098 ; gain = 523.449
---------------------------------------------------------------------------------
---------------------------------------------------------------------------------
Finished RTL Optimization Phase 1 : Time (s): cpu = 00:00:04 ; elapsed = 00:00:09 . Memory (MB): peak = 2876.098 ; gain = 523.449
---------------------------------------------------------------------------------
Netlist sorting complete. Time (s): cpu = 00:00:00 ; elapsed = 00:00:00.002 . Memory (MB): peak = 2876.098 ; gain = 0.000
INFO: [Project 1-570] Preparing netlist for logic optimization

Processing XDC Constraints
Initializing timing engine
Completed Processing XDC Constraints

Netlist sorting complete. Time (s): cpu = 00:00:00 ; elapsed = 00:00:00 . Memory (MB): peak = 2976.684 ; gain = 0.000
INFO: [Project 1-111] Unisim Transformation Summary:
No Unisim elements were transformed.

Constraint Validation Runtime : Time (s): cpu = 00:00:00 ; elapsed = 00:00:00.016 . Memory (MB): peak = 2976.684 ; gain = 0.000
INFO: [Designutils 20-5008] Incremental synthesis strategy off
---------------------------------------------------------------------------------
Finished Constraint Validation : Time (s): cpu = 00:00:08 ; elapsed = 00:00:16 . Memory (MB): peak = 2976.684 ; gain = 624.035
---------------------------------------------------------------------------------
---------------------------------------------------------------------------------
Start Loading Part and Timing Information
---------------------------------------------------------------------------------
Loading part: xc7z020clg484-1
---------------------------------------------------------------------------------
Finished Loading Part and Timing Information : Time (s): cpu = 00:00:08 ; elapsed = 00:00:16 . Memory (MB): peak = 2976.684 ; gain = 624.035
---------------------------------------------------------------------------------
---------------------------------------------------------------------------------
Start Applying 'set_property' XDC Constraints
---------------------------------------------------------------------------------
---------------------------------------------------------------------------------
Finished applying 'set_property' XDC Constraints : Time (s): cpu = 00:00:08 ; elapsed = 00:00:16 . Memory (MB): peak = 2976.684 ; gain = 624.035
---------------------------------------------------------------------------------
---------------------------------------------------------------------------------
Finished RTL Optimization Phase 2 : Time (s): cpu = 00:00:08 ; elapsed = 00:00:16 . Memory (MB): peak = 2976.684 ; gain = 624.035
---------------------------------------------------------------------------------
---------------------------------------------------------------------------------
Start RTL Component Statistics 
---------------------------------------------------------------------------------
Detailed RTL Component Info : 
+---Registers : 
	               24 Bit    Registers := 1     
	               12 Bit    Registers := 2     
	                1 Bit    Registers := 3     
+---Muxes : 
	   2 Input   24 Bit        Muxes := 1     
	   5 Input   24 Bit        Muxes := 1     
	   2 Input    1 Bit        Muxes := 2     
---------------------------------------------------------------------------------
Finished RTL Component Statistics 
---------------------------------------------------------------------------------
---------------------------------------------------------------------------------
Start Part Resource Summary
---------------------------------------------------------------------------------
Part Resources:
DSPs: 220 (col length:60)
BRAMs: 280 (col length: RAMB18 60 RAMB36 30)
---------------------------------------------------------------------------------
Finished Part Resource Summary
---------------------------------------------------------------------------------
---------------------------------------------------------------------------------
Start Cross Boundary and Area Optimization
---------------------------------------------------------------------------------
WARNING: [Synth 8-7080] Parallel synthesis criteria is not met
---------------------------------------------------------------------------------
Finished Cross Boundary and Area Optimization : Time (s): cpu = 00:00:08 ; elapsed = 00:00:18 . Memory (MB): peak = 2976.684 ; gain = 624.035
---------------------------------------------------------------------------------
---------------------------------------------------------------------------------
Start Applying XDC Timing Constraints
---------------------------------------------------------------------------------
---------------------------------------------------------------------------------
Finished Applying XDC Timing Constraints : Time (s): cpu = 00:00:10 ; elapsed = 00:00:22 . Memory (MB): peak = 2976.684 ; gain = 624.035
---------------------------------------------------------------------------------
---------------------------------------------------------------------------------
Start Timing Optimization
---------------------------------------------------------------------------------
---------------------------------------------------------------------------------
Finished Timing Optimization : Time (s): cpu = 00:00:10 ; elapsed = 00:00:22 . Memory (MB): peak = 2976.684 ; gain = 624.035
---------------------------------------------------------------------------------
---------------------------------------------------------------------------------
Start Technology Mapping
---------------------------------------------------------------------------------
---------------------------------------------------------------------------------
Finished Technology Mapping : Time (s): cpu = 00:00:10 ; elapsed = 00:00:22 . Memory (MB): peak = 2976.684 ; gain = 624.035
---------------------------------------------------------------------------------
---------------------------------------------------------------------------------
Start IO Insertion
---------------------------------------------------------------------------------
---------------------------------------------------------------------------------
Start Flattening Before IO Insertion
---------------------------------------------------------------------------------
---------------------------------------------------------------------------------
Finished Flattening Before IO Insertion
---------------------------------------------------------------------------------
---------------------------------------------------------------------------------
Start Final Netlist Cleanup
---------------------------------------------------------------------------------
---------------------------------------------------------------------------------
Finished Final Netlist Cleanup
---------------------------------------------------------------------------------
---------------------------------------------------------------------------------
Finished IO Insertion : Time (s): cpu = 00:00:11 ; elapsed = 00:00:25 . Memory (MB): peak = 2976.684 ; gain = 624.035
---------------------------------------------------------------------------------
---------------------------------------------------------------------------------
Start Renaming Generated Instances
---------------------------------------------------------------------------------
---------------------------------------------------------------------------------
Finished Renaming Generated Instances : Time (s): cpu = 00:00:11 ; elapsed = 00:00:25 . Memory (MB): peak = 2976.684 ; gain = 624.035
---------------------------------------------------------------------------------
---------------------------------------------------------------------------------
Start Rebuilding User Hierarchy
---------------------------------------------------------------------------------
---------------------------------------------------------------------------------
Finished Rebuilding User Hierarchy : Time (s): cpu = 00:00:11 ; elapsed = 00:00:25 . Memory (MB): peak = 2976.684 ; gain = 624.035
---------------------------------------------------------------------------------
---------------------------------------------------------------------------------
Start Renaming Generated Ports
---------------------------------------------------------------------------------
---------------------------------------------------------------------------------
Finished Renaming Generated Ports : Time (s): cpu = 00:00:11 ; elapsed = 00:00:25 . Memory (MB): peak = 2976.684 ; gain = 624.035
---------------------------------------------------------------------------------
---------------------------------------------------------------------------------
Start Handling Custom Attributes
---------------------------------------------------------------------------------
---------------------------------------------------------------------------------
Finished Handling Custom Attributes : Time (s): cpu = 00:00:11 ; elapsed = 00:00:25 . Memory (MB): peak = 2976.684 ; gain = 624.035
---------------------------------------------------------------------------------
---------------------------------------------------------------------------------
Start Renaming Generated Nets
---------------------------------------------------------------------------------
---------------------------------------------------------------------------------
Finished Renaming Generated Nets : Time (s): cpu = 00:00:11 ; elapsed = 00:00:25 . Memory (MB): peak = 2976.684 ; gain = 624.035
---------------------------------------------------------------------------------
---------------------------------------------------------------------------------
Start Writing Synthesis Report
---------------------------------------------------------------------------------

Report BlackBoxes: 
+-+--------------+----------+
| |BlackBox name |Instances |
+-+--------------+----------+
+-+--------------+----------+

Report Cell Usage: 
+------+-------+------+
|      |Cell   |Count |
+------+-------+------+
|1     |CARRY4 |     6|
|2     |LUT1   |     1|
|3     |LUT2   |    30|
|4     |LUT3   |     1|
|5     |LUT4   |     3|
|6     |LUT5   |     3|
|7     |LUT6   |    36|
|8     |FDCE   |    75|
+------+-------+------+
---------------------------------------------------------------------------------
Finished Writing Synthesis Report : Time (s): cpu = 00:00:11 ; elapsed = 00:00:25 . Memory (MB): peak = 2976.684 ; gain = 624.035
---------------------------------------------------------------------------------
Synthesis finished with 0 errors, 0 critical warnings and 1 warnings.
Synthesis Optimization Runtime : Time (s): cpu = 00:00:06 ; elapsed = 00:00:23 . Memory (MB): peak = 2976.684 ; gain = 523.449
Synthesis Optimization Complete : Time (s): cpu = 00:00:11 ; elapsed = 00:00:25 . Memory (MB): peak = 2976.684 ; gain = 624.035
INFO: [Project 1-571] Translating synthesized netlist
Netlist sorting complete. Time (s): cpu = 00:00:00 ; elapsed = 00:00:00.002 . Memory (MB): peak = 2976.684 ; gain = 0.000
INFO: [Netlist 29-17] Analyzing 6 Unisim elements for replacement
INFO: [Netlist 29-28] Unisim Transformation completed in 0 CPU seconds
INFO: [Project 1-570] Preparing netlist for logic optimization
INFO: [Opt 31-138] Pushed 0 inverter(s) to 0 load pin(s).
Netlist sorting complete. Time (s): cpu = 00:00:00 ; elapsed = 00:00:00 . Memory (MB): peak = 2976.684 ; gain = 0.000
INFO: [Project 1-111] Unisim Transformation Summary:
No Unisim elements were transformed.

Synth Design complete | Checksum: fb95abd2
INFO: [Common 17-83] Releasing license: Synthesis
25 Infos, 3 Warnings, 0 Critical Warnings and 0 Errors encountered.
synth_design completed successfully
synth_design: Time (s): cpu = 00:00:13 ; elapsed = 00:00:30 . Memory (MB): peak = 2976.684 ; gain = 1029.809
INFO: [Common 17-1381] The checkpoint 'D:/Programs/Workspace/SmartZYNQ_SP2/ZYNQ_CNN_NUM/ZYNQ_CNN_NUM.runs/ZYNQ_CORE_border_adder_0_0_synth_1/ZYNQ_CORE_border_adder_0_0.dcp' has been generated.
INFO: [Coretcl 2-1648] Added synthesis output to IP cache for IP ZYNQ_CORE_border_adder_0_0, cache-ID = 64a7322fdbe64530
INFO: [Common 17-1381] The checkpoint 'D:/Programs/Workspace/SmartZYNQ_SP2/ZYNQ_CNN_NUM/ZYNQ_CNN_NUM.runs/ZYNQ_CORE_border_adder_0_0_synth_1/ZYNQ_CORE_border_adder_0_0.dcp' has been generated.
INFO: [runtcl-4] Executing : report_utilization -file ZYNQ_CORE_border_adder_0_0_utilization_synth.rpt -pb ZYNQ_CORE_border_adder_0_0_utilization_synth.pb
INFO: [Common 17-206] Exiting Vivado at Mon Mar 10 14:52:49 2025...
