23:28:42 DEBUG : Logs will be stored at 'D:/Programs/Workspace/SmartZYNQ_SP2/VDMA_HDMI/VDMA_HDMI.sdk/IDE.log'.
23:28:51 INFO  : Launching XSCT server: xsct.bat -n  -interactive D:\Programs\Workspace\SmartZYNQ_SP2\VDMA_HDMI\VDMA_HDMI.sdk\temp_xsdb_launch_script.tcl
23:28:54 INFO  : XSCT server has started successfully.
23:28:54 INFO  : Successfully done setting XSCT server connection channel  
23:28:54 INFO  : plnx-install-location is set to ''
23:28:54 INFO  : Successfully done setting workspace for the tool. 
23:28:57 INFO  : Registering command handlers for Vitis TCF services
23:28:57 INFO  : Successfully done query RDI_DATADIR 
23:28:58 INFO  : Platform repository initialization has completed.
23:29:44 INFO  : Result from executing command 'getProjects': ZYNQ_CORE_wrapper
23:29:44 INFO  : Result from executing command 'getPlatforms': xilinx_vck190_base_202310_1|D:/Xilinx/Vitis/2023.1/base_platforms/xilinx_vck190_base_202310_1/xilinx_vck190_base_202310_1.xpfm;xilinx_vck190_base_dfx_202310_1|D:/Xilinx/Vitis/2023.1/base_platforms/xilinx_vck190_base_dfx_202310_1/xilinx_vck190_base_dfx_202310_1.xpfm;xilinx_vek280_es1_base_202310_1|D:/Xilinx/Vitis/2023.1/base_platforms/xilinx_vek280_es1_base_202310_1/xilinx_vek280_es1_base_202310_1.xpfm;xilinx_vmk180_base_202310_1|D:/Xilinx/Vitis/2023.1/base_platforms/xilinx_vmk180_base_202310_1/xilinx_vmk180_base_202310_1.xpfm;xilinx_zcu102_base_202310_1|D:/Xilinx/Vitis/2023.1/base_platforms/xilinx_zcu102_base_202310_1/xilinx_zcu102_base_202310_1.xpfm;xilinx_zcu102_base_dfx_202310_1|D:/Xilinx/Vitis/2023.1/base_platforms/xilinx_zcu102_base_dfx_202310_1/xilinx_zcu102_base_dfx_202310_1.xpfm;xilinx_zcu104_base_202310_1|D:/Xilinx/Vitis/2023.1/base_platforms/xilinx_zcu104_base_202310_1/xilinx_zcu104_base_202310_1.xpfm
23:29:45 WARN  : An unexpected exception occurred in the module 'platform project logging'
23:29:46 INFO  : Platform 'ZYNQ_CORE_wrapper' is added to custom repositories.
23:29:54 INFO  : Platform 'ZYNQ_CORE_wrapper' is added to custom repositories.
23:36:08 INFO  : Example project vdma_1 has been created successfully.
23:51:34 INFO  : Hardware specification for platform project 'ZYNQ_CORE_wrapper' is updated.
23:52:13 INFO  : Result from executing command 'getProjects': ZYNQ_CORE_wrapper
23:52:13 INFO  : Result from executing command 'getPlatforms': ZYNQ_CORE_wrapper|D:/Programs/Workspace/SmartZYNQ_SP2/VDMA_HDMI/VDMA_HDMI.sdk/ZYNQ_CORE_wrapper/export/ZYNQ_CORE_wrapper/ZYNQ_CORE_wrapper.xpfm;xilinx_vck190_base_202310_1|D:/Xilinx/Vitis/2023.1/base_platforms/xilinx_vck190_base_202310_1/xilinx_vck190_base_202310_1.xpfm;xilinx_vck190_base_dfx_202310_1|D:/Xilinx/Vitis/2023.1/base_platforms/xilinx_vck190_base_dfx_202310_1/xilinx_vck190_base_dfx_202310_1.xpfm;xilinx_vek280_es1_base_202310_1|D:/Xilinx/Vitis/2023.1/base_platforms/xilinx_vek280_es1_base_202310_1/xilinx_vek280_es1_base_202310_1.xpfm;xilinx_vmk180_base_202310_1|D:/Xilinx/Vitis/2023.1/base_platforms/xilinx_vmk180_base_202310_1/xilinx_vmk180_base_202310_1.xpfm;xilinx_zcu102_base_202310_1|D:/Xilinx/Vitis/2023.1/base_platforms/xilinx_zcu102_base_202310_1/xilinx_zcu102_base_202310_1.xpfm;xilinx_zcu102_base_dfx_202310_1|D:/Xilinx/Vitis/2023.1/base_platforms/xilinx_zcu102_base_dfx_202310_1/xilinx_zcu102_base_dfx_202310_1.xpfm;xilinx_zcu104_base_202310_1|D:/Xilinx/Vitis/2023.1/base_platforms/xilinx_zcu104_base_202310_1/xilinx_zcu104_base_202310_1.xpfm
23:52:14 INFO  : Checking for BSP changes to sync application flags for project 'vdma_hdmi'...
23:52:18 INFO  : The hardware specification used by project 'vdma_hdmi' is out of sync with the platform. Resource files extracted from the hardware specification will be updated.
23:52:18 INFO  : The file 'D:\Programs\Workspace\SmartZYNQ_SP2\VDMA_HDMI\VDMA_HDMI.sdk\vdma_hdmi\_ide\bitstream\ZYNQ_CORE_wrapper.bit' stored in project is removed.
23:52:18 INFO  : The updated bitstream files are copied from platform to folder 'D:\Programs\Workspace\SmartZYNQ_SP2\VDMA_HDMI\VDMA_HDMI.sdk\vdma_hdmi\_ide\bitstream' in project 'vdma_hdmi'.
23:52:18 INFO  : The file 'D:\Programs\Workspace\SmartZYNQ_SP2\VDMA_HDMI\VDMA_HDMI.sdk\vdma_hdmi\_ide\psinit\ps7_init.tcl' stored in project is removed.
23:52:20 INFO  : The updated ps init files are copied from platform to folder 'D:\Programs\Workspace\SmartZYNQ_SP2\VDMA_HDMI\VDMA_HDMI.sdk\vdma_hdmi\_ide\psinit' in project 'vdma_hdmi'.
23:52:59 INFO  : Connected to target on host '127.0.0.1' and port '3121'.
23:53:01 INFO  : Jtag cable 'HelloFpga JTAG-SP2 03SD35A' is selected.
23:53:01 INFO  : 'jtag frequency' command is executed.
23:53:01 INFO  : Context for 'APU' is selected.
23:53:01 INFO  : System reset is completed.
23:53:04 INFO  : 'after 3000' command is executed.
23:53:05 INFO  : 'targets -set -filter {jtag_cable_name =~ "HelloFpga JTAG-SP2 03SD35A" && level==0 && jtag_device_ctx=="jsn-JTAG-SP2-03SD35A-23727093-0"}' command is executed.
23:53:07 INFO  : Device configured successfully with "D:/Programs/Workspace/SmartZYNQ_SP2/VDMA_HDMI/VDMA_HDMI.sdk/vdma_hdmi/_ide/bitstream/ZYNQ_CORE_wrapper.bit"
23:53:07 INFO  : Context for 'APU' is selected.
23:53:08 INFO  : Hardware design and registers information is loaded from 'D:/Programs/Workspace/SmartZYNQ_SP2/VDMA_HDMI/VDMA_HDMI.sdk/ZYNQ_CORE_wrapper/export/ZYNQ_CORE_wrapper/hw/ZYNQ_CORE_wrapper.xsa'.
23:53:08 INFO  : 'configparams force-mem-access 1' command is executed.
23:53:08 INFO  : Context for 'APU' is selected.
23:53:08 INFO  : Sourcing of 'D:/Programs/Workspace/SmartZYNQ_SP2/VDMA_HDMI/VDMA_HDMI.sdk/vdma_hdmi/_ide/psinit/ps7_init.tcl' is done.
23:53:08 INFO  : 'ps7_init' command is executed.
23:53:08 INFO  : 'ps7_post_config' command is executed.
23:53:08 INFO  : Context for processor 'ps7_cortexa9_0' is selected.
23:53:08 ERROR : Memory write error at 0x105000. MMU section translation fault
23:53:08 INFO  : ----------------XSDB Script----------------
connect -url tcp:127.0.0.1:3121
targets -set -nocase -filter {name =~"APU*"}
rst -system
after 3000
targets -set -filter {jtag_cable_name =~ "HelloFpga JTAG-SP2 03SD35A" && level==0 && jtag_device_ctx=="jsn-JTAG-SP2-03SD35A-23727093-0"}
fpga -file D:/Programs/Workspace/SmartZYNQ_SP2/VDMA_HDMI/VDMA_HDMI.sdk/vdma_hdmi/_ide/bitstream/ZYNQ_CORE_wrapper.bit
targets -set -nocase -filter {name =~"APU*"}
loadhw -hw D:/Programs/Workspace/SmartZYNQ_SP2/VDMA_HDMI/VDMA_HDMI.sdk/ZYNQ_CORE_wrapper/export/ZYNQ_CORE_wrapper/hw/ZYNQ_CORE_wrapper.xsa -mem-ranges [list {0x40000000 0xbfffffff}] -regs
configparams force-mem-access 1
targets -set -nocase -filter {name =~"APU*"}
source D:/Programs/Workspace/SmartZYNQ_SP2/VDMA_HDMI/VDMA_HDMI.sdk/vdma_hdmi/_ide/psinit/ps7_init.tcl
ps7_init
ps7_post_config
targets -set -nocase -filter {name =~ "*A9*#0"}
dow D:/Programs/Workspace/SmartZYNQ_SP2/VDMA_HDMI/VDMA_HDMI.sdk/vdma_hdmi/Debug/vdma_hdmi.elf
----------------End of Script----------------

23:53:08 ERROR : Memory write error at 0x105000. MMU section translation fault
23:53:24 INFO  : Connected to target on host '127.0.0.1' and port '3121'.
23:53:24 INFO  : Jtag cable 'HelloFpga JTAG-SP2 03SD35A' is selected.
23:53:24 INFO  : 'jtag frequency' command is executed.
23:53:24 INFO  : Context for 'APU' is selected.
23:53:24 INFO  : System reset is completed.
23:53:27 INFO  : 'after 3000' command is executed.
23:53:27 INFO  : 'targets -set -filter {jtag_cable_name =~ "HelloFpga JTAG-SP2 03SD35A" && level==0 && jtag_device_ctx=="jsn-JTAG-SP2-03SD35A-23727093-0"}' command is executed.
23:53:29 INFO  : Device configured successfully with "D:/Programs/Workspace/SmartZYNQ_SP2/VDMA_HDMI/VDMA_HDMI.sdk/vdma_hdmi/_ide/bitstream/ZYNQ_CORE_wrapper.bit"
23:53:29 INFO  : Context for 'APU' is selected.
23:53:29 INFO  : Hardware design and registers information is loaded from 'D:/Programs/Workspace/SmartZYNQ_SP2/VDMA_HDMI/VDMA_HDMI.sdk/ZYNQ_CORE_wrapper/export/ZYNQ_CORE_wrapper/hw/ZYNQ_CORE_wrapper.xsa'.
23:53:29 INFO  : 'configparams force-mem-access 1' command is executed.
23:53:29 INFO  : Context for 'APU' is selected.
23:53:29 INFO  : Sourcing of 'D:/Programs/Workspace/SmartZYNQ_SP2/VDMA_HDMI/VDMA_HDMI.sdk/vdma_hdmi/_ide/psinit/ps7_init.tcl' is done.
23:53:30 INFO  : 'ps7_init' command is executed.
23:53:30 INFO  : 'ps7_post_config' command is executed.
23:53:30 INFO  : Context for processor 'ps7_cortexa9_0' is selected.
23:53:30 ERROR : Memory write error at 0x105000. MMU section translation fault
23:53:30 INFO  : ----------------XSDB Script----------------
connect -url tcp:127.0.0.1:3121
targets -set -nocase -filter {name =~"APU*"}
rst -system
after 3000
targets -set -filter {jtag_cable_name =~ "HelloFpga JTAG-SP2 03SD35A" && level==0 && jtag_device_ctx=="jsn-JTAG-SP2-03SD35A-23727093-0"}
fpga -file D:/Programs/Workspace/SmartZYNQ_SP2/VDMA_HDMI/VDMA_HDMI.sdk/vdma_hdmi/_ide/bitstream/ZYNQ_CORE_wrapper.bit
targets -set -nocase -filter {name =~"APU*"}
loadhw -hw D:/Programs/Workspace/SmartZYNQ_SP2/VDMA_HDMI/VDMA_HDMI.sdk/ZYNQ_CORE_wrapper/export/ZYNQ_CORE_wrapper/hw/ZYNQ_CORE_wrapper.xsa -mem-ranges [list {0x40000000 0xbfffffff}] -regs
configparams force-mem-access 1
targets -set -nocase -filter {name =~"APU*"}
source D:/Programs/Workspace/SmartZYNQ_SP2/VDMA_HDMI/VDMA_HDMI.sdk/vdma_hdmi/_ide/psinit/ps7_init.tcl
ps7_init
ps7_post_config
targets -set -nocase -filter {name =~ "*A9*#0"}
dow D:/Programs/Workspace/SmartZYNQ_SP2/VDMA_HDMI/VDMA_HDMI.sdk/vdma_hdmi/Debug/vdma_hdmi.elf
----------------End of Script----------------

23:53:30 ERROR : Memory write error at 0x105000. MMU section translation fault
00:02:47 INFO  : Checking for BSP changes to sync application flags for project 'vdma_hdmi'...
00:03:03 INFO  : Connected to target on host '127.0.0.1' and port '3121'.
00:03:03 INFO  : Jtag cable 'HelloFpga JTAG-SP2 03SD35A' is selected.
00:03:03 INFO  : 'jtag frequency' command is executed.
00:03:03 INFO  : Context for 'APU' is selected.
00:03:03 INFO  : System reset is completed.
00:03:06 INFO  : 'after 3000' command is executed.
00:03:06 INFO  : 'targets -set -filter {jtag_cable_name =~ "HelloFpga JTAG-SP2 03SD35A" && level==0 && jtag_device_ctx=="jsn-JTAG-SP2-03SD35A-23727093-0"}' command is executed.
00:03:09 INFO  : Device configured successfully with "D:/Programs/Workspace/SmartZYNQ_SP2/VDMA_HDMI/VDMA_HDMI.sdk/vdma_hdmi/_ide/bitstream/ZYNQ_CORE_wrapper.bit"
00:03:09 INFO  : Context for 'APU' is selected.
00:03:09 INFO  : Hardware design and registers information is loaded from 'D:/Programs/Workspace/SmartZYNQ_SP2/VDMA_HDMI/VDMA_HDMI.sdk/ZYNQ_CORE_wrapper/export/ZYNQ_CORE_wrapper/hw/ZYNQ_CORE_wrapper.xsa'.
00:03:09 INFO  : 'configparams force-mem-access 1' command is executed.
00:03:09 INFO  : Context for 'APU' is selected.
00:03:09 INFO  : Sourcing of 'D:/Programs/Workspace/SmartZYNQ_SP2/VDMA_HDMI/VDMA_HDMI.sdk/vdma_hdmi/_ide/psinit/ps7_init.tcl' is done.
00:03:09 INFO  : 'ps7_init' command is executed.
00:03:09 INFO  : 'ps7_post_config' command is executed.
00:03:09 INFO  : Context for processor 'ps7_cortexa9_0' is selected.
00:03:09 ERROR : Memory write error at 0x105000. MMU section translation fault
00:03:09 INFO  : ----------------XSDB Script----------------
connect -url tcp:127.0.0.1:3121
targets -set -nocase -filter {name =~"APU*"}
rst -system
after 3000
targets -set -filter {jtag_cable_name =~ "HelloFpga JTAG-SP2 03SD35A" && level==0 && jtag_device_ctx=="jsn-JTAG-SP2-03SD35A-23727093-0"}
fpga -file D:/Programs/Workspace/SmartZYNQ_SP2/VDMA_HDMI/VDMA_HDMI.sdk/vdma_hdmi/_ide/bitstream/ZYNQ_CORE_wrapper.bit
targets -set -nocase -filter {name =~"APU*"}
loadhw -hw D:/Programs/Workspace/SmartZYNQ_SP2/VDMA_HDMI/VDMA_HDMI.sdk/ZYNQ_CORE_wrapper/export/ZYNQ_CORE_wrapper/hw/ZYNQ_CORE_wrapper.xsa -mem-ranges [list {0x40000000 0xbfffffff}] -regs
configparams force-mem-access 1
targets -set -nocase -filter {name =~"APU*"}
source D:/Programs/Workspace/SmartZYNQ_SP2/VDMA_HDMI/VDMA_HDMI.sdk/vdma_hdmi/_ide/psinit/ps7_init.tcl
ps7_init
ps7_post_config
targets -set -nocase -filter {name =~ "*A9*#0"}
dow D:/Programs/Workspace/SmartZYNQ_SP2/VDMA_HDMI/VDMA_HDMI.sdk/vdma_hdmi/Debug/vdma_hdmi.elf
----------------End of Script----------------

00:03:09 ERROR : Memory write error at 0x105000. MMU section translation fault
00:09:12 ERROR : (XRT Server)D:/Xilinx/Vitis/2023.1/bin/unwrapped/win64.o/xrt_server.exe: error: illegal option '-'
Usage: agent [OPTION]...
Start Target Communication Framework agent.
  -d               run in daemon mode (output is sent to system logger)
  -i               run in interactive mode
  -L<file>         enable logging, use -L- to send log to stderr
  -l<level>        set log level, the level is comma separated list of:
      alloc        memory allocation and deallocation (0x1)
      eventcore    main event queue (0x2)
      waitpid      waitpid() events (0x4)
      events       low-level debugger events (0x8)
      protocol     communication protocol (0x20)
      context      debug context actions (0x40)
      children     debug context children (0x10)
      discovery    discovery (0x80)
      asyncreq     async I/O (0x100)
      proxy        proxy state (0x200)
      tcflog       proxy traffic (0x400)
      elf          ELF reader (0x800)
      stack        stack trace service (0x2000)
      plugin       plugins (0x4000)
      shutdown     shutdown of subsystems (0x8000)
      disasm       disassembly service (0x10000)
  -s<url>          set agent listening port and protocol, default is tcp::0
  -S               print server properties in Json format to stdout
  -g<port>         start GDB Remote Serial Protocol server at the specified TCP port
  -I<idle-seconds> exit if there are no connections for the specified time

00:10:12 ERROR : Timed out. 60 seconds have elapsed while waiting for the XRT server to launch.
00:10:12 INFO  : Connected to target on host '127.0.0.1' and port '3121'.
00:10:12 INFO  : Jtag cable 'HelloFpga JTAG-SP2 03SD35A' is selected.
00:10:12 INFO  : 'jtag frequency' command is executed.
00:10:12 INFO  : Context for 'APU' is selected.
00:10:12 INFO  : System reset is completed.
00:10:15 INFO  : 'after 3000' command is executed.
00:10:15 INFO  : 'targets -set -filter {jtag_cable_name =~ "HelloFpga JTAG-SP2 03SD35A" && level==0 && jtag_device_ctx=="jsn-JTAG-SP2-03SD35A-23727093-0"}' command is executed.
00:10:17 INFO  : Device configured successfully with "D:/Programs/Workspace/SmartZYNQ_SP2/VDMA_HDMI/VDMA_HDMI.sdk/vdma_hdmi/_ide/bitstream/ZYNQ_CORE_wrapper.bit"
00:10:17 INFO  : Context for 'APU' is selected.
00:10:17 INFO  : Hardware design and registers information is loaded from 'D:/Programs/Workspace/SmartZYNQ_SP2/VDMA_HDMI/VDMA_HDMI.sdk/ZYNQ_CORE_wrapper/export/ZYNQ_CORE_wrapper/hw/ZYNQ_CORE_wrapper.xsa'.
00:10:17 INFO  : 'configparams force-mem-access 1' command is executed.
00:10:17 INFO  : Context for 'APU' is selected.
00:10:17 INFO  : Sourcing of 'D:/Programs/Workspace/SmartZYNQ_SP2/VDMA_HDMI/VDMA_HDMI.sdk/vdma_hdmi/_ide/psinit/ps7_init.tcl' is done.
00:10:18 INFO  : 'ps7_init' command is executed.
00:10:18 INFO  : 'ps7_post_config' command is executed.
00:10:18 INFO  : Context for processor 'ps7_cortexa9_0' is selected.
00:10:18 ERROR : Memory write error at 0x105000. MMU section translation fault
00:10:18 INFO  : ----------------XSDB Script----------------
connect -url tcp:127.0.0.1:3121
targets -set -nocase -filter {name =~"APU*"}
rst -system
after 3000
targets -set -filter {jtag_cable_name =~ "HelloFpga JTAG-SP2 03SD35A" && level==0 && jtag_device_ctx=="jsn-JTAG-SP2-03SD35A-23727093-0"}
fpga -file D:/Programs/Workspace/SmartZYNQ_SP2/VDMA_HDMI/VDMA_HDMI.sdk/vdma_hdmi/_ide/bitstream/ZYNQ_CORE_wrapper.bit
targets -set -nocase -filter {name =~"APU*"}
loadhw -hw D:/Programs/Workspace/SmartZYNQ_SP2/VDMA_HDMI/VDMA_HDMI.sdk/ZYNQ_CORE_wrapper/export/ZYNQ_CORE_wrapper/hw/ZYNQ_CORE_wrapper.xsa -mem-ranges [list {0x40000000 0xbfffffff}] -regs
configparams force-mem-access 1
targets -set -nocase -filter {name =~"APU*"}
source D:/Programs/Workspace/SmartZYNQ_SP2/VDMA_HDMI/VDMA_HDMI.sdk/vdma_hdmi/_ide/psinit/ps7_init.tcl
ps7_init
ps7_post_config
targets -set -nocase -filter {name =~ "*A9*#0"}
dow D:/Programs/Workspace/SmartZYNQ_SP2/VDMA_HDMI/VDMA_HDMI.sdk/vdma_hdmi/Debug/vdma_hdmi.elf
----------------End of Script----------------

00:10:18 ERROR : Memory write error at 0x105000. MMU section translation fault
00:12:13 INFO  : Connected to target on host '127.0.0.1' and port '3121'.
00:12:13 INFO  : Jtag cable 'HelloFpga JTAG-SP2 03SD35A' is selected.
00:12:13 INFO  : 'jtag frequency' command is executed.
00:12:13 INFO  : Context for 'APU' is selected.
00:12:14 INFO  : System reset is completed.
00:12:17 INFO  : 'after 3000' command is executed.
00:12:17 INFO  : 'targets -set -filter {jtag_cable_name =~ "HelloFpga JTAG-SP2 03SD35A" && level==0 && jtag_device_ctx=="jsn-JTAG-SP2-03SD35A-23727093-0"}' command is executed.
00:12:19 INFO  : Device configured successfully with "D:/Programs/Workspace/SmartZYNQ_SP2/VDMA_HDMI/VDMA_HDMI.sdk/vdma_hdmi/_ide/bitstream/ZYNQ_CORE_wrapper.bit"
00:12:19 INFO  : Context for 'APU' is selected.
00:12:19 INFO  : Hardware design and registers information is loaded from 'D:/Programs/Workspace/SmartZYNQ_SP2/VDMA_HDMI/VDMA_HDMI.sdk/ZYNQ_CORE_wrapper/export/ZYNQ_CORE_wrapper/hw/ZYNQ_CORE_wrapper.xsa'.
00:12:19 INFO  : 'configparams force-mem-access 1' command is executed.
00:12:19 INFO  : Context for 'APU' is selected.
00:12:19 INFO  : Sourcing of 'D:/Programs/Workspace/SmartZYNQ_SP2/VDMA_HDMI/VDMA_HDMI.sdk/vdma_hdmi/_ide/psinit/ps7_init.tcl' is done.
00:12:19 INFO  : 'ps7_init' command is executed.
00:12:19 INFO  : 'ps7_post_config' command is executed.
00:12:19 INFO  : Context for processor 'ps7_cortexa9_0' is selected.
00:12:19 ERROR : Memory write error at 0x105000. MMU section translation fault
00:12:19 INFO  : ----------------XSDB Script----------------
connect -url tcp:127.0.0.1:3121
targets -set -nocase -filter {name =~"APU*"}
rst -system
after 3000
targets -set -filter {jtag_cable_name =~ "HelloFpga JTAG-SP2 03SD35A" && level==0 && jtag_device_ctx=="jsn-JTAG-SP2-03SD35A-23727093-0"}
fpga -file D:/Programs/Workspace/SmartZYNQ_SP2/VDMA_HDMI/VDMA_HDMI.sdk/vdma_hdmi/_ide/bitstream/ZYNQ_CORE_wrapper.bit
targets -set -nocase -filter {name =~"APU*"}
loadhw -hw D:/Programs/Workspace/SmartZYNQ_SP2/VDMA_HDMI/VDMA_HDMI.sdk/ZYNQ_CORE_wrapper/export/ZYNQ_CORE_wrapper/hw/ZYNQ_CORE_wrapper.xsa -mem-ranges [list {0x40000000 0xbfffffff}] -regs
configparams force-mem-access 1
targets -set -nocase -filter {name =~"APU*"}
source D:/Programs/Workspace/SmartZYNQ_SP2/VDMA_HDMI/VDMA_HDMI.sdk/vdma_hdmi/_ide/psinit/ps7_init.tcl
ps7_init
ps7_post_config
targets -set -nocase -filter {name =~ "*A9*#0"}
dow D:/Programs/Workspace/SmartZYNQ_SP2/VDMA_HDMI/VDMA_HDMI.sdk/vdma_hdmi/Debug/vdma_hdmi.elf
----------------End of Script----------------

00:12:19 ERROR : Memory write error at 0x105000. MMU section translation fault
00:19:47 INFO  : Checking for BSP changes to sync application flags for project 'vdma_hdmi'...
00:19:57 INFO  : Connected to target on host '127.0.0.1' and port '3121'.
00:19:57 INFO  : Jtag cable 'HelloFpga JTAG-SP2 03SD35A' is selected.
00:19:57 INFO  : 'jtag frequency' command is executed.
00:19:57 INFO  : Context for 'APU' is selected.
00:19:57 INFO  : System reset is completed.
00:20:00 INFO  : 'after 3000' command is executed.
00:20:00 INFO  : 'targets -set -filter {jtag_cable_name =~ "HelloFpga JTAG-SP2 03SD35A" && level==0 && jtag_device_ctx=="jsn-JTAG-SP2-03SD35A-23727093-0"}' command is executed.
00:20:03 INFO  : Device configured successfully with "D:/Programs/Workspace/SmartZYNQ_SP2/VDMA_HDMI/VDMA_HDMI.sdk/vdma_hdmi/_ide/bitstream/ZYNQ_CORE_wrapper.bit"
00:20:03 INFO  : Context for 'APU' is selected.
00:20:03 INFO  : Hardware design and registers information is loaded from 'D:/Programs/Workspace/SmartZYNQ_SP2/VDMA_HDMI/VDMA_HDMI.sdk/ZYNQ_CORE_wrapper/export/ZYNQ_CORE_wrapper/hw/ZYNQ_CORE_wrapper.xsa'.
00:20:03 INFO  : 'configparams force-mem-access 1' command is executed.
00:20:03 INFO  : Context for 'APU' is selected.
00:20:03 INFO  : Sourcing of 'D:/Programs/Workspace/SmartZYNQ_SP2/VDMA_HDMI/VDMA_HDMI.sdk/vdma_hdmi/_ide/psinit/ps7_init.tcl' is done.
00:20:03 INFO  : 'ps7_init' command is executed.
00:20:03 INFO  : 'ps7_post_config' command is executed.
00:20:03 INFO  : Context for processor 'ps7_cortexa9_0' is selected.
00:20:03 ERROR : Memory write error at 0x105000. MMU section translation fault
00:20:03 INFO  : ----------------XSDB Script----------------
connect -url tcp:127.0.0.1:3121
targets -set -nocase -filter {name =~"APU*"}
rst -system
after 3000
targets -set -filter {jtag_cable_name =~ "HelloFpga JTAG-SP2 03SD35A" && level==0 && jtag_device_ctx=="jsn-JTAG-SP2-03SD35A-23727093-0"}
fpga -file D:/Programs/Workspace/SmartZYNQ_SP2/VDMA_HDMI/VDMA_HDMI.sdk/vdma_hdmi/_ide/bitstream/ZYNQ_CORE_wrapper.bit
targets -set -nocase -filter {name =~"APU*"}
loadhw -hw D:/Programs/Workspace/SmartZYNQ_SP2/VDMA_HDMI/VDMA_HDMI.sdk/ZYNQ_CORE_wrapper/export/ZYNQ_CORE_wrapper/hw/ZYNQ_CORE_wrapper.xsa -mem-ranges [list {0x40000000 0xbfffffff}] -regs
configparams force-mem-access 1
targets -set -nocase -filter {name =~"APU*"}
source D:/Programs/Workspace/SmartZYNQ_SP2/VDMA_HDMI/VDMA_HDMI.sdk/vdma_hdmi/_ide/psinit/ps7_init.tcl
ps7_init
ps7_post_config
targets -set -nocase -filter {name =~ "*A9*#0"}
dow D:/Programs/Workspace/SmartZYNQ_SP2/VDMA_HDMI/VDMA_HDMI.sdk/vdma_hdmi/Debug/vdma_hdmi.elf
----------------End of Script----------------

00:20:03 ERROR : Memory write error at 0x105000. MMU section translation fault
00:22:00 INFO  : Checking for BSP changes to sync application flags for project 'vdma_hdmi'...
00:22:11 INFO  : Connected to target on host '127.0.0.1' and port '3121'.
00:22:12 INFO  : Jtag cable 'HelloFpga JTAG-SP2 03SD35A' is selected.
00:22:12 INFO  : 'jtag frequency' command is executed.
00:22:12 INFO  : Context for 'APU' is selected.
00:22:12 INFO  : System reset is completed.
00:22:15 INFO  : 'after 3000' command is executed.
00:22:15 INFO  : 'targets -set -filter {jtag_cable_name =~ "HelloFpga JTAG-SP2 03SD35A" && level==0 && jtag_device_ctx=="jsn-JTAG-SP2-03SD35A-23727093-0"}' command is executed.
00:22:17 INFO  : Device configured successfully with "D:/Programs/Workspace/SmartZYNQ_SP2/VDMA_HDMI/VDMA_HDMI.sdk/vdma_hdmi/_ide/bitstream/ZYNQ_CORE_wrapper.bit"
00:22:17 INFO  : Context for 'APU' is selected.
00:22:17 INFO  : Hardware design and registers information is loaded from 'D:/Programs/Workspace/SmartZYNQ_SP2/VDMA_HDMI/VDMA_HDMI.sdk/ZYNQ_CORE_wrapper/export/ZYNQ_CORE_wrapper/hw/ZYNQ_CORE_wrapper.xsa'.
00:22:17 INFO  : 'configparams force-mem-access 1' command is executed.
00:22:17 INFO  : Context for 'APU' is selected.
00:22:17 INFO  : Sourcing of 'D:/Programs/Workspace/SmartZYNQ_SP2/VDMA_HDMI/VDMA_HDMI.sdk/vdma_hdmi/_ide/psinit/ps7_init.tcl' is done.
00:22:17 INFO  : 'ps7_init' command is executed.
00:22:17 INFO  : 'ps7_post_config' command is executed.
00:22:17 INFO  : Context for processor 'ps7_cortexa9_0' is selected.
00:22:17 ERROR : Memory write error at 0x105000. MMU section translation fault
00:22:17 INFO  : ----------------XSDB Script----------------
connect -url tcp:127.0.0.1:3121
targets -set -nocase -filter {name =~"APU*"}
rst -system
after 3000
targets -set -filter {jtag_cable_name =~ "HelloFpga JTAG-SP2 03SD35A" && level==0 && jtag_device_ctx=="jsn-JTAG-SP2-03SD35A-23727093-0"}
fpga -file D:/Programs/Workspace/SmartZYNQ_SP2/VDMA_HDMI/VDMA_HDMI.sdk/vdma_hdmi/_ide/bitstream/ZYNQ_CORE_wrapper.bit
targets -set -nocase -filter {name =~"APU*"}
loadhw -hw D:/Programs/Workspace/SmartZYNQ_SP2/VDMA_HDMI/VDMA_HDMI.sdk/ZYNQ_CORE_wrapper/export/ZYNQ_CORE_wrapper/hw/ZYNQ_CORE_wrapper.xsa -mem-ranges [list {0x40000000 0xbfffffff}] -regs
configparams force-mem-access 1
targets -set -nocase -filter {name =~"APU*"}
source D:/Programs/Workspace/SmartZYNQ_SP2/VDMA_HDMI/VDMA_HDMI.sdk/vdma_hdmi/_ide/psinit/ps7_init.tcl
ps7_init
ps7_post_config
targets -set -nocase -filter {name =~ "*A9*#0"}
dow D:/Programs/Workspace/SmartZYNQ_SP2/VDMA_HDMI/VDMA_HDMI.sdk/vdma_hdmi/Debug/vdma_hdmi.elf
----------------End of Script----------------

00:22:17 ERROR : Memory write error at 0x105000. MMU section translation fault
00:29:41 INFO  : Connected to target on host '127.0.0.1' and port '3121'.
00:29:42 INFO  : Jtag cable 'HelloFpga JTAG-SP2 03SD35A' is selected.
00:29:42 INFO  : 'jtag frequency' command is executed.
00:29:42 INFO  : Context for 'APU' is selected.
00:29:42 INFO  : System reset is completed.
00:29:45 INFO  : 'after 3000' command is executed.
00:29:45 INFO  : 'targets -set -filter {jtag_cable_name =~ "HelloFpga JTAG-SP2 03SD35A" && level==0 && jtag_device_ctx=="jsn-JTAG-SP2-03SD35A-23727093-0"}' command is executed.
00:29:47 INFO  : Device configured successfully with "D:/Programs/Workspace/SmartZYNQ_SP2/VDMA_HDMI/VDMA_HDMI.sdk/vdma_hdmi/_ide/bitstream/ZYNQ_CORE_wrapper.bit"
00:29:47 INFO  : Context for 'APU' is selected.
00:29:47 INFO  : Hardware design and registers information is loaded from 'D:/Programs/Workspace/SmartZYNQ_SP2/VDMA_HDMI/VDMA_HDMI.sdk/ZYNQ_CORE_wrapper/export/ZYNQ_CORE_wrapper/hw/ZYNQ_CORE_wrapper.xsa'.
00:29:47 INFO  : 'configparams force-mem-access 1' command is executed.
00:29:47 INFO  : Context for 'APU' is selected.
00:29:47 INFO  : Sourcing of 'D:/Programs/Workspace/SmartZYNQ_SP2/VDMA_HDMI/VDMA_HDMI.sdk/vdma_hdmi/_ide/psinit/ps7_init.tcl' is done.
00:29:47 INFO  : 'ps7_init' command is executed.
00:29:47 INFO  : 'ps7_post_config' command is executed.
00:29:47 INFO  : Context for processor 'ps7_cortexa9_0' is selected.
00:29:47 ERROR : Memory write error at 0x105000. MMU section translation fault
00:29:47 INFO  : ----------------XSDB Script----------------
connect -url tcp:127.0.0.1:3121
targets -set -nocase -filter {name =~"APU*"}
rst -system
after 3000
targets -set -filter {jtag_cable_name =~ "HelloFpga JTAG-SP2 03SD35A" && level==0 && jtag_device_ctx=="jsn-JTAG-SP2-03SD35A-23727093-0"}
fpga -file D:/Programs/Workspace/SmartZYNQ_SP2/VDMA_HDMI/VDMA_HDMI.sdk/vdma_hdmi/_ide/bitstream/ZYNQ_CORE_wrapper.bit
targets -set -nocase -filter {name =~"APU*"}
loadhw -hw D:/Programs/Workspace/SmartZYNQ_SP2/VDMA_HDMI/VDMA_HDMI.sdk/ZYNQ_CORE_wrapper/export/ZYNQ_CORE_wrapper/hw/ZYNQ_CORE_wrapper.xsa -mem-ranges [list {0x40000000 0xbfffffff}] -regs
configparams force-mem-access 1
targets -set -nocase -filter {name =~"APU*"}
source D:/Programs/Workspace/SmartZYNQ_SP2/VDMA_HDMI/VDMA_HDMI.sdk/vdma_hdmi/_ide/psinit/ps7_init.tcl
ps7_init
ps7_post_config
targets -set -nocase -filter {name =~ "*A9*#0"}
dow D:/Programs/Workspace/SmartZYNQ_SP2/VDMA_HDMI/VDMA_HDMI.sdk/vdma_hdmi/Debug/vdma_hdmi.elf
----------------End of Script----------------

00:29:47 ERROR : Memory write error at 0x105000. MMU section translation fault
00:30:03 INFO  : Hardware specification for platform project 'ZYNQ_CORE_wrapper' is updated.
00:31:58 INFO  : Result from executing command 'getProjects': ZYNQ_CORE_wrapper
00:31:58 INFO  : Result from executing command 'getPlatforms': ZYNQ_CORE_wrapper|D:/Programs/Workspace/SmartZYNQ_SP2/VDMA_HDMI/VDMA_HDMI.sdk/ZYNQ_CORE_wrapper/export/ZYNQ_CORE_wrapper/ZYNQ_CORE_wrapper.xpfm;xilinx_vck190_base_202310_1|D:/Xilinx/Vitis/2023.1/base_platforms/xilinx_vck190_base_202310_1/xilinx_vck190_base_202310_1.xpfm;xilinx_vck190_base_dfx_202310_1|D:/Xilinx/Vitis/2023.1/base_platforms/xilinx_vck190_base_dfx_202310_1/xilinx_vck190_base_dfx_202310_1.xpfm;xilinx_vek280_es1_base_202310_1|D:/Xilinx/Vitis/2023.1/base_platforms/xilinx_vek280_es1_base_202310_1/xilinx_vek280_es1_base_202310_1.xpfm;xilinx_vmk180_base_202310_1|D:/Xilinx/Vitis/2023.1/base_platforms/xilinx_vmk180_base_202310_1/xilinx_vmk180_base_202310_1.xpfm;xilinx_zcu102_base_202310_1|D:/Xilinx/Vitis/2023.1/base_platforms/xilinx_zcu102_base_202310_1/xilinx_zcu102_base_202310_1.xpfm;xilinx_zcu102_base_dfx_202310_1|D:/Xilinx/Vitis/2023.1/base_platforms/xilinx_zcu102_base_dfx_202310_1/xilinx_zcu102_base_dfx_202310_1.xpfm;xilinx_zcu104_base_202310_1|D:/Xilinx/Vitis/2023.1/base_platforms/xilinx_zcu104_base_202310_1/xilinx_zcu104_base_202310_1.xpfm
00:31:59 INFO  : Checking for BSP changes to sync application flags for project 'vdma_hdmi'...
00:32:02 INFO  : The hardware specification used by project 'vdma_hdmi' is out of sync with the platform. Resource files extracted from the hardware specification will be updated.
00:32:02 INFO  : The file 'D:\Programs\Workspace\SmartZYNQ_SP2\VDMA_HDMI\VDMA_HDMI.sdk\vdma_hdmi\_ide\bitstream\ZYNQ_CORE_wrapper.bit' stored in project is removed.
00:32:02 INFO  : The updated bitstream files are copied from platform to folder 'D:\Programs\Workspace\SmartZYNQ_SP2\VDMA_HDMI\VDMA_HDMI.sdk\vdma_hdmi\_ide\bitstream' in project 'vdma_hdmi'.
00:32:02 INFO  : The file 'D:\Programs\Workspace\SmartZYNQ_SP2\VDMA_HDMI\VDMA_HDMI.sdk\vdma_hdmi\_ide\psinit\ps7_init.tcl' stored in project is removed.
00:32:05 INFO  : The updated ps init files are copied from platform to folder 'D:\Programs\Workspace\SmartZYNQ_SP2\VDMA_HDMI\VDMA_HDMI.sdk\vdma_hdmi\_ide\psinit' in project 'vdma_hdmi'.
00:34:41 INFO  : Checking for BSP changes to sync application flags for project 'vdma_hdmi'...
00:34:53 INFO  : Connected to target on host '127.0.0.1' and port '3121'.
00:34:53 INFO  : Jtag cable 'HelloFpga JTAG-SP2 03SD35A' is selected.
00:34:53 INFO  : 'jtag frequency' command is executed.
00:34:53 INFO  : Context for 'APU' is selected.
00:34:53 INFO  : System reset is completed.
00:34:56 INFO  : 'after 3000' command is executed.
00:34:56 INFO  : 'targets -set -filter {jtag_cable_name =~ "HelloFpga JTAG-SP2 03SD35A" && level==0 && jtag_device_ctx=="jsn-JTAG-SP2-03SD35A-23727093-0"}' command is executed.
00:34:59 INFO  : Device configured successfully with "D:/Programs/Workspace/SmartZYNQ_SP2/VDMA_HDMI/VDMA_HDMI.sdk/vdma_hdmi/_ide/bitstream/ZYNQ_CORE_wrapper.bit"
00:34:59 INFO  : Context for 'APU' is selected.
00:34:59 INFO  : Hardware design and registers information is loaded from 'D:/Programs/Workspace/SmartZYNQ_SP2/VDMA_HDMI/VDMA_HDMI.sdk/ZYNQ_CORE_wrapper/export/ZYNQ_CORE_wrapper/hw/ZYNQ_CORE_wrapper.xsa'.
00:34:59 INFO  : 'configparams force-mem-access 1' command is executed.
00:34:59 INFO  : Context for 'APU' is selected.
00:34:59 INFO  : Sourcing of 'D:/Programs/Workspace/SmartZYNQ_SP2/VDMA_HDMI/VDMA_HDMI.sdk/vdma_hdmi/_ide/psinit/ps7_init.tcl' is done.
00:34:59 INFO  : 'ps7_init' command is executed.
00:34:59 INFO  : 'ps7_post_config' command is executed.
00:34:59 INFO  : Context for processor 'ps7_cortexa9_0' is selected.
00:34:59 ERROR : Memory write error at 0x105000. MMU section translation fault
00:34:59 INFO  : ----------------XSDB Script----------------
connect -url tcp:127.0.0.1:3121
targets -set -nocase -filter {name =~"APU*"}
rst -system
after 3000
targets -set -filter {jtag_cable_name =~ "HelloFpga JTAG-SP2 03SD35A" && level==0 && jtag_device_ctx=="jsn-JTAG-SP2-03SD35A-23727093-0"}
fpga -file D:/Programs/Workspace/SmartZYNQ_SP2/VDMA_HDMI/VDMA_HDMI.sdk/vdma_hdmi/_ide/bitstream/ZYNQ_CORE_wrapper.bit
targets -set -nocase -filter {name =~"APU*"}
loadhw -hw D:/Programs/Workspace/SmartZYNQ_SP2/VDMA_HDMI/VDMA_HDMI.sdk/ZYNQ_CORE_wrapper/export/ZYNQ_CORE_wrapper/hw/ZYNQ_CORE_wrapper.xsa -mem-ranges [list {0x40000000 0xbfffffff}] -regs
configparams force-mem-access 1
targets -set -nocase -filter {name =~"APU*"}
source D:/Programs/Workspace/SmartZYNQ_SP2/VDMA_HDMI/VDMA_HDMI.sdk/vdma_hdmi/_ide/psinit/ps7_init.tcl
ps7_init
ps7_post_config
targets -set -nocase -filter {name =~ "*A9*#0"}
dow D:/Programs/Workspace/SmartZYNQ_SP2/VDMA_HDMI/VDMA_HDMI.sdk/vdma_hdmi/Debug/vdma_hdmi.elf
----------------End of Script----------------

00:34:59 ERROR : Memory write error at 0x105000. MMU section translation fault
00:35:24 INFO  : Connected to target on host '127.0.0.1' and port '3121'.
00:35:24 INFO  : Jtag cable 'HelloFpga JTAG-SP2 03SD35A' is selected.
00:35:24 INFO  : 'jtag frequency' command is executed.
00:35:24 INFO  : Context for 'APU' is selected.
00:35:24 INFO  : System reset is completed.
00:35:27 INFO  : 'after 3000' command is executed.
00:35:27 INFO  : 'targets -set -filter {jtag_cable_name =~ "HelloFpga JTAG-SP2 03SD35A" && level==0 && jtag_device_ctx=="jsn-JTAG-SP2-03SD35A-23727093-0"}' command is executed.
00:35:30 INFO  : Device configured successfully with "D:/Programs/Workspace/SmartZYNQ_SP2/VDMA_HDMI/VDMA_HDMI.sdk/vdma_hdmi/_ide/bitstream/ZYNQ_CORE_wrapper.bit"
00:35:30 INFO  : Context for 'APU' is selected.
00:35:30 INFO  : Hardware design and registers information is loaded from 'D:/Programs/Workspace/SmartZYNQ_SP2/VDMA_HDMI/VDMA_HDMI.sdk/ZYNQ_CORE_wrapper/export/ZYNQ_CORE_wrapper/hw/ZYNQ_CORE_wrapper.xsa'.
00:35:30 INFO  : 'configparams force-mem-access 1' command is executed.
00:35:30 INFO  : Context for 'APU' is selected.
00:35:30 INFO  : Sourcing of 'D:/Programs/Workspace/SmartZYNQ_SP2/VDMA_HDMI/VDMA_HDMI.sdk/vdma_hdmi/_ide/psinit/ps7_init.tcl' is done.
00:35:30 INFO  : 'ps7_init' command is executed.
00:35:30 INFO  : 'ps7_post_config' command is executed.
00:35:30 INFO  : Context for processor 'ps7_cortexa9_0' is selected.
00:35:30 ERROR : Memory write error at 0x105000. MMU section translation fault
00:35:30 INFO  : ----------------XSDB Script----------------
connect -url tcp:127.0.0.1:3121
targets -set -nocase -filter {name =~"APU*"}
rst -system
after 3000
targets -set -filter {jtag_cable_name =~ "HelloFpga JTAG-SP2 03SD35A" && level==0 && jtag_device_ctx=="jsn-JTAG-SP2-03SD35A-23727093-0"}
fpga -file D:/Programs/Workspace/SmartZYNQ_SP2/VDMA_HDMI/VDMA_HDMI.sdk/vdma_hdmi/_ide/bitstream/ZYNQ_CORE_wrapper.bit
targets -set -nocase -filter {name =~"APU*"}
loadhw -hw D:/Programs/Workspace/SmartZYNQ_SP2/VDMA_HDMI/VDMA_HDMI.sdk/ZYNQ_CORE_wrapper/export/ZYNQ_CORE_wrapper/hw/ZYNQ_CORE_wrapper.xsa -mem-ranges [list {0x40000000 0xbfffffff}] -regs
configparams force-mem-access 1
targets -set -nocase -filter {name =~"APU*"}
source D:/Programs/Workspace/SmartZYNQ_SP2/VDMA_HDMI/VDMA_HDMI.sdk/vdma_hdmi/_ide/psinit/ps7_init.tcl
ps7_init
ps7_post_config
targets -set -nocase -filter {name =~ "*A9*#0"}
dow D:/Programs/Workspace/SmartZYNQ_SP2/VDMA_HDMI/VDMA_HDMI.sdk/vdma_hdmi/Debug/vdma_hdmi.elf
----------------End of Script----------------

00:35:30 ERROR : Memory write error at 0x105000. MMU section translation fault
00:37:11 INFO  : Connected to target on host '127.0.0.1' and port '3121'.
00:37:11 INFO  : Jtag cable 'HelloFpga JTAG-SP2 03SD35A' is selected.
00:37:11 INFO  : 'jtag frequency' command is executed.
00:37:11 INFO  : 'targets -set -filter {jtag_cable_name =~ "HelloFpga JTAG-SP2 03SD35A" && level==0 && jtag_device_ctx=="jsn-JTAG-SP2-03SD35A-23727093-0"}' command is executed.
00:37:14 INFO  : Device configured successfully with "D:/Programs/Workspace/SmartZYNQ_SP2/VDMA_HDMI/VDMA_HDMI.sdk/vdma_hdmi/_ide/bitstream/ZYNQ_CORE_wrapper.bit"
00:37:14 INFO  : Context for 'APU' is selected.
00:37:14 INFO  : Hardware design and registers information is loaded from 'D:/Programs/Workspace/SmartZYNQ_SP2/VDMA_HDMI/VDMA_HDMI.sdk/ZYNQ_CORE_wrapper/export/ZYNQ_CORE_wrapper/hw/ZYNQ_CORE_wrapper.xsa'.
00:37:14 INFO  : 'configparams force-mem-access 1' command is executed.
00:37:14 INFO  : Context for 'APU' is selected.
00:37:14 INFO  : 'stop' command is executed.
00:37:14 INFO  : Sourcing of 'D:/Programs/Workspace/SmartZYNQ_SP2/VDMA_HDMI/VDMA_HDMI.sdk/vdma_hdmi/_ide/psinit/ps7_init.tcl' is done.
00:37:14 INFO  : 'ps7_init' command is executed.
00:37:14 INFO  : 'ps7_post_config' command is executed.
00:37:14 INFO  : Context for processor 'ps7_cortexa9_0' is selected.
00:37:14 INFO  : Processor reset is completed for 'ps7_cortexa9_0'.
00:37:14 INFO  : Context for processor 'ps7_cortexa9_0' is selected.
00:37:14 INFO  : The application 'D:/Programs/Workspace/SmartZYNQ_SP2/VDMA_HDMI/VDMA_HDMI.sdk/vdma_hdmi/Debug/vdma_hdmi.elf' is downloaded to processor 'ps7_cortexa9_0'.
00:37:14 INFO  : 'configparams force-mem-access 0' command is executed.
00:37:14 INFO  : ----------------XSDB Script----------------
connect -url tcp:127.0.0.1:3121
targets -set -filter {jtag_cable_name =~ "HelloFpga JTAG-SP2 03SD35A" && level==0 && jtag_device_ctx=="jsn-JTAG-SP2-03SD35A-23727093-0"}
fpga -file D:/Programs/Workspace/SmartZYNQ_SP2/VDMA_HDMI/VDMA_HDMI.sdk/vdma_hdmi/_ide/bitstream/ZYNQ_CORE_wrapper.bit
targets -set -nocase -filter {name =~"APU*"}
loadhw -hw D:/Programs/Workspace/SmartZYNQ_SP2/VDMA_HDMI/VDMA_HDMI.sdk/ZYNQ_CORE_wrapper/export/ZYNQ_CORE_wrapper/hw/ZYNQ_CORE_wrapper.xsa -mem-ranges [list {0x40000000 0xbfffffff}] -regs
configparams force-mem-access 1
targets -set -nocase -filter {name =~"APU*"}
stop
source D:/Programs/Workspace/SmartZYNQ_SP2/VDMA_HDMI/VDMA_HDMI.sdk/vdma_hdmi/_ide/psinit/ps7_init.tcl
ps7_init
ps7_post_config
targets -set -nocase -filter {name =~ "*A9*#0"}
rst -processor
targets -set -nocase -filter {name =~ "*A9*#0"}
dow D:/Programs/Workspace/SmartZYNQ_SP2/VDMA_HDMI/VDMA_HDMI.sdk/vdma_hdmi/Debug/vdma_hdmi.elf
configparams force-mem-access 0
----------------End of Script----------------

00:37:14 INFO  : Context for processor 'ps7_cortexa9_0' is selected.
00:37:14 INFO  : 'con' command is executed.
00:37:14 INFO  : ----------------XSDB Script (After Launch)----------------
targets -set -nocase -filter {name =~ "*A9*#0"}
con
----------------End of Script----------------

00:37:14 INFO  : Launch script is exported to file 'D:\Programs\Workspace\SmartZYNQ_SP2\VDMA_HDMI\VDMA_HDMI.sdk\vdma_hdmi_system\_ide\scripts\systemdebugger_vdma_hdmi_system_standalone.tcl'
00:39:14 INFO  : Disconnected from the channel tcfchan#3.
