20:19:46 DEBUG : Logs will be stored at 'D:/Programs/Workspace/SmartZYNQ_SP2/PS_EMIO_NET/PS_EMIO_NET.sdk/IDE.log'.
20:19:53 INFO  : Launching XSCT server: xsct.bat -n  -interactive D:\Programs\Workspace\SmartZYNQ_SP2\PS_EMIO_NET\PS_EMIO_NET.sdk\temp_xsdb_launch_script.tcl
20:19:55 INFO  : XSCT server has started successfully.
20:19:55 INFO  : plnx-install-location is set to ''
20:19:55 INFO  : Successfully done setting XSCT server connection channel  
20:19:55 INFO  : Successfully done setting workspace for the tool. 
20:20:00 INFO  : Registering command handlers for Vitis TCF services
20:20:00 INFO  : Successfully done query RDI_DATADIR 
20:20:00 INFO  : Platform repository initialization has completed.
20:20:47 INFO  : Result from executing command 'getProjects': ZYNQ_CORE_wrapper
20:20:47 INFO  : Result from executing command 'getPlatforms': xilinx_vck190_base_202310_1|D:/Xilinx/Vitis/2023.1/base_platforms/xilinx_vck190_base_202310_1/xilinx_vck190_base_202310_1.xpfm;xilinx_vck190_base_dfx_202310_1|D:/Xilinx/Vitis/2023.1/base_platforms/xilinx_vck190_base_dfx_202310_1/xilinx_vck190_base_dfx_202310_1.xpfm;xilinx_vek280_es1_base_202310_1|D:/Xilinx/Vitis/2023.1/base_platforms/xilinx_vek280_es1_base_202310_1/xilinx_vek280_es1_base_202310_1.xpfm;xilinx_vmk180_base_202310_1|D:/Xilinx/Vitis/2023.1/base_platforms/xilinx_vmk180_base_202310_1/xilinx_vmk180_base_202310_1.xpfm;xilinx_zcu102_base_202310_1|D:/Xilinx/Vitis/2023.1/base_platforms/xilinx_zcu102_base_202310_1/xilinx_zcu102_base_202310_1.xpfm;xilinx_zcu102_base_dfx_202310_1|D:/Xilinx/Vitis/2023.1/base_platforms/xilinx_zcu102_base_dfx_202310_1/xilinx_zcu102_base_dfx_202310_1.xpfm;xilinx_zcu104_base_202310_1|D:/Xilinx/Vitis/2023.1/base_platforms/xilinx_zcu104_base_202310_1/xilinx_zcu104_base_202310_1.xpfm
20:20:48 WARN  : An unexpected exception occurred in the module 'platform project logging'
20:20:49 INFO  : Platform 'ZYNQ_CORE_wrapper' is added to custom repositories.
20:20:58 INFO  : Platform 'ZYNQ_CORE_wrapper' is added to custom repositories.
20:28:16 INFO  : Result from executing command 'getProjects': ZYNQ_CORE_wrapper
20:28:16 INFO  : Result from executing command 'getPlatforms': ZYNQ_CORE_wrapper|D:/Programs/Workspace/SmartZYNQ_SP2/PS_EMIO_NET/PS_EMIO_NET.sdk/ZYNQ_CORE_wrapper/export/ZYNQ_CORE_wrapper/ZYNQ_CORE_wrapper.xpfm;xilinx_vck190_base_202310_1|D:/Xilinx/Vitis/2023.1/base_platforms/xilinx_vck190_base_202310_1/xilinx_vck190_base_202310_1.xpfm;xilinx_vck190_base_dfx_202310_1|D:/Xilinx/Vitis/2023.1/base_platforms/xilinx_vck190_base_dfx_202310_1/xilinx_vck190_base_dfx_202310_1.xpfm;xilinx_vek280_es1_base_202310_1|D:/Xilinx/Vitis/2023.1/base_platforms/xilinx_vek280_es1_base_202310_1/xilinx_vek280_es1_base_202310_1.xpfm;xilinx_vmk180_base_202310_1|D:/Xilinx/Vitis/2023.1/base_platforms/xilinx_vmk180_base_202310_1/xilinx_vmk180_base_202310_1.xpfm;xilinx_zcu102_base_202310_1|D:/Xilinx/Vitis/2023.1/base_platforms/xilinx_zcu102_base_202310_1/xilinx_zcu102_base_202310_1.xpfm;xilinx_zcu102_base_dfx_202310_1|D:/Xilinx/Vitis/2023.1/base_platforms/xilinx_zcu102_base_dfx_202310_1/xilinx_zcu102_base_dfx_202310_1.xpfm;xilinx_zcu104_base_202310_1|D:/Xilinx/Vitis/2023.1/base_platforms/xilinx_zcu104_base_202310_1/xilinx_zcu104_base_202310_1.xpfm
20:28:17 INFO  : Checking for BSP changes to sync application flags for project 'PS_EMIO_NET'...
20:29:53 INFO  : Connected to target on host '127.0.0.1' and port '3121'.
20:29:54 INFO  : Jtag cable 'HelloFpga JTAG-SP2 03SD35A' is selected.
20:29:54 INFO  : 'jtag frequency' command is executed.
20:29:54 INFO  : Context for 'APU' is selected.
20:29:54 INFO  : System reset is completed.
20:29:57 INFO  : 'after 3000' command is executed.
20:29:57 INFO  : 'targets -set -filter {jtag_cable_name =~ "HelloFpga JTAG-SP2 03SD35A" && level==0 && jtag_device_ctx=="jsn-JTAG-SP2-03SD35A-23727093-0"}' command is executed.
20:29:59 INFO  : Device configured successfully with "D:/Programs/Workspace/SmartZYNQ_SP2/PS_EMIO_NET/PS_EMIO_NET.sdk/PS_EMIO_NET/_ide/bitstream/ZYNQ_CORE_wrapper.bit"
20:29:59 INFO  : Context for 'APU' is selected.
20:29:59 INFO  : Hardware design and registers information is loaded from 'D:/Programs/Workspace/SmartZYNQ_SP2/PS_EMIO_NET/PS_EMIO_NET.sdk/ZYNQ_CORE_wrapper/export/ZYNQ_CORE_wrapper/hw/ZYNQ_CORE_wrapper.xsa'.
20:29:59 INFO  : 'configparams force-mem-access 1' command is executed.
20:29:59 INFO  : Context for 'APU' is selected.
20:29:59 INFO  : Sourcing of 'D:/Programs/Workspace/SmartZYNQ_SP2/PS_EMIO_NET/PS_EMIO_NET.sdk/PS_EMIO_NET/_ide/psinit/ps7_init.tcl' is done.
20:30:00 INFO  : 'ps7_init' command is executed.
20:30:00 INFO  : 'ps7_post_config' command is executed.
20:30:00 INFO  : Context for processor 'ps7_cortexa9_0' is selected.
20:30:00 INFO  : The application 'D:/Programs/Workspace/SmartZYNQ_SP2/PS_EMIO_NET/PS_EMIO_NET.sdk/PS_EMIO_NET/Debug/PS_EMIO_NET.elf' is downloaded to processor 'ps7_cortexa9_0'.
20:30:00 INFO  : 'configparams force-mem-access 0' command is executed.
20:30:00 INFO  : ----------------XSDB Script----------------
connect -url tcp:127.0.0.1:3121
targets -set -nocase -filter {name =~"APU*"}
rst -system
after 3000
targets -set -filter {jtag_cable_name =~ "HelloFpga JTAG-SP2 03SD35A" && level==0 && jtag_device_ctx=="jsn-JTAG-SP2-03SD35A-23727093-0"}
fpga -file D:/Programs/Workspace/SmartZYNQ_SP2/PS_EMIO_NET/PS_EMIO_NET.sdk/PS_EMIO_NET/_ide/bitstream/ZYNQ_CORE_wrapper.bit
targets -set -nocase -filter {name =~"APU*"}
loadhw -hw D:/Programs/Workspace/SmartZYNQ_SP2/PS_EMIO_NET/PS_EMIO_NET.sdk/ZYNQ_CORE_wrapper/export/ZYNQ_CORE_wrapper/hw/ZYNQ_CORE_wrapper.xsa -mem-ranges [list {0x40000000 0xbfffffff}] -regs
configparams force-mem-access 1
targets -set -nocase -filter {name =~"APU*"}
source D:/Programs/Workspace/SmartZYNQ_SP2/PS_EMIO_NET/PS_EMIO_NET.sdk/PS_EMIO_NET/_ide/psinit/ps7_init.tcl
ps7_init
ps7_post_config
targets -set -nocase -filter {name =~ "*A9*#0"}
dow D:/Programs/Workspace/SmartZYNQ_SP2/PS_EMIO_NET/PS_EMIO_NET.sdk/PS_EMIO_NET/Debug/PS_EMIO_NET.elf
configparams force-mem-access 0
----------------End of Script----------------

20:30:00 INFO  : Context for processor 'ps7_cortexa9_0' is selected.
20:30:00 INFO  : 'con' command is executed.
20:30:00 INFO  : ----------------XSDB Script (After Launch)----------------
targets -set -nocase -filter {name =~ "*A9*#0"}
con
----------------End of Script----------------

20:30:00 INFO  : Launch script is exported to file 'D:\Programs\Workspace\SmartZYNQ_SP2\PS_EMIO_NET\PS_EMIO_NET.sdk\PS_EMIO_NET_system\_ide\scripts\systemdebugger_ps_emio_net_system_standalone.tcl'
20:33:55 INFO  : Disconnected from the channel tcfchan#3.
